33.90719223022461
171.47260856628418
135.45131556193033
121.37268543243408
102.69276008605956
92.84098974863689
85.65289224897113
82.2281653881073
81.85798623826769
85.55526103973389
81.07221308621493
93.06399043401082
88.8295600597675
85.16875880105155
98.1479440053304
96.75309360027313
92.91777599559111
90.71883138020833
88.98227149561832
88.0193395614624
87.01898574829102
85.36247166720304
83.12571600209112
83.85043414433797
82.48365646362305
80.34540777940016
78.59434933132596
76.8757083756583
75.76840177075616
74.42382272084554
73.48959910485053
72.21269327402115
78.8588081706654
77.4614517548505
76.58227969578334
75.67572334077623
76.21001759090939
78.32609091306988
78.84138464316344
78.02188763618469
78.0888757938292
76.85180114564442
76.84803909479186
78.34717971628362
77.0760619269477
77.18685191610585
76.83718344505797
76.93540644645691
75.9653757834921
75.2235060119629
79.29753217510148
78.92483403132512
78.43582585172832
77.67975503427012
77.65514318292792
76.88325159890312
76.50798195286801
76.35962821697366
78.21319799908137
81.67530835469564
81.27500740426485
80.73124153383317
80.37951999240451
79.74313855171204
79.39464252178486
78.87837421532834
78.61787921279225
78.97795884749469
79.21260087386422
78.95125498090472
78.11919720072142
77.452741516961
76.84270132404484
76.03055124025087
75.69916865030925
76.77440718600624
76.1979911110618
76.10816799066005
76.49075307725352
76.12665543556213
76.7602012069137
77.24263172614866
77.01980944713914
76.78980877285912
76.27891257790958
75.66460704803467
75.2782689017811
75.33709645271301
75.37985947426785
77.4178158018324
76.95832902258569
76.78324601961219
76.9608854273314
76.7462599936952
76.41986146224173
77.82920390367508
79.0133306562286
78.82194594947659
78.66791073962895
78.24869859695434
80.20901778192804
80.05892287983613
79.73210912537806
79.49084115028381
80.1209918249221
80.84175924984913
80.81395274010774
80.25186759454233
80.04219158417588
79.9338191465898
80.13747493640797
79.7997749703271
79.40874496392445
78.91575234396416
78.43513024371603
78.27713854559536
78.07092294937524
79.17949518106751
80.1816390542423
80.14005250930786
80.08294056663829
79.66926802963506
79.24847785825652
78.9679682485519
78.80293074035644
78.30200051504468
78.06329419293742
77.77648909389973
77.48368943384452
77.15566847874568
76.82518228137766
76.7752629626881
76.56667117068642
77.79003326928438
77.34374598750362
76.97170229519115
76.6704365806858
77.15371098725691
76.98993691094488
76.9233056477138
76.85612901728204
76.71843201005963
76.54044790201255
76.17999540434943
78.32592581387223
78.31305911443005
78.21512793197113
78.04260859618316
77.78293266552407
77.52166447957357
77.57897974481646
77.66161642576519
77.48666321997548
77.43616009997083
77.3042962843372
77.16896025339763
76.92705650086616
76.62119370472583
76.67673751543153
76.5497875213623
76.29387432595958
76.02941941626278
75.84442866506753
75.73825233738597
75.92235035751806
76.03389967493264
75.76688052651411
75.5555516538166
75.31372118842673
75.23316433850457
75.22645996049134
75.26129681565041
75.18558174750709
75.2103537526624
75.1157801927839
74.95545815337788
74.7710680880789
74.501875577348
74.38106653011045
74.22848503324721
74.32384024140585
74.06155170189156
73.80653003004731
74.45492326694986
74.27151558334764
74.22370076948597
74.14371161027388
73.99641979501602
74.79111437318187
74.52610737650018
74.5943031810341
76.38508370518684
76.3733591563961
76.32041690275841
76.17177682534242
76.3713597180892
76.70564900315958
76.98167483975189
76.72948930251539
76.51768527030944
76.51769107609839
76.34415212008032
76.08839359189489
75.91273879069908
75.80767229591928
76.38715594949075
76.19225395128923
77.00173245026515
77.96953570899781
77.88744865599132
77.7775071040149
77.62743043899536
77.40118862205827
77.23533385267882
77.00619407476381
76.90665928522746
76.89088473341981
76.73833568817979
76.59315556913751
76.46068623282693
76.3450743386109
76.40850555144989
76.29176876256284
76.69922731603894
76.64553553263346
76.81975752906462
77.76254126258884
77.6053918202718
78.20136820697368
78.29722525555155
78.12223092611734
78.05507758568073
78.02261018548401
77.83127991765993
78.66791589615192
78.8285150043035
78.99949317642405
78.72656940011417
78.54409232199441
78.31018133163452
78.08967264262472
77.86148793244165
78.67079938095783
78.4677559743162
78.28199367912448
79.2647051772451
79.43814653713211
79.26206759483584
79.254868672076
79.10845402526856
79.0090482339441
79.03830445001996
79.0261724871609
78.87202723946159
78.78108357448204
79.5192870348692
79.72445908780227
79.65452371641646
79.46824300611341
79.33995332717896
79.15783118470875
79.30011824979127
79.21022763270389
79.22835894786951
79.46299509012474
79.36028966688572
80.43764887320415
80.23356223462233
80.17108717992846
80.07500050156204
80.07247310370977
80.0651608284782
79.89242122636173
79.75140433067823
79.7364610082453
79.54791264603104
79.38400196254469
79.32836224535386
79.33952557826983
79.24851163455418
79.13683804413603
78.97590200951758
78.84797152866324
78.71511133623795
78.58650370146098
78.63556307679289
78.56733324137299
78.52987785471811
78.36422025291152
78.25562673766038
78.22992583730377
78.1886314039361
78.08257851584372
77.96480311828405
77.91769852072505
77.79563401840828
77.64804895959719
77.91632578676979
77.9880584857137
77.9861695543925
77.97382240041942
77.86091490612914
77.87214782135715
77.78979036055114
77.75277135254908
78.4478972752889
78.31366582491499
78.18762195265138
78.14495842819461
78.03318304861746
77.93693898805084
77.93458486825992
78.59703671513275
78.48775372231842
78.61945061456589
78.57151134708259
78.4954729471297
78.37285822142594
78.41196833284671
78.35727009177208
78.18045711220239
78.34487395553116
78.37281319231441
78.30306982699736
78.13847918583797
78.09990593260783
78.33750135672567
78.19234630538196
78.16707663260695
78.06276871652314
78.00763379699154
77.96921183115029
77.85972679985895
77.76283104262666
77.72936458302968
77.80814554577782
77.6970737468595
77.98762576537725
78.09258458185336
78.06446877647849
77.98601770261166
77.9320478160479
77.9710576582928
77.91066521267558
77.7866816976796
77.7644282103963
77.70551732088029
77.626587955431
77.8899025356872
79.33087593078614
79.88438992622571
79.85111038251357
79.73681836222792
79.60493969243798
79.61294931760976
79.61062255602205
79.6150548384637
79.51537962332785
79.41199580540564
79.41691178215875
79.48418673782137
79.37504838975094
79.24737584558072
79.23807230100527
79.2663195048293
79.52473662329501
79.58969847967579
79.52677759916887
79.45141886889449
79.40739068727235
80.0738783576739
79.92841454475156
80.47507458909267
80.44344256905948
81.12717859395345
81.80818456791818
81.7829629154357
81.68908589983744
81.70426626381585
81.59685955549541
81.60343189690057
81.54173553926158
82.25570921238035
82.11558883388837
82.01016585114715
82.01712859356341
81.94105542599385
81.81670010950147
81.76638010412378
81.65511035430126
81.51184967899566
81.48779082784847
81.78302215498519
81.76383151136679
81.66753653997107
81.56325311371775
81.52395808606664
81.45331171888802
81.39956103829215
81.27654913902283
81.15449856879408
81.16227226826682
81.16564303414697
81.24915561109486
81.28664594108676
81.36762027082771
81.23658527496113
81.26629051507688
81.13256813552968
81.07469212601825
81.01528579823292
81.298108499027
81.34809212303624
81.45130903824516
81.70661876632506
81.61826636241032
81.64217898142424
81.79085142874831
81.70572408343841
81.58762116205125
81.47597554403926
81.34210533214406
81.44117505048747
81.45389062953446
81.89545276417452
81.7527998086992
81.67666148916061
81.53420731286022
81.41150195337397
81.28819546810416
81.30734217969005
81.23138871457842
81.15817483192778
81.1129686162219
81.02236027772399
80.95206949688972
81.01281863546481
81.35851963252237
81.24768767215667
81.62027215524154
81.51805425717447
81.5035343040708
81.46669309026231
81.34825052656569
81.24401574295558
81.15302788088674
81.06450429485415
80.91560351422855
80.89042348797975
80.83480470021566
80.83443218747158
80.73281947701378
80.68014541945973
80.96858735021516
80.97172186296065
80.83937157664383
80.7394688687648
80.67794709434676
80.70594182149517
80.6492683203324
80.62294845001817
80.56052693866548
80.48273983372468
80.45064041121253
80.3734650109404
80.32079259929739
80.30429866635569
80.38589911583142
80.26477431030924
80.1600356041117
80.03682771103651
80.34226200136088
80.24801192172738
80.33325454454382
80.31479991712068
80.25862228970568
80.74729722700779
81.28772417970282
81.27255228317357
81.28558259010315
81.23433609167404
81.18276395837302
81.28835507505428
81.22023394876275
81.14082528340448
81.98180593482752
81.93714834287671
81.86905182385054
81.76711002498072
81.72913623731964
81.65555444317292
81.55607608857194
81.48518121653589
81.40102325470342
81.32241739600596
81.2864778887841
81.19156084885779
81.11220464744721
81.61113703848126
81.74855905151367
81.71637142584947
81.73500360435699
81.6735112093552
81.57059563152374
81.52688975192532
81.4965537640417
81.40945707317405
81.84770594994853
81.82256936558572
81.7725627412983
81.77680935271799
81.77487689629197
81.85249543143527
81.76026176942462
81.65997076312316
81.60480039803556
81.53067630863742
81.46227373027433
81.39937997645266
81.34669509667617
81.24885349676384
81.17503538168253
81.0572142518957
81.32149235528844
81.31550340198335
81.4236151183966
81.60834925179238
81.49602184151158
81.47216337524875
81.38974300600448
81.3725527531683
81.39216838205667
81.30016426387022
81.39894739072422
81.65372018546702
81.52947785961094
81.43622664055567
81.34250078236747
81.37625150733622
81.27421392864652
81.40637529623487
81.50258063214291
81.39711071246236
81.29616605884888
81.20573098068937
81.1257853211064
81.17369525567705
81.10060223697747
81.0713110300144
80.98601460196755
80.95035066621922
80.85927822969961
80.7913247258495
80.71767722312293
80.6708982931601
80.60392245971899
80.5099006324097
80.44837369201004
80.36412555373845
80.35758827073234
80.31497410656934
80.29572550681986
80.23736045119182
80.18914925460274
80.12958509056969
80.06724542948045
80.03803742962118
80.27455707335136
80.22862133703248
80.30669800607782
80.24262410579755
80.44478485134098
80.33934730343378
80.39659631376898
80.39767622906228
80.35430679387517
80.26537086314923
80.16393201821403
80.10232471143232
80.05741601154722
79.96855919619641
79.90720610929928
79.95414242818057
80.0494501656049
80.6173651638194
80.60731978628009
80.8824025500166
80.81604338341019
80.75279673331865
80.69886376009148
80.63836322339053
80.57930636728132
80.56879485196247
80.54269773630983
80.56945556832963
80.83062393073267
80.91337595353374
80.86823412088248
80.78387424105993
80.72067795753479
80.65355072719682
80.65848610646701
80.5637755797277
80.47891245456721
80.38460540140956
80.32870148510823
80.88523090494523
80.91235815851311
80.94461605779838
81.2013346687692
81.24248376025311
81.19269189647599
81.09142594080765
81.04045551685246
81.00593587363639
80.9909918710783
80.93764827858107
81.09043928103154
81.11233853908656
81.11932587777414
81.30212633928431
81.30729962928503
81.24772594445781
81.15247167990758
81.11749792785645
81.16136131956935
81.12383269351065
81.09343029738992
81.17282441992828
81.08342968471466
81.00409386841885
80.95810079272789
80.97658246237708
80.90593977305416
80.84045576260785
80.82458048946452
80.93170672945175
81.4430817421701
81.36541831623967
81.27940296530724
81.71323188269938
81.64662249437374
81.63208767785626
81.60664839774185
81.51902482971664
81.47283379876576
81.49495494789466
81.40759889579114
81.34140638871627
81.313455957266
81.26054355955344
81.22345135694633
81.15706119274472
81.09502058583297
81.25184962148884
81.1634910978922
81.11556231122765
81.04689616055474
81.22993153179904
81.13743995897698
81.0319504384374
80.99044106013825
80.9435259040844
80.85519824545068
80.8391833943532
80.95610753766768
81.07664699640232
81.04495619014352
81.07129052793677
81.04526793636492
80.99408142612872
81.03461464813778
81.00625667600363
80.93820801120837
80.98414943553783
80.9624290522739
81.04794681723749
80.96250324755643
80.89320906693875
80.84685804142671
80.80736681788328
80.7485801831019
80.72715968164134
80.67033070569848
80.59303033647745
80.52114977433452
80.60484400864425
80.54683614608854
80.8060652673331
80.75858041238094
80.74193885184921
80.96482906176176
81.02624476213992
80.97817539962637
80.89798394621705
80.86837639753846
80.89984262759238
80.85057524213818
80.81567905627948
80.80078557695661
81.0535075994429
81.03258269872421
80.9880407992671
81.01784250952981
81.00070455564675
80.94906435742257
80.92286240767893
80.84338131597487
80.77551996422083
80.7052248565244
80.66001243966876
80.65728024686321
80.67184882678959
80.58595814958674
80.58783774742713
80.5580246088891
80.48836067497648
80.4663427905452
80.38928031921387
80.33183861573538
80.26116275390541
80.21872282952813
80.3173540334319
80.28667408590158
80.21438189013251
80.16606551819268
80.12248207679968
80.12401516620929
80.10825605091571
80.05660780553949
79.98024669913359
79.94993020667404
79.90904489285624
79.91847407265645
79.85117231356044
79.79559153318405
79.82899869766132
79.79436562442521
79.73189969766123
79.67029263006674
79.99872914210022
79.98544468584086
79.9336173800729
79.9616581932191
79.92278104180457
79.84584816275589
79.78697559249449
79.71734638520103
79.65551797538319
79.60331187438965
79.62690520000838
79.59668360365198
79.64914463240787
79.61533610194684
79.58502950605178
79.52872430205976
79.45238747842403
79.42444422880389
79.36743871716486
79.33236010702032
79.32289142583579
79.27028233485585
79.22624535516861
79.32915020488319
79.32825618569368
79.29690470085443
79.26208145459907
79.20224581162135
79.21270561466291
79.22765328543527
79.1926526615128
79.1293579062032
79.06897672428659
79.00056771468131
78.96286743164063
78.94651684318622
79.07788673116127
78.9957366958069
79.10892620502908
79.07338973558866
79.02586647307217
79.24668128411179
79.19583568597358
79.14307930761454
79.06686944414855
79.04300187137594
79.03282297611842
79.06884130729637
79.03782553001955
79.00248457268823
78.95868108245425
78.961992237303
78.96366055165083
78.90817105319698
78.88049435165694
78.82463495216177
78.77810135031285
79.05458361642403
79.28862458087028
79.43761850595475
79.4261359382658
79.36201478002077
79.38603500233195
79.45368641525951
79.48903642737348
79.42720084509838
79.84530892779836
79.83240488024042
79.83404205991842
79.78769727871742
79.78551650370682
79.78083852711569
80.25762491589836
80.38399941212423
80.36208222980149
80.3795650916941
80.39519905314451
80.38553757655883
80.44148697113671
80.43198789503516
80.41160435972783
80.40474411576913
80.3914872444125
80.4059198087859
80.43080760840213
80.38478139410873
80.34734687897429
80.2921212306921
80.2476027848781
80.24024172633527
80.20200368328072
80.20023745069138
80.13437884080024
80.10035778521348
80.07725097062345
80.05641838009848
80.04127386906669
80.00171179532435
79.94927881897846
79.95698464484443
79.90291215123234
79.8826058698097
79.82544558695909
79.76415641160938
79.72551604728021
79.67116182521161
79.61561198724344
79.58453360818467
79.72407110054726
79.66652990453383
79.89967298227528
79.86264621483888
79.83529875063253
79.8519630521466
79.85034320675142
79.79141314453054
79.73745566182265
79.70422995284999
79.66586242205051
79.71088340892348
79.6914605307939
79.67143494457767
79.64651202602984
79.63948255777359
79.7044624703468
79.67085061943283
79.64393131955684
79.58678997057375
79.5396704020791
79.50478649797111
79.79061266858596
79.83243803146782
79.81771850585938
79.77949137654949
79.7619090270996
79.73325703242054
79.67486628811879
79.63496717396521
79.60305193748084
79.55584692955017
79.62080420105465
79.598356874081
79.58453889287341
79.53509723438935
79.58671911207296
79.55295190746574
79.62629424463937
79.61929470783956
79.585260067265
79.55414061385594
79.55436224033001
79.52670832492845
79.53467866955252
79.48305629243787
79.45837005103766
79.42801705428532
79.36489742921215
79.32129360148
79.27224453299144
79.2850288412306
79.28006269558685
79.22624250314716
79.19281763940687
79.16511009224749
79.19062130964922
79.18712217023567
79.17045331868736
79.1150318872561
79.09952148378748
79.06578523614904
79.0557302418446
78.9915698139291
78.97764229957271
78.96270495900961
78.92484065196554
78.8964435315028
78.84663900502245
78.8675952508299
78.83402748855076
78.7957732345747
78.82361404178715
78.78731580101228
78.75628642064649
78.72015324093047
78.68654036856987
78.68176425044017
78.65090323677597
78.62193136996237
78.59267200720451
78.58704119651549
78.55130508660501
78.51366035518728
78.53503083313905
78.51491529272762
78.57327915742435
78.514803908829
78.47285520254357
78.4212906091198
78.48469848754688
78.45436544824153
78.52945877667061
78.58208266944642
78.56342713122403
78.58780684107441
78.60899995067132
78.59997974137676
78.54309493913821
78.49168766802373
78.46023775227329
78.45033298893979
78.42598478275143
78.44446638451905
78.51902448568114
78.45990185967531
78.74406927418335
78.68639073312033
78.69916461478206
78.69681155258529
78.65973663330078
78.66740511258443
78.65347170159919
78.62201750947631
78.63121357538495
78.63039858014751
78.64674896872722
78.64712492822366
78.58752361127978
78.58747007236008
78.5297596009277
78.51561682199694
78.47752192779133
78.76523322627378
78.71784516988286
78.9556485299457
78.91587441273225
78.86345880344265
78.86142383017096
78.8172855942771
78.78337350636873
78.73962766880892
78.70810134257745
78.78328810689891
78.782031778159
78.73571214249463
78.72549343786869
78.68801188710736
78.68108348401967
78.66963252750968
78.66613723824311
78.61577151327423
78.57785454335294
78.62190504804734
78.63325703900387
78.59322247226953
78.5612337677922
78.53338667283575
78.50207064025022
78.45607553264182
78.64906323827184
78.67355994987487
78.6401925768171
78.75754847688351
78.71341795650342
78.70830529619498
78.72406795179073
78.7396218904681
78.69914515513294
78.68229602442847
78.67493833233745
78.64815645690011
78.64282503326145
78.65276569434306
78.61769647965427
78.58050803272917
78.58537663614808
78.56617593577528
78.5541173227886
78.5798751609967
78.56659849913713
78.68432088552737
78.64642319599865
78.5960673446058
78.54004495607677
78.51527407951653
78.49106899168433
78.46203290370472
78.44374358781705
78.42822145951861
78.39193247173225
78.36934711308156
78.37198864430854
78.34647040958552
78.29505105955673
78.25545905129822
78.29830075139584
78.27412362080283
78.2390601416563
78.1936435791339
78.17154493689881
78.13988985098325
78.09160644245422
78.04521485436672
78.04701996763967
78.08866351957066
78.05873975069329
78.01332671601276
77.99569399195164
77.98181455371945
77.97367730336148
77.92715210687547
77.90914156230487
77.88754315974595
77.8757735467025
77.8652854137674
77.82255808753425
77.80709461009863
77.80370056527678
77.92459019190423
77.91220187150273
77.86083289812196
77.8182725681661
77.77727639293491
77.789973304727
77.75947695567196
77.72486606651628
77.68632923505544
77.6498865701377
77.61548583784354
77.5765752872649
77.77767285855018
77.73159052210362
77.70582174721049
77.69504593158591
77.67124710047489
77.67923314826433
77.68116101367767
77.70821550452499
77.85706741778881
77.81033387948673
77.8495526684655
77.90581050699889
77.89411866158082
77.91040011412109
77.87687922931686
77.95220163055279
77.96467346381087
78.0862251481773
78.03704708288697
78.0138195079877
77.96263284070776
77.94348003796543
77.91029067441221
77.90338065137801
77.84938198382501
77.87374933495369
77.86682593735465
77.8260956836377
77.79124726363219
77.98621741720933
78.0129207871177
78.02715493287963
77.98906591280402
77.96547643466096
77.9729517698288
77.94066343523258
77.90733661789575
77.97642580668132
78.01501606173464
78.0043362771422
77.99077783017545
77.97409754117044
77.93693310751331
77.91702786845767
77.8814077890968
77.86185521181389
77.82900178389737
77.80972390956076
77.7856988190325
77.76286280975478
77.76469169173922
77.74142971430156
77.75062158655993
77.73067255775948
77.68653041018285
77.70820631408691
77.68229346165225
77.65418450728707
77.63654479067377
77.61546848895172
77.58763486980337
77.55426024547411
77.51007820944903
77.58687844911931
77.65678467153451
77.62340794869982
77.58707424452606
77.5519115629171
77.54462565772353
77.53416157689819
77.52685109355994
77.49078067742765
77.47344448771034
77.45324158188761
77.4993979830842
77.46665676899873
77.43736610778755
77.4168339740118
77.4053686205103
77.36480019173486
77.35325959081236
77.35488721415025
77.53838437961207
77.52239101075754
77.53726854274757
77.53778600156049
77.49900695939378
77.61809752290374
77.77438494990321
77.73723025153278
77.73804931805051
77.75351563452853
77.72415324783982
77.68554425916074
77.65351487680809
77.63504727572331
77.69040060779447
77.64429963871058
77.65000419420738
77.62247110045395
77.62272106724926
77.8415045473537
77.80305370942725
77.90986940948149
77.8768765353669
77.83919792012965
77.80313988445567
77.76935695366224
77.73776521666548
77.69570731146038
77.6589569043305
77.6271672535508
77.61746440603447
77.65729274572404
77.68652666742737
77.65491473523876
77.6261795085759
77.58103495680592
77.57151081746676
77.53284017532387
77.53126379862553
77.72081289763815
77.8956216917742
77.87274536842672
77.84691169872954
77.81571120098545
77.7852297929617
77.77142237581207
77.76774810988438
77.72413258238372
77.78273485501607
77.75753511655937
77.7398440825959
77.75036193010516
77.7421495051083
77.76269054491985
77.73234203205773
77.71679857217683
77.67334166583636
77.7214728577064
77.73236868046531
77.71293685812284
77.6876326803327
77.75445224230484
77.72695048676292
77.68902237346633
77.66894138329907
77.6297262829645
77.59562141437249
77.60354648211434
77.59035398921029
77.56173655285785
77.54250568414867
77.53166295891401
77.63791150205276
77.61342427934919
77.62100092310695
77.61582540280467
77.588059684741
77.55541271305938
77.53488329600512
77.53372089965474
77.50523260816351
77.47346554282035
77.44771026135264
77.49374785481194
77.46148851851429
77.43489814671953
77.47843899672944
77.46991390292928
77.44222684829465
77.40650989892116
77.37053960686528
77.3749329942134
77.33236838920324
77.30201098736988
77.40057188282043
77.38875546336843
77.37842504336284
77.36334773537824
77.35937998199464
77.35300765277671
77.35025114144761
77.32517521455587
77.33637596051278
77.36799570668741
77.3884203494734
77.36581558828422
77.34704546935987
77.4718221023596
77.51129465405903
77.50159520444939
77.47621725629513
77.45664149999429
77.41038409365883
77.37948490188056
77.36024599843681
77.3563308896469
77.33241846583995
77.54201048241534
77.50053044416774
77.48188541631451
77.48055569630749
77.44448643075324
77.45444730761662
77.42258844113817
77.3799443364517
77.37131810169623
77.35221778469653
77.35953523368924
77.33917443305253
77.33130910338879
77.32539636222137
77.28874870770069
77.26274832609658
77.29894494676404
77.31545296130618
77.31179794750199
77.29015969341586
77.26762688742579
77.2725097567536
77.24192569239207
77.20892111657204
77.21096061535427
77.25906789210701
77.22520260902905
77.18387507214959
77.15287452527166
77.12074268029541
77.08176907252312
77.05060200911302
77.0116758910992
76.9862879417642
76.95116001518525
76.94061418837565
76.93446300111968
76.9204698477916
76.8942045373778
76.9036237530023
76.85787085087998
76.81862770983281
76.78615916766437
76.81181139335399
76.824737878583
76.80749146071017
76.79285637888165
76.76028967483428
76.73365835104373
76.72564598714455
76.70642089120722
76.68506062970017
76.67439702746545
76.65243119803932
76.65300083953326
76.68162906998234
76.65942334588969
76.62961527305131
76.60945508420782
76.57254050151411
76.55256044030459
76.52669742555547
76.54816899919402
76.51250189990253
76.56104110008063
76.54630669303562
76.52494784865932
76.5307919536522
76.54549606254766
76.53896358301822
76.52181368394072
76.52487492063152
76.50832507754332
76.65510983474208
76.62175764082443
76.58638197183609
76.59448933370938
76.6029593055351
76.56941460748912
76.58987743422963
76.55932922306725
76.53548665647153
76.51097869590686
76.49768306517743
76.62747681555004
76.63073780899386
76.61639057736555
76.60346823104364
76.56607326656558
76.56208373169484
76.53543733059263
76.51743655485265
76.48938502606708
76.45038159408233
76.41626431079621
76.39680474244953
76.35634869306516
76.34243484262491
76.30510270900768
76.27146280857555
76.25075343196805
76.23254825564196
76.29922829258625
76.29579552964636
76.27774410706233
76.26846907059004
76.23962620405717
76.21551560246667
76.27697974421793
76.38653894432743
76.4016807672336
76.3654733132625
76.37935973767523
76.37432499732364
76.34434392602222
76.36755786465771
76.42291083215376
76.6276012794968
76.65535891477204
76.61862152385437
76.58321408078858
76.54822124234207
76.57054571484937
76.7619335349949
76.74658595274784
76.76029192187009
76.75761347945019
76.74811782399699
76.70801390727759
76.66668981134636
76.66950526861227
76.67302290235247
76.66402965711748
76.6484422071514
76.61124922085556
76.58442164146662
76.59303331476937
76.64198463841488
76.65647862698054
76.65742125294425
76.65833420547041
76.70124800661777
76.7045210872788
76.68116234517301
76.64855898582421
76.74816083975526
76.7774993182071
76.77320554566249
76.90545480791414
77.01865486903655
77.07554205880356
77.05087695994847
77.05542183727718
77.02983510276269
77.00815685081884
77.00055137778936
77.00088802270722
77.06012326035894
77.05852898167996
77.04882881821705
77.03065118729609
77.02902318914454
77.01482072133105
76.98731025104416
76.97113555274639
76.95473184545669
76.92761525144145
76.89725560132507
76.86358689166808
76.82760173654357
76.79929486739296
76.77493509981367
76.81738399052934
76.79261704919739
76.77265513810696
76.74680026944654
76.71781000315524
76.70342991724713
76.73514596956223
76.7243769577195
76.6951453404397
76.66665211644666
76.65695484879097
76.63781820249952
76.61185895863353
76.58292862998407
76.71060739366459
76.7139980164203
76.7013544018496
76.68329114613056
76.66204703515976
76.83681209250672
76.81112465933526
76.91981568708303
76.98206869869793
76.98496901663275
77.0139591594605
76.98099780635651
76.9476084198851
77.0797423770707
77.11493287368889
77.08684761151164
77.06762459065783
77.07473624011745
77.16562882816395
77.14898609953302
77.12652288145938
77.09637339780647
77.32658912333267
77.31379045168988
77.29082787173918
77.2719585676451
77.2641137462464
77.26674437426362
77.24229972618139
77.21098137030383
77.20085667439984
77.17951793721996
77.14716799979091
77.13179753800874
77.12578450952944
77.11771401910974
77.11840720915458
77.30876469420365
77.30971941401793
77.28275385247656
77.26614286875645
77.26234652141837
77.34822965098287
77.33388883313127
77.31526783007315
77.29662221399943
77.28039618002265
77.282784383243
77.25270998200337
77.22647545819586
77.21018398322933
77.1770492632234
77.15640938321565
77.13739748152877
77.11189069172814
77.1255409733349
77.12282277352757
77.08755684277368
77.26741480023674
77.24276674313464
77.41065244139618
77.37918047288477
77.36534272799307
77.31963180459064
77.28110659789537
77.40078804053758
77.3677128265752
77.35009179572708
77.33878144760783
77.3134322948656
77.29097244700448
77.2791688370361
77.25791542375485
77.23433583381913
77.23282560357242
77.27009524114771
77.2412162291155
77.23640787445845
77.22149192812547
77.2084364555339
77.18146990487163
77.16014353372157
77.12217709610194
77.10891198739894
77.09063681477924
77.0618868883554
77.0582308951792
77.06104281966016
77.04856085823637
77.08229011019277
77.05163385027049
77.04238049888365
77.0228576777285
77.03825392895583
77.05266148633076
77.0278690331982
77.00469528176107
76.98452594292533
77.00703193077486
76.97968653270176
76.9927212503562
77.16399355780496
77.15664020347228
77.14693259886813
77.1236900900938
77.10099969460414
77.0949355906817
77.08176822576877
77.08792701899357
77.06747191580361
77.05019039544054
77.02402893336797
77.00165518363266
76.97171217993814
76.96570911431783
77.05022993087769
77.01878709811302
77.0221323669715
76.99205288520226
76.96301856701378
77.06134681035601
77.05243031688148
77.05772000713748
77.0307732057511
77.07520302343097
77.05503865918027
77.0297121624642
77.01415469402309
76.99364796937905
76.99148880532293
76.96695264641795
77.01694734520449
77.12858964875575
77.09494758493054
77.069459650485
77.05411174522256
77.03343637599501
77.02523267508751
77.10775356029312
77.07229056232697
77.0421493954793
77.02303490782143
76.9985981089067
76.99579340286637
77.00584033431673
77.09646046340465
77.13302686346985
77.11425458536613
77.08181610095524
77.0695383869799
77.04642523352602
77.08125969481794
77.06432468043994
77.05397328037527
77.02626828928035
77.0248663665345
77.01364752049035
77.04104139727932
77.01434400609318
77.00033295346606
76.99683487540797
77.01092677718341
77.10450301291255
77.09755942730143
77.24903308086148
77.24771380189024
77.25656093277364
77.2343898066463
77.21236176587738
77.34207807209691
77.31985571699876
77.29459903512934
77.30146403802122
77.2760336328783
77.27180598219748
77.24955787600184
77.21849953565474
77.25437065257745
77.25396946289754
77.22893501582898
77.24952798370921
77.22327125159919
77.19482455023484
77.16779503047975
77.26958385569937
77.24901045182857
77.22223514147753
77.20408347463201
77.18011584720159
77.1601064646041
77.15362868903256
77.1400684139998
77.11303064558241
77.08795887579038
77.15286103416892
77.22181168353919
77.21441493100791
77.17838032020495
77.15536791702797
77.12388609052425
77.13568332418575
77.14354424833675
77.11412044023274
77.13720523031256
77.28650734092616
77.27399966745492
77.39475365592226
77.36290327306259
77.33492008319334
77.32334561703297
77.31157565589423
77.32779249337827
77.36650776476937
77.36290632048957
77.51034510185649
77.50191427162308
77.54521240095119
77.52848735779666
77.50727602256961
77.57759237061549
77.55894302083485
77.55782588910942
77.54731505217123
77.53926815208008
77.52501423718178
77.48997053021476
77.46329484731935
77.47103122128318
77.44475400894083
77.42425664020547
77.39568604545707
77.3931061183572
77.44007569569133
77.41994165752736
77.41644341709912
77.44576554552337
77.43435759349802
77.4311649664074
77.40291327044447
77.37972433986461
77.44804405448711
77.44581860585033
77.55288839424506
77.535454038456
77.50249875300487
77.48461818077985
77.51597944222641
77.5179555161159
77.49300916798312
77.46297685697046
77.45945682301898
77.44757108308227
77.42113985230368
77.56957074294883
77.54415184465188
77.53515414243553
77.50008910528615
77.47368338007793
77.46221621246694
77.47673228129206
77.49055772620109
77.46694807850676
77.45405742187589
77.43620957595506
77.43225521123152
77.50379726554073
77.47924383818446
77.46960359998697
77.47650822026745
77.45095987662916
77.42289945574774
77.42412548849785
77.39907571022816
77.37899126443598
77.35305827445829
77.33042240749205
77.30338628549647
77.2725874749948
77.26314271342459
77.23773427268075
77.2442034702136
77.217425642475
77.23445357957927
77.21002890572586
77.20529014396558
77.28094080946912
77.30287274432415
77.2834784177086
77.25811255395378
77.27171237260923
77.30987262835134
77.37425610289951
77.34741388407174
77.31965827996453
77.3347363616481
77.32131713049752
77.28963500577882
77.29886081175172
77.27951105567162
77.25448725242572
77.26476645890804
77.2544669936621
77.22426061190593
77.2761898545275
77.35465314701378
77.40572479475628
77.40794983484201
77.45588109983083
77.43861552577633
77.43240981685872
77.43119961843949
77.4213973792736
77.40737829170594
77.43466360482695
77.42689033333632
77.4112194820986
77.51035472594164
77.50508937932568
77.47053964004904
77.46180271645409
77.44070378531872
77.43512060674462
77.41337013190962
77.40025958060146
77.38446188428685
77.37294487524568
77.35882823725619
77.33187162300821
77.34583297393594
77.34117855138308
77.4052597596198
77.40268647417109
77.37948519328351
77.36118307423006
77.33215184635527
77.32099199508156
77.32746790242155
77.34019048033016
77.31777784908144
77.30789806266027
77.29603315422462
77.29589635332869
77.27194226338722
77.26812227045468
77.24495095819682
77.27359278096093
77.26418538440406
77.24681232877894
77.23012041238964
77.19809593964045
77.18602429809992
77.1592969614538
77.14181406932043
77.18053430213338
77.19399478094165
77.17586606115268
77.18694586256207
77.1542527591419
77.1250414856218
77.1868724228923
77.18622506459555
77.16557139499596
77.16185413826673
77.14755991976646
77.11932243181494
77.11336202254662
77.0857090743147
77.07050407600194
77.06012748167925
77.04075038799068
77.00954417764324
76.98391279228937
77.12636141628272
77.12183777612982
77.11856200644199
77.14833587219155
77.13257327150087
77.11392830709183
77.10891808906801
77.24601824177
77.22753535330457
77.26229923171415
77.23574767374902
77.24552844994994
77.23928284709903
77.21762266314548
77.19866824163036
77.18363870782262
77.1805703255772
77.1673672002722
77.14935917789697
77.13959796767064
77.12927708886544
77.09715457654103
77.07697357674945
77.07065786052395
77.06649128673271
77.03485548882453
77.01613297079038
77.01295371657436
77.00528954816957
76.97660363080173
76.97688713700269
77.08806220373887
77.07367579843358
77.05076691771066
77.06522529628698
77.03849927951391
77.04295903869809
77.04806059982644
77.04918895905523
77.02561555772476
77.01892433564933
77.01073686417982
76.98972210799901
76.99952889559741
76.9742573855842
76.95024174553717
76.92630021227151
76.93955321144014
76.92209525604248
76.9171104354899
76.90464693139573
76.89163328512028
76.86622828381566
76.8560004503169
76.87438412463013
76.87139432513878
76.8573108096738
77.0111661458471
76.98880796204827
76.97396456626414
76.96487940286416
76.96719972612495
76.97144978433894
76.95798491674756
76.94158013695323
76.93388218355481
76.92946757403745
76.95359113475715
77.00213271219057
77.00006921230992
76.99982837733307
76.98416576295055
76.97391242890562
76.94979672733106
76.96363041389621
76.94914222590931
76.96402691416658
76.95925990122707
76.95485424382167
76.95073485649645
76.96055787311028
76.9449199965415
76.91111399729006
76.89364369627069
76.90761084334505
76.95191345105111
76.92970265360073
76.91185593729607
76.88294265239108
76.85792149730914
76.83936904057526
76.82258553301082
76.80700690998516
76.78851981212695
76.81178016851247
76.79913005025033
76.98734241441954
76.95861005039572
76.94427588277048
76.94452058934719
76.97518607477605
76.9528026852865
77.01941551131371
77.0891428532378
77.08378830973439
77.05482679321652
77.03429032309464
77.02027141912276
76.99854803701396
76.98597914473085
76.98283225676418
76.97560198314419
76.95161525683037
76.95104727155154
76.9302089475959
76.91057430850735
76.89682111038232
76.88358274457876
76.8599841762631
76.91769674356036
76.90185870497301
76.88374860820339
76.87079970270257
76.8867654570555
76.87044363984812
76.85102433210514
76.8315705286193
76.8542443683472
76.8318034057422
76.85144907272667
76.84779326673302
76.84090110839205
76.81308941210698
76.81496089380614
76.95109822809665
76.92921033765927
76.91305304472384
76.90149475212253
77.00006115309155
76.99039455881439
76.99570285649729
76.98218967614135
76.96778864737027
76.9424536743745
76.9283461408649
76.91001603037542
76.91998606506363
76.90710466562675
76.89766768395147
76.88629058063754
76.87090355299553
76.86212165097737
76.84590500084181
76.83462032693805
76.83307455477842
76.8232023983021
76.80475899960378
76.79291141177377
76.87791596371821
76.86519206710693
76.88211651597122
76.94450515760502
76.93743335643325
76.95402100864966
76.94326631391785
76.92317065608549
76.92284989297181
76.90016446500987
76.92435964091977
77.08372759532355
77.05787222732826
77.03233554055383
77.03987432015187
77.0849926276207
77.07514105219653
77.18502695148403
77.17440937545022
77.16389095807028
77.22566848479006
77.21393159379512
77.28573411628864
77.28113589866228
77.27858381095723
77.28243972768831
77.27662409958349
77.2556262741506
77.2336300458117
77.21809504972077
77.19807527177683
77.17357764121085
77.16194311462539
77.15283171887204
77.14092370789496
77.23089551406332
77.26081260131882
77.24426554737411
77.34012626717718
77.33813149702878
77.33816252484733
77.31283068445099
77.2953052845387
77.32235908649376
77.31186152562066
77.30463438691764
77.28989753882794
77.26167801937719
77.23806924393068
77.23375434040906
77.24179480128558
77.21528844842742
77.19072431668266
77.16787719024643
77.15235483909484
77.14798262960771
77.141325276836
77.12067538353885
77.11812429339409
77.09269593559833
77.07242525795562
77.06168370652408
77.0418144616489
77.03891832148656
77.02348699565047
77.00063616357198
76.98215547716948
76.96829563507094
76.95519411418708
76.93810061470559
77.05733489108492
77.08410063652677
77.08466094178833
77.07774153070848
77.05613789505146
77.0321492134946
77.01912666859411
77.041935690853
77.03064115221964
77.02101394048957
77.04038666408806
77.07535755761249
77.05841032387153
77.03890974655373
77.01727379042495
77.01273433712946
77.01411037224034
77.00193047845686
77.000747487905
77.08937814955311
77.07592375100377
77.0773257791192
77.05353334975116
77.04002573538331
77.04036288837105
77.082756373057
77.07222552439273
77.06018624731718
77.05517692996284
77.11423758078445
77.08854833506852
77.06955937479738
77.04885970775054
77.14173304303853
77.13108731777032
77.10477884602889
77.18528647356658
77.18663310594359
77.17223261146528
77.15838188154991
77.1542939557096
77.13406583325553
77.10987003155418
77.16770515905549
77.15691601770045
77.15703826495579
77.14715663278064
77.1349440115503
77.12651294693741
77.13143801009247
77.13105644670065
77.11900105299773
77.09577145958943
77.10284123746449
77.08386470266517
77.1086375552896
77.09699515763305
77.22674716738138
77.21901466154793
77.21064473687193
77.18757337881318
77.16241368859838
77.19343590995418
77.197170595722
77.17106481743849
77.1510505806725
77.14893731931537
77.13445106752631
77.11412892182145
77.09936725891242
77.10641165924072
77.08195625199312
77.05946872219772
77.05109578191787
77.02944194145077
77.16332548302664
77.14022294818264
77.12627690952222
77.15617133327007
77.14355156325578
77.13681378018381
77.11545438132482
77.08792649020533
77.08751980671825
77.06992783397088
77.05200640553626
77.08431950132181
77.077446104543
77.06542496986052
77.04214093889763
77.06373187111808
77.0519259289282
77.0334863485044
77.02451806050661
77.00815280640941
76.98584651991378
76.99797719027042
77.00127032742624
77.01967530620414
76.9940213426574
76.98010571163381
76.97665306234624
76.99280002374698
76.98411247219832
76.9765729126747
76.97044337281474
76.94637165175494
76.9300250887981
76.90994690944903
76.92107193262872
76.98416519737684
76.96544781814322
76.98112289268518
76.96174419630057
76.93470494062355
76.91992175238472
76.90265451033288
77.00733230171063
77.01215803573827
76.98777651019127
77.10027588636025
77.08386564298587
77.07354786837381
77.07315894066467
77.06196352340257
77.05528525299982
77.06269282367677
77.05613495252419
77.03299067318576
77.01764670964126
77.00790983021123
76.99238211107385
76.97839827858044
76.966345726463
76.96989091382608
76.95195012941753
76.93473689211172
76.92090309144807
76.9331932193984
77.06608628531207
77.05485913574289
77.05846842130025
77.04184338522326
77.02260929112873
77.00889100156735
76.98657089363445
76.97315628341197
76.96276152772757
76.96067859192517
76.98097227575991
76.95922019724944
76.93725517243553
76.93168461198552
76.92599935246551
76.90514073602859
76.89673951049735
76.88455380621349
76.86405990654048
76.8564152668032
76.8442367938799
76.83762536102708
76.84315525969014
76.8140492789854
76.81867297734088
76.80264358125113
76.79140951397183
76.76913304180779
76.76043910877218
76.7711658580744
76.7503055162567
76.74423576183533
76.73707380834615
76.72438627002376
76.85936165968863
76.83918103748182
76.91822710336591
76.89911413684334
76.88749704651508
76.8704988972467
76.85268553304374
76.87975360349787
76.87284500227844
76.85466926908941
76.84906581558214
76.85555644118398
76.84598740935326
76.85025300941314
76.87340396690539
76.86579821973946
76.86373666518513
76.85490258690508
76.84154366385374
76.83353203288385
76.82459021717628
76.7973431739451
76.7821198586358
76.7711753175821
76.76536528467074
76.76950558756809
76.74898889367307
76.7419719230838
76.73752989836619
76.7857240449553
76.77369515593861
76.77199477102441
76.75468018793427
76.74591664074269
76.7434666479298
76.72467143505061
76.70570701255394
76.68634048360863
76.71341710372614
76.69708176904383
76.68749335960105
76.73002432179693
76.71149612964513
76.73638289471336
76.72422877499756
76.71749773541579
76.70824008965135
76.69087765536466
76.68440109983689
76.72087664262841
76.76854571341632
76.75246541591108
76.75231420282732
76.72770254092487
76.7182386684167
76.71236445576905
76.71893726255347
76.69486990663624
76.6812613679981
76.6758963581147
76.66710168665105
76.66761683126161
76.71395480893064
76.69284713159009
76.67184592458382
76.66502329880007
76.66244394174325
76.65086664686017
76.68969830320272
76.67531256619671
76.66314347253041
76.64695246191634
76.6496520755602
76.64031458128954
76.63029516022895
76.6105607513547
76.62071999410789
76.6040975922359
76.60549689703988
76.60822356827185
76.62449699712585
76.61998859635159
76.5975844412139
76.62518678316044
76.60951397245731
76.59569407230943
76.59037174927127
76.57014796543328
76.55574902351655
76.53670620578706
76.53538505284307
76.5454062313394
76.53339609606513
76.51427300620418
76.5161835525079
76.51667787615102
76.52244036045829
76.52282972766507
76.50497555589224
76.4822653806102
76.46328800568466
76.4500401137775
76.45492156196562
76.47052505015304
76.44842823414615
76.43390432652924
76.41580988631456
76.40437761588576
76.39562400399822
76.43375521763095
76.4353661190454
76.45541475776324
76.44004213219014
76.42037052804719
76.39819872226602
76.40210282736439
76.37768271189094
76.3639873854387
76.35287457536859
76.39346251225645
76.38641309981858
76.3649454518753
76.41364416893492
76.3949949377296
76.38157177944572
76.39022413416716
76.38492783228016
76.38281344274047
76.37207181020584
76.37909356506891
76.36686327499895
76.34850216033146
76.35696861299418
76.40294840294443
76.40682021002968
76.40047719425132
76.39124051689497
76.41262951421436
76.4652799588588
76.4432843493972
76.44301325727153
76.43156967710573
76.46686517256725
76.44911399464826
76.44663922983719
76.44571425690714
76.43207193003448
76.42675919703433
76.40490015267522
76.39069753541733
76.39240114743014
76.37005887025542
76.36216779756947
76.34654254745105
76.3451753643558
76.33622163811802
76.33413151286592
76.32881780660378
76.32423548606495
76.31417268641982
76.32136945708513
76.30851053403181
76.30316159555603
76.28060522362658
76.26998348778307
76.24530314641969
76.22405484166859
76.21906562120283
76.20100449958508
76.18408270443187
76.1650042307188
76.22613837054095
76.21583547910055
76.19354707844205
76.17561419421092
76.17606522984372
76.16745392455039
76.15202448125193
76.14258245498264
76.27186874655901
76.32053492314792
76.31010123791661
76.28874924845715
76.26278842331116
76.24790018273032
76.25262490338524
76.25087553109626
76.25130451865819
76.23922760399762
76.32197659144877
76.30900333734265
76.3147748633326
76.2923818363631
76.27087067632033
76.37052107881063
76.34873640404425
76.3379299502955
76.31527148177943
76.30774976749215
76.304887460788
76.38778893244522
76.38084150725011
76.37769675352936
76.38234406388477
76.41979630173822
76.41100844952778
76.39651439850117
76.40038031787599
76.38168750842804
76.36332490496035
76.36384964732483
76.36708280110564
76.36466628332607
76.3567662014428
76.35990655314815
76.36230585665865
76.44870349233162
76.4429258939435
76.43012307378375
76.41953582787056
76.41124126295638
76.395545856278
76.38433337114296
76.3738867165555
76.37136264376306
76.35515083743755
76.33493496405951
76.32188417120038
76.29879548767103
76.34617889747418
76.33002283710886
76.32450239228834
76.30885902691662
76.29064549512371
76.2732612178347
76.26284553963045
76.25026279571769
76.24430336439585
76.21913963628802
76.20355163260322
76.23158955883169
76.22596927247292
76.2175820868025
76.31018506887229
76.3930348103872
76.37712708668722
76.36834521166432
76.35388749440511
76.34192220883531
76.32961866766107
76.31430668903994
76.30543571963047
76.29463884638201
76.28012040410009
76.26693699188908
76.24834978278011
76.31306012125982
76.29942176826523
76.27502723710727
76.3070879458039
76.50004557972936
76.49546259117203
76.50553894004669
76.5983715934095
76.58247120116343
76.60363461624127
76.59259683529473
76.58443865231378
76.59533401292104
76.61527486204575
76.59896207638413
76.58262453197527
76.64860466575622
76.63604406831932
76.62461914585458
76.61116410025681
76.66600354068196
76.6552834253825
76.63319513689301
76.6255088181528
76.6147522671561
76.61630304176146
76.60595189242724
76.58289480911978
76.62780562517749
76.65487491206918
76.6426174407358
76.64918209894988
76.64389966326412
76.62146605164654
76.61032664084642
76.59457775409754
76.58646787575313
76.57137937557125
76.55282762445788
76.54626740589059
76.55708446555583
76.54017887191017
76.52010965498307
76.50291798640298
76.48858054038844
76.46981761407456
76.46117791300235
76.45228979645016
76.4442271067633
76.44296273646786
76.52541765568289
76.54994836653007
76.52722002091092
76.52465365202727
76.50721446165802
76.49256922401467
76.47121715207739
76.45904048865633
76.43664753483938
76.43088978479756
76.41183135157111
76.46812706330904
76.46197060085336
76.45273820250279
76.44165371089379
76.42118804807427
76.42148569032258
76.41467895605012
76.39883866242855
76.40483365841487
76.38450190866003
76.36984475204856
76.46824224640693
76.45705248034928
76.44478846043698
76.46569540650643
76.53545725606382
76.52416896224254
76.52138247962672
76.5266126643109
76.50377368443469
76.49171597776358
76.50070939803625
76.48998093577178
76.47200917789127
76.4548793780103
76.45130176803946
76.43768184614386
76.44376803890543
76.41895981331628
76.40596996617113
76.50437292117518
76.49761989657183
76.50053420083486
76.56836497533959
76.55630521378623
76.54919665691465
76.52951886828488
76.51950445884333
76.5141460793082
76.50548951360095
76.60664143848234
76.58905325835745
76.58599476948824
76.56807052849618
76.56976574477471
76.55346667499616
76.56811274216011
76.5644950531883
76.55586472947856
76.59130181913295
76.58802176422236
76.57041494027125
76.55385271475598
76.56782986954417
76.55437928046021
76.53841692594382
76.5336366383583
76.5272046517263
76.51453328031876
76.58467657152225
76.57305893449545
76.558212989125
76.5507901879074
76.55762474705105
76.55903341871607
76.5496698887412
76.67758516971291
76.71062401607975
76.70106394410453
76.71101304859083
76.70048071932382
76.68540462040392
76.67940504950879
76.68087233834088
76.67971354051599
76.734485408186
76.72601349978719
76.7337721690797
76.7377617898171
76.73550862691751
76.7231994123913
76.71094214888991
76.70959790995423
76.8114191578585
76.84507971473772
76.82857625149049
76.84828795901001
76.82993617209982
76.82188552837611
76.80967622429652
76.88098642939183
76.88141227274997
76.95680746997809
76.95034369634263
77.02149318212268
77.00855496688322
77.01305723605577
77.10086275536756
77.11137009641234
77.0929089829709
77.07509050098845
77.11471065534215
77.09718731497205
77.08803981776684
77.07048992482434
77.05594140286715
77.04081681646163
77.02619195631726
77.02740585817466
77.02652819568085
77.00889616964452
77.0001425524074
76.98800930924823
76.97946014397121
76.9683779296502
76.95862999069959
77.01060853224865
77.0263183340822
77.05532659393837
77.0405720214586
77.03032483607251
77.0299467868762
77.01981198818977
77.00055389425744
76.9951365865005
77.0322402964817
77.10157654875452
77.09538161647534
77.09946046016478
77.09817256620774
77.09101627207248
77.0909661316551
77.087095035828
77.06547999257378
77.05389821400345
77.0540951533104
77.04176533217752
77.04890269258856
77.03362643021147
77.0847993561479
77.07990578344193
77.06288108591347
77.07635040304498
77.05697605120284
77.04832065074406
77.06439919843993
77.14462004235934
77.23088402025412
77.2216821632286
77.24426820602078
77.24970492467367
77.23871819520208
77.22978682689504
77.25433033285006
77.29270147349756
77.29052165667215
77.28186064779824
77.28343142199569
77.27948738935035
77.30353331953816
77.29205242833898
77.27295652214721
77.28007952454436
77.28473832195232
77.27846392022151
77.2680555910202
77.26359790948342
77.28833420051586
77.27070373826216
77.25839700150684
77.25553557780566
77.24917428061607
77.23977291281275
77.2318998028725
77.2288164708403
77.28820383653921
77.27440224373792
77.26568079905681
77.25122907885812
77.24002339276274
77.2381036177469
77.26075999560115
77.27625178101738
77.26286482426428
77.27183425465797
77.27214788744301
77.25719055034703
77.2509646251645
77.24454919924634
77.22447781503506
77.21448803994076
77.28297595078485
77.27383012914466
77.25518633345777
77.23682487441833
77.23564423644629
77.219381738431
77.20239087841443
77.25655280470284
77.24509685901441
77.2653802885601
77.25852875907492
77.24229328563788
77.23564196986402
77.25327457450182
77.23521078595248
77.347107225832
77.431400058921
77.42761846910248
77.41286159721768
77.40438295388611
77.38901888061159
77.48565257179335
77.47461073151354
77.47320378107538
77.46166290718577
77.4479617509493
77.42861710761787
77.43519889570602
77.41726486279202
77.4017382895968
77.39594936888027
77.38215731264755
77.37360488782728
77.43772549041991
77.42566812047029
77.41150741033371
77.40827878350647
77.40297529803172
77.39461382602562
77.40200396322989
77.39952761055069
77.44805427176256
77.43672229369996
77.42167480903892
77.40936291955357
77.42436013638394
77.40983062301241
77.3953157058946
77.38615434094407
77.38086883332613
77.44000082193992
77.44106108662386
77.42202492560683
77.40778125593337
77.42362718377062
77.42195776328097
77.40721271816844
77.39893797687677
77.4008588295966
77.38599162127336
77.3722554866507
77.4035417098508
77.40263448807919
77.39624224223593
77.37979085479463
77.37479486264573
77.36642017779735
77.3574583912338
77.35127869244138
77.33730694741914
77.31951271425548
77.29894881151645
77.28919978664811
77.32568166093836
77.31429599035677
77.29610891454121
77.28000098475351
77.28406400405933
77.35169655088846
77.34778561329546
77.34075126288967
77.31928914110416
77.31283508521433
77.36936079588881
77.35802268407024
77.34612290363116
77.33707639091324
77.32496640465169
77.31261445949166
77.29784446750067
77.30095970082266
77.30573249192132
77.29734627664342
77.28926804968307
77.31434572138971
77.32699618479339
77.32463927827986
77.33109258502942
77.32491511766895
77.31886576866137
77.31096172837175
77.30801690746706
77.30488637873117
77.28896129261486
77.28825117937276
77.2668959940877
77.2496996580254
77.25197230884822
77.24360670855611
77.23141025248228
77.25307430319609
77.24183058160877
77.22162119156859
77.20997270796332
77.1951024249562
77.23973124004674
77.23855611251413
77.2256216172206
77.20883084980858
77.20105695674381
77.28129728401409
77.26702663854239
77.27551245339022
77.25781815766705
77.25071027428953
77.23961362102072
77.22419913143315
77.20246890138338
77.193758903269
77.17515194545034
77.16242362233366
77.16641714018232
77.15282860693407
77.15378087569962
77.13649492828688
77.12882960262053
77.1142614678088
77.10183851784461
77.10347621442547
77.10323462179433
77.09900520706708
77.0888076029099
77.16897380211189
77.15648311656065
77.15014671087265
77.13464866963909
77.11993369685537
77.12188927249862
77.12117734663033
77.11319806315457
77.10380460748388
77.09116973321991
77.10084373733014
77.11414850934149
77.11347538377174
77.11424694371364
77.1201301498202
77.10849604654427
77.10166645511399
77.0837014272423
77.09982816817352
77.10277707353723
77.09261920157591
77.08154535178441
77.07219801014867
77.06874812697181
77.06090162475712
77.05124052220528
77.0412732011359
77.19992695215852
77.18504445469142
77.17515321593126
77.16766094407157
77.20441322549588
77.18548744044352
77.16790862822197
77.16490549176604
77.2054640956241
77.20062317255841
77.1902065021914
77.17744607362891
77.17763292916148
77.16899572324067
77.16623717409652
77.16534271632155
77.15005620494766
77.151344459894
77.17812707217801
77.29293747965842
77.28001729981511
77.2870025334909
77.28030625406205
77.27784995824261
77.2661280868077
77.25808927516482
77.2437464942789
77.25625945503683
77.24135480088013
77.22261401919499
77.21239539021325
77.19990667400309
77.19398850001646
77.19261007133676
77.17911362753469
77.20633625497624
77.2267372120971
77.2321060421838
77.21932875036667
77.21908538237862
77.21886893824527
77.21122231778043
77.19240089444982
77.18199657196915
77.17621007423233
77.17741910255562
77.17980071804314
77.18358403751198
77.20038075871763
77.18513169027133
77.16792102045618
77.16190121460993
77.14763107661021
77.14008433049881
77.14607301294986
77.14982306892807
77.13628713136909
77.12642308298919
77.119876498513
77.10320008621525
77.08737497570945
77.0757963768309
77.10477595237678
77.09718992896478
77.10750064612158
77.0948192403774
77.08173635887883
77.0726951878934
77.05925667971583
77.042682123088
77.05088245167451
77.12638758203035
77.1391052115392
77.22159071846085
77.20930946173385
77.19911060333251
77.19606717406243
77.19140585215598
77.18284154617662
77.2639826181427
77.25013024539405
77.24351076303675
77.23541778523585
77.31277951721844
77.29679679870605
77.28678519143708
77.28570584890556
77.27852590390067
77.26429418748013
77.24843866759805
77.23468727786872
77.2265162334264
77.21748659441302
77.2036951241929
77.1976646265613
77.1814738553365
77.18917471311443
77.16987315628387
77.15749291360596
77.1973312983659
77.18680085231381
77.20972628349158
77.21648556107019
77.20382604637045
77.1906942131116
77.20011064839917
77.20278240889262
77.20065035256415
77.20387700242613
77.18716116590696
77.17212568950495
77.16792897393913
77.15447905492735
77.14001637503672
77.12731694148526
77.11326423670282
77.10365523963684
77.08947534012053
77.07713128713594
77.06722855946374
77.13653371763624
77.12176562836844
77.15542925912474
77.1401302798736
77.16918961558652
77.18297161064525
77.17723041208457
77.16783316720444
77.15597905084476
77.16029352503696
77.14536510700056
77.22095424981299
77.20526272582505
77.18740619649378
77.17374868477674
77.17532973728682
77.18934643578271
77.1801394795525
77.16459570642446
77.15142008572151
77.140524048954
77.12413286145235
77.12819186123934
77.14455698168497
77.13087395192288
77.12789907861928
77.1169580617759
77.10095910351055
77.09422360659816
77.16082248987524
77.15090055637391
77.15811101366712
77.14419827634383
77.13608391040131
77.18101883246331
77.17144762986625
77.15506496323515
77.14231705805743
77.13621075574456
77.13248253553405
77.16742434416082
77.15812608516069
77.14580555229573
77.17921804542492
77.19230736067179
77.17753652454587
77.16745083994293
77.15620899138351
77.1452815952419
77.12877890996988
77.12882352689418
77.14487545015908
77.12953010921088
77.12883969666974
77.11704996461488
77.11197694617432
77.09736636086588
77.08448672990842
77.07247310407047
77.05560743391283
77.04518956597079
77.02835963441424
77.01589429204735
77.02206111510183
77.013968251291
77.0215278137849
77.01786211631476
77.00803232439739
77.06504614392492
77.06426315270629
77.1343131445914
77.12358958899821
77.11969423956127
77.12271810609191
77.11034559426518
77.1038148221662
77.18157625059972
77.16960581036093
77.16613717345011
77.15610901043587
77.14116023274052
77.14021528788098
77.13908696673406
77.13563320167276
77.14953835672334
77.13860687488912
77.12393996846595
77.1100041094047
77.09914525452052
77.08206133331025
77.17875894941449
77.17436189308705
77.2030485438964
77.19167919232342
77.17678593167436
77.1699424511347
77.15512532616457
77.14796905529796
77.13711256710643
77.14369586121563
77.13249870666503
77.11716875660824
77.11039995499073
77.10490980355635
77.09822452346445
77.07864851174644
77.07109405239791
77.08979466683107
77.09253194025443
77.21321681813214
77.20124651651824
77.18558430610871
77.18167604015328
77.16688337927795
77.15331843188706
77.1336232510342
77.20658504245615
77.201848426797
77.18752003626348
77.18172310721177
77.16468645984304
77.1540547644948
77.15933077502788
77.15615973933073
77.15148753550515
77.2284435577998
77.23454229977727
77.22819042962215
77.25869208262377
77.24653700264331
77.23596935514036
77.21974658271054
77.2141108390535
77.24187707115836
77.22802567882
77.22315456927578
77.30967766376509
77.30819832592505
77.29400694012227
77.28547001156282
77.28898029688975
77.2810624909416
77.26800324904042
77.25344644622369
77.27325254285626
77.40403522016122
77.39068940564759
77.38071833432548
77.3641499180618
77.353513758815
77.34165633945014
77.33988947982452
77.32933216287087
77.32109104544206
77.3212942574601
77.31633401936705
77.30453274183324
77.29408672513787
77.27939789826264
77.266429217317
77.2641791366146
77.24864221711766
77.28375530482312
77.35119532252494
77.34779528758114
77.3317694245461
77.31916563445891
77.35557711184174
77.35873625893
77.35475789925869
77.36361017510738
77.35454044443496
77.3502076718447
77.34881110993528
77.43142898770637
77.43590270191432
77.4835518610846
77.47814893186427
77.46498204289918
77.4697634751133
77.46542262971494
77.51456280819565
77.51128975327305
77.50001865996981
77.5016911914691
77.50659910332747
77.52098119166068
77.52657172540353
77.53264873212571
77.52572418698333
77.5191816555397
77.50796990400524
77.49950313627404
77.50149627440165
77.49343128121392
77.49202770712954
77.5120657823427
77.4983331753111
77.48767604851552
77.47207269982133
77.46636259005051
77.4583639879812
77.45195696174378
77.4395224457189
77.42997593701016
77.47626762183458
77.50594762573667
77.50583827997198
77.49397514200491
77.48555876195762
77.49008015775607
77.48120984482972
77.47565849482147
77.46095023794334
77.4541873257629
77.50913716569359
77.49480459918875
77.50560049125252
77.49532349433863
77.5529030733426
77.55561830523568
77.57378178295058
77.56826471511422
77.55049642876452
77.54307933952963
77.53664720476591
77.52594618825171
77.51101444949377
77.50301734726135
77.48802600671854
77.47896639593918
77.46655474980281
77.45314727709416
77.46647763969416
77.45709443450815
77.46347997963794
77.46047992378756
77.45848405353867
77.46811552833934
77.4778661029596
77.4733223455058
77.47154070830243
77.46588939185678
77.47112299062339
77.46755859296816
77.46642759509771
77.54263656608047
77.52635228225829
77.52209466741313
77.51213675325938
77.51047768541875
77.52182853294671
77.51925342694848
77.50880437278398
77.49381503174675
77.47879937247532
77.47145601352226
77.46943703749643
77.48230185582803
77.46891961260341
77.46665407671414
77.45731722256504
77.44746345685977
77.4509568310132
77.45066877946769
77.49104805717353
77.48159694323891
77.48677974743802
77.48320201737086
77.47164242095344
77.52294250424606
77.50624293175716
77.50668921252255
77.49605562066655
77.48951790830735
77.47198145808595
77.46871342958013
77.45773851041142
77.44611839117731
77.44674932494868
77.43627767202173
77.42620407821046
77.42462995112177
77.41235172734152
77.3962949131435
77.3805493003292
77.37220848179123
77.36015612865991
77.34529921528511
77.33547856941523
77.32768490274927
77.31496923335067
77.30669544100365
77.29310314421053
77.28693931955428
77.28135389448649
77.27197425661946
77.26517551825177
77.25594179938078
77.25560772462012
77.24992511863995
77.2394808854099
77.25024698330255
77.23792175748028
77.23301985114142
77.22682435004202
77.2370262125955
77.24821520853443
77.25149821948976
77.24352059052529
77.27622343146282
77.32239916827753
77.30514230205158
77.28978847785936
77.30247041857075
77.29534655959306
77.28593623998529
77.27882379917668
77.27800064845745
77.28755088884864
77.27439994099251
77.25923768304025
77.25525889383846
77.24311677671818
77.2377557333066
77.22986254023083
77.22682843739081
77.21418960936599
77.25095682829627
77.27245180935255
77.2615483259835
77.2540594553919
77.3912681500614
77.39003507973112
77.38331663654688
77.38069800110091
77.37786127406548
77.40228461566814
77.39710910881058
77.38747881170401
77.37249030245006
77.41947585149528
77.41490707448445
77.40752444216305
77.41470998654772
77.40811733421303
77.39413788211837
77.4111816317444
77.4029994897308
77.390970367755
77.37784382544623
77.4118327583182
77.39663067406227
77.3987955855081
77.38903537054816
77.37343038101874
77.35704040499137
77.34837009440083
77.3427402280401
77.3301976327355
77.32346826747742
77.32582459531447
77.32465131634063
77.30963979983414
77.29663915034767
77.28110886042097
77.27678682979177
77.26139618512595
77.24879869837133
77.23846720890502
77.24159399462378
77.23234373857613
77.21721286987044
77.20826016712918
77.19696243428665
77.1997709798813
77.19572223364973
77.19027132906682
77.1853204949127
77.2103324331492
77.20729207418388
77.18904815613348
77.1770493972326
77.18789009477051
77.17321972554645
77.22366300398303
77.21569936557167
77.2022855100151
77.20253683303132
77.21345150002836
77.23029312480072
77.2324943012041
77.22607257598528
77.21817840756974
77.20351106878539
77.19864297721819
77.23751630451343
77.24566523865745
77.23595826430102
77.2256396039624
77.21636248734745
77.2022205582155
77.20441442778481
77.19998047426951
77.18845727541732
77.18159063911995
77.1795110288357
77.16670210933907
77.16481284639629
77.16215670768369
77.1564066968804
77.14692605277295
77.13471302723933
77.12283722864743
77.10640134420392
77.17431368495143
77.16372161727767
77.16274166051764
77.14913371825959
77.13814338435972
77.14391135781874
77.12983335593518
77.13498820046739
77.13404899240923
77.18172750531089
77.17159038211989
77.1650805858832
77.18841368022136
77.1918947682186
77.18072823589084
77.16833073054312
77.15331139774234
77.14013113794832
77.1720227411953
77.1631116274293
77.15053624335052
77.14180639719419
77.13798203680435
77.13498387294045
77.20450775122256
77.19037083602399
77.17634294986449
77.16348117787659
77.16673152916984
77.15730986288625
77.15419211648727
77.15551950305795
77.14909470630681
77.14572033441414
77.12709491364079
77.13435363028547
77.13354678889276
77.13890018550904
77.12649975651088
77.11284260394828
77.12154781653963
77.12299761515997
77.10950063604653
77.10566357638073
77.09307085441256
77.08889334061567
77.09303316164481
77.09358062257321
77.13730866400473
77.12605644782589
77.15987758773105
77.15301262864544
77.154446059759
77.14917863108113
77.14186059698488
77.14041140942444
77.13778806523818
77.28993609921741
77.28572296237455
77.28489809316987
77.27197169685364
77.26537641679447
77.2726209769584
77.26604755340628
77.255312838783
77.3523835771264
77.34886262760935
77.35382375045485
77.35543010471348
77.33754592323683
77.32321264098512
77.3192572494546
77.31395196208649
77.30564249203208
77.29663800623312
77.29110721951697
77.2838798502335
77.27934055637493
77.26733935021622
77.26378000958056
77.25390138680285
77.24420411354505
77.2412183118232
77.23735430401021
77.22402120854338
77.24621803067255
77.2429903201332
77.23502631764727
77.23814564497293
77.22667278085494
77.2202585328402
77.20521355647604
77.25550405031423
77.25344873412689
77.24633216264225
77.24115884125317
77.22889678564546
77.22024077171992
77.21165775161062
77.19988327317401
77.18354442186948
77.1735738567362
77.17264696354923
77.22303801150838
77.21100688034471
77.20938881576818
77.19827025446324
77.18643578657608
77.17733446828676
77.16175884204907
77.15662357491507
77.14007881559878
77.1396513452401
77.1402062653086
77.17773537053509
77.1893305712779
77.17394162458027
77.16498973257661
77.15213243689277
77.15173048569801
77.14073429482707
77.12550221437552
77.17516088566039
77.17413479165016
77.16286284567664
77.20239789569528
77.20445766812686
77.19507830036699
77.19431129111302
77.18659693909547
77.18866659159086
77.2641561562125
77.2535278522154
77.26139837148108
77.26574003489644
77.2713008411114
77.25639641898324
77.26247603032787
77.28474681026913
77.27143129432424
77.25722281812955
77.25191776474838
77.23888487898391
77.22812154484035
77.24475845215576
77.23558354982937
77.22702779785854
77.22761680543472
77.21822208385403
77.20927638747162
77.21129315888982
77.21937818269616
77.21447978678154
77.22011309495518
77.20972859600748
77.22509858207013
77.23025745067235
77.27307005726631
77.2575090995691
77.24916203905059
77.23711894512176
77.22832023061272
77.21866723367202
77.21173906657155
77.20129075457862
77.18932846587839
77.1859458626077
77.1767188231635
77.16531485358786
77.15639889527635
77.14172926715206
77.14008982470081
77.13231955704632
77.11861279886448
77.10683626302647
77.1039268715253
77.10055249771186
77.09071069558681
77.07846048248612
77.0635674279775
77.05822744000683
77.04776551953273
77.03034857924244
77.01787192512869
77.00984870624332
77.00394578710096
77.04435391118365
77.04987416295003
77.0361884326367
77.04682801688924
77.04326069098859
77.03548148157051
77.02752717055938
77.0780489328575
77.06398880265215
77.04838659819087
77.03611428247164
77.025038552671
77.01455667085737
77.00868053913247
77.01089091353364
77.0037785734131
76.99388922367169
77.033547513733
77.02796787802134
77.02219051575628
77.01013083465794
77.0011411676807
76.99527289992885
76.99548364097238
77.02468337385622
77.0228309641796
77.02513738634292
77.01656472607897
77.01203315141883
77.00984285513778
77.00238893016423
77.00337098966311
76.99377699716942
76.99719578257412
77.0425398248141
77.0402800740521
77.04002072132721
77.02351161218425
77.01815539884775
77.0222440014432
77.0102124534145
77.00646170498338
77.00475418294658
77.0078716605585
76.99538382184603
76.99259631220049
76.98789080399574
76.98676058839071
76.973892113276
76.96054019123518
76.95225270035736
76.95898027915426
76.96672644726668
76.96376933465675
76.94979331545208
76.94917801377956
76.9411172069071
76.93007616462054
76.91905627783942
76.91052317263475
76.96074943470036
76.95119406739192
76.93944405526763
76.9370904298422
76.96739649733877
76.96030289033214
76.9652912376503
76.9811628146963
76.9699043770642
76.95934040704503
76.9468028431847
76.9472113483688
76.93826675002417
76.92995726685164
76.96606255711735
76.96202799836483
76.98179535373748
76.97367107073036
76.98751041956133
77.01663176089967
77.01093669794601
77.01146834450395
77.08058108892513
77.07904078035413
77.08256545773735
77.07053984608878
77.06549428351994
77.1193686982804
77.12869069495379
77.11551663641333
77.11488314003427
77.105565449035
77.10400803131465
77.09491706913792
77.0865506679781
77.08843670029756
77.08313086825888
77.0693064747784
77.06745416444559
77.0539559532012
77.12022714261656
77.10900251328674
77.10117545608799
77.08808244678092
77.07519477097662
77.06590661309865
77.05166338801001
77.03508241675414
77.02792230697003
77.01820404890232
77.00700641342098
76.99918472967845
76.98664001221961
76.98914887529543
76.9856734530811
76.9772690250669
76.97061184292359
76.9726666041055
76.96655978249689
76.95605206814245
76.9455486593944
76.94281040728171
76.93692708855123
76.92713417578265
76.92039362538655
76.93033560547184
76.92470609455475
76.91902352497478
76.90720416766631
76.9020419464924
76.89971096243976
76.90647210483384
76.90042789036953
76.88829040222899
76.87577163462943
76.86271460010029
76.85267701876538
76.8533188447083
76.85467211523674
76.84673919424435
76.8362625155497
76.90253027674687
76.8951123742794
76.89163838915624
76.88047295679148
76.89070846357323
76.90010392956617
76.88939539406113
76.87971746296117
76.87400786898783
76.8767145220506
76.86724687222296
76.86300415990212
76.85166743950542
76.84675407661963
76.85522275146307
76.84857230436103
76.83830406890796
76.84419712657404
76.84262226916053
76.83063787439168
76.82437592066465
76.81645736825253
76.80230627867878
76.79337340835531
76.78475427841391
76.81093035418273
76.81096839401926
76.79755703901452
76.78690709100253
76.77575967233977
76.79276129808243
76.7786077365805
76.76749264123912
76.76095003228438
76.75426120652678
76.74183175690484
76.76416558991161
76.76110499790164
76.74806483916635
76.74050565600332
76.7436451737825
76.74772431720204
76.73773482641418
76.73616806040286
76.73178882193484
76.75193840709338
76.73732314421191
76.73349128597121
76.7215547089183
76.76174492855992
76.75527953951654
76.74259708138771
76.75029801385944
76.74604885241123
76.75449035492782
76.81201240343925
76.80901172626963
76.80198913638063
76.7968438102373
76.78412615112528
76.78106461089618
76.7716619886201
76.80698386705647
76.79740970900414
76.7889314659953
76.77723864573278
76.7741092877944
76.76217654849566
76.74822479854818
76.74642084587106
76.73854609507585
76.72755168091822
76.71341336919293
76.7608920360605
76.75522757184844
76.74147728270134
76.74336520166965
76.73225875153874
76.72279753517577
76.71578495612816
76.70997899707213
76.70739265142508
76.69745810764677
76.68550284943024
76.67742342813948
76.67657635293645
76.72066144153665
76.71407779857911
76.70198065810939
76.70065361236635
76.70114912132479
76.68687761849601
76.67559679767325
76.66689785527441
76.65346106652984
76.65019915771879
76.63784043837667
76.62682410796977
76.62143672188071
76.62798789518212
76.62168222994097
76.6106572200495
76.59732327346624
76.60383825523908
76.61360479614525
76.60636442702663
76.60559674919713
76.59777121329714
76.59675321566674
76.59587896965114
76.59247605493765
76.58569503113313
76.5746154770405
76.57746944083381
76.56528621074987
76.55339934738686
76.5440637542819
76.54156674120871
76.53329527915061
76.53485908105824
76.52004900805466
76.51455630736096
76.52371654427122
76.52127966157575
76.51198996458345
76.50680460983779
76.58127178865321
76.57396180897905
76.56305867490168
76.56732873260607
76.55823986169953
76.55104990382266
76.5404389086183
76.52806668403821
76.51914630489941
76.51798430325006
76.50916387434346
76.50990944612222
76.51390691896407
76.52214584506847
76.5176330646469
76.51123700195593
76.50108825535261
76.50062765526344
76.48677824513439
76.47878363234865
76.46852532329993
76.47001686690714
76.45448822274822
76.44328042849578
76.50402696174659
76.49180540227962
76.47636175849176
76.48097117458072
76.47220685876653
76.45911178778532
76.47147344953395
76.46705816207675
76.47282286212702
76.46075357615918
76.45251538257487
76.46121410415518
76.45387850586893
76.44396455075601
76.43904362947575
76.47138121339094
76.47029740701885
76.46639804592822
76.46546582751535
76.45497054951947
76.44508339700464
76.4488285269575
76.44685916920004
76.44311005621392
76.43200564124324
76.47827634395287
76.48892128688261
76.50621129412197
76.51145919562897
76.50529023855395
76.49862963911066
76.51141803411969
76.51065340884941
76.57413489208946
76.56681717308042
76.56198675695218
76.55249875423549
76.61017282237052
76.61394121167632
76.66448716447134
76.6515539334162
76.64157485889629
76.63577603438672
76.62862771761537
76.63513081340409
76.64571971233778
76.63351935170799
76.62423334376723
76.66802460693322
76.67175173482929
76.65983111388984
76.66316387225544
76.66136364613651
76.65641248184127
76.65640761467408
76.6480195964091
76.64906040631402
76.64433265704274
76.64762446733391
76.66601350441785
76.67216225979703
76.73234958730193
76.7353106062746
76.73205084848644
76.77647162621658
76.80252746144232
76.81259188387462
76.88280720093164
76.87371145820379
76.87160937988274
76.87235282087553
76.8588767073219
76.87121006312242
76.94117005211966
76.92928183332657
76.91733884023043
76.91608505263353
76.90766711586048
76.8987225727086
76.89533261398415
76.88638439732013
76.87393615196919
76.87105640264474
76.85783951020241
76.86279781244302
76.91914816846376
76.92025165643628
76.91201463279191
76.9004901416888
76.91316926973317
76.90444540947728
76.88939691613058
76.87870144124459
76.88220773944236
76.87344994065887
76.87852786782969
76.89285213609244
76.88227560773203
76.87369004459785
76.86186781086295
76.85298691218487
76.8480197933552
76.84083679215354
76.83269997046362
76.8267381134925
76.81672474900506
76.8059188149149
76.79575255116222
76.7887127867989
76.83800431098503
76.82867919608326
76.8174050914969
76.81093016520538
76.80209577077672
76.799659591548
76.78998790917889
76.84570949331219
76.83657629890612
76.87241144641182
76.88227537318666
76.88389906104851
76.92029104922419
76.9508900433432
76.96458760700604
76.95874551297769
76.95265640922256
76.94352749129378
76.93884549555982
76.92940188786302
76.93803540657372
76.93618593882832
76.92526659828872
76.92943706474766
76.9177374552503
76.90763735035502
76.89979845467819
76.90102202587
76.89610056060843
76.88873650213353
76.87870012114975
76.93192070694666
76.92138596224984
76.92386059104354
76.91634488152754
76.90941988027498
76.92132198464277
76.96639093530023
77.04636370032792
77.07437751765328
77.07705178216239
77.0733937860737
77.07883340583321
77.07675272453385
77.07432706420487
77.06435546579831
77.06615417200362
77.06341173348542
77.0504237646909
77.04444185853735
77.03519764615696
77.03631756450137
77.0257894598777
77.0225303481098
77.01940330220204
77.03140129583836
77.02411054057973
77.01428592984594
77.00261566220955
77.00457850121226
76.99874134852614
76.99612192177732
77.00139557335474
76.99064984838196
76.99585983234397
76.9881317679033
76.98342303982695
77.02581089107385
77.0126508459791
77.01252362946451
77.02142800926231
77.01758457632626
77.00971501905666
77.00307272957372
76.99613963499301
76.98707332276217
76.97563560133385
76.96814116041689
76.96417812273981
76.95292784403942
76.95088923273583
76.94285395245846
76.95911458474171
76.94921486497825
76.94471028112147
76.934891671515
76.94392098550203
76.98288778211842
76.99276306145853
76.9845832799214
76.97694832590508
76.98067950090505
77.0189377544805
77.03531503943628
77.02851017632531
77.07826691974398
77.07216627467089
77.06680733840095
77.05649207218774
77.07445795810584
77.06509555501378
77.06068814936
77.04855208595593
77.03620141168632
77.02838162683113
77.03114246658366
77.03406598353317
77.0231804110483
77.05471249877051
77.10992064401057
77.12130390444854
77.11047546431901
77.10572655112229
77.11179005659038
77.10556845388551
77.10744283625942
77.1087057022931
77.10208569291188
77.1006838900242
77.09040501597994
77.08143808964768
77.0726607954873
77.06280430970334
77.06920414357106
77.05985229147485
77.05538621749456
77.04590213115046
77.0444445503266
77.04559345295868
77.05693889691368
77.04987172947352
77.05228617353625
77.04292603350993
77.03220788547986
77.04150231182575
77.10533525049328
77.09815406088987
77.10640210851064
77.09892258222692
77.10959518015886
77.10359559560474
77.09316093388982
77.09059826311818
77.08164613233764
77.07156313088872
77.06152713536015
77.04626859503075
77.05274272862025
77.0444945011861
77.05755484415386
77.09717205406605
77.09526917213512
77.08333407525755
77.08865944966657
77.1068628076161
77.10136720615834
77.09524553760508
77.10745226969253
77.11122672667238
77.1132258455101
77.12828727139848
77.11634665831535
77.11030766319523
77.10412764190689
77.09362119137529
77.0885534982811
77.08215468325687
77.08541401377049
77.09065046274043
77.08299648639556
77.07509426916066
77.06456845914974
77.05926972357871
77.05081609715505
77.04834171272459
77.05079893304234
77.04192782583151
77.03646832047943
77.03527563056075
77.04666555701765
77.03793248595139
77.03668338543507
77.03289670885289
77.03823683941044
77.03250571293955
77.02375905039871
77.01362814794578
77.0098449891292
77.07702410294651
77.07734283840954
77.068097897906
77.06015517945139
77.05042498255295
77.0504720115526
77.04593842379855
77.06674951920716
77.10288470799976
77.13344228976207
77.13459709625353
77.13371567291621
77.12686505726148
77.13814893455857
77.13542729700751
77.12662132729534
77.11706832791052
77.11851869478093
77.11723561435656
77.17817879556736
77.1661331605168
77.15708357913435
77.14794247076127
77.17675327011119
77.17957080766355
77.17520400661712
77.16492791333289
77.16653872941693
77.17289096732456
77.21093639843087
77.2494946647432
77.23902506092553
77.22940213490476
77.217041693998
77.2073336763346
77.20053127631773
77.19692747609756
77.19180106017427
77.19000333340125
77.18616712634322
77.18289674477337
77.2369182216855
77.22791330101795
77.2290506577979
77.21716621102387
77.22170577527324
77.21562335077026
77.20475144264313
77.19514521294947
77.18784323080924
77.17783973655379
77.20027069346706
77.19801927294688
77.18842003064438
77.19080920273049
77.18205221935244
77.17139446182608
77.16478932196908
77.15411132395491
77.16603477012907
77.1643124575028
77.15971141904419
77.18265420438198
77.1788138640883
77.19849209587058
77.20089584412099
77.19620064998341
77.18984767773028
77.19364676571293
77.20943079544733
77.2051518074716
77.19936077803408
77.18904091184851
77.1767495675662
77.1871415450057
77.18740125924286
77.1911876565093
77.19222734625093
77.19069916248766
77.19638792673747
77.24163624004369
77.27843093983091
77.30043464199791
77.29262694819793
77.29235929419907
77.28995042846601
77.34654778170031
77.33347291221344
77.33495278959217
77.41117189320026
77.4064460485398
77.40455413291124
77.39424761250802
77.38085473461165
77.37294124981376
77.37778036078159
77.37683799172775
77.37938624682656
77.36944634551683
77.36822585276819
77.3576294229602
77.3499104485451
77.38791013382672
77.43530779214045
77.44091797913043
77.42999275814303
77.42399845586883
77.42785211173342
77.42041493057928
77.41981250203486
77.40905006300179
77.4248541129669
77.42658352973116
77.41544236446987
77.4214231066695
77.41794775308321
77.41459534735382
77.41443717554023
77.4103108757861
77.40144832112787
77.40461649386411
77.4020393109789
77.39329039412671
77.39058017642756
77.38516443871639
77.3832702102626
77.38544298976248
77.38388801549223
77.40614567764999
77.39637488207728
77.39075449795135
77.44528027063684
77.43964764669201
77.43317504441406
77.43887964496946
77.43980382124181
77.44667455585524
77.43799457909512
77.42964882819967
77.42320410892549
77.42115102692597
77.42090339813933
77.41488057763561
77.42104306876564
77.41325889546262
77.4132658445827
77.41478439405424
77.40312703064181
77.3932255507062
77.37999822982484
77.3719096334564
77.37077718147025
77.36470005679338
77.35401892984162
77.35722790947764
77.36132439215851
77.3543048140659
77.35138369075659
77.36425401416265
77.3547991801257
77.3791324062112
77.38460080806188
77.39655275253317
77.3984818389924
77.39842587183904
77.39379372218886
77.41191898742223
77.4042107711179
77.40520495728563
77.40890318744128
77.40386780052289
77.40211591100747
77.3902438749095
77.38205729972155
77.36808586663948
77.35814015602952
77.35349320105377
77.35069368228204
77.33961316557748
77.38466540930783
77.42929307710165
77.44683510820478
77.44668696054661
77.50494244891946
77.49858964774326
77.50624507805195
77.49529857917265
77.48825766167514
77.48690445993988
77.47719069586378
77.47687333567808
77.47476414194442
77.47397965926015
77.46949661273061
77.4700237664034
77.45711298804349
77.45498380444758
77.44252159730077
77.44478221492992
77.44021146507617
77.43193069171949
77.43085463082129
77.42694532029007
77.43386697823142
77.42562792839752
77.4236786760985
77.41621997043558
77.42110056921358
77.4332888453107
77.4256192389964
77.41842606033167
77.4133593355599
77.41762563603741
77.41971579194743
77.41026306260031
77.40121343104073
77.4045752749217
77.40343719775993
77.39599306079886
77.38600928278397
77.37645015729457
77.3798859651086
77.38644253121936
77.38519130398997
77.37596435963758
77.36881729374332
77.35756480779733
77.4543580605194
77.4518697999287
77.44073077963195
77.48942904789956
77.49330706751923
77.4833441983994
77.47511444430633
77.46669543882926
77.51647815781514
77.52202032860745
77.52236404346097
77.52515459167775
77.51619248847439
77.51406547977189
77.50697800928495
77.49902373434611
77.48969423778928
77.49708500717081
77.49165038972671
77.5036262133731
77.50360666992044
77.52538573800689
77.55230132672862
77.54346822901866
77.59301151540485
77.58329032965428
77.6026364502182
77.59378818347183
77.59904107537464
77.59194319274869
77.57955851029081
77.56837929233455
77.56503681141926
77.56085945614545
77.56591269146797
77.58152795647595
77.6157965722935
77.61147398584492
77.60419149435
77.61011619844606
77.60652465262707
77.59630922971161
77.58478932781675
77.57691448847169
77.5795651300828
77.58377396098429
77.57427653900785
77.57117539484871
77.56363430754011
77.56821846122996
77.55929251381826
77.58547977602917
77.58423732071552
77.58580445649096
77.58826946114274
77.57802755361774
77.58001774619733
77.58683308520386
77.58254524950823
77.57996909734938
77.5762793609392
77.56482889661785
77.57627880787706
77.5700105183078
77.56127558569533
77.5747548201536
77.5657336523032
77.55659540987904
77.54733566995681
77.54092795484083
77.53615900228674
77.5449748869906
77.53861172522036
77.53137542211645
77.52544979315131
77.51486068473018
77.58769633407373
77.57860531264461
77.57039750405818
77.57241354938103
77.56245460944797
77.5537105192921
77.55266816832707
77.5531488736049
77.54977945085389
77.54431335261265
77.56038807021457
77.54914297884851
77.5405657010827
77.52836255437754
77.5396890657097
77.53326627015015
77.5265210383306
77.53265815397481
77.5259072054576
77.51445390118494
77.50628938038022
77.49657295327084
77.50141392123938
77.48811014843407
77.48163884664207
77.47828588502516
77.46605486914945
77.45536818575691
77.48274166434511
77.477116647503
77.47170166731247
77.46759873833065
77.45714579846576
77.45522102293077
77.4428278313865
77.4507523599115
77.47165425164658
77.4659429702206
77.45861801268894
77.45631699001088
77.45046779359672
77.43959706140328
77.42851709226528
77.41918796802823
77.45275081069133
77.48806893203614
77.54559109541714
77.54393965293188
77.53272289660518
77.54170920208678
77.55058884187368
77.54163434897956
77.54248949223312
77.53448885306227
77.53491051018146
77.52902542637402
77.52815541109527
77.52660066527886
77.52369883782225
77.5145576781743
77.50792303516637
77.49956328694921
77.49113059371912
77.50581706913277
77.53888386020856
77.56908961124995
77.57713584454591
77.56832736262476
77.55859458511502
77.54705679764979
77.5421699121
77.53135872490009
77.5216860936394
77.51289008915555
77.50453763786055
77.49625307612303
77.48641055688707
77.47849269467538
77.48068933767125
77.47580035506797
77.47858594193623
77.47557920681595
77.46594652784314
77.45100551501564
77.44763298652349
77.43762515618043
77.46304496215681
77.49667839523401
77.49048468437567
77.51846035097249
77.52116751810566
77.51979284878406
77.51647039348481
77.5500315062136
77.54604837863933
77.53571177045883
77.53216841482894
77.53173225557437
77.53663544639348
77.52320853180447
77.51615758982214
77.50989609582437
77.49945497234086
77.49644205910819
77.49169428795867
77.48094065371967
77.49420559161312
77.48821545513444
77.4826125764589
77.4751963770034
77.47213404663495
77.45875801809306
77.45045783788088
77.4939371766076
77.491600606025
77.5481911868835
77.54356626617248
77.5779988921095
77.577420165135
77.5680944257198
77.55839915293055
77.55198278114578
77.54025680347105
77.53475709434213
77.52489116823229
77.53169842805907
77.5243384059123
77.51230404296895
77.5030948501357
77.51547242504125
77.50810572335047
77.50245070477976
77.49668379541775
77.48654919757638
77.47754718954397
77.47603576734777
77.47060311135235
77.47412329515163
77.4694481574119
77.4624030997663
77.4656099027028
77.45631461002223
77.4946005328527
77.48928706185501
77.48327880999327
77.55961337942568
77.56734955988293
77.5612235361675
77.556300541059
77.60622900686089
77.59584665329113
77.58869066724638
77.59606996852035
77.62131210935704
77.61563866124676
77.61132334540152
77.61011442126897
77.61898714770707
77.62856393599893
77.63619413469672
77.62795824369407
77.63249174842166
77.63146757361064
77.63279249179058
77.62109612736073
77.61621818008814
77.61586620327552
77.61013445398117
77.63808982649633
77.63060129050052
77.63398697036962
77.64116166740554
77.65237057674258
77.65589540823181
77.67762160214806
77.70065136008657
77.7689733574341
77.79772813441045
77.7911001067319
77.78552455776189
77.7779881181122
77.8040730107739
77.82526453740294
77.81445415882354
77.8056800319296
77.85478880881047
77.85038909388938
77.84279513663175
77.83633233515286
77.837349322822
77.8299490969374
77.82425512230387
77.85318605731212
77.8538209868591
77.88107159051185
77.87339992292466
77.87471590481213
77.86975888493812
77.91024726936446
77.89988944225134
77.91094042806522
77.91539066491768
77.9113559518787
77.90279998718682
77.8952133416675
77.88599598705642
77.88513672101959
77.87448344424455
77.87209301640748
77.87660859289988
77.87783968077923
77.87175412004571
77.86337268637361
77.86725605466653
77.86074021391222
77.86602449517883
77.86897230178539
77.86135424266246
77.86016058413254
77.87050257160051
77.86176756471679
77.85254776573423
77.84058347988994
77.8332068123395
77.82573289334132
77.86017734036069
77.85248723212058
77.85747295587903
77.8515923541263
77.84842818586122
77.83968294909911
77.83389414933517
77.8740209086264
77.87739874889976
77.87270528796948
77.86665829323759
77.86339856959783
77.85295467733785
77.84816792144133
77.84400249409816
77.846871308276
77.83893270019524
77.82911879617042
77.82156394409532
77.82501314187645
77.82772157994302
77.81473050206593
77.8061896785781
77.8076170447991
77.79833833399911
77.79015146423141
77.782929045842
77.77296143773967
77.76441186049199
77.75973544783423
77.75307884580032
77.74815869666035
77.74049910871764
77.73902249301291
77.74949406199718
77.73938101097109
77.74264131384746
77.73492407674046
77.72269950671176
77.75235469409597
77.74219707642973
77.73829141302187
77.73066965293725
77.72521427337901
77.71661366252684
77.7171549877743
77.70914391168675
77.6990677116061
77.69990850241548
77.70530470675105
77.69406736533908
77.69301081151423
77.68832236346873
77.67775289497733
77.66989457259285
77.6659460532956
77.68713887207903
77.68061513855051
77.7036979931593
77.70748015131412
77.75072105742156
77.76502514997424
77.76586237378561
77.7596916049874
77.75852054484031
77.75223694994366
77.74723843945044
77.75674571205658
77.74832650519706
77.74498213345979
77.73574254300728
77.72458356317948
77.74849210678912
77.74779114946027
77.73992551699826
77.7338161830811
77.74422539967925
77.73841861333806
77.72724158516563
77.73144791992193
77.72181482860924
77.73705353144662
77.72769048814948
77.71872221971422
77.71346848306446
77.70689083820103
77.70048443087883
77.69257095413539
77.7280865712689
77.72163797397096
77.72823912990803
77.73095928648355
77.7348011470206
77.72179278814558
77.71675707408473
77.70866867646664
77.70892902266245
77.70422807836562
77.69736234984121
77.69068859067247
77.78517050528419
77.78735225712148
77.78152670277534
77.77913304871204
77.76923570011058
77.77389940675421
77.77739008051334
77.7783406315255
77.77751380704113
77.77128908408595
77.77644970214573
77.76701146972172
77.76656365738418
77.76510580182689
77.77158531345292
77.76662568356831
77.87229904337349
77.86496881723257
77.88585355134659
77.87889016780606
77.87480003418916
77.86911268173459
77.86086728521867
77.85895013897417
77.88872896042372
77.88293569955538
77.87480123197827
77.86586195400643
77.85231582888343
77.85024148134009
77.84052319655865
77.88049645642101
77.87276800431137
77.86625266970121
77.85942656706355
77.85377756787148
77.90104594568876
77.88900558692946
77.88657730114265
77.87663466909386
77.86521346116838
77.85923514111276
77.86045349845136
77.85027031932663
77.84630489603106
77.84094975129797
77.83135876971649
77.82430591200924
77.81656695153328
77.81073103397567
77.80328045589263
77.79323213504375
77.79609133479154
77.79094832286893
77.78232510748252
77.77676572190126
77.76760966303691
77.77893603862755
77.78032691040818
77.77642177265777
77.76543403693191
77.75754882043024
77.75956801741975
77.77228485383512
77.7715773683541
77.7763806059911
77.77163227826672
77.76446522693087
77.75751770683802
77.7519362278175
77.74251219251646
77.73352789243127
77.72391638389
77.72032189412859
77.72334010490466
77.77127825857445
77.76011302869657
77.75843409731951
77.7494430086477
77.7531835235878
77.74121654232262
77.73059874512717
77.73080955589815
77.74787748172199
77.75073080124818
77.74462491212182
77.74442520950522
77.73723629633973
77.73520903616358
77.72818189836424
77.7625452632935
77.76582488166906
77.7566404503079
77.75689107108381
77.7474578027787
77.7401027074825
77.73074066363736
77.7229820217867
77.71837167025578
77.71822288484617
77.70926486505086
77.70515413976936
77.6972058330539
77.689108766415
77.69206035354095
77.68555993014016
77.69460066750634
77.72573871828374
77.71819654695915
77.74902692030858
77.74737895960183
77.73780660688962
77.74152634670332
77.7297592969523
77.74555944511253
77.73451654454597
77.743961027814
77.73522791965375
77.72378990015676
77.71904716095696
77.75064077746335
77.74649172734283
77.75227579486456
77.74490481431391
77.74058537535066
