34.71678924560547
175.56303024291992
136.8045908610026
123.12616729736328
104.02524337768554
93.64661343892415
86.54835183279855
82.65934801101685
82.98263253106012
86.37109642028808
82.05536825006658
94.28181807200114
89.89202205951398
86.24037306649345
99.32034428914388
97.77852511405945
93.98253609152401
91.65833197699652
89.91254425048828
88.79846458435058
87.74041057768322
85.93604902787642
83.64839951888375
84.32687520980835
82.79793075561524
80.62091754033015
78.87908356278031
77.13647038596017
76.1326825372104
74.77616170247396
73.92977437665385
72.76269698143005
79.76627581047289
78.37049226199879
77.46191765921456
76.51974137624104
77.01682126844251
79.270516546149
79.75100522163586
78.91265563964843
78.99049972906346
77.76434575943719
77.74605041326478
79.08440186760642
77.83433079189724
77.84900254788606
77.51375997827408
77.67709203561147
76.69157405775421
75.90164684295654
80.04992926354502
79.64855139072125
79.15618568996213
78.37386968400743
78.3187876961448
77.58432793617249
77.12998657895808
76.95696893231622
78.83019143443997
82.3524063428243
81.94981962735535
81.35481855946202
80.98521947103833
80.31441912055016
79.99467394902156
79.52658488533713
79.2452400833813
79.6384279868182
79.86509486212246
79.61468214307513
78.76735738297583
78.07551323042975
77.50147913580071
76.69956534617656
76.37338061014812
77.5032706762615
76.92911001923797
76.83100311572736
77.17463865159434
76.8082093000412
77.44740942966791
77.90948214182039
77.67604807198765
77.41460275650024
76.87667427062988
76.258397057999
75.86216181174092
75.88900260491805
75.89547950230288
77.98023391299778
77.53278348734091
77.3425551497418
77.4905347721551
77.26792414644932
76.9190068495901
78.36783776680629
79.56148271462352
79.36555529613884
79.20909979849151
78.78110437393188
80.78289336025125
80.63280616087071
80.28874845412172
80.03398750378535
80.66611460731143
81.38782546205341
81.35910321173267
80.7792815985503
80.55381255193588
80.4385310606523
80.59457313262665
80.22406903335026
79.84431344428948
79.35351067258601
78.86411365011465
78.699355816019
78.47035386827257
79.57210760601497
80.58959601907169
80.53840223948161
80.47392014432545
80.04966113606437
79.63340531325922
79.38024196317119
79.24305531311035
78.75106964414081
78.48891435457965
78.20969007909298
77.90181931783987
77.55342165140006
77.23080416672103
77.1527051781163
76.9720495267022
78.23812155937081
77.7876190185547
77.41176723031437
77.11615029216682
77.57043915900631
77.42004056971707
77.3355931690761
77.25726185791882
77.09993386604417
76.94404519354546
76.59058413240645
78.77311939371043
78.7546430744537
78.65492405534602
78.49796677924492
78.23028683502402
77.95905228932699
78.01203803510856
78.08198377960606
77.91166329228021
77.84879239813074
77.71337766339703
77.58672145696787
77.36371059782186
77.0490635739097
77.0903513686462
76.95146856307983
76.67818145278078
76.41389340530208
76.22535164955934
76.12708112670154
76.29811759717536
76.39097818121853
76.13866161871813
75.92802510942731
75.67546476556
75.57951099171358
75.57954348737036
75.60880661010742
75.53232570052836
75.54596907517006
75.45682096208844
75.30206853693181
75.12568694723528
74.87312964107214
74.7708904756514
74.61631444295247
74.69528881094074
74.43072342086624
74.17957671743925
74.85360712590425
74.66998496184478
74.61428138773928
74.51539631195884
74.36999453889563
75.19551731291271
74.92670438666093
74.98438288903361
76.82544857263565
76.81876043210993
76.77512479565807
76.63479082156451
76.85103700598891
77.19011939963714
77.47494237109868
77.22386755056716
77.00861750602722
77.01027940399018
76.83799466992369
76.57911840918028
76.39252543916889
76.27524932303079
76.86929592576999
76.67409750344096
77.50822634880359
78.48315264505632
78.40843768346878
78.29195493544448
78.13833574079118
77.92122824762909
77.7584820774114
77.5283032350762
77.43148055783024
77.41566355656919
77.26483638133477
77.1207260846003
76.98435876152732
76.8690232928522
76.92310145094588
76.81624539122988
77.23241282360894
77.1825365278456
77.36433762575673
78.31896207196071
78.16216754076774
78.75871690808425
78.85502230602762
78.68241647001985
78.61932401821531
78.58149528503418
78.38374063703749
79.23160123622164
79.48657875545955
79.65075103341276
79.3804792997216
79.19925893999044
78.96394262313842
78.75024486874149
78.53293950104516
79.35203288513937
79.14940372842257
78.97982375475826
79.93512631237992
80.13785641009991
79.97047293570733
79.99647453032344
79.85058042907716
79.74694445788623
79.78109167492579
79.76020193288448
79.61438320189949
79.51868208342907
80.28091937303543
80.48046061593735
80.40650661971218
80.22364472790575
80.09440752176138
79.90493276018749
80.04271620830507
79.9542639264589
79.97174523093484
80.21266370089549
80.10429157171035
81.22310045506624
81.00943096360164
80.94267930239992
80.83952385937727
80.82988705934194
80.83204875974094
80.65672150636331
80.52002595636966
80.51001844232732
80.32141838211945
80.15324036222933
80.10210905143683
80.12237552246313
80.02077694620405
79.90538859112831
79.74537722946059
79.61761395754326
79.4929258924135
79.3688478503311
79.41847152309818
79.34867234844779
79.31041047970454
79.14529438084797
79.03837864974449
79.01215591299575
78.96397886537525
78.85212201714108
78.73144181569417
78.69591709072307
78.57859784847982
78.42915159925467
78.7054936517805
78.77310120062684
78.77001531600952
78.76353941882567
78.64911656032335
78.66077057363177
78.57844205279099
78.53712156327045
79.22973132289313
79.09699674848625
78.9714759170235
78.92478695347857
78.81086380866266
78.71686764315393
78.70081602610074
79.38486194915284
79.27850309602773
79.41179891313826
79.37233120278466
79.29813078750948
79.17363348547018
79.20792135997999
79.15115330815316
78.97214389218719
79.14188595884335
79.16644764241788
79.09297828909791
78.92530006995568
78.88264019503916
79.12530250432658
78.97536458038702
78.94684223998281
78.8405827030991
78.78285077835498
78.74799547999739
78.63213819211667
78.52890109444807
78.48094258094902
78.54271546999614
78.43370207834668
78.72884696192995
78.84140532276975
78.81717408124139
78.73841977608868
78.67468296296416
78.7033780712428
78.65708817992099
78.52603123982747
78.49200372199792
78.43122702167082
78.35049382571516
78.63064125957325
80.11771463666643
80.69392717801608
80.64746801419692
80.53952089044932
80.40249258784924
80.40199860048966
80.40425872802734
80.41779363723029
80.31263654058871
80.21210435107558
80.22530087365044
80.29340755642286
80.18524884387274
80.05511572341288
80.0417397572444
80.06470735105749
80.32613782413671
80.39599473210056
80.33138876375945
80.25331330751662
80.20853638520111
80.88144870973983
80.73460423049106
81.28111927758593
81.25311405773469
81.94334305826823
82.6301186338384
82.60283954326923
82.50815831542646
82.52073215494684
82.41270468862433
82.41794706329586
82.35476322074211
83.07564722962542
82.93503566582997
82.82900035907696
82.83465169007296
82.75674871203204
82.62931301667518
82.57853208409483
82.46791892418494
82.32525603545596
82.29554503304618
82.59705246010506
82.57383728027344
82.46951608778555
82.36293083730371
82.31883870083979
82.24410341732467
82.18004562263202
82.04840867042542
81.92519933267722
81.92653983386595
81.92869409793069
82.01178515783631
82.05677607971946
82.1478206371439
82.02706538957226
82.05835911806892
81.92314698235622
81.8585462802794
81.79977739988452
82.08894033339418
82.13844075791772
82.22894731235965
82.49463385156838
82.39945306227757
82.41528937799467
82.5547827305406
82.47238674482469
82.35616574060349
82.24157980332183
82.10310022525877
82.19986223892681
82.21829324848247
82.66817210926729
82.52500247059854
82.44273909361078
82.2979773138171
82.17014818258218
82.04312791602555
82.06476496986336
81.98977559142642
81.91595388945476
81.86864770722279
81.77968099747581
81.70486317643332
81.77083932016752
82.11855236471516
82.00673277122827
82.3867597363212
82.28374856183318
82.269637781031
82.23074071724851
82.11141152854438
82.00404198893001
81.90666558389707
81.81321039135824
81.66202637978962
81.63071802729753
81.58321030510797
81.58288451573273
81.4771580738304
81.41956469975823
81.71006805991286
81.70804112193349
81.57662512963279
81.4731152657607
81.40388456286301
81.42857582740534
81.37678341243578
81.34376983477081
81.28278047801096
81.206334923565
81.17493044918982
81.09833252609417
81.03868429650565
81.01809606613388
81.0978436510787
80.97493127770007
80.867013083113
80.74297740555619
81.06064109074867
80.96377407420765
81.05135989692141
81.02480793601588
80.96373713116687
81.46030254483972
82.01329183778005
81.99913026096925
82.01538316011428
81.96439975016825
81.91222075703728
82.01573286589628
81.94554267836011
81.87175354711788
82.72884427372811
82.6784659704878
82.604749878899
82.49867857794577
82.4565205087467
82.38247376886744
82.27944088757523
82.20545410094348
82.12334167233362
82.04479442557903
82.00185518880045
81.90706189345546
81.8271264991607
82.33222175552277
82.47027740478515
82.42923307133292
82.452750977292
82.38853701824696
82.2798974589696
82.22836173406922
82.19403380367595
82.09927062311117
82.55356142464585
82.53155091516162
82.47263673146566
82.47812924693008
82.47695283964276
82.56025087903117
82.46763474653667
82.36685140294937
82.31122572477474
82.23712920773652
82.17011317323073
82.10729819134251
82.05558567413917
81.9557725207133
81.88039256786477
81.7620479189871
82.02767179576495
82.02116180056618
82.12667073224434
82.31970331745762
82.21185397379327
82.1847210615479
82.09974900011747
82.07870951076012
82.1050081109642
82.0115497725095
82.11388675818283
82.37258359249508
82.24666539768674
82.15321675270407
82.05849300263982
82.09030666068224
81.98738688186363
82.1190033752244
82.21372737567803
82.106779644722
82.00516748253037
81.91446769609364
81.83350066824273
81.87969326842202
81.80340455570361
81.77323955786032
81.68477227471091
81.6471371988203
81.55298225257708
81.48084694136331
81.40468624094333
81.35580228341593
81.29387506135076
81.20133094342435
81.1377942502285
81.0528238207795
81.0478414620672
81.00086600597741
80.97298703753651
80.91267354534955
80.86156419828428
80.79564230083365
80.73532511067475
80.70809070815905
80.95149669680796
80.90172235157033
80.9786570515549
80.91564985666092
81.12538167146536
81.01949831411684
81.07723186074233
81.0825072761204
81.03725075556173
80.94942626258943
80.84836392749139
80.78412114770919
80.73664072464253
80.647074413792
80.58098161343446
80.62121148379345
80.72082603957556
81.30862411922878
81.29570383097938
81.5807016119234
81.50905566475018
81.44932075105417
81.3961344783589
81.33225999144733
81.2741993391836
81.26501946827211
81.23397630152076
81.2552029473441
81.52559089180608
81.60236025894906
81.55605319511133
81.4695704544526
81.40374333222707
81.34063784969031
81.34683593325441
81.2496393735136
81.1657938783532
81.07193815846088
81.01652312672178
81.57945593185048
81.60864198678418
81.64118793249521
81.89669848426443
81.94276237019541
81.89401455019035
81.79210966679634
81.74206013788229
81.70636363610988
81.69217438047582
81.63547835048632
81.7902757357625
81.80683271719296
81.81242611946598
81.99874327685714
82.00625183651302
81.94008864407364
81.84585973085501
81.80933637237548
81.85582382915119
81.81895381830145
81.78633394210961
81.85947163040574
81.76699109910027
81.69006325439115
81.64399046988427
81.65954709316694
81.59152862627047
81.52855328086792
81.51266509631894
81.61841113900465
82.13790641384065
82.0591411396558
81.97216139286756
82.40504605982122
82.33883329343945
82.32587818335597
82.30110035623822
82.21278390366902
82.16723584538273
82.18770770495973
82.09939378132054
82.03093717866025
81.99898505137517
81.94730654509935
81.90408572828842
81.83523518823738
81.77321213101028
81.93089055796617
81.84204598316332
81.79408158051187
81.72379112968329
81.90964599661473
81.81913053483675
81.71159923599636
81.66479738097176
81.61491954308649
81.52354026846139
81.51486688054594
81.63567533435764
81.75175437326732
81.71947507943936
81.74668782922718
81.71372426303465
81.6656093867454
81.70147076816787
81.67099583556357
81.60271174971356
81.64992362269649
81.62500543566145
81.7133241777406
81.62636878567811
81.55408512194133
81.5026913656908
81.46250025571355
81.40372901787856
81.37700381216158
81.31766507918374
81.23980382794011
81.1678120874455
81.25160023635131
81.19159202381621
81.45524449479943
81.40657056310903
81.3895795259048
81.61529052188631
81.67920141646701
81.63001176053578
81.54881751382952
81.51450653596856
81.54763327506899
81.49510605902248
81.45474668702002
81.43536592619759
81.68434656635671
81.66475416520382
81.61967191926786
81.64611953361468
81.62224741590784
81.57047767071819
81.54433925553124
81.46137188922214
81.38940028175817
81.31947390730951
81.2711251992549
81.26227801703335
81.27041416917241
81.18374249247276
81.18553646194351
81.15314688362889
81.0864171529581
81.05929542716831
80.98407966735797
80.92918621301651
80.85827774942004
80.8120105418472
80.90941543499959
80.87853917627703
80.80736259591991
80.75506020511806
80.71151240557391
80.71139050971021
80.69269366454031
80.63984084847856
80.5607579449133
80.53463240008537
80.49415169308651
80.49952088000015
80.43304589589437
80.37620171127112
80.40470645935596
80.3704264661484
80.30646523538881
80.2425076085168
80.58090799282759
80.56197342140013
80.51193559089548
80.54277859323768
80.49757956562426
80.41757135288965
80.35957042918785
80.291789708928
80.22699003257803
80.17564867782593
80.20025301170095
80.16535469445776
80.21451257171226
80.1750918231529
80.14105718372673
80.08577635048559
80.01019465624105
79.98299999916459
79.922954213792
79.89081643380617
79.87970720233491
79.82734337378675
79.78573542028704
79.88365508498946
79.88007463068745
79.84607008418588
79.8130175915038
79.75211265310645
79.762187968925
79.77261525562831
79.73481342424523
79.67334325943587
79.61270637684929
79.54762804415799
79.50961810819564
79.49632370471954
79.63705920682143
79.5547235729149
79.67133256376019
79.63621151752962
79.5862030732647
79.80987806393362
79.75831049094559
79.7030594543535
79.62639385636444
79.6035970780079
79.59284435596975
79.62990025457393
79.60059370227036
79.56248412796214
79.5202997788768
79.51948920644895
79.51793655741861
79.4617178938551
79.43275919980223
79.37394804451334
79.3269742154417
79.6076400489138
79.85054220455012
80.0047084236145
79.9891144446517
79.92493252980144
79.94918129423338
80.02084390203751
80.05284531634787
79.98932734553335
80.41457643709809
80.39945592738614
80.40511119026779
80.35698758113531
80.35518306398215
80.35093864431522
80.84056185854904
80.96903548135218
80.94707426059466
80.96557804883695
80.98611518131476
80.97496509085657
81.0372729249053
81.02085527327003
80.99838524236458
80.9880768504456
80.97336499340479
80.9854389648993
81.00573348305443
80.96019570994896
80.92062729186274
80.86244550649671
80.81715008605663
80.80944599243531
80.77126704972287
80.76589031173633
80.70010113344044
80.66471211687266
80.6377628828951
80.61613096346696
80.60122979413651
80.55970533594027
80.50741680586296
80.51108021282015
80.45640221277117
80.43341770987612
80.374533652128
80.31506352176034
80.27491926836544
80.21791858988733
80.16399447948902
80.13353128703136
80.27490267175106
80.2167062961354
80.4567512171529
80.42069633018242
80.39288932916567
80.40580938906524
80.4017343889203
80.34401189055399
80.2890722659811
80.25434117884069
80.2183797656449
80.26668592053791
80.24450303010131
80.22638924105262
80.20168250516005
80.19318260086908
80.2592846556206
80.22467598683839
80.19633146415808
80.13994581248903
80.09360990974241
80.05686889736131
80.3486733726738
80.3854295791836
80.36949928956616
80.33069315109428
80.31120374843053
80.28206161168067
80.22109201533493
80.18338570562202
80.15026726576248
80.1033927527341
80.17135872554022
80.14770890579743
80.13125145934852
80.08179237831772
80.13437011632543
80.10006457688309
80.17447390120893
80.16835871258297
80.13115129588827
80.09905758118362
80.10098450700308
80.07242866909557
80.08324704485271
80.03129496563734
80.0019760259703
79.97015443444252
79.90870588466342
79.86536003274216
79.81645688278657
79.82919156604343
79.81898608826903
79.7632495199233
79.72699343194465
79.69679265106674
79.72093003204515
79.712329306613
79.6925737471407
79.63509688818507
79.61606131869443
79.58056215768332
79.57118524285494
79.50737610197903
79.4907816357315
79.47461463377303
79.43787699214748
79.40738895366286
79.35668982752277
79.37831686680613
79.34263051295567
79.30327896449877
79.3286106387127
79.29263531566959
79.25954581081932
79.22297317125064
79.18808871295
79.18202244488776
79.14954696375446
79.11976337021795
79.0888943831297
79.0819030802737
79.04500475349795
79.00557398898407
79.02675965974568
79.00567139701108
79.06522204965194
79.00711578792996
78.96588691703283
78.91329324880897
78.97611733011037
78.94737702227653
79.02380939447157
79.07870020937261
79.06075291315041
79.08265922433239
79.10453827469438
79.09583396589025
79.03896780527633
78.98534086484949
78.95328165783897
78.94058122534501
78.91433460103225
78.93405795097351
79.01043039303887
78.95206414028783
79.24163117933024
79.18529157159718
79.19760780175028
79.19345521429138
79.154333003246
79.16029329498609
79.14415630019046
79.11120455775588
79.11883654450826
79.11716022926743
79.13510581100543
79.13568129648087
79.07761738687415
79.07704942679602
79.01790787585625
79.0017592970858
78.96323818085
79.25359229688291
79.20585924601383
79.44526311063669
79.40540524018117
79.35165914355731
79.35048750698749
79.30589602768787
79.27387983538401
79.23093411776485
79.20000301637174
79.27877604257309
79.27739194984476
79.23055356692493
79.2190342956388
79.1823292765124
79.17554900759743
79.16319169303183
79.16004947126213
79.10947205514618
79.06985908608384
79.11399991281571
79.12449156577733
79.08627949490153
79.05270200183044
79.02457683440672
78.99372533953178
78.94619482648157
79.13872601391675
79.16235440826416
79.12678625771811
79.24820752248554
79.20440482522768
79.19801043704211
79.2116695764646
79.22689170534046
79.18442949448465
79.16480037901137
79.15809939094294
79.1305710896407
79.12188943321462
79.12904176222006
79.09185917544576
79.05375620223126
79.05628883098734
79.03619887134222
79.02301069651615
79.04569198668355
79.03349446454858
79.15138159359202
79.11238644382279
79.0616919896374
79.00647640880834
78.98255217075348
78.95642527138314
78.92608693886919
78.90723762400775
78.8916153072847
78.85586312074355
78.83245925162602
78.83431804816082
78.80859060804973
78.75704723775445
78.71687230565793
78.76194345225458
78.73699105016053
78.70109165967833
78.65464327744206
78.63234626615817
78.59989347824684
78.55136037674463
78.50477894437061
78.50468340221782
78.54687220109376
78.51661482085451
78.47058060793758
78.45151069990885
78.43764112741893
78.42881798721473
78.3813741356986
78.36134320775403
78.33886415060935
78.32687613585962
78.31500050329393
78.27159130403781
78.25553900003433
78.25050290666218
78.37469703263281
78.36128972767658
78.3107034377332
78.26807290849317
78.22606712995051
78.23803743414462
78.20727019381702
78.17128006662001
78.13280308313709
78.09606142231763
78.06046838974684
78.02107501587543
78.22624022760124
78.18107082641203
78.15325126897044
78.14106158019223
78.11839954191524
78.12561021494311
78.12641160638802
78.15389231696876
78.30537323075897
78.25853489724655
78.2975767435851
78.35425545218695
78.34368312116472
78.3602660910905
78.32695986511962
78.40407628529633
78.41772097908989
78.53904146652432
78.4896367297453
78.46567886394574
78.41351654332712
78.39337045965011
78.35968238704807
78.35086515030507
78.2966500426995
78.3212262767635
78.31430117579272
78.27335178058802
78.23742123900867
78.43316912629368
78.4566663273898
78.470168843906
78.43290531310758
78.41013937783264
78.4186161963836
78.3858755379241
78.3516620253137
78.41949051957789
78.45926302520807
78.44703749819206
78.43361033362311
78.41640067765779
78.37995817163865
78.35780172185221
78.32106806517075
78.29974550153108
78.26613526190481
78.24793065992337
78.22349917355506
78.200931728046
78.20402815512249
78.1813896767908
78.19126496170506
78.17176667516611
78.12636496757698
78.146337536282
78.12059775635362
78.09139262371181
78.07197272016647
78.0500607368057
78.02182635585818
77.98865019463523
77.94513551422227
78.02237953933486
78.09317592506476
78.05928149454394
78.02339519245524
77.98760271365956
77.98001263221245
77.96953942798751
77.96125404290986
77.92515338961228
77.90746317060106
77.88655538550617
77.93150283906843
77.89845463448736
77.86841243058183
77.84756862836603
77.83547891224718
77.79531127624246
77.78236142697541
77.78358365679492
77.96954486436314
77.95351308341246
77.96851842407544
77.96894944426302
77.92932668111729
78.04757754392632
78.20468696370231
78.16836520204059
78.16784698880952
78.18340045886241
78.15485098439937
78.11482394243865
78.08286159882431
78.0657330950954
78.12249432624307
78.0762351770736
78.08104733734915
78.05460208373971
78.05498551751813
78.27696569590972
78.23759450847379
78.3451790268972
78.31175319177734
78.27387720148614
78.23764158917122
78.20426285742903
78.17265693360152
78.13043107735696
78.09417140443446
78.06237251934209
78.0526520814589
78.09252824888125
78.12245836451247
78.08986869200372
78.06027302733963
78.01489928196536
78.00593764051443
77.9667960263983
77.96645373015845
78.1576309636498
78.3347348318804
78.31082887961298
78.28432819711503
78.25174778096347
78.22046846849065
78.20454349215069
78.19918223175661
78.15544434643667
78.21566611766815
78.18957870667622
78.17054667131674
78.1825216187107
78.1730899541481
78.19062054107792
78.16066348295702
78.14517667497005
78.10224732184253
78.15121001345348
78.16096982877117
78.14080427659631
78.11627581410676
78.18496095416768
78.15716205358112
78.11784537201555
78.09735813736916
78.05755476845809
78.02289968562636
78.03089578235804
78.01663573999873
77.98802990331501
77.96872104482448
77.95713170941306
78.06506743929745
78.03961967156857
78.04804442096106
78.04244153365529
78.01464874969632
77.98256353249484
77.96232201335876
77.96099226461205
77.93153764830006
77.8995837144318
77.8737509107667
77.9197752469947
77.8870317881933
77.85967933543768
77.90344321939595
77.894552375541
77.86659953671116
77.83046133301126
77.7938274976328
77.79949088645192
77.75684861278228
77.72632135444856
77.82720825262666
77.81523599907601
77.80425927119377
77.78966267954549
77.7842504196167
77.77654809593487
77.77351661992911
77.74817755045362
77.75864277920275
77.79125191281992
77.81140118647532
77.78798145212251
77.76783790497409
77.89378362235993
77.9325726569645
77.92356319412364
77.89821510647442
77.87784903670527
77.83141599576685
77.80071307849506
77.78170553240543
77.77644037880479
77.75223317883368
77.96317921180815
77.9212015197033
77.90347061037173
77.90073131165414
77.86428564061167
77.8733905286205
77.84096500920315
77.79838843031737
77.79016612746703
77.77113193935818
77.77772107098231
77.75535813271999
77.7464414711207
77.73951748864327
77.70227134775948
77.67522772227493
77.71036615186165
77.72630629977023
77.72167843816442
77.6993836127453
77.67839000426677
77.68222395874733
77.65236093977641
77.61974599117835
77.62177805741997
77.67046483406881
77.63703719179603
77.59596640533871
77.56461311728566
77.531889986
77.49320586412296
77.46187356361976
77.4221372186542
77.39631984933364
77.36128552949896
77.35039565460814
77.34377660787882
77.32912275217942
77.30210648371047
77.30976442022062
77.26382685108345
77.22479905135759
77.19173832216124
77.21764603911376
77.2311932621162
77.21258033247298
77.1970588814623
77.16479218694576
77.13856611635617
77.13078296383523
77.11161738114433
77.09007639884949
77.08008318286697
77.05849602651668
77.05773248045352
77.08650206799233
77.063859049959
77.03299140786334
77.01255973838916
76.9749828462141
76.95434603178026
76.92813771613558
76.94890210289958
76.91277118344922
76.96189770337253
76.94870171983024
76.92704159597332
76.93212718592433
76.94638399767537
76.9389484374156
76.92137129899724
76.92368662677595
76.90838967393708
77.05654162053024
77.02305041048301
76.9878844661372
76.9962002679761
77.00515077231012
76.97147919358194
76.99209565295664
76.96138122083524
76.93681838989258
76.91215654340698
76.89895496424839
77.0304531568258
77.03287422428103
77.01818042206149
77.0052778108985
76.96781015360979
76.96434929725524
76.93761548792465
76.9183755790486
76.88922941220498
76.85068162142268
76.81685550267086
76.7967519284693
76.75628341143822
76.7423308485598
76.70450455443041
76.67019082649409
76.64890553326046
76.62993068416624
76.69807189368228
76.69379356234136
76.67610740939458
76.66694343072706
76.63813103277033
76.61373090882634
76.67592655893851
76.78655120146465
76.80226322392608
76.76558850606283
76.77806064238331
76.77269067502057
76.74270289511415
76.76464097348251
76.81951734632361
77.02635494523922
77.0547751142726
77.0182818253377
76.98312491903724
76.948082915656
76.96878582826199
77.16171133244174
77.1453650406771
77.15807262759982
77.15473806866608
77.14398282031958
77.10369897486059
77.06226117348295
77.06424766442365
77.06875222751073
77.06042409538797
77.04527299720449
77.00756951085347
76.97967094437689
76.98878040653106
77.03908786665156
77.05305383759521
77.05352313274688
77.05496012631505
77.09704787206988
77.09943335686567
77.07615767930115
77.04316496933426
77.14364607162152
77.17167378213296
77.16605986983089
77.29987334532055
77.41456838454447
77.47185240403458
77.44688515864627
77.44958275829211
77.42316772230231
77.40092788476468
77.39372613054982
77.39295315524988
77.45454853614282
77.4527506958628
77.44196331467614
77.42345952353668
77.42055939494313
77.40520251372075
77.37786137857917
77.36239727709732
77.34586532012854
77.31875693158406
77.28761767145652
77.25429572607796
77.21832522364419
77.19002468541234
77.1656519624922
77.20939098837307
77.1843976326359
77.16392686015108
77.13784073066184
77.10882266879494
77.09406998609276
77.12577613139861
77.1148819528232
77.08492094241313
77.0562176934604
77.04680992668041
77.028277465463
77.00234532471123
76.97342270768492
77.10151546779777
77.10456893470261
77.09163290585404
77.07315497012459
77.05141713833302
77.22741368698748
77.20095375316914
77.3102029495135
77.37311160491087
77.37554946492929
77.4047974440018
77.37148636457539
77.33759513938192
77.47014798390443
77.50610860145522
77.47779072223067
77.45854835199061
77.46598722494167
77.55705176157281
77.54042574314444
77.51810533297264
77.48793044129039
77.71940628160233
77.70585516566997
77.68248352478935
77.66349781010602
77.65502781195065
77.65718530482448
77.63274215446158
77.6004907975621
77.58890215555827
77.56723161212207
77.53489964683342
77.51770876043587
77.51252176042689
77.50412970677318
77.50367577422952
77.69694405778164
77.69839632630907
77.67053599019287
77.65320695092447
77.64959260614161
77.73669168323218
77.72152064671026
77.70232692665064
77.68295105489095
77.66648344513895
77.6684737199156
77.6381635456504
77.61125570916116
77.59497726288349
77.561780550882
77.54190381789888
77.52225862573881
77.4963620819739
77.5106930549571
77.50824346106862
77.47251817032144
77.65311342253247
77.62792205432605
77.7971659808269
77.76575098943584
77.75208902956234
77.70658591173697
77.66786234154365
77.78876966300764
77.75554650963176
77.73755878343219
77.72583837878602
77.69978247915353
77.67723272104732
77.6648920891638
77.64316886347262
77.6205814496385
77.62004981281089
77.6572786493239
77.6281049841763
77.6228693471565
77.60738462384666
77.59395764983773
77.5665009215911
77.54469649493694
77.50610674459126
77.49200603896837
77.47378863755412
77.4453984743589
77.44123116504984
77.44556280549243
77.43336123394178
77.46559452392894
77.43467339450874
77.42498981011947
77.40584762094863
77.4197220629808
77.43336262342774
77.40834205750497
77.38570042873951
77.36561890607028
77.38827110211925
77.3604638027255
77.37247079315677
77.54512451853421
77.53771759381108
77.52766663425236
77.50459488360373
77.48196622041556
77.4764454406015
77.4633473666163
77.46927552885225
77.44882149586593
77.43139907666288
77.40450212690565
77.38202738198947
77.35172639695965
77.34548865221655
77.43197024035605
77.4002934449194
77.40315238452746
77.37277500446027
77.34358391525481
77.4406926981608
77.43285559397664
77.43696851857342
77.40993199995111
77.45444231957404
77.43427543640136
77.40863905248575
77.39255000908969
77.37260922584365
77.36959562638793
77.34503697777396
77.39478081923265
77.50707553269808
77.47387420140225
77.44963728758883
77.43456130957453
77.41362458306389
77.40531197145357
77.48991992109913
77.45393065137876
77.42361711723304
77.40438990843923
77.37980844023531
77.37672565756215
77.38616670557228
77.47761234402657
77.51425848656487
77.49502437629653
77.46249198913574
77.45062522579012
77.42722790560619
77.46322664020961
77.44592439571967
77.43537119609206
77.4073111461215
77.40605390205147
77.39607121913349
77.42373229019695
77.39669198037967
77.38254952578444
77.37917035342001
77.39450571678653
77.48950232940466
77.48194136342542
77.63426365772834
77.63306936452418
77.64190427555411
77.62059853903021
77.5986018565725
77.72854412600324
77.70640253037672
77.68107423747158
77.68721386136346
77.662338225203
77.657852295793
77.6353489097642
77.60481591169122
77.63802559819877
77.63702714596508
77.61194374686794
77.63364550739253
77.60750335352928
77.5789289934721
77.55179532951196
77.65453695072642
77.63379460660423
77.60703750763777
77.58877855386862
77.56537912941096
77.54505526062346
77.5381238630115
77.52404037396789
77.49678164043786
77.47092993629789
77.53671562953599
77.60409038543702
77.59568433686505
77.55941490861463
77.53657500006831
77.50520867621019
77.51825445814795
77.5269469247348
77.49740915292706
77.52181498132943
77.67283163363852
77.66048757943763
77.78213728112962
77.75046955778853
77.72244327382302
77.71008123342807
77.69791497353677
77.71496534633751
77.75528252732632
77.75087553019718
77.89934368144974
77.89046445606711
77.93391091776493
77.91640278711273
77.89538256137298
77.96672357310815
77.9478381256559
77.94619730036698
77.93529627873347
77.92604080627586
77.91089123469723
77.87563951583135
77.84933622134434
77.85601629513481
77.82891535178155
77.80888387539608
77.78104931070118
77.7777496034706
77.82402511849938
77.80390195258985
77.80060121616434
77.82827058148807
77.81588414855993
77.81069367320825
77.78285879731108
77.75907952219706
77.82977718251996
77.82602076935318
77.93543070993778
77.91819321280795
77.88478339623535
77.86751570533303
77.89980641117802
77.90129478221495
77.87622002888902
77.84550220977532
77.84321735303773
77.83035750238166
77.80419364643153
77.95498555940543
77.92900400066878
77.91917665827344
77.88418262287722
77.85739729560424
77.84673336717168
77.86215302323794
77.87571582627366
77.85243910231513
77.8390812904389
77.82066652078151
77.81586412803735
77.88682855561723
77.86120597932451
77.85182152724848
77.8576756995982
77.83203042687506
77.80283679464588
77.80451222283816
77.78015697989494
77.7601850386019
77.73419241963128
77.71099188479386
77.68354871189023
77.65232631626085
77.64296544224145
77.6177789661711
77.62529396145075
77.59729834196204
77.6137052600797
77.58839767794066
77.58333197731338
77.66076066576201
77.68274942997336
77.66363034538506
77.63859463668184
77.65209309223594
77.68875154533495
77.75336387367729
77.72638925662639
77.6990051498675
77.71297550910265
77.69903205326625
77.66743394730773
77.67602978449433
77.65666747106802
77.63194461939952
77.64314257847278
77.63308062151516
77.60247854841793
77.65584719574356
77.73528972927178
77.78650725971569
77.78731101456859
77.83597284115673
77.81759171640068
77.81099128939397
77.81087917727722
77.80074038780964
77.78643636698094
77.81403250931615
77.80563978774188
77.78946865534378
77.88860122017239
77.88433237700107
77.84969269375443
77.8405642052514
77.81893019555321
77.81261773581977
77.79007250174553
77.77687221007889
77.7613564052228
77.75028138964363
77.7361360750193
77.70866255112637
77.72393182443221
77.71913884038882
77.78456430087904
77.78236323588372
77.7589243102754
77.74065569849888
77.71114652579293
77.6997718661857
77.7051314306552
77.71807114354202
77.6956160716085
77.68620114448743
77.67374277141433
77.6728304860852
77.64856542927991
77.64453228960048
77.62141117776613
77.65052243126763
77.64082465206234
77.6234941704821
77.60670795747457
77.57446453576605
77.56238622480483
77.53567601306362
77.51819641522827
77.55779190506556
77.57183638509959
77.5531258314354
77.56269184809769
77.52964562717126
77.50052964536117
77.56197042370579
77.56117593854583
77.54077783450155
77.5360328892659
77.52101683537953
77.49263237150505
77.48625887462072
77.45772933855218
77.4420881941342
77.43103846467855
77.41089836024402
77.37997105637642
77.35409003776893
77.49807599991087
77.49316283336614
77.48886647127964
77.5186586786489
77.50224839840216
77.48458433984149
77.47981306118713
77.61900983329947
77.60039498643589
77.63560010041546
77.60915736913292
77.61798684718948
77.611627252028
77.5901611286661
77.57084563554207
77.55521664738525
77.55267216624996
77.5388496361689
77.52068228786231
77.5102525837114
77.4998633483325
77.46821520029208
77.44834651606608
77.4418159866333
77.4372190035465
77.40571156845752
77.38634604296038
77.38289351499326
77.3749172087307
77.3458676759539
77.34539489355791
77.45741815741532
77.44225886356709
77.4190084795798
77.433050303226
77.40610964597872
77.40996725048612
77.41455795529575
77.41562553487579
77.39206382673781
77.38483134424489
77.37587305207835
77.35465657564329
77.36438758054518
77.33891664705833
77.31449524154011
77.29006201483894
77.30291470290503
77.2849136912028
77.27971109398392
77.26693097898537
77.25343538371645
77.2285694093892
77.21758056904407
77.23588094452732
77.23379688992637
77.21917807770991
77.37388724734069
77.35134819192659
77.33630687737895
77.32643832462959
77.32869244329
77.33216779859309
77.31808664937499
77.30179816134577
77.29397451650769
77.28924057663778
77.31307632240852
77.36205062765559
77.35880933129837
77.3578483378441
77.34185772826473
77.3310163587316
77.30689475912797
77.32047870019936
77.30510798012044
77.31987977441335
77.31604074129537
77.31171049683739
77.30785265499247
77.31678454414612
77.30106207509711
77.26667107631549
77.24939340521527
77.26351421082725
77.30834740874158
77.28621079145273
77.26835283939118
77.2389798455699
77.21385412076819
77.19523214659594
77.17858446775561
77.16220422558887
77.14362163742383
77.16642026290616
77.15380045228892
77.34313339971342
77.31429335877702
77.29990279457786
77.29913001194178
77.33012972833211
77.30760029737385
77.37437319421842
77.44529352435177
77.43933737135995
77.41007731321189
77.38921940246519
77.37482005142007
77.35322930880604
77.34073442368468
77.33701560887468
77.32873417152585
77.30466401079009
77.3034683198044
77.28249206523316
77.26293474564714
77.24931749607936
77.23605538493811
77.21193637700804
77.2703210011293
77.25415654175087
77.23639299345702
77.22332091451364
77.23893682137513
77.22259019864394
77.20328135861725
77.18393150306152
77.20593962283803
77.18289045348497
77.20217473960362
77.1979095320587
77.1911497213502
77.16321104068182
77.16479400615303
77.30201565082555
77.27965152032758
77.26358386587259
77.25183607264594
77.35141200776621
77.34209323293194
77.34653820334562
77.3330276254716
77.31874981381797
77.29339498432759
77.278656504228
77.26020955265656
77.27052614837507
77.25769657977567
77.24813231359555
77.23664473811624
77.22103379480635
77.21173853724743
77.19545269446158
77.18410763307051
77.18178860771722
77.17172122362524
77.15291922584184
77.14109466441217
77.2261261092025
77.2133870436946
77.23016262294422
77.29268549625543
77.28544559833571
77.30237668195562
77.2913489914132
77.27103702035774
77.2711700031761
77.24847284984685
77.27345878868772
77.43392373564726
77.4081012475592
77.38265815272823
77.39022773048053
77.4355464105606
77.42506816755349
77.53573573433555
77.52561321915594
77.51480542352337
77.57682505486315
77.56473079635757
77.6369476251835
77.63207261685831
77.62926892251622
77.63319553071587
77.62693479794996
77.60606091633943
77.58390813316804
77.56763169497933
77.54705638554196
77.52294275401131
77.51111885244798
77.50205728154707
77.48987000717156
77.57962020930677
77.60973559270573
77.59332262090123
77.69027728346157
77.68749118982096
77.68750715750235
77.66198409156762
77.6445890058716
77.67147874079748
77.66046820255616
77.65342891204533
77.63842702346268
77.61001884186362
77.58603473912889
77.58153553909257
77.58952652183739
77.5631687814454
77.53827995053096
77.51548883234086
77.49953245263055
77.49487618558547
77.4880254867905
77.46738829411909
77.46499833859944
77.43945699848541
77.41927658584707
77.40819033569605
77.38768057084748
77.38455102499574
77.36903497985423
77.3457768733327
77.32750662845963
77.31346430415995
77.29997235580124
77.28269234186486
77.40299909085833
77.42979839339795
77.43038133353241
77.4230750318403
77.40186706661541
77.37797375651239
77.36432283448687
77.38712897980595
77.37534698397572
77.3653075436289
77.3842834084721
77.41879999025979
77.40161950379452
77.3815103195161
77.35916646014324
77.35430104536711
77.35504193676664
77.34246647588074
77.3409044345795
77.4302303457674
77.41659482105669
77.41716700757858
77.39322324044784
77.37934341283804
77.38000564244919
77.42296953568092
77.41268667196323
77.40072279681848
77.39509979921984
77.45480696299255
77.42921439520747
77.41002729092212
77.38917990969195
77.48243659118125
77.47175573492346
77.44519218189295
77.52624146850528
77.52747890552645
77.51292042520362
77.49948725295044
77.49585702026658
77.47552449648617
77.4513981818698
77.50995803356625
77.49876090945261
77.49877164295741
77.4884988556925
77.4762402388394
77.46749510336535
77.47243870619133
77.47200763457745
77.46002191741016
77.43675685822822
77.44318752361204
77.42384223160217
77.44886240846174
77.43707256958643
77.56792717630213
77.55997116081646
77.55119175942528
77.52806080216212
77.50267414875427
77.53415891028374
77.53749295829938
77.51118581122866
77.4905201201169
77.48772499753528
77.47261742439953
77.45260376016093
77.43760194886202
77.44375643472111
77.41930583458628
77.39680065680514
77.38822716250455
77.36651234248257
77.50218570243585
77.47916068028307
77.46528944244528
77.49424789704128
77.48145759228578
77.4739489186843
77.45232271255179
77.42478285875619
77.4247970643503
77.40736616276423
77.38916881329546
77.42214214729405
77.41506038793996
77.40333140858745
77.38009003294049
77.40202816249608
77.39006888699775
77.37141661428551
77.36254054785219
77.34539096862453
77.32315051588901
77.3353673437483
77.3384559925604
77.35710045353402
77.33148753078535
77.31766835276876
77.31349337388501
77.32950397061705
77.3204681486637
77.3131665498805
77.30645889794386
77.28208138070025
77.26565307119618
77.24550966129665
77.25650479833212
77.32023366086753
77.30182586152138
77.31723555937636
77.29736386805882
77.2702424659219
77.25512120910504
77.2377478187944
77.34292974963812
77.34702616049516
77.32272504860914
77.43573826230805
77.41880801144768
77.40844406597539
77.40756784304224
77.39611631711178
77.38913520148041
77.39607403705777
77.38873110770305
77.3653602268081
77.35009617857881
77.34012537766375
77.32418916079284
77.30984882551837
77.29780208476065
77.30044823511925
77.28286662341253
77.26523697338165
77.2525063988066
77.26617217683597
77.39990913509345
77.38860813740446
77.39217895584245
77.37569819030622
77.35659289338352
77.34255600322534
77.3201077001745
77.3066281661398
77.29584362764558
77.29332682851548
77.31311284998151
77.29157297043574
77.26932755363927
77.26382004237034
77.2577039996783
77.23663822155076
77.2276309613189
77.21496568832501
77.19412978432709
77.18617017464136
77.17402766519768
77.16688334635096
77.17182852042711
77.14237569353845
77.1474871214066
77.13165382610457
77.12002470042255
77.0975632892971
77.08859617274479
77.09877521799751
77.07771324125125
77.0718161392212
77.06464899967945
77.0516861199155
77.18697438377025
77.16702105229935
77.2469430320466
77.22764115352793
77.21589843560291
77.19872743176923
77.18092186064622
77.20814115835783
77.20056330155388
77.18194206324762
77.1759615707227
77.18222383283621
77.17280417212419
77.17729085601371
77.2008335005482
77.19338372622119
77.19093568269794
77.18225220380754
77.16851594038341
77.15990674341845
77.15115217678911
77.12383294646186
77.10863009262086
77.09754354399821
77.09167620343807
77.09528234298104
77.07443186066907
77.06667483386866
77.06179934232793
77.11051446925659
77.09823614522564
77.09633837130387
77.07898365164225
77.0703828943245
77.06748435098865
77.04857299752432
77.02992933841139
77.01049830834597
77.03791254764096
77.02134571866311
77.01144389879136
77.05410853562874
77.03538552716965
77.06075704323463
77.04828869666852
77.04154045929009
77.03238408609556
77.01482069791018
77.00813942801973
77.0446565487325
77.09212651683951
77.07616827999514
77.07569797959243
77.05101338252327
77.04128602844493
77.0357248800865
77.04233629315205
77.01838670183845
77.00484047995673
76.99942058593257
76.9905436701708
76.99073579312413
77.03687975146364
77.01565151514313
76.99462805285296
76.98739192686485
76.98464302862844
76.97299320204326
77.01218232419018
76.9977649382316
76.98545557068574
76.96898542149475
76.97118610755257
76.96171716916359
76.95152286401942
76.93148106654934
76.94102809122867
76.92411978260297
76.92548821598989
76.92816653166905
76.9444721984698
76.94031827942331
76.91759516191689
76.94506575255515
76.92942924854252
76.9154096715542
76.90957236351798
76.8892912973853
76.87449530657503
76.85552634048626
76.8540836952183
76.8633532929184
76.85146371043962
76.83178562400978
76.83376637252624
76.83448906823371
76.83996046635862
76.83996647045177
76.82177319489772
76.7988112338582
76.77991054516887
76.76665426928274
76.77135494584178
76.78657353890908
76.76425320206539
76.74968554459566
76.73158913467721
76.7201093894256
76.71112293372416
76.74914539314305
76.75031242623504
76.77065059495513
76.75543030592111
76.73556419357892
76.71333527218879
76.71700891428812
76.69269430800102
76.67891475010528
76.66743421798472
76.7083162913995
76.70097461266656
76.67933038692873
76.72824720382691
76.70942652494234
76.69608330442792
76.70463119949424
76.69912859293598
76.69659249413039
76.68556472643931
76.69266100743083
76.68032747815482
76.66187775261375
76.67000469151189
76.71644844861416
76.72047945526472
76.71362476655602
76.70415583842902
76.72567601153513
76.77804133857798
76.75597426515618
76.75565451987691
76.74417917252391
76.77935169517743
76.7611875654725
76.75849741144486
76.7576062165882
76.74382468282222
76.7383031676443
76.71635030776964
76.70214421637779
76.70353272945766
76.68117675003559
76.67309554404571
76.65740089104087
76.65615727779347
76.64710117416926
76.6445287886082
76.63892447473619
76.63410693382077
76.62410909599173
76.63125172931345
76.6181626138252
76.61290216924755
76.59013716778661
76.57926129537283
76.55444702303066
76.53316843937911
76.52816905656786
76.51003793842207
76.49292287758901
76.47397179122365
76.53525493481895
76.52483606219292
76.50243329743653
76.48432417376452
76.48471314481432
76.47613333743344
76.46071513764824
76.45129642542065
76.58110805879156
76.62981762719708
76.6193281045441
76.59787038628986
76.57185927153326
76.55696432191144
76.56167191941364
76.55973098923968
76.56008798468928
76.54794758953005
76.63130551268357
76.61784866489192
76.62349754663083
76.60103360286429
76.57930618334979
76.67931414280521
76.6576278279549
76.64673572916402
76.62379112440286
76.61636355172871
76.61349623538263
76.69687492136508
76.68960710394377
76.68628343770533
76.69092835952401
76.72878431920942
76.71977376839872
76.70506687485594
76.70909592669602
76.69052845112404
76.67207667139841
76.67225837668403
76.67535805281874
76.67257797796218
76.66476979542833
76.66801420105568
76.6698172835117
76.75678869042966
76.75079269526195
76.73805119342133
76.72739824568636
76.71888148667766
76.70317369658103
76.6921806269276
76.68175426866024
76.67888374663099
76.66238514938696
76.64181649636329
76.62897225319732
76.60595269506064
76.65387147997373
76.63762038000431
76.63179414376053
76.61615471452232
76.59787599152058
76.58037550753447
76.56982840244915
76.55694930623105
76.55088046656178
76.52558051563334
76.51008251895294
76.5381519717181
76.53226837468756
76.52407257180465
76.61728084082547
76.70086282009446
76.68497055530355
76.67603751046097
76.66132398547548
76.64911268331315
76.6368610445992
76.62146955194542
76.61249599364459
76.60167951929954
76.58697613435905
76.57386673159603
76.55512994535019
76.61989912510685
76.60600758519931
76.58157519879882
76.61383492868973
76.80763800887816
76.80304138073245
76.8131758142188
76.90629986518361
76.89024655815112
76.91131590878777
76.90014515060756
76.89204207670713
76.90294594948108
76.92284667382108
76.90641609967662
76.88994559310541
76.956078616333
76.94336633327626
76.93195147861204
76.91828068646726
76.97358389174977
76.962556873253
76.94031731452546
76.93269362219502
76.92186963919437
76.92306963653382
76.91246655604753
76.88943017787166
76.93463733089958
76.96211486767831
76.9497320012811
76.95639357216079
76.95077121655778
76.92828601023295
76.91704478275217
76.90146454329906
76.8932917579772
76.87791599030062
76.85928346844157
76.85244894915992
76.8628642661069
76.84576899462407
76.8254822076358
76.80808017732222
76.79369259484207
76.77479355172142
76.76603906050973
76.75704978813253
76.74860490102904
76.74680476710112
76.83026577528763
76.85462952713524
76.83162552475554
76.82869202460085
76.81115852367981
76.7960836794396
76.7746219004233
76.76246390855017
76.74018518011182
76.73481631832145
76.71565653393104
76.77244165716564
76.76612160136544
76.75684312806206
76.74571862961845
76.7251979592923
76.72556011573941
76.71821539956231
76.70238269907554
76.70841013978988
76.68792437536229
76.67315741462484
76.7720057124823
76.76054328766287
76.74805682035421
76.76842438406011
76.83867527991534
76.82733572409144
76.82464046165592
76.82997578305748
76.80698037854224
76.7945552729259
76.8033880841797
76.79241806642527
76.774437813744
76.7571462020191
76.75348327428914
76.73992312181696
76.74606656360774
76.72134814538522
76.70856313253431
76.8075223919026
76.80047651403439
76.80349328067352
76.87119522716206
76.85908212177326
76.85185739236285
76.83199532297128
76.82194117480337
76.81643919551553
76.80752397247882
76.90892403932789
76.8913149704605
76.88808430545248
76.87028478360065
76.87152104324335
76.85524758003854
76.86931301515934
76.86595796361382
76.85716508246738
76.89285287732056
76.88933741104626
76.87172623591724
76.85523303049915
76.86900842180611
76.85549693237868
76.83948217391968
76.83439384850573
76.82795053404354
76.81523444768881
76.88572506531042
76.87393641554235
76.85916212057025
76.85143441718613
76.85799303084063
76.85966068120148
76.85027914960722
76.97890634730327
77.01191917203288
77.00229632220321
77.01234428154757
77.00166606866607
76.98643018127581
76.98031233575082
76.98173270433162
76.98039805939199
77.0356715122252
77.0269180379356
77.03471540077146
77.03847081034955
77.03587325898613
77.02343340192522
77.01111913508163
77.00959880205902
77.11176156779946
77.14540301062118
77.12867109204427
77.14849260939884
77.13011569020233
77.12195033280966
77.10965745269844
77.18130790522248
77.18159405269826
77.25754277471977
77.25106849699331
77.32287930701438
77.30982887961648
77.31434391286056
77.40231421136387
77.41275150560314
77.39412768200918
77.37630292102835
77.41622170443257
77.39873979206035
77.38955049860513
77.37190101856824
77.35730879153846
77.34215417730273
77.32743970085593
77.3285084540018
77.32768995203106
77.31004431198322
77.30111497856048
77.28869428336732
77.27989308290503
77.2689163377295
77.25911804858903
77.31155498007195
77.32727056656628
77.3563485068573
77.34160901547911
77.33145069172414
77.33091826556951
77.32097287029643
77.30150716844527
77.29613552543724
77.3336114054762
77.40347074882139
77.39736350781904
77.40152459834962
77.40011573782944
77.39304688569541
77.39256859894826
77.38873928769738
77.3670901675292
77.35555414781503
77.35563124685144
77.34316595362799
77.35023793740383
77.33473518576322
77.38626735007887
77.38150702037846
77.36419148136233
77.37758834804795
77.35827209977876
77.3494233968046
77.36541638711128
77.44618864849747
77.5328550593814
77.52349218204922
77.54623930066624
77.55152231333207
77.54034323225389
77.53148665974483
77.55600129276668
77.59447268513937
77.5920540519997
77.58348248314742
77.58484470500142
77.58081961154409
77.60495707128175
77.5932146604753
77.57399344038981
77.58114753387756
77.58576904758921
77.57938700155299
77.5686317908368
77.56404653399336
77.58889541935429
77.57112323776454
77.55879092515174
77.55582714888712
77.54930101122174
77.53988297721854
77.53186032208912
77.52863222678474
77.58782076414893
77.57395648360472
77.56485293806693
77.55019561481791
77.53876811432244
77.53623150606768
77.5591392167246
77.57420926991075
77.56079503448129
77.5698472998351
77.57017280941918
77.55462401343631
77.54753916923333
77.54081539177781
77.52037601987202
77.51030583913409
77.58079878210324
77.57127748042683
77.55270184836655
77.53519528692941
77.53397590330917
77.51745755495881
77.50053670648064
77.55537480748225
77.54430868743808
77.56547514145926
77.55844437945784
77.54200195129195
77.53474127812504
77.55166060640926
77.53369376720082
77.64638181497122
77.73073818240054
77.7267863158958
77.71180315509427
77.70329295606665
77.68765895217874
77.78464311579668
77.77375031209148
77.77202016506216
77.76022453446319
77.74618084695796
77.72701157425557
77.73390139836226
77.71588265326537
77.70017403297355
77.69410660744403
77.68035126835333
77.6716355891586
77.73640183448447
77.72406951133094
77.70991503448101
77.70642011127775
77.70125681632614
77.69291777222296
77.7003207754874
77.69768659937965
77.74684835398931
77.73547744888295
77.7202816002658
77.70760054554013
77.72268715165409
77.70833158733004
77.69371604302613
77.68440365243232
77.67889676188224
77.73906372163421
77.74015628662767
77.7209781991529
77.70649066403931
77.72262115341788
77.72062283594178
77.70598697798984
77.69775028686306
77.69986725945769
77.68489207641383
77.67120264596352
77.7023586713718
77.70100535214841
77.69444613577681
77.67794378553118
77.67266423784805
77.66401021877074
77.65489638808621
77.64913270272814
77.63473979113574
77.61649052993111
77.59574477138322
77.5854754176235
77.62291328997831
77.61140718969162
77.59357677528926
77.57731020806693
77.5813123958627
77.64910643170214
77.6455669626673
77.63859498907219
77.6170210867094
77.61074890626755
77.66809745442153
77.65672038802019
77.64465156035912
77.63564454976925
77.62368167211011
77.61115361813445
77.59658276245658
77.59958334637295
77.604468024827
77.59607380013149
77.5879008157298
77.61296397165358
77.62558221833861
77.62312650613192
77.62959585449025
77.62349057180745
77.61740835617039
77.60929338283027
77.60621693960411
77.6029778447598
77.58705897867029
77.58585491784861
77.56435765753494
77.54685352655635
77.54870448479802
77.54030001247315
77.52787095591138
77.54917637764025
77.53768191590491
77.51787733830763
77.50621611614234
77.49139176954303
77.53631792165488
77.53469249342803
77.52124171786838
77.50413829760696
77.49566270323852
77.57856451763826
77.56370623678355
77.57317430177213
77.55517706815994
77.54789566693606
77.53687012708092
77.5217596230017
77.50011021783624
77.49095037196602
77.47186842580533
77.45966731561953
77.46411001420329
77.45048486970292
77.45144357544987
77.43406766167085
77.42601507327068
77.41172946993687
77.3994992790926
77.4011362828392
77.40108575704824
77.39707292071304
77.38677693573518
77.46710171543782
77.4544322566052
77.4478240052859
77.43247364975024
77.41785093912394
77.41972798040828
77.41869825397549
77.41049381831283
77.40126194362416
77.38874807248777
77.39868161817006
77.41188826912536
77.4111936377819
77.41186872447332
77.4176156675832
77.40606893044296
77.39895622369414
77.381129620277
77.39732011115353
77.40027598788255
77.39014250003032
77.37897908058443
77.36955591136011
77.36657105228565
77.35920925127236
77.34947024564516
77.33936286432356
77.49878488301
77.48373260681825
77.4750915175662
77.46939649411377
77.50674090708355
77.48759362525547
77.4699264757005
77.46669194462535
77.50771836484785
77.50274729679607
77.49200415635804
77.4789332192294
77.47785368805926
77.46944319245911
77.467450697645
77.4671089459772
77.45181405532038
77.45298549069842
77.48012101091508
77.5956813353031
77.58259413629516
77.5904082873873
77.58522834034963
77.58339946908377
77.57181026944531
77.56396363033777
77.54911598562177
77.56253919562408
77.5473895718366
77.52865439364922
77.51871481770348
77.50627952830344
77.50051352683079
77.49913215377528
77.4855448166989
77.51268353494658
77.53286981177305
77.5384940180464
77.52581846475034
77.52572249588759
77.52548853254075
77.51774425856208
77.4985050917238
77.48876401106732
77.48286909101454
77.48313577684306
77.48442606084107
77.48752980115937
77.50519756829985
77.48932867237419
77.47241654759131
77.46573265705445
77.4512699850919
77.44352872537712
77.4489404537179
77.45191557342942
77.43828248575063
77.42846862308727
77.4202802042039
77.4036460765782
77.3877528616791
77.37549753697112
77.40430018762808
77.39809867506722
77.40766041718095
77.39477856504395
77.38243233928854
77.37334140441298
77.35921648091593
77.34518655226707
77.3537039101224
77.43101758790273
77.44318082551248
77.52164381282132
77.5114881247232
77.50032690483452
77.49898164154739
77.49475937925834
77.48602239101716
77.56668828639523
77.55284397693934
77.546105354166
77.5372783589371
77.61600615732482
77.59904944725203
77.58853357563848
77.58640563962292
77.57930685555871
77.56531465583289
77.54995643383833
77.53589244645107
77.52804960841648
77.52086474380773
77.50745450058645
77.50041948377628
77.48475395774841
77.49240555234132
77.47323388500583
77.46071062967692
77.5028574819095
77.4920109937671
77.51383290255934
77.52165988722948
77.50921096256438
77.49645349091175
77.50530099520256
77.50725837499745
77.50366127918441
77.50718086374349
77.49020911686928
77.47578740349259
77.47160683323281
77.45744269930213
77.4428053787009
77.43077529459926
77.4154111647448
77.40547462395192
77.39098418366427
77.37885026745634
77.36889753644428
77.4411193973762
77.42590397080285
77.4588099449115
77.44319586205829
77.47213456464624
77.48406825805262
77.47920540180665
77.47005191138678
77.4578627760246
77.46392158654149
77.4484661793591
77.52607377433023
77.50956311632545
77.49186778806244
77.47828164623144
77.48038071770416
77.49426155567012
77.48448967855279
77.46824726163655
77.45485722783674
77.44294707638093
77.42616317683901
77.43004488342505
77.44730344782351
77.43352249185544
77.43127226407411
77.42025932754622
77.40421214797394
77.39770485196705
77.46396760746944
77.45387589474942
77.46096019095775
77.4468026952023
77.43866949661485
77.48429782689105
77.47493231156292
77.45844373793355
77.44624494867804
77.44013799766368
77.43637031736947
77.47139966320641
77.46288546844005
77.4506801304228
77.48386486941241
77.49700027010891
77.48219982793354
77.47214836547911
77.46083580019574
77.44979578782245
77.43320624798866
77.43312334634425
77.4492904988005
77.43397779467821
77.43333559860417
77.42153629477669
77.41610597263683
77.40156682579983
77.38863110898146
77.3762849578214
77.35930678260002
77.3486397624209
77.33191695494537
77.31933864992646
77.32480059880666
77.31580900103964
77.32465473656515
77.32141643463697
77.3115915431705
77.36878279948982
77.36792066040236
77.43757364522659
77.42676600128489
77.42290246536703
77.42587043363253
77.41347408386999
77.40733819038637
77.48648629531442
77.47499723206944
77.4711810870206
77.4613725291085
77.44626787219454
77.44536349363506
77.44406654890764
77.44077035174867
77.45475916526601
77.44387577706978
77.42914991584172
77.41509730037502
77.40413509654417
77.3868894381024
77.48370015433665
77.47946899019861
77.508124347524
77.49675057712773
77.48168898775396
77.47459880572099
77.45957890186352
77.45235019979532
77.44075672419606
77.44669672835346
77.4358528088379
77.42091106834583
77.41356825881924
77.40831695188342
77.4013608534445
77.38204437414298
77.37386609859948
77.39332880249121
77.39653398737221
77.51873168081102
77.50643986666982
77.4905884971424
77.48694152394259
77.47209454980757
77.45839460505995
77.43849858265773
77.51245121741819
77.5075827798291
77.49306637384389
77.48711653520132
77.47041824716831
77.46063708774011
77.46589657068631
77.46253976555307
77.457576440985
77.53565540434822
77.54237914198885
77.53619387851754
77.56683894229094
77.55472043351274
77.54406685746038
77.5277220903694
77.52209664418194
77.54978591479252
77.53600202960733
77.53102795564676
77.61724587054013
77.61611399689782
77.60212546151686
77.59358251019465
77.59647797016548
77.58841022869792
77.57520169401757
77.56056741873424
77.58092874230252
77.71344549257296
77.69984251255119
77.6898291192169
77.67324617087108
77.66217131455439
77.65019872770534
77.64821039158991
77.63825891811142
77.6299707768022
77.63004512792865
77.6247134232671
77.61218200618836
77.60181280444209
77.58779207266167
77.57532251360428
77.57253438389657
77.55673957724132
77.59274024352932
77.66068666522746
77.65712067683911
77.640799866201
77.62869529401348
77.66543240535229
77.66883548912195
77.66426172298272
77.67359214508105
77.66446142709897
77.65990019277143
77.65806281499523
77.74178037914719
77.74656815886497
77.79480603381046
77.78928788522867
77.7759914868629
77.78073762805572
77.7761927243142
77.82545867772379
77.82210375313302
77.8108115790788
77.81243224484261
77.81795013641643
77.8321624976829
77.83775262488226
77.84352564759763
77.83650004203525
77.82967009714936
77.81856050657396
77.80980257740441
77.81181706842834
77.80364912850177
77.80192367719567
77.82212975853462
77.80817857786116
77.79759954866178
77.78202759184258
77.77625190498293
77.76786082469376
77.76138603971734
77.7487337326324
77.7396251498896
77.78583839995204
77.81530956940104
77.81689220312798
77.80665839407934
77.79830974904417
77.80286682046362
77.793727500477
77.7879667008111
77.77302423798795
77.76574856015259
77.82164730613614
77.8070349453482
77.81821296922517
77.80730589620501
77.8655099751182
77.86809882941341
77.88621699273844
77.88072299634194
77.86284035414897
77.855466520357
77.84880517225999
77.83785508765106
77.82275339891403
77.81426367127928
77.79923250225328
77.79027240184779
77.77725686780944
77.76396348383443
77.77743505977867
77.76802322198073
77.77341179233387
77.77025535288708
77.76800483841606
77.7768551303023
77.78599707811486
77.78082628994952
77.78024885162428
77.77538705258914
77.780327815029
77.77618742003722
77.77395939783219
77.85177824148087
77.83602972368739
77.83186349364694
77.82204830668361
77.82047506143118
77.83212637348198
77.82893749501307
77.81832038257964
77.80361118473705
77.78873119005343
77.78181293932849
77.77956116889614
77.79142399978754
77.77818006778024
77.77606804091455
77.76620693055871
77.75659669435673
77.76042073196449
77.76042600488475
77.80071437800909
77.79136717989611
77.79647484381897
77.79243884186523
77.78057374242007
77.83237265093373
77.81548073164468
77.81526957839628
77.80447753029495
77.7979864245944
77.78011640317513
77.77594923893635
77.76479264564907
77.75274422426423
77.75280203426722
77.74221886304431
77.73172430868085
77.72991604627639
77.71751310574533
77.70091907377868
77.68501276321642
77.67645481078512
77.66457392743244
77.6493378808194
77.63935926698674
77.63181693478407
77.61897607591673
77.61088375877033
77.59720423424223
77.59093311731627
77.58484633169978
77.57600819508163
77.56958568935865
77.55999899871945
77.55976297823817
77.55393004510636
77.54320426167885
77.55431993666231
77.54202132557447
77.53699990900188
77.5303037712166
77.54042141575671
77.55135415925557
77.55474096699373
77.54690272749436
77.58013239493077
77.62744099173328
77.61011930265074
77.5942551034021
77.6071198569975
77.59965546887791
77.58982074307096
77.58244479879657
77.58114308166961
77.59086103074289
77.5777997711136
77.56268827115713
77.55874402764522
77.54632327149277
77.54085643742113
77.53278778759402
77.5299228974436
77.5173252738461
77.55419367816674
77.57570658884521
77.5646069795293
77.55712216460236
77.69481057015636
77.6933205521057
77.68671204526356
77.68298060894013
77.6808994489566
77.7066199786602
77.7013010948923
77.69151926550938
77.67650446502095
77.72365633363322
77.71905727233523
77.71174080015078
77.71884771071332
77.71213142270504
77.69808198662336
77.71532472370642
77.70691960761995
77.69474822272191
77.68120238636158
77.71543567271029
77.7001852408859
77.70192345166926
77.69189772164196
77.67593305802204
77.6594917559123
77.65084603917028
77.64519019694924
77.6322673229461
77.62505836430469
77.62723019189265
77.62562035064202
77.61081281884924
77.59737034356148
77.5816837170131
77.57691115624291
77.56155359857487
77.54856328292473
77.53816603377909
77.54064010934731
77.53097419379316
77.51588012093406
77.50654837017272
77.4953473094773
77.49818558973425
77.4939196989558
77.48868025141138
77.48356790960167
77.50870601550953
77.50563357853154
77.48761283126356
77.47634906505678
77.48798049559616
77.47337218385597
77.52484248712265
77.51679529398636
77.50290850821581
77.50283179128061
77.51313630949355
77.52940824237784
77.531717361276
77.52450141147594
77.51637499481701
77.50164894333845
77.4970888617443
77.536618620497
77.54517510089173
77.53567860386298
77.52550002793285
77.51618422905024
77.50204256439655
77.50455534072043
77.50001349610514
77.48889134346692
77.48167923018119
77.47970480322664
77.46675148321476
77.46471477034069
77.46201177607044
77.45649224826863
77.4471541838818
77.43490797924656
77.42299855594513
77.40635500844394
77.47456186261287
77.46389863464036
77.46248799434309
77.44897969323745
77.43807259835432
77.44419666561575
77.42982907607953
77.43431162190915
77.43342879366156
77.48173065108125
77.47151429715363
77.4649163038618
77.48886592915824
77.49297389382043
77.48180891974647
77.46954644419867
77.45442164882466
77.44109564293731
77.47314560571938
77.46406956275925
77.45137349939071
77.44254939716629
77.43865480869233
77.43542846406501
77.50564052987043
77.49164020268604
77.47742406247464
77.46446449075131
77.46749740323393
77.45777105274789
77.45448536941572
77.45580360326875
77.4491484242101
77.44533723786692
77.42669455484885
77.4339032948446
77.4335360027704
77.43874308882619
77.42620357362068
77.41244106835488
77.42128485317888
77.42244243758809
77.40892338081724
77.40497063070818
77.39224936247693
77.38786804330572
77.39196744952746
77.39237087108633
77.43679800602274
77.42547675428229
77.45965046049189
77.45281973898632
77.45397591782053
77.44870206874931
77.44118939308555
77.4394604793434
77.43663751397035
77.58993789677216
77.58549617289678
77.58430001694123
77.57120616367885
77.56448320455804
77.57162618283066
77.56483972600076
77.5538794754847
77.65172449457492
77.64781989550767
77.65243630780431
77.65381229970447
77.63574458948735
77.62140376099154
77.61675727364006
77.61120457203893
77.60261666710275
77.59347234344916
77.58753281073753
77.57988671204065
77.57517933892973
77.56292478573329
77.55981979196673
77.55009073452516
77.54031798176656
77.53698126854103
77.53261218908798
77.51897597881235
77.54152122443449
77.53785305163838
77.52960369152288
77.53209642271877
77.52103934500163
77.51458734074666
77.49975153691571
77.55057130664554
77.5488202785791
77.54154707148173
77.53648332976216
77.52417003838724
77.5155477979475
77.50683874299527
77.49483792880862
77.47829310153163
77.46815526327215
77.4671932120299
77.51796713206447
77.50573578322177
77.50396614289923
77.49299255872405
77.48103600043056
77.47173683323479
77.45610507020281
77.45068403700708
77.43406373391652
77.43319999151402
77.43358499487789
77.47145674506399
77.48294905811423
77.46753876603495
77.45815059178192
77.4451949391357
77.44474929891031
77.43383615900962
77.41858662758206
77.46866451469049
77.46725273667646
77.4557249693223
77.49543523641321
77.49714357105454
77.4875248999097
77.48647440655884
77.47823750107653
77.47997069105047
77.55608158490799
77.54543291788218
77.55299822596186
77.55698174635124
77.56222223188493
77.54750295186736
77.55362386279576
77.57617604472638
77.56276917810645
77.54850414585135
77.54291300332869
77.529816683413
77.51891199996143
77.53518177143165
77.52564618098685
77.51707287015559
77.5179284220457
77.508357657238
77.49898413198179
77.50050634102568
77.5090821621246
77.5039711667594
77.5101326714974
77.49976775668765
77.51527214315571
77.51976816964495
77.56301560983879
77.54737975081846
77.5393785846071
77.52706963009304
77.51819736445755
77.50849613145218
77.50170714849239
77.49127115764047
77.47944565771688
77.4761239431067
77.46666492475907
77.45501038663403
77.44594483284384
77.4313522101109
77.4293901728184
77.4215520090967
77.40766039588858
77.39575459829139
77.3925867505423
77.389436048744
77.37926153890132
77.36681053136316
77.35200661234713
77.34677962729944
77.33607913683343
77.31865447848492
77.30591831054603
77.29758581630968
77.29151390180917
77.33230038131066
77.33714470759482
77.3231789858102
77.33387440103051
77.3303423117015
77.32235726335757
77.31405753553702
77.36491326894637
77.35062506334035
77.33490997115061
77.32245165601422
77.3112467198638
77.30067853261771
77.29489138624962
77.29665825759972
77.28986226788788
77.27977090664842
77.31979036239552
77.31398438883927
77.308209771155
77.29616014027556
77.2871359403342
77.2813401572537
77.28116530253483
77.31043183365914
77.30844926742684
77.31061994911937
77.30195142274486
77.2974084515877
77.29522589802252
77.28771006617556
77.2885373647271
77.27863575240313
77.2816894382165
77.3271867204885
77.32472807981381
77.32442231076718
77.30774717411641
77.30245641173234
77.30646089343062
77.29437038746286
77.29068313725547
77.28913377025525
77.29230082083801
77.27969531389283
77.27689090511579
77.27218044141799
77.27101389549748
77.25799481428766
77.24450367934038
77.2360918306552
77.242613848701
77.25047151753279
77.24748636957548
77.2334374251573
77.232701576977
77.2246503959461
77.21366788898834
77.20252976536621
77.19375487991395
77.24428294032279
77.2347936824243
77.22310566126396
77.2207243989948
77.2511088105075
77.24385913734157
77.24860200850961
77.264441836471
77.25297002064323
77.24235991915444
77.22999499112497
77.23032883976097
77.22116447178463
77.21272515902554
77.24891114569999
77.24485352554053
77.26482384814113
77.2566863272984
77.2706061897731
77.3000349186371
77.29431469223015
77.29456803378693
77.36406425107772
77.36260783148442
77.36609213332925
77.35395804713339
77.34877651159105
77.40256554130721
77.41189586134065
77.39867352451002
77.39796404022447
77.3885209106905
77.38692689621686
77.37778250829415
77.36932289779827
77.37109870572336
77.36572550958616
77.35179921359489
77.34985100339486
77.33626998696552
77.40260851927106
77.39137985868174
77.38352077406364
77.37039990270384
77.35745187611107
77.3481490115511
77.33383860593185
77.31721452411045
77.31000163558976
77.30023773658068
77.28898549309635
77.28112022552
77.26851061565344
77.27095423742041
77.26740416485995
77.25889270097232
77.25213452420216
77.25404248070723
77.24788202103386
77.23727456845333
77.22659392008092
77.22376123580545
77.21766408072465
77.2076642956534
77.20071754277548
77.21095292887921
77.20574950688938
77.19996899539491
77.18801920758199
77.1827226918166
77.18019580257078
77.18684562381544
77.1807862802539
77.16846036923695
77.1560294929971
77.1429831302727
77.13285391942927
77.13314556498936
77.1346567229434
77.12614465766694
77.11550815727125
77.18261903383575
77.17509862293356
77.17141781551638
77.16016511411186
77.17029093279822
77.17977030911855
77.16905379352221
77.15946314785931
77.15381511587181
77.15627778814
77.14666696967099
77.14219354560856
77.13083899150485
77.12595487448273
77.13410012553653
77.1273644841707
77.11700875803872
77.12279790274437
77.12112942296258
77.10925941069291
77.10290472369601
77.09502701950677
77.08088048324323
77.07175317552914
77.06309371647373
77.08932999744697
77.08937718853798
77.07601396548604
77.0652413643396
77.05422878692474
77.07147778527876
77.05709500511173
77.04594786815437
77.03935428644482
77.03259746854602
77.02013125035839
77.04239359360885
77.0392182159123
77.0261534313648
77.01846674023587
77.02160865502124
77.02572381521473
77.01571631362727
77.01409648109296
77.00957649093824
77.02968769658901
77.01507220079415
77.01114984676359
76.99914395568568
77.03924459756296
77.03273317643351
77.01998999806959
77.02766144491048
77.02336162871715
77.03169134205406
77.0891535265916
77.08611826181973
77.07909057255071
77.07390059851353
77.06117726344434
77.05804182226551
77.04857648079174
77.08382634974609
77.0741412461582
77.06567901719865
77.05390733393348
77.05087790550154
77.03893945288024
77.02495273978023
77.02312373642629
77.01522627341613
77.00415494704134
76.9899319817418
77.03736322745681
77.03158127209446
77.01782202460008
77.01972506922917
77.00858928733015
76.99916611337848
76.99215659782779
76.98617463301521
76.98348678248836
76.97344883908603
76.96145529338291
76.9531570225064
76.95201277138659
76.99676529438564
76.98996317145362
76.97776312549755
76.97626267651799
76.97667388505567
76.9622807364318
76.95061861810736
76.94166702482984
76.92841969188461
76.92520413949414
76.91267061122427
76.90163773162519
76.89614667485324
76.90245439274842
76.89605254648512
76.88504838080539
76.87166898815661
76.87781984664365
76.88754304660688
76.88053249795574
76.87967697914767
76.87195057467696
76.87088136414559
76.86993693296631
76.86630514364806
76.85936708017499
76.84831283497546
76.85114164524471
76.83886179792546
76.82671309008788
76.81736478601692
76.81509988585412
76.80663983235794
76.8081927461472
76.79351762453142
76.78805188853063
76.79698439789603
76.79464603683942
76.78559631444715
76.78056688372425
76.85526727827784
76.84788477598366
76.83679364514137
76.84100920635082
76.83219879689754
76.82506581806048
76.81439593853966
76.8019345633189
76.79290931587249
76.79151485688499
76.78276272074186
76.7832360729331
76.78752113102951
76.79562973793018
76.79075881029475
76.78442342522932
76.77414720666533
76.7738365556273
76.75993819664701
76.75172729653083
76.74141632404712
76.74267801241906
76.72711914837132
76.71599598802756
76.77684030418406
76.76474058585485
76.74923575742721
76.75354185809894
76.74458170970829
76.73132808909983
76.74368412082
76.73905844425937
76.74463301859085
76.73268303722978
76.72441122566497
76.73270818050914
76.725305390983
76.71536033208133
76.71040038291021
76.74316919589698
76.7419224083651
76.73758834548934
76.73651420976185
76.7258502722271
76.71577014806823
76.71900481291384
76.71689770081892
76.71299428625156
76.70176668343765
76.7487471828238
76.7593817078399
76.77697437651017
76.7819800453041
76.77564417790231
76.76871843074647
76.78140018607104
76.78070159379848
76.844717784109
76.83723014965747
76.83254880292213
76.82300827143133
76.88123758308322
76.88524418697044
76.93602105773255
76.92308031394984
76.91289952597634
76.9068830458315
76.89964701310552
76.90607626875733
76.91643232988746
76.90415697461151
76.8947073022725
76.93888551993449
76.94227105586504
76.93027613678055
76.93365353946724
76.93177393300313
76.92683845947612
76.92679041106224
76.91847232965544
76.91929078912243
76.9144385099771
76.91759546075977
76.93613550144902
76.94216101931542
77.0027170178877
77.00558424726987
77.00219327672642
77.04664536140517
77.07277203731834
77.08275894085546
77.15307299703001
77.14393950406102
77.14190554606873
77.14270405330423
77.12915360102562
77.1413954715437
77.21129529398486
77.1993050741331
77.18723699396742
77.18598195087215
77.17758216031743
77.16858642038625
77.16525448382914
77.15620344461189
77.14366075740926
77.14076660143849
77.12748105025291
77.1323195905335
77.18869095739873
77.18976436898973
77.18155156339442
77.17001115963254
77.1826661050885
77.17382737457946
77.158770105558
77.14805126713529
77.15152617214326
77.14264676791419
77.14761782999885
77.16199430788421
77.15142506393676
77.14276150623859
77.13076549673461
77.1218655085071
77.11669109353026
77.10937509278095
77.10109994968964
77.09513138028942
77.08497995384175
77.07401810787579
77.06374743420845
77.05654585346672
77.10598933371038
77.09669380173779
77.08540981670596
77.07875839573303
77.06986008518683
77.06742122326499
77.05772295712478
77.11358768449892
77.10436494526559
77.14021397204205
77.14978455197587
77.15139927437673
77.18785765266702
77.21851578075186
77.23204523289557
77.2261232714994
77.22011228553852
77.21087234798057
77.20613278762524
77.19668462703785
77.20516082430852
77.20312004169476
77.19213964227632
77.1962706774775
77.18450621969906
77.17429511866668
77.16648125978001
77.16775058541155
77.16276923740915
77.15536664475935
77.1452634788359
77.1985768378589
77.1879916792729
77.19036923761173
77.1828152856216
77.17575451588579
77.18749881272008
77.23266462583774
77.31281537310345
77.34089464677949
77.34357870240781
77.33987387902677
77.34518119015877
77.34303317980556
77.34047952951904
77.33040493496863
77.33209702518928
77.32923457934527
77.31612321823674
77.3100219438705
77.30070754683872
77.30174876300325
77.29125865643489
77.28799076950062
77.28479044133542
77.29695278416366
77.28960836360059
77.27974015370673
77.26805250301418
77.26996184410926
77.26418195702081
77.26145740100216
77.26677148379459
77.25606103268775
77.26120203689725
77.25344386715028
77.24865161288868
77.29112906331338
77.27793750963272
77.27769639500768
77.2866256472189
77.28270399392974
77.27469773732376
77.26795464115743
77.26095682958277
77.25190353323791
77.24045967486124
77.23292313091586
77.2288813184344
77.21753209098974
77.21535077468977
77.20729143775696
77.22354390140633
77.21357573659846
77.20901061357372
77.19920131685205
77.2082107064789
77.24725963829962
77.25715401941095
77.24893829118582
77.24130708228279
77.24494552774455
77.28324573024955
77.29963492629423
77.29278724332458
77.34236439267747
77.33638246449263
77.33096759226204
77.32060085998705
77.33828035551129
77.3289632827289
77.32418245976908
77.31211083965708
77.29988495343301
77.29196725826864
77.2952211262729
77.2979958546704
77.28697688349389
77.31922023539735
77.37507600726643
77.38621896309364
77.37578479604558
77.37114572801585
77.37710306154239
77.37092098222263
77.37267239650532
77.37383667689369
77.36722995266372
77.36572772862829
77.35538467871984
77.34630809518029
77.3375511300515
77.32766333633357
77.3340107268901
77.32467055837792
77.32009654572371
77.3105073988093
77.30897257364201
77.30994007297015
77.32143973271339
77.31416890825413
77.3159495143326
77.306553617471
77.2955468884739
77.30514101546544
77.3695066518951
77.36245945060213
77.37073891740735
77.36332822029232
77.37369420233608
77.36763818116356
77.3576003192053
77.35508881260475
77.34626446950632
77.33596654224166
77.3258112916784
77.310540981055
77.31691494029174
77.30854660732413
77.32171227826329
77.36145453343447
77.3595185621178
77.34752647998859
77.35271180283655
77.37098304073206
77.3654302238021
77.35923212946231
77.37131445253405
77.37505506420682
77.37688735633768
77.39197646631787
77.37993985757583
77.37393635482934
77.36774971434484
77.3571589790836
77.35191337068449
77.34542403557829
77.34870459076444
77.35331090882555
77.34561763258742
77.33797508336113
77.32788626421114
77.32208146044843
77.313397432742
77.31078506696792
77.31291003909402
77.30396458627155
77.29813878524313
77.2964605731583
77.30885938673893
77.2997219754127
77.29818273253699
77.29446018376731
77.2992653999682
77.29295607134169
77.28451140536687
77.27414587307067
77.2699778416704
77.33889195994851
77.33898677577045
77.32952465685314
77.32133064830872
77.31135448520926
77.31157627499027
77.30691197426964
77.32838205284655
77.3645413465152
77.39523480510418
77.39693675935268
77.3955839795897
77.3893587421141
77.40111707755514
77.39850869219373
77.38938698099984
77.37978914364574
77.38117693660108
77.37994394095048
77.44101975844482
77.42899244035479
77.41989933270631
77.41071496806806
77.44001717800404
77.44269775815481
77.4381206248779
77.42762907765946
77.42786105874855
77.43455895204018
77.47365807509215
77.51327711225792
77.50298164107072
77.4931508467212
77.48112016502256
77.47196349720497
77.46546764108932
77.46183626870548
77.4564547425465
77.45442123718118
77.45030461752413
77.44726813226224
77.50254291036855
77.49407431147152
77.49493827309047
77.48304448143425
77.48798591862769
77.48138530086463
77.47074115469377
77.46154064821111
77.45399472055205
77.44383673462143
77.46638205775342
77.46387671619527
77.4541000176683
77.45611266589322
77.44737005781083
77.43689891091555
77.4304083706037
77.41971606574255
77.43183234947057
77.43020058169117
77.42563173037523
77.44878821243628
77.44483148379946
77.4643475803163
77.46678012875536
77.46203081318151
77.45571946596547
77.45942083756982
77.475307365291
77.4708214416112
77.46513021952074
77.4546801891496
77.44229744452265
77.45265823024423
77.45284695891017
77.4566361794105
77.4576323599672
77.45572680351563
77.46164482688948
77.50798289677016
77.54546347363863
77.56743956633342
77.55957529504326
77.55906790009539
77.5567305419134
77.61448238328445
77.60148694531304
77.60312028110775
77.67990272720553
77.67523187110858
77.67326286883028
77.66289342152923
77.64943102669876
77.64144904234948
77.64658343009037
77.6454856558355
77.64794948996426
77.63794577541952
77.63676062631906
77.62591239175809
77.61811033405822
77.6568331652156
77.70464814402368
77.71024196266079
77.69935874338364
77.69338088962766
77.69765296420464
77.69010432392069
77.6893185133077
77.6786763732021
77.69477714494474
77.69649800932413
77.68531110828347
77.69115267707768
77.68760759975322
77.68413448950434
77.68382698865885
77.67948208973569
77.67047791532741
77.67405792002201
77.6711634753622
77.66236780182462
77.65992441676525
77.65445598296274
77.65287507209506
77.65522811863279
77.65367644274188
77.6757348204252
77.66611982736889
77.66111222112596
77.71524528222474
77.70953676308896
77.70351195922248
77.70907847686108
77.70999389134431
77.71674949865232
77.7080438320622
77.69968628313612
77.69309414575052
77.6909901654441
77.6906082481796
77.68470211966088
77.69053960760334
77.68243434419321
77.68182975793546
77.6864792425698
77.67524546872747
77.66751662485646
77.65494092057774
77.64686135869852
77.64571576549972
77.6395651135377
77.62877986707922
77.63194999328026
77.63576847826432
77.62863701966589
77.62598645051648
77.6387605326828
77.6294591508085
77.6536775553232
77.65919154139928
77.6703205065056
77.67367587090628
77.67414275387641
77.66960962212339
77.68712246341792
77.68179359166106
77.68253929959971
77.68662425151514
77.68224071238163
77.68101705031357
77.66938023495446
77.66128687079251
77.6472994518367
77.6372272520137
77.6326056791058
77.62969137915879
77.61858922362545
77.66377549678351
77.70801868838075
77.72426573760951
77.72246180066637
77.77414767005266
77.77588720135171
77.78664450180425
77.77532016147266
77.77057316768605
77.76942148169621
77.7597116448244
77.7588864957929
77.75697875612846
77.75590727862802
77.75114828706572
77.7516030244083
77.73836227316629
77.73607418034352
77.72345829247834
77.72536345168017
77.72108016585699
77.71254943213314
77.71054032262022
77.70645589716193
77.71305029776022
77.70538713404257
77.70306647819316
77.69554713279413
77.70044295935037
77.71352116935451
77.70579464511583
77.69869773728507
77.69358018390203
77.69770269613701
77.69971572870807
77.6901386544418
77.68076015816071
77.68338233009149
77.6829184293478
77.67483252351465
77.66427200802718
77.65498384829303
77.65932175680373
77.66543511940188
77.66491913209768
77.65525257184517
77.6474353904578
77.63599641086819
77.7352500452541
77.73240692837719
77.72098930413836
77.77101720548985
77.77438039575841
77.76444090501285
77.75612095368962
77.74720868489725
77.79752248205423
77.80296166623576
77.802963288118
77.80587920774133
77.79664290184229
77.79418178047897
77.78704084017461
77.77906129989418
77.76971236253122
77.77684644927568
77.77139501021993
77.78316466797628
77.78305558018876
77.80480880215798
77.83168659000795
77.82277932859236
77.87241380911524
77.86297240088565
77.88240508273167
77.87348664564647
77.87888599044926
77.87173880805372
77.85932469351984
77.84819054347672
77.84487303348561
77.84068120863483
77.84561969991503
77.86093369970585
77.89488552392581
77.89060049453128
77.88386563026205
77.89048727878503
77.88791230799124
77.8777871602138
77.86630381214653
77.85849554426004
77.86137119365509
77.86546746142146
77.85583132094946
77.85238811889009
77.84458844861943
77.84887852700622
77.8397937720296
77.86561648461401
77.86415320293902
77.86469460764513
77.86653379370294
77.85600247417057
77.85657153173052
77.86375741292869
77.85910443714869
77.85646981981066
77.85187955634696
77.84140060701036
77.85408750555659
77.84795270846962
77.83933598076993
77.8534879972286
77.84429855422856
77.83603418878252
77.82669263532193
77.82057966794777
77.81561258282638
77.82526396648258
77.81942714663268
77.81157176981577
77.80588425924611
77.79570744288928
77.86878313331022
77.85944683122234
77.85087507576719
77.85368557271704
77.8437307041795
77.83521427026317
77.83324335424241
77.83333400495277
77.83049479995643
77.82468361671235
77.84136760948456
77.82964753725503
77.82155514921565
77.80925644880888
77.82102273837064
77.8141253261785
77.80718250304112
77.81382139548363
77.80647100934382
77.79505016522012
77.78772899214854
77.77743537796916
77.78145437793181
77.76824963061294
77.76264300763252
77.75875010295147
77.7468087958156
77.73627649184684
77.76399720740659
77.75808685150012
77.75272205999612
77.74854286994028
77.73810228250083
77.7362245635148
77.72397147354465
77.73170759011656
77.75270250690342
77.74693249211167
77.73951059544518
77.7372329245543
77.73128728132015
77.72018558741557
77.70900922199174
77.6997480451015
77.73332674946082
77.76898325059248
77.82679308043377
77.8251808001011
77.81390135390082
77.82283008866179
77.83164319037765
77.82267608450508
77.82352941149459
77.81545456358327
77.81589846839479
77.80987334355699
77.80884660737091
77.80715629759447
77.80426207787352
77.7951041530896
77.78841092395345
77.78008533701099
77.77161385352291
77.7862972513557
77.81948336626448
77.84965260421174
77.8577063837453
77.84882718688739
77.839110154596
77.82756275346692
77.82266971803527
77.81173148857789
77.80194626511195
77.79326492051933
77.78474827722589
77.77666260930305
77.76683058096074
77.75878330848505
77.76133926482922
77.75645510563132
77.75925607081727
77.7561754054119
77.74642115080971
77.73147059171096
77.72793390169996
77.71794872727409
77.74370465660883
77.77750106669839
77.77119749754699
77.79918865219594
77.8019312311466
77.80047254202266
77.79707760458061
77.83074942172996
77.82676588421245
77.8163745630749
77.8127380751902
77.81227314146659
77.8171609758685
77.80366717653423
77.79654362182585
77.79021607647215
77.77969809356874
77.77655038771691
77.77162741149459
77.76087554983637
77.77429311254338
77.76833535210072
77.762464295877
77.75520163967761
77.75224017684702
77.7387252536022
77.73026552218859
77.77414416175166
77.77161392993635
77.828751630116
77.82400717900995
77.8584681888773
77.85792466135858
77.84857051366357
77.8388377757892
77.83233986974226
77.8205641970395
77.81500464246191
77.80503587839907
77.81172398337513
77.80433616888772
77.79221162644058
77.78309599996511
77.79548468509728
77.78800159735091
77.78239102310239
77.77659401162308
77.76643871040754
77.75736324927085
77.75580819577671
77.75030249184289
77.75346455350679
77.7488164770616
77.74141169434151
77.74455582022999
77.73598805288738
77.77503417167163
77.76931106276778
77.76267008135898
77.84055208515477
77.84787484307466
77.84198992718554
77.83660513927954
77.8875620787204
77.87699235601856
77.86943888419086
77.87698705305148
77.9033711911269
77.89709055926504
77.89251706718582
77.89175088528569
77.89982272500302
77.90903609678708
77.91531715870312
77.90709366246831
77.9116676531576
77.91017735618433
77.91216259512127
77.90101104199287
77.89594431363432
77.89522676734671
77.88902933123171
77.91739892318384
77.91003462111294
77.91418464051041
77.92246775924143
77.93360875516743
77.93704655063686
77.95912089436274
77.98215059916991
78.04990808201222
78.07703658759365
78.0726752237517
78.07255862254706
78.0700804834445
78.09322420532727
78.11358489978058
78.10463385825462
78.09598901002515
78.14366324756156
78.13974494394687
78.13218258858538
78.12551820716493
78.12649109289589
78.11884158276084
78.11324882689632
78.14324937582674
78.14334529078943
78.17129560185957
78.16383818191665
78.16523033743474
78.16009365485591
78.20113639325884
78.19073915461345
78.20204043332768
78.20641607407444
78.2023624431079
78.19381923291643
78.18609168847166
78.1768675446258
78.1756028575764
78.16489801418973
78.16245006924584
78.16657730264781
78.16718854575322
78.16061390091724
78.15239463111618
78.15595818957114
78.14884035351966
78.15487288159026
78.15688289660065
78.14926140389969
78.14772816791957
78.15875669770143
78.15055576285809
78.14189867270854
78.12989802882751
78.12249081225335
78.11559056300348
78.15030368598188
78.1426520119381
78.14782597061756
78.14171533072083
78.13786090560669
78.12923989196514
78.12362224772485
78.16400211970414
78.16682240476106
78.16228430127124
78.15590516184315
78.15270875886243
78.14196449094426
78.13689385483318
78.13291509197579
78.13601401595476
78.12805114227365
78.1181622844054
78.11059421310905
78.11399174417625
78.11653857589619
78.10346545388211
78.09528468998414
78.096258293344
78.08689116531193
78.07867715782356
78.07092842139653
78.06068008244475
78.05258665044853
78.04775086620573
78.0414498571778
78.03646670700543
78.02908603047345
78.0271366309121
78.0371245389408
78.02682944883331
78.03000763202122
78.02231547871901
78.00987651158576
78.03977853188178
78.02961849637832
78.02548033040162
78.01749627785539
78.01207676212864
78.0035971230261
78.0040160998537
77.99618221524365
77.9865541474061
77.98703685453889
77.99140364082191
77.98005923982056
77.97885056047382
77.9740660231363
77.9633646822821
77.95544422040689
77.95131276492305
77.97297876265806
77.96628698196777
77.98979364693164
77.99368886325887
78.03739562644307
78.05160852682832
78.05247636500445
78.04628307628334
78.04507867425767
78.03876957834845
78.0335599164201
78.04321248428715
78.03479371160083
78.03160917364964
78.02248353454736
78.0112002561178
78.03568724631074
78.03480252397642
78.0267835065376
78.02044904917534
78.03107643424352
78.02531692095629
78.01414078103062
78.01803199465012
78.00835822064666
78.02367831769386
78.01425318120921
78.0052787256982
77.99985016582914
77.99313127186967
77.98664809478248
77.978668035743
78.01456430229835
78.00799461665595
78.01463331114377
78.01732287553929
78.02107929561964
78.007914895035
78.00296933972412
77.99467182869208
77.9948096598609
77.99000837862503
77.98295653812156
77.97631499797346
78.07138078402804
78.07368497771712
78.06773970739394
78.06518332675269
78.05531134804171
78.05990901012039
78.06333506717147
78.06414551458597
78.06322703666294
78.0568285943847
78.061791957948
78.05236320271581
78.05185666318091
78.05037015704735
78.05691297855566
78.05189262301386
78.15799728937726
78.15073615009585
78.17150146990646
78.16439567684417
78.1602751986081
78.15445864408957
78.1463716486959
78.1444067130721
78.17411949563017
78.16837138612338
78.16020744221075
78.15121439688748
78.13761747387645
78.13546513757332
78.1256846888312
78.16566540635687
78.15785382348687
78.15123787826147
78.14438706523967
78.13866770441032
78.18597546929755
78.1738993290336
78.17140657549999
78.16138177522747
78.14989516911864
78.14387711886863
78.14500933685427
78.13482635521474
78.13080005864359
78.12541558382968
78.11576596141447
78.10862473862184
78.10081502801314
78.09494791594392
78.08740518254913
78.07730553512215
78.08007283750533
78.07483117178585
78.06604335082123
78.06030754578559
78.05101271403863
78.06276982383939
78.06412582825641
78.0600497964401
78.04904151497837
78.0413486765473
78.04313515644478
78.05598777008835
78.05526357877027
78.06008327344976
78.0553533756937
78.04801423031435
78.0412303532214
78.03577957704825
78.02623180341254
78.01708169685176
78.00741770367434
78.00352348257785
78.00652822272578
78.05563299874598
78.04438147674784
78.04268782845017
78.03358074087437
78.0371332240284
78.0250746720402
78.0145024623712
78.01472888236894
78.03202508297063
78.03505416077131
78.02891017913043
78.02864485746855
78.02144282815615
78.01932283676179
78.0121879995389
78.04685658472684
78.04996272484767
78.04068660620112
78.040676735334
78.03132503036548
78.0238153543795
78.01436044755567
78.00651378403745
78.00187483142744
78.00148812452083
77.99252375722752
77.9884516353094
77.9804857521767
77.97232345449912
77.9752200755618
77.96867998869992
77.97793063292507
78.00912495125759
78.00157441225919
78.0319149958873
78.0299477688908
78.02179687788048
78.02819054618593
78.016990621203
78.03280828805389
78.02173131296705
78.03116436320094
78.02245407581425
78.01099639131176
78.00619748166866
78.0381841006081
78.03390786514728
78.03929151823979
78.0318355314441
78.02729049595047
