33.90565490722656
171.51256561279297
135.42634963989258
121.36190700531006
102.68188705444337
92.81754684448242
85.63418906075614
82.2035264968872
81.86063724093967
85.55073928833008
81.07359730113636
93.0700200398763
88.82722473144531
85.1689066205706
98.15697479248047
96.75914239883423
92.92562316445743
90.72247473398845
88.98820967423289
88.02025022506714
87.0207115354992
85.36092385378751
83.12252484197202
83.85153492291768
82.47789710998535
80.34177200610822
78.58917158621328
76.86996957233974
75.7645241967563
74.41999963124593
73.48582353899556
72.21139258146286
78.86586062113444
77.4675614974078
76.58703111921038
75.6801200442844
76.21308548386033
78.33823214079204
78.85015067076071
78.02906274795532
78.09653221688619
76.85909389314197
76.85564662134925
78.3504452271895
77.07958857218425
77.18693318574324
76.8375912930103
76.93699582417806
75.96589722925303
75.22280883789062
79.30084647384345
78.92756227346567
78.43810099475789
77.68165701406973
77.65581373734908
76.88582645143781
76.50745492232473
76.35868500018942
78.21235171819137
81.67733008066813
81.2766713001689
80.73180100225633
80.37962189931719
79.74208551645279
79.39512446476863
78.88120633905584
78.62041866245555
78.98065606285545
79.21519730056542
78.95321181161063
78.12055520608392
77.4535493850708
76.84448346699754
76.03308979240623
75.7023287709554
76.77987698504799
76.20404114661278
76.11375400347588
76.49503145338613
76.13103859424591
76.76498876971964
77.24598547307457
77.02265266050776
76.79149234862555
76.27974124235266
75.6653408227965
75.2788780037014
75.33696031570435
75.37860214576293
77.41813935173883
76.95897951230899
76.78306687396505
76.95956847488239
76.74433858343896
76.41692830135948
77.82866132259369
79.01315280088444
78.82193977978764
78.66744166672832
78.24741672515869
80.20866080557946
80.05850672254375
79.73072292735276
79.48878999856802
80.11877855573381
80.83943327417913
80.81146917610525
80.2487200277823
80.03847629652111
79.93004351529208
80.13160959879558
79.79246044158936
79.4017832933274
78.90881841224537
78.4277762039848
78.26945005614182
78.06225967407227
79.17127567226603
80.17547905545275
80.13284584681193
80.07569573142312
79.66128217978556
79.24084381165544
78.96178603941395
78.79844560241699
78.29806567752172
78.0583488359226
77.77193612605333
77.47838398098021
77.14923301843497
76.81909692924441
76.76819923429778
76.56074668052501
77.7856312723302
77.33928531364158
76.96726059212403
76.66652474090131
77.14807616109434
76.98531194041959
76.91780270848956
76.8502956485072
76.71145571453471
76.53502250217892
76.17438102430768
78.32269011530383
78.30956579887703
78.21169507422415
78.04040579538088
77.78019077505841
77.51857732772827
77.57627838968442
77.6584353760669
77.4838294297262
77.43257706505912
77.30061564906951
77.16537444408124
76.92437594103966
76.61786226079434
76.67296177486203
76.54488052725792
76.28795194329682
76.02325789722396
75.83833387292967
75.7328950544683
75.9164009961215
76.02750099710671
75.76142741106227
75.55004155635834
75.30761959707948
75.22641508999993
75.22000315593696
75.25454815598421
75.1787921210934
75.20326745373079
75.10913852691651
74.94862980734219
74.76462797930012
74.49638835499796
74.37658501204166
74.2237990644243
74.31877222113846
74.0562929059123
73.8015315519656
74.45110233452009
74.26789678109658
74.2196099424875
74.1386341717154
73.99154936506393
74.7875428931423
74.52215477290906
74.58960805263818
76.38380811115105
76.37226572679114
76.32025187285905
76.17157420133933
76.37202110582469
76.70602695348904
76.98218990576387
76.73013829466086
76.517921833992
76.51790699081042
76.34448593913919
76.08857380815327
75.9125770447301
75.80733013153076
76.38736135519824
76.1926291230796
77.00270516597308
77.97055414647006
77.88838569550288
77.77796156372504
77.62765756193197
77.40173551622131
77.2357457998757
77.00670833587647
76.90688363269523
76.89092297268353
76.73890500987342
76.59350750108833
76.46100285703486
76.34553025966316
76.40902519655657
76.29243420057767
76.70016287480082
76.64647985246447
76.82091105722748
77.76439040347869
77.60754232657582
78.2036735043255
78.29942433315775
78.12407587307356
78.0566474199295
78.02404027537726
77.83269070763873
78.66942794880968
78.83008123252351
79.00109087867575
78.72821328619949
78.54595541854283
78.31208477020263
78.09158972585844
77.86351166086749
78.67272825201843
78.46966715328028
78.2837534223284
79.26652016678477
79.4398068107574
79.26378065539944
79.25667130803487
79.11012504577637
79.01075226377206
79.04017849574014
79.02811943024044
78.87420595724751
78.78330395268459
79.5216343998909
79.72681940575981
79.65680256924888
79.47061127033012
79.34223388525156
79.16002892534395
79.3021238559985
79.21209611638871
79.23041770674966
79.4650622601779
79.36232613441639
80.43931973203738
80.23528778730933
80.17275886819264
80.07669907322637
80.0740865235839
80.06649722071255
79.8937320569496
79.7527250512673
79.73749791232022
79.54897924091505
79.38517642107252
79.32953946367442
79.34022380459693
79.24938199860709
79.13778616609947
78.97687302582654
78.84888096327495
78.71589279846407
78.5871972937333
78.6361241974197
78.56805594706785
78.53056302997801
78.36483224122995
78.25611444012873
78.23057805877372
78.18963511349403
78.08362775288344
77.96584750194938
77.91852747383764
77.79655709782162
77.64904888551243
77.91713059828585
77.98905654575513
77.98723953882853
77.9745446455439
77.8615786760848
77.87265160060164
77.79032573574467
77.75333771627457
78.44818523506713
78.31381661107564
78.18780146635972
78.14516817481773
78.03325990861462
77.93706006482483
77.93511179777292
78.59708840245256
78.48768667354705
78.6190760839553
78.57093200804312
78.49496494257112
78.37238763413339
78.41149704433907
78.35687933564186
78.17997953230719
78.34421887605086
78.37242620131549
78.30261901572898
78.13796174856333
78.09980176562912
78.33728393064726
78.19229984864955
78.16726747762107
78.06313638976125
78.0082247120376
77.96971835285784
77.86040535202255
77.76376632302107
77.73082607326224
77.8101376522155
77.69896208426366
77.98959415480935
78.09472097548763
78.06651341494391
77.9880251786576
77.93410822661997
77.9732396484464
77.91276765978614
77.78876225015391
77.76672788300266
77.70793852682417
77.62905201418647
77.8923449311352
79.33300582340786
79.88640776522818
79.85310209339315
79.73872763982239
79.60696537750589
79.61502790316729
79.61265752020847
79.6171544125768
79.51752938105408
79.41422312638221
79.41883219083151
79.48599374723567
79.37680983675119
79.2490636389446
79.23991326447371
79.26849435780146
79.52656266988953
79.59112648093408
79.52823870596679
79.45298580490153
79.40912159584664
80.07527935408518
79.92983707817652
80.4764939632876
80.44466472054548
81.12802484639485
81.80791597670697
81.78303305729631
81.68934009188698
81.70416033802687
81.59699938422756
81.6037518208421
81.54213439482045
82.25501468847688
82.11479846139748
82.00947748654849
82.0168278106136
81.94084385815209
81.81706450649143
81.7668270366051
81.65533248216678
81.51213357149793
81.48840346141738
81.7827891429872
81.7637544670686
81.66802909464776
81.56375058973678
81.52477532009634
81.45453891562457
81.40134061368785
81.27881989002228
81.15691229708474
81.16501676739745
81.16834869100794
81.25187749673825
81.28898536305368
81.36956875899742
81.23816789163125
81.26788142615673
81.1341055191525
81.07642816217934
81.01693090267135
81.29931177213354
81.34922258039941
81.45272259090258
81.70795192029102
81.61984778826053
81.64394294043525
81.79262606150796
81.70737935705799
81.58909281321934
81.47752779509845
81.34374403840557
81.44298580972297
81.455549712451
81.89672923817353
81.75408311852827
81.67803436475839
81.53564012384861
81.41297098528811
81.28978304752084
81.30864035391753
81.23269299666087
81.15946768833363
81.11429800306048
81.02370429641898
80.95335361498212
81.01379828813147
81.35950502630783
81.24879045855755
81.62101187705994
81.51876533058496
81.50428067289326
81.4675085915938
81.34920512878143
81.24503507292673
81.15423965454102
81.06580767535523
80.91692179015705
80.89214255708895
80.8363671154446
80.83594497291581
80.73430923445035
80.68175464065922
80.97036443617901
80.9735776251489
80.84118270455745
80.74132026572197
80.6798579245155
80.70773457961404
80.65103139048037
80.62480404785553
80.56241007800742
80.48453912673192
80.45234169220102
80.37501334323677
80.3222827215563
80.30586891664427
80.38769275714189
80.26654506187195
80.16177615713566
80.03849869017388
80.34420480970608
80.25005542601893
80.3352888928184
80.31694233542994
80.26080672079776
80.74952263102341
81.28989947091586
81.27451073202559
81.28758278290431
81.23613468178097
81.18465784872221
81.29056475226676
81.22237172008546
81.1430107313333
81.9839612662547
81.9393873625957
81.87127978293623
81.76943623751463
81.73141140451237
81.65790210964724
81.55836909767089
81.48748510411014
81.40338697317641
81.32484156676013
81.28900898271992
81.19404745965417
81.11471826101403
81.61396179887241
81.75139778518677
81.71921064563378
81.7378282774967
81.67631063973216
81.57337950146388
81.52958485820506
81.49928526444869
81.41207842102652
81.85054296959103
81.82547241390806
81.77535520815381
81.77946776000022
81.77760315686464
81.85515036034538
81.7629725088869
81.66259119718977
81.60742970400078
81.53328480526834
81.46490372469987
81.40192258978166
81.34920456959651
81.25129661999371
81.17749052303505
81.05964221188489
81.32379530040362
81.31773322332474
81.42598533992985
81.61071711835191
81.49844901128249
81.47463871355544
81.39216968248475
81.3749662388516
81.39451889167155
81.30254507512134
81.4013134281287
81.65598614059876
81.53172472341737
81.43842105758922
81.34478797699882
81.37854367328707
81.27648518173783
81.40861716420285
81.50475426001742
81.39933066253943
81.29839750949074
81.20800830596085
81.12799061436357
81.17591322666983
81.10286019666351
81.07347026679034
80.9882048069347
80.95266840289163
80.86153318916541
80.79351346876479
80.71994072607708
80.67302190076124
80.60622684904139
80.51221762268504
80.45063965978588
80.36649165213214
80.35995202405113
80.3172942346855
80.2979124449326
80.2395508971138
80.19128631361833
80.1316552525073
80.06935824943515
80.04008961228466
80.27674168264362
80.23076875348083
80.30898021564148
80.2449977126514
80.44720107191927
80.34173588977434
80.39888943861585
80.4001646191141
80.3567167421182
80.26780639859997
80.16626888327946
80.10461692941827
80.05959672927857
79.97064438457127
79.9092353512741
79.95609685528136
80.05165625598333
80.61995962094038
80.60976940128991
80.88490478996523
80.81845233229552
80.75529948560006
80.70134910648152
80.6407922238061
80.58180392432857
80.57146794478366
80.54522000900423
80.5718008185635
80.83301040790225
80.9157480818143
80.87061356062873
80.78620833904795
80.72299547513326
80.65603982033626
80.66107237616251
80.56637842421904
80.48160226139801
80.38723787355029
80.33137177004673
80.8881031740242
80.91530267502132
80.94755907168333
81.20407441874019
81.24525388914317
81.19542251848706
81.09412168095201
81.04311468391543
81.00866133527057
80.99370776832878
80.94032857638318
81.09300507233752
81.11500286786352
81.12205977901336
81.3048564032464
81.30990756362964
81.25034855801259
81.15503405913329
81.12003377075196
81.1639311488825
81.1264180756832
81.09604002715676
81.17551197118713
81.08607141706679
81.00676685278843
80.96077412291419
80.97916200526329
80.90846051177016
80.84302024240569
80.8270298669923
80.93409424486865
81.44584272797205
81.3682272139476
81.28215646743774
81.71597209103209
81.64943678431051
81.63493724484837
81.6095209654814
81.52189196801001
81.47572740017445
81.49800800871812
81.41072656784529
81.34459421484055
81.31672029055082
81.26384197475357
81.2266444545582
81.16023535677338
81.09821375283991
81.25496860824468
81.16663747008253
81.11871355599646
81.05005396173355
81.23310139761709
81.14055277217518
81.03500736138463
80.9934115453069
80.94644489547247
80.85803917804397
80.84221757013995
80.95914707813893
81.07951662672691
81.0477848852466
81.07416531002575
81.04787000969274
80.99685367635395
81.0373028119405
81.00886496533965
80.94080668599386
80.98683598271123
80.96500868486935
81.05074913216482
80.96526863019375
80.89579882221474
80.84914994239807
80.80961114544526
80.75079697248174
80.72909208831116
80.67214349278233
80.59486195083953
80.52299307942738
80.6068891028303
80.54872598481732
80.80812873618869
80.76056419870127
80.74395682118218
80.96703482776708
81.02868090597926
80.98054097365234
80.90032711715149
80.87040819792912
80.90196798042724
80.85250260153609
80.81727343874428
80.80213402066911
81.05469774417632
81.03384488804048
80.98930011331441
81.01889927549796
81.00125567659418
80.949579960226
80.92339736906104
80.84371683422455
80.77561199850021
80.70536834555612
80.6599441480033
80.65667476814784
80.67075831291552
80.58479368119012
80.58661600659777
80.55651408733603
80.48711160635848
80.46463495642362
80.38781517835254
80.3305903143353
80.2599168187537
80.21712187716835
80.3156592684333
80.28495339398884
80.21280895101613
80.16403438105728
80.12042592349046
80.12180394654746
80.10578482304744
80.05399693266986
79.97730354538695
79.94762914949428
79.90682597505119
79.91575684144647
79.84862375064772
79.79299864561662
79.82566566415525
79.79112303095458
79.72841695906828
79.66653341860385
79.99634755349513
79.98225586369352
79.93081418084905
79.95925942800378
79.91943913914213
79.84211781069676
79.78343452954068
79.71418043126397
79.6519482081659
79.59987145996094
79.62369732405946
79.59273730440343
79.64488056583075
79.6101339881553
79.5792407762136
79.52322152051975
79.44711369724853
79.4194036347885
79.36186604757397
79.32734579789012
79.3177465170661
79.26525431355154
79.2217383328459
79.32388272709872
79.3226094862994
79.29082180252274
79.25638321698722
79.19651778539021
79.20694254464694
79.22119970940925
79.18581906923524
79.12293778799976
79.06253532172792
78.99479789142461
78.95720820765341
78.94161233705344
79.07505357955874
78.99296288870295
79.10674631121223
79.07137178763365
79.02349201939933
79.24498447310894
79.19404387687206
79.14093783923558
79.06463224082995
79.04100016237216
79.03084106639199
79.0670511081134
79.03631430796344
79.0005212952819
78.95705798663924
78.95976661913323
78.9609733187085
78.90538028265426
78.87755523297771
78.82134772545129
78.7747269203253
79.05185114829463
79.2871255934313
79.43678549289703
79.42483254288615
79.36074289954512
79.3848369712402
79.45309756881562
79.48809362612896
79.42609201767308
79.84494391752146
79.83175316187415
79.83394799863157
79.78736070939053
79.7852401615806
79.780583421585
80.25891428357414
80.38561359143081
80.36377072246528
80.38130956771327
80.39734876812453
80.38754964749212
80.4441002390469
80.43408218244227
80.41360846971332
80.40653515326136
80.39307644358527
80.40733495499323
80.43195359432336
80.38593876679353
80.34831920240926
80.29290279213357
80.24834236218645
80.24098480638251
80.20271902394208
80.20067159716899
80.13486134734045
80.10067680185075
80.07740590672293
80.05646702661468
80.04143532145693
80.00174991498415
79.94929821528183
79.95670546350026
79.90261431001171
79.88207251895352
79.82483477156923
79.76376222095219
79.72500492524819
79.670382118676
79.6149865322721
79.58394561623628
79.72382520983442
79.66620673684513
79.90004288239709
79.86311378837192
79.83575577193659
79.85207686770437
79.85022463436015
79.7914400078426
79.73745308011388
79.70409240589275
79.66596780805843
79.71131256680155
79.69165398157986
79.67183774474601
79.64692337681493
79.63979772064421
79.70498757555306
79.67129845431991
79.64421749224988
79.5871833040967
79.54015444941021
79.50515787190405
79.79154176197424
79.83297307556923
79.81808462721922
79.77986712204783
79.76217033822196
79.73351848071025
79.67494774734689
79.63528169749266
79.60328421956171
79.55611760616303
79.62138341801932
79.59883166332634
79.58476639441969
79.53532889741578
79.58707223881436
79.55325692178971
79.62673127261466
79.61983463570878
79.58552363538367
79.5543395588907
79.55465370503606
79.52693652465204
79.53520582611323
79.48358518058555
79.45848947663546
79.42804821687085
79.36514587785089
79.32158687013826
79.2725436790899
79.28535506990221
79.27990966314216
79.22594797426211
79.19227070771447
79.16440605484279
79.18980955260893
79.18583431201792
79.16890215216556
79.113323152853
79.09754903560425
79.06360489562317
79.05361600974258
78.98951280535313
78.97525888674883
78.960269370799
78.92253659149337
78.89394379286787
78.84409659041444
78.86505689392422
78.83128840308454
78.79299634228582
78.82043883026488
78.78419051304815
78.75300995939344
78.7168656778542
78.68313808338063
78.67818486561785
78.64709721414016
78.61802015838951
78.58860410684149
78.58282801925495
78.54691073973888
78.50899304852466
78.5303993490859
78.51019138238159
78.56888830623525
78.51054032032306
78.46883058293525
78.41711628106611
78.48053469876258
78.4506218301489
78.52608591539827
78.57930203456029
78.56084972272369
78.58473496719942
78.60611212392332
78.59720747264193
78.54043839524137
78.4887307666022
78.45720743555164
78.446892710234
78.42219175023862
78.4409708676218
78.51590389119616
78.45696797160983
78.74201624605668
78.68460783300041
78.69736087284865
78.6947410718882
78.65737306437727
78.66485368410746
78.65064602314992
78.61906610358034
78.62812843600042
78.62713568042423
78.64369118250714
78.6441647270945
78.58484181992887
78.58475389756447
78.52688895462714
78.5124617901045
78.47438340034839
78.76266523447546
78.71533983314883
78.95347801224162
78.91374668610402
78.86110378484257
78.85923228268736
78.81503728074775
78.78141026793998
78.73777213193932
78.7064034970407
78.78215832137285
78.78090006846742
78.73448550604223
78.72410624160379
78.68674653538825
78.67993897241904
78.66841735917065
78.66493293368781
78.61450475827613
78.57637789944708
78.62047826090166
78.63177018487322
78.5919827359543
78.55982936303221
78.53194925009487
78.50072892475032
78.45455749527008
78.64747982006054
78.67190851211548
78.63834325845663
78.75616067136357
78.7121446139791
78.70689422865787
78.72250412139134
78.73810693046919
78.69749058606963
78.68041483561198
78.67322150874067
78.64641036231919
78.64081086744541
78.65041575224504
78.6151514985366
78.57787232709354
78.58248024926397
78.56322093272772
78.55106138456301
78.57645619360544
78.56327576492205
78.68115464004816
78.64317921069647
78.59281491393446
78.53688254966997
78.5122562404722
78.48787770154999
78.45864380172819
78.44028820383282
78.42479909718732
78.38859030016425
78.36601517501387
78.36855563506933
78.34305262565613
78.29165952780355
78.25205381419258
78.29520515957893
78.27089271214018
78.23574040963771
78.19021066764876
78.16813894460934
78.13637440938216
78.08808722848737
78.0417043041588
78.04325139419687
78.0850865064453
78.05513274817946
78.00966190060967
77.99188639213612
77.97813426993275
77.96991813194195
77.9232874879383
77.9049998246183
77.88326553518782
77.87149686894865
77.86079180896621
77.81798356765819
77.80253711252502
77.79889683646759
77.92029924518896
77.90773221701242
77.85656693296612
77.81400425629612
77.77291835634048
77.78547712238128
77.75491687229702
77.72018210899103
77.68170683826783
77.6453604800967
77.61090827970469
77.57196352881066
77.77386508478183
77.72797931631963
77.70190917200117
77.69093056116166
77.66741496180245
77.67519513152367
77.6769549465534
77.70413459133194
77.85352280498215
77.80679286818906
77.84609139230517
77.90246136159836
77.89104014095228
77.9073619983423
77.87393319914702
77.94964441220331
77.96228592698745
78.08395835469376
78.0347654784427
78.01148612002258
77.96018939236983
77.9410035774098
77.90783637609238
77.90076905134502
77.84676671071723
77.8711447624311
77.86426772166342
77.82356841192532
77.7886233407943
77.98379148321872
78.01022391926159
78.02440400431094
77.98643033604007
77.96292970921922
77.97053432810134
77.93817075151124
77.90474960989374
77.97381479458004
78.01260491656913
78.00182931416738
77.98825824153316
77.97150511102136
77.93440692544841
77.91431790649195
77.87852097927347
77.85876136403448
77.82581725855455
77.80672380042695
77.78268530202466
77.75984096441874
77.76178434916905
77.73862214985965
77.74795570305537
77.72811957586056
77.68382999481256
77.70531242370606
77.6794232813969
77.65128741903229
77.63348918772758
77.61238444643384
77.5845646529071
77.55128270730205
77.50718380789874
77.58398645406051
77.65400295324847
77.62060758111761
77.58436723662095
77.549105073028
77.54179645296978
77.53137739045877
77.5240014343931
77.48802805406602
77.47072615514912
77.4504774248819
77.49656124215026
77.46382318521691
77.43452188148964
77.41395079455587
77.40243228719625
77.36195447405491
77.35031422656516
77.35191399071343
77.53566362626023
77.51973526020828
77.53466652253678
77.53524920475948
77.49634976205529
77.61540449500187
77.77169704107834
77.7346815301798
77.73539163490821
77.75094516928293
77.72172777993339
77.6830111099335
77.65096781262008
77.63270093565846
77.68822213756896
77.64214889964387
77.64783300275673
77.62045553874725
77.62075150481657
77.83984457906956
77.80130447706672
77.90819761108763
77.87514357916135
77.83746667577866
77.80140178219801
77.76763982294774
77.73606502908599
77.69400313509229
77.65730374384735
77.62552746345591
77.61584865905711
77.65575985654571
77.68503728589496
77.65339907714586
77.6246107287994
77.57949644633473
77.56999726086755
77.5312807469733
77.52977405035195
77.71952062489905
77.8943731560803
77.87147101972249
77.84564326716028
77.81439702022026
77.7839248858168
77.77006307520664
77.7663236675358
77.72276428483545
77.78141997178396
77.75623687598032
77.7385213807498
77.74914762761726
77.74094213599778
77.76136263297306
77.73101857092053
77.71550913655076
77.67208275100253
77.72024754633875
77.73109144888633
77.71163691734107
77.68640829312919
77.75332465647472
77.72581324977969
77.68784423953711
77.66778143456108
77.62852418941851
77.59441178263897
77.60239827075486
77.5891354310708
77.56054850741549
77.5413283224777
77.53045702175537
77.63682606485155
77.61228649995765
77.61993249983422
77.61476545481538
77.58700849644913
77.55442752170795
77.53396225440792
77.53282113311545
77.50426085119123
77.47252785743781
77.44678905524157
77.49280430257079
77.46050767219567
77.43391141374939
77.47751384944638
77.46901014911445
77.44130004913576
77.40558616736548
77.36960126198048
77.37408470436151
77.33151256463152
77.30114289862085
77.39982450371951
77.38803862301751
77.37769413605714
77.3626503406094
77.35865292053222
77.35222682754676
77.34952207266713
77.32444604263245
77.3356146561472
77.36724691808936
77.38773348377009
77.36510864779791
77.34629617093667
77.47110842522218
77.51057739560567
77.5009150281962
77.47555855752549
77.45592367998306
77.40965913669973
77.37875351585419
77.35954487907567
77.35555668524522
77.33162823535666
77.54124598131112
77.49977522271824
77.48119276363394
77.47983268671815
77.44377633519558
77.45371184506259
77.42184729931401
77.37920520447638
77.37059881020637
77.35147750806733
77.35876787556998
77.33833617568015
77.33044642642734
77.32451044639076
77.28782531607457
77.26174786231971
77.29789861834931
77.31438457613599
77.31070788367923
77.28909551727105
77.26665991641829
77.27149386738621
77.24093928436822
77.20799150555496
77.21006335607353
77.25823938938713
77.22438370399033
77.183086209827
77.15206813003434
77.11990951279462
77.0809647117421
77.04977385007417
77.01082120978951
76.98540119018789
76.9502906521192
76.93969097459244
76.9335039672267
76.91948515788337
76.8932091655308
76.9025246987649
76.8567613947018
76.81756495555848
76.78507128351067
76.810725716556
76.82370037389728
76.80638059706085
76.79170065325023
76.75919009704359
76.7326379064909
76.72464871298018
76.70545400282576
76.6841230175712
76.67351471484385
76.65157889309882
76.65201908120223
76.68061853823706
76.65835246392017
76.62845741461844
76.60832193514055
76.57137534991804
76.55136506229168
76.52546228968112
76.5468326686111
76.51116750333402
76.55977982036708
76.5451481431678
76.52378009124642
76.52959904699269
76.54428935996079
76.53773844081725
76.52054506491332
76.52358664896951
76.50714049883337
76.65408195575196
76.62071748820154
76.58535523357845
76.5935586553524
76.60205514859658
76.56851985990869
76.58904606652189
76.55851135225629
76.5346360821194
76.51007508843321
76.49676106385225
76.62661701577377
76.62983326228718
76.61542591362422
76.6024986607487
76.56512088677245
76.56118873995078
76.53452089799512
76.51644816538867
76.48831582472309
76.44932852617619
76.41523102741424
76.3957349198305
76.3552808475145
76.34137577961688
76.30400756300149
76.27033449334708
76.24961062919667
76.23138369678581
76.29810191209432
76.29462741901854
76.27658475165981
76.26730557820683
76.23845065446334
76.21430791949116
76.27579633065905
76.38540257563265
76.40060780686343
76.36434933897378
76.37818011091206
76.37305500814435
76.34307092458376
76.36618682139182
76.42147752920212
76.62624517250887
76.65407178998423
76.6173606908287
76.58196656767458
76.54698843098373
76.56922078903933
76.76072016529653
76.74529541574275
76.75896167891952
76.75627786779917
76.74674295627626
76.70665332054188
76.66532391505862
76.66808116768325
76.67170015062605
76.66276187066262
76.6472198252331
76.61000084146295
76.58314949155194
76.59175380557457
76.64075765433387
76.65520750857789
76.65613997795366
76.65712415046774
76.6999546267462
76.7031554445825
76.67982672024043
76.64720635167775
76.74683774815928
76.77612719586375
76.77182907977347
76.90418010542068
77.01737690106434
77.07429845539762
77.04965311775744
77.05412459725817
77.02852263095174
77.00685735663644
76.99926897113242
76.99955584609718
77.05892748518379
77.05733202885479
77.04762627631008
77.02942876902554
77.02777573378769
77.01353778212659
76.98603540026276
76.96987723904894
76.95350097911627
76.9263851577812
76.89600128715749
76.8623651306747
76.82638177089135
76.79807416956983
76.77371497419145
76.81621288111606
76.79148539359295
76.77150934368723
76.74568275335423
76.7166981047
76.70232213021644
76.73400454465158
76.72321097231702
76.69393626832402
76.66543082927835
76.65575599013157
76.63668296488191
76.61076029169092
76.58184003764366
76.7095478647763
76.71291948150802
76.70026502956162
76.68218358619386
76.66096274341272
76.83582820631054
76.81010266251143
76.91892044651851
76.98125504697747
76.98418396809062
77.01323231251166
76.98026378678429
76.94688665679952
77.07892737011818
77.11409370001682
77.08603315807524
77.06681270327073
77.07392914917158
77.16482729889144
77.14819169270943
77.12576742915783
77.0956207988708
77.3256961819927
77.31293328043895
77.28998856354275
77.27115368456454
77.26330661966864
77.26595561996645
77.24151339694927
77.21024812713787
77.20016945732965
77.17883631935993
77.1464860450524
77.1311313823987
77.1251044904249
77.11697820881069
77.11765699175523
77.30803160884744
77.30897617020706
77.28201241091074
77.265414653255
77.26156471374838
77.34747768037703
77.33311251040612
77.31447840277714
77.29584669240316
77.27968607832003
77.28208758002432
77.25201486065954
77.22578157262599
77.20949338488404
77.17634993752002
77.15566424146424
77.13663591567021
77.11113771498006
77.12478578706451
77.12206682474071
77.08678995995294
77.26664759729843
77.24201686284658
77.40993615203958
77.37846560843073
77.36461572137881
77.31890842754379
77.28038553409941
77.40003450418773
77.36696171807584
77.34933575944737
77.33807170665037
77.31275748705926
77.29032390657018
77.27855759366936
77.25732034659495
77.23372695084018
77.23218435084142
77.26949344211154
77.24060710655327
77.2358399309004
77.22092786367159
77.2079225487939
77.18095234675205
77.15963315715392
77.12167482245798
77.10841481490316
77.09014637521368
77.06138870685132
77.05773466581806
77.06048200288171
77.04797724972896
77.08179388639223
77.05112668750355
77.04187590215369
77.02231515663705
77.03775037844359
77.05217391371804
77.02738605991486
77.00422156264442
76.98405333032314
77.00654170103252
76.97917534547116
76.99222281477459
77.16344833251443
77.15610045872212
77.14640935792544
77.12317715584275
77.10048711605562
77.09439812586294
77.08122890218425
77.08743736550203
77.06699417558167
77.04970703490626
77.02356877942043
77.00120842768725
76.97127483450636
76.96525067170765
77.04968274474903
77.01824301264986
77.02156664700301
76.99148550112385
76.96246453252499
77.06077858576698
77.05185965717142
77.05716438753059
77.03021398333996
77.07463796082897
77.05447033507915
77.0291613796555
77.01364238946387
76.99310525398953
76.99095342135189
76.96640335949438
77.01646117153865
77.12813817380582
77.09450442845035
77.06903886404932
77.05371522243668
77.03303740265832
77.02482654101884
77.10732476904343
77.07186410537777
77.04173001256483
77.02260291905033
76.9981603401485
76.99533548343166
77.00540651031551
77.09601025938987
77.13254377352007
77.11379067996022
77.0813587436212
77.06907412298303
77.04595420219445
77.08076962201415
77.0638410892261
77.05347257229819
77.02576768850228
77.02435669395494
77.01316993211383
77.0405154701498
77.01382234978956
76.999797510244
76.99627996509658
77.01038412646491
77.10396424590178
77.09705355730281
77.24853485583375
77.24722363154093
77.25612024875572
77.23391460813812
77.21186440914998
77.34157027282151
77.31933137042707
77.29409132085897
77.30101526069289
77.27556467290593
77.2713444758369
77.24908842894197
77.2180128992152
77.25406088431676
77.253622582991
77.22860385913452
77.24913976010197
77.22287002344295
77.19442635188398
77.16740176092574
77.26919623509349
77.24861058839937
77.22183080507007
77.20369406013629
77.17968116964572
77.15969739923221
77.1532678563544
77.13973476530425
77.11270073159362
77.08769025270222
77.15248800177079
77.22154236880216
77.2141823136106
77.17816622898019
77.15517571271006
77.12370398197382
77.13547948854567
77.14333839347397
77.1139042738625
77.1368916227389
77.28608077372895
77.27360123668808
77.3944118701859
77.36253997651248
77.33455800981459
77.32299755972166
77.31125478773146
77.3273986379067
77.36600689467514
77.36247501899298
77.50979946701023
77.50139308289853
77.5446453551059
77.52798775964946
77.50675261954099
77.57701266595255
77.5584335725699
77.55743406268464
77.54702010748993
77.5391385700194
77.52492643496052
77.4898909409841
77.46319262148864
77.47101432219696
77.44478054125962
77.42425933982867
77.39566311708897
77.39310798328259
77.44008435225021
77.41994760160763
77.41641208700628
77.44586610963358
77.43448939399562
77.43136422628488
77.40309845168986
77.37991047018112
77.44824601795118
77.44603034235396
77.5530411647781
77.5355961084085
77.50264629860216
77.48474770826452
77.51612384735591
77.51811404626042
77.49316571449016
77.46313342466041
77.4595619380649
77.44768327174125
77.42124324635448
77.56968006205503
77.54428870668183
77.5352977038824
77.50022464353114
77.4738373199356
77.46235395076326
77.47681824273518
77.49068219821585
77.46707621710006
77.4541856213649
77.43635047051072
77.43240111896367
77.50395325505457
77.4794113207944
77.46976279326294
77.47666140095274
77.45111440229306
77.4230495596623
77.42426310215461
77.39920516640862
77.3790991394608
77.35318691458848
77.33055443515667
77.3035235809908
77.27274385941222
77.26328938831433
77.23788360850897
77.24435841892912
77.21757234516231
77.23461925153013
77.21019238844016
77.20545791990116
77.28112553673229
77.30302502053144
77.28361957190916
77.25826359834743
77.27186136180107
77.3099916704063
77.37434349300389
77.34750452352785
77.31975122774766
77.33482152220179
77.32140028926304
77.28972603728742
77.29892080341844
77.27957988723782
77.2545757989655
77.2648295280261
77.25453458016989
77.22432422909333
77.27625109202762
77.35474582149469
77.40582386688753
77.40804327055515
77.45594153149851
77.43869878754856
77.4324737416914
77.43126149704368
77.42143221322705
77.40742396714664
77.43469869065608
77.4269280689729
77.41123463151145
77.51046779531332
77.5051640183339
77.4706134602503
77.4619118551794
77.44083273766746
77.43525116185884
77.41348017690956
77.40036264876547
77.38457357461296
77.3730374100503
77.35893777807665
77.33199450731546
77.34593563539822
77.34130134924645
77.40535419367943
77.40274371225115
77.37955242598863
77.36124514893397
77.33223327329667
77.32106928052849
77.32754685717678
77.34026377541679
77.31785441375749
77.30794257224603
77.29609934984808
77.29597748202046
77.27204415688067
77.2682217055884
77.2450358044644
77.27365428500705
77.26425420410563
77.24686951166252
77.23018568169059
77.19815865112778
77.18607674173371
77.15934510299665
77.14185341274006
77.18052713849903
77.19395874006568
77.1758584670599
77.18700541217704
77.15430876961344
77.12509678242553
77.18695158679797
77.1862952650086
77.16564854756326
77.16195134429007
77.14769164799857
77.1194292008713
77.11347834932936
77.08584350887594
77.0706621938427
77.06028798407274
77.04090573076616
77.00970621605443
76.98407709742168
77.12654041421824
77.12203136732072
77.11875664725076
77.14852271887774
77.13277041020125
77.11408521931244
77.10906655373498
77.2461107320588
77.22761941125023
77.26238609451094
77.23583095905634
77.24561166503874
77.23934053998723
77.21768377449202
77.19872912293475
77.1836951656528
77.18063044949065
77.16742802804049
77.14939610447664
77.13963688285224
77.1293032480435
77.0971829416432
77.0769987039272
77.07069620802596
77.06652627900637
77.03488599352909
77.01616011370984
77.01297105914695
77.00531174487502
76.97663041229906
76.97692408892951
77.08808019779727
77.07368118959194
77.05076356087962
77.06521994884395
77.03848295283497
77.0429535649249
77.04802608899293
77.04917318635587
77.0256018112199
77.01888274329195
77.01068656194388
76.98967861912351
76.99947748643191
76.9742029456134
76.95019611537965
76.92625137019526
76.93952010204596
76.92206972249349
76.91707122249645
76.90458897675487
76.89157717525006
76.86614921106944
76.85592601350014
76.87430953269687
76.87129431855286
76.85722932597771
77.01098783962793
76.9886262574942
76.97377714094402
76.96470205128098
76.9670324901403
76.97130839669433
76.95785543350947
76.94144351642514
76.93376332155998
76.92935202327028
76.95347357048027
77.00203505845687
77.00002014687293
76.99979057875066
76.98412841037151
76.97391372909667
76.94979056006984
76.96364062438194
76.94920887129791
76.96412353696036
76.95924367523995
76.95482021241676
76.9506849677215
76.96062119518454
76.94498140407059
76.91124970779299
76.893747783581
76.90768220273691
76.95185895195566
76.92959551704035
76.91175721755471
76.88292005304879
76.85794161207242
76.83938028169412
76.82253947819858
76.80709115734568
76.78859719485044
76.81193189854302
76.79924920297438
76.98719187769738
76.9584298426297
76.94408179592777
76.9445002492467
76.97512858410109
76.95277046118534
77.0192409360143
77.08874697364055
77.08344686272106
77.05450027329582
77.03396385565856
77.01998589475251
76.99824103372657
76.9856373628309
76.98254020102073
76.97544820045417
76.95144150120626
76.95088272143884
76.93008741086933
76.91043997007344
76.89668044464771
76.88341109006984
76.85983523341868
76.91750116779528
76.90173310307766
76.88356451479072
76.87063594767227
76.88659963020912
76.87030195933254
76.85086563034136
76.83136641887658
76.85412599266857
76.831775378937
76.85143413085392
76.84781226517293
76.84090444089443
76.81308650970459
76.81497682892547
76.95086957872188
76.92900077720665
76.91281483990771
76.90129633250888
76.99958763268158
76.98984275198904
76.99530112543383
76.98178617595657
76.96737235811776
76.94201099327978
76.92798712772503
76.9096403987606
76.9195287267508
76.9066457308776
76.89722952878928
76.88583668957838
76.87045073473037
76.86171765370847
76.84550737021486
76.83417586846785
76.8327197551968
76.82282899871964
76.80440538120703
76.7925434742243
76.87754056291556
76.86482527608958
76.88174883060618
76.94408034462803
76.93700738765895
76.95356271207034
76.9428496018299
76.92271827167296
76.92234351822795
76.89967060136938
76.92379758591042
77.08309494039578
77.05722741646115
77.03168221350546
77.0392453416459
77.08434073972703
77.07450283294556
77.1844642321904
77.17382998902144
77.16332778197801
77.2251306885793
77.21336621420453
77.28515967457938
77.2805558044122
77.27798874666586
77.28182839113681
77.27600845372956
77.25499996418507
77.23300516694206
77.21746463027469
77.19741437121597
77.17292317180406
77.16129111628989
77.15218098690536
77.14026482994454
77.23019771245447
77.26011385391514
77.24356253281545
77.33949528551314
77.33747852319786
77.33754429051905
77.31220374761659
77.29469388755719
77.32171140149735
77.31121715293723
77.30397894582137
77.28926612190986
77.26106234282021
77.2374515097187
77.23313084464509
77.24114827758264
77.21466217481317
77.19009332137185
77.16727179984935
77.15174421719209
77.14736851851146
77.14069259125833
77.12004184769603
77.11749903687763
77.09206843282846
77.0718073329599
77.0610513691795
77.04116759745156
77.0382706890814
77.02285262024536
76.99999939104406
76.98154650101831
76.9676866452364
76.95457059513693
76.93748487632254
77.0568129059172
77.08355485929125
77.08415846159346
77.07720656761043
77.05563020405114
77.03165029090584
77.01860945690956
77.04142496819408
77.03010224163445
77.02046719771023
77.039834655226
77.074782130102
77.05780110638328
77.03827758868381
77.01661288260031
77.01206970168772
77.01343037159992
77.00123330847177
77.00003338964217
77.0886694720534
77.07521915987313
77.07656388429778
77.05276695650015
77.03924087427119
77.03959891129824
77.08203025001745
77.07151707498458
77.05947010569797
77.0544325997494
77.11349453761345
77.08780316002935
77.06880786754941
77.04811073754699
77.14101179212446
77.13037571238239
77.10405472522717
77.18465583533091
77.18599123754191
77.17158559652475
77.15776527964056
77.15368223304111
77.13345293188823
77.10927620852738
77.16716407934067
77.15635566247992
77.15648919922965
77.14657186565373
77.134355061855
77.12592093421911
77.13087113955174
77.13049108500718
77.11845048495054
77.09523465546263
77.1022870296319
77.08330556825192
77.10809082058368
77.09643740046369
77.22627471026146
77.21853241196077
77.21015165747622
77.18707741766674
77.1619155100478
77.19295822048052
77.19670509819268
77.17059580860075
77.15054444501985
77.14839219619844
77.13388399803672
77.11357312510162
77.09881964600918
77.10585769428927
77.08139739615224
77.05891085814353
77.05054369232708
77.02888497414864
77.1628165594289
77.13972320225473
77.1257801266146
77.15561306851043
77.14298350674702
77.13622602467235
77.11484819806917
77.0873152862713
77.08691824162753
77.06932939999345
77.0514000585146
77.08373661433242
77.07687075220458
77.06486970533904
77.04159444170212
77.06321687542753
77.05142223335045
77.03297172772035
77.02400370061508
77.00759788688919
76.98529203592345
76.99744058508809
77.00072601958279
77.01913749856058
76.99349176562707
76.97958790763624
76.97611675766713
76.99224238468642
76.98354115499403
76.97601598277585
76.96985480741218
76.94577968170222
76.92944855782635
76.90935877589676
76.92048670800469
76.98359749642034
76.96490217906286
76.98058600089051
76.96118622644362
76.93413919323103
76.91934192806895
76.90207103121286
77.00674087171396
77.01158708720727
76.98720742631858
77.09965757655002
77.08323626789976
77.07290129295774
77.07250570178141
77.06133785615442
77.05465337027104
77.0620272149738
77.0554669775294
77.03232277963231
77.01699228470142
77.00725737556441
76.99170480337257
76.97771463843313
76.96566177983607
76.96918476787862
76.95125835932554
76.93401868960348
76.92021491449245
76.93254505136596
77.06549495507504
77.05424786830545
77.05785987807101
77.0412397132877
77.02201710363428
77.00827509709627
76.98595595663244
76.9725430261975
76.96216145869714
76.96006249753768
76.98034911536477
76.95862233557669
76.93666110596436
76.93108958057219
76.92540490497713
76.90453981673248
76.89612478497881
76.88393636700903
76.86342992532533
76.85577832871414
76.84360960440907
76.83698144271196
76.84247330250723
76.81334983651897
76.81801204879183
76.80200678768219
76.79075786530434
76.7684778890219
76.75977640684181
76.77048396721007
76.74962355550245
76.74357384799572
76.73641798074247
76.72372300302602
76.85873445402999
76.83857345709409
76.91769086170625
76.89855932366522
76.88693435175017
76.86991934727192
76.85209923294259
76.87919226652824
76.87226109811786
76.85406669059074
76.84845177588237
76.85494895916317
76.84537801189082
76.8496742720904
76.8728548142657
76.865259492392
76.86318654342556
76.85436322651887
76.84099735920704
76.83295088022298
76.82401974896943
76.79677484341863
76.78157376013861
76.77062940745817
76.76482970422369
76.76895141686221
76.74842305847683
76.74139950788206
76.73694551836515
76.78519356287735
76.77314873603301
76.77143570510303
76.7541340827942
76.7453739119019
76.7429143069172
76.72411087936287
76.70516626826445
76.6857970509308
76.71286535220975
76.6965146150997
76.68692250647032
76.72948450682814
76.71096696811625
76.7358797939272
76.7237139982237
76.71697576550518
76.70772821313997
76.69036677014697
76.68389020946617
76.72034882808077
76.76800031971784
76.75193883118372
76.75175713405274
76.72715075357814
76.71766482477749
76.71180154062706
76.71840470392524
76.69434287908041
76.68074894869213
76.67538216794793
76.66659556568919
76.6671128245929
76.7134569726136
76.69234101733804
76.67134091908187
76.66450386696178
76.66194346393829
76.65036254749839
76.68918937257773
76.67480322605742
76.66264683231257
76.64646747019977
76.64915453371795
76.63979847562774
76.62976922334327
76.61004081457737
76.62018069956038
76.60357417605186
76.6049693273857
76.60769895562683
76.6239651641978
76.61944300377715
76.59704005584057
76.62460668837029
76.6089416589704
76.59512524041993
76.58978898584998
76.56956041883959
76.55517544441685
76.5361325153257
76.53478880068472
76.54481741167852
76.53279856731152
76.51367304767837
76.51555945932814
76.51605232081124
76.52183459753013
76.52223234361217
76.50437423840536
76.48165406758662
76.46266862944638
76.44940851440036
76.45428378633163
76.46992029462542
76.44782282435055
76.43331424534908
76.41523743656423
76.40383144109101
76.39512171157419
76.43320485002015
76.43487787695396
76.45489311462899
76.43950137276934
76.41982802383312
76.39763586466177
76.40154271078985
76.37715133465191
76.36345623642652
76.35237703217672
76.3928688107829
76.38586318391349
76.36439828235274
76.41306625366211
76.39442739482638
76.38099482270326
76.38963834387265
76.38436326518743
76.3823152335586
76.37160809780826
76.37858877881989
76.36635500622361
76.34798793299514
76.35645335245941
76.4022946032565
76.40611364637564
76.39980596573838
76.39055687279871
76.41191164464325
76.46460863340738
76.4425958569764
76.44232538423023
76.43088181102361
76.4661766889226
76.44845552094523
76.44600328828191
76.44506208996104
76.43143718144225
76.42612424027293
76.40425255162145
76.39003353576275
76.39176417479904
76.36940784061491
76.36154380205299
76.34594188803938
76.34456264822549
76.33561445052915
76.33360150756452
76.32834231058756
76.32378712563782
76.31370420340069
76.32090152168594
76.30809132690557
76.30267106938062
76.28014121859306
76.26953921589165
76.24487695562456
76.22358383012993
76.21856432697719
76.20051357224708
76.18358174094469
76.16440452944745
76.22541177963505
76.21513036410013
76.19285801955434
76.17495369097276
76.17537050568656
76.16672134082052
76.15126202081692
76.14179590118992
76.27091171239292
76.31958086546078
76.3091839211964
76.28781448538372
76.26185171261015
76.24694239559459
76.25166987187133
76.24994965871701
76.25036933101235
76.23829233922706
76.32100901171646
76.30801757492242
76.31379247943741
76.29140859123103
76.26990904723353
76.36956634844363
76.34776878789886
76.33695979519646
76.31430421062352
76.30677405174174
76.30388912999389
76.38676671691152
76.37979269557748
76.37665112381609
76.3812757030724
76.41875759904322
76.40996025366103
76.39546697024154
76.39936465825389
76.38067551747527
76.36232049219619
76.36282043324033
76.36605749055957
76.36361219492115
76.35573398280661
76.35887937170868
76.3612270296669
76.44770916745237
76.44192809239487
76.42914761857526
76.41856812787728
76.41025433937709
76.39456165815285
76.3833559647385
76.37292776765361
76.37038615749478
76.35416665642883
76.33393844435054
76.3209130184228
76.29780232362717
76.34521664901628
76.3290819547543
76.323547414087
76.30793331541666
76.28972729702686
76.27233570441301
76.26191800443128
76.24932899374467
76.24338593821497
76.21823780070643
76.20264820807078
76.2306646879527
76.22505755055622
76.2166781811579
76.30931005821398
76.39226000247264
76.37635481179218
76.36757305001865
76.35312686843102
76.34115369369988
76.32886822877221
76.3135590807289
76.30468988553224
76.29390561696022
76.27938287136104
76.26619311362673
76.24758814613136
76.31231178945582
76.2986680332084
76.27427718108063
76.30638882085219
76.49935083258957
76.49476824270381
76.50485014666515
76.59769220363658
76.58178039347187
76.60295476618896
76.59193732247127
76.58378321852139
76.59467918101029
76.6146391137963
76.59833933698167
76.58199465966501
76.64796137351989
76.63539111904981
76.62398119491162
76.61051017457945
76.66539578049327
76.654700396494
76.63261771639728
76.62493686843403
76.61418295172793
76.61570791173808
76.60535711805184
76.58231008332928
76.62723094832366
76.65434347753073
76.6421006827859
76.64868265572883
76.64340577368138
76.62098025820963
76.60983043554002
76.59407752068472
76.58597226105039
76.57088305107519
76.55232349905488
76.54574925116117
76.55655449165972
76.53963833006301
76.51957152442903
76.50237714777268
76.48804617493967
76.46929305322843
76.46064804401323
76.45176411579362
76.44370255274418
76.44242551926328
76.52493813288146
76.54947324636184
76.5267513305983
76.52414914666079
76.50672418738651
76.49207371902916
76.47072667887831
76.45856389245007
76.43618103728156
76.43042810442313
76.41136889825077
76.46769221555039
76.46153884859227
76.45230654486966
76.44122648800561
76.42076274075663
76.42108740526088
76.414252195205
76.39840605378525
76.40441635249879
76.38407652361279
76.36941388236566
76.4678383616028
76.45664382437779
76.44437549634311
76.46527053509526
76.53511131219565
76.5238300842589
76.52106657147314
76.52630198750698
76.50345652151778
76.49138470885813
76.50037255253721
76.48962136154562
76.47164520630584
76.45451147503405
76.45092700223515
76.43731291921905
76.4433939486603
76.41859228435862
76.40561996695601
76.5040162788317
76.49725608018615
76.50018070999577
76.56799319624623
76.55590763032876
76.5488009086875
76.5291279815325
76.5191068608663
76.5137319616509
76.50507563444852
76.60620139286182
76.58860514132624
76.58554306258831
76.56761752656291
76.5692824532784
76.55299354575315
76.56760369797371
76.56398866905107
76.55535360932856
76.59082047830844
76.58754476609717
76.5699320350112
76.5533816378347
76.56737239439731
76.55390978134702
76.53794055755321
76.53315095230508
76.52673953354679
76.51408051327014
76.58424185058489
76.57261527788158
76.55780008034988
76.55035788847378
76.55718526481851
76.55861836459364
76.54926039122074
76.67718274837159
76.71023152214097
76.70066061030846
76.71060975818298
76.70006282470878
76.68498952782483
76.67899485002458
76.68046790538989
76.67933218221529
76.73406123787392
76.72558780300486
76.73334588684443
76.73734618778498
76.73510146395462
76.72280073729016
76.710538801308
76.70920834833558
76.81104285495648
76.84468279396367
76.82817319971527
76.8478358680873
76.82947585466785
76.82140906356018
76.80918404435062
76.88046785640536
76.88088439158496
76.95629888418094
76.94983265560806
77.02096127686784
77.00803236491753
77.0125218149118
77.10030547458958
77.11083781119328
77.09238110908763
77.07457076471108
77.11409195065949
77.09652647955895
77.08737587388549
77.06986161293557
77.05531445521228
77.04021276325066
77.02562994870665
77.02690978792538
77.02602925943808
77.00839683583003
76.99967948966716
76.98759571465955
76.97910607246818
76.96800159520339
76.95825682224188
77.01012089394932
77.02581006006403
77.05482046468966
77.04006566407087
77.02979667513277
77.02944584171841
77.01928409316095
77.00006915461356
76.9946366310477
77.0316380315059
77.10087205657616
77.09462091987004
77.09867374628526
77.09740324277172
77.09020226986608
77.09027126231001
77.08637868356116
77.06476447402407
77.05316959472235
77.05340543113537
77.04109969027049
77.04822285650027
77.03300830494145
77.08394908300988
77.07899503477014
77.062069401844
77.07553050577485
77.05609245349963
77.04749949069749
77.06363184301384
77.14352375421768
77.22951432004194
77.22041025986869
77.24293925130287
77.24840080353236
77.23753249503739
77.22854407009568
77.25306350836672
77.29129437456841
77.28934938607392
77.28056860941068
77.28227235686771
77.27844206492107
77.30242750454231
77.29115523410593
77.27214778588599
77.27915896002463
77.28391215755457
77.27776506528858
77.26766665307358
77.26334331186
77.28796742764195
77.27043014657133
77.25811797832863
77.25531242925598
77.24899616332749
77.23959733213972
77.23172285102412
77.22868123007154
77.28807993250734
77.27428796895065
77.26563880865754
77.2511813377047
77.24000101082476
77.238087487527
77.26073691920156
77.27623292085755
77.26284441465506
77.271810125894
77.27210786036956
77.25712740670103
77.25081644330507
77.24438436677768
77.224289589584
77.21428202466947
77.28297299286078
77.2738027997726
77.25515582981207
77.23686245733388
77.23570257764663
77.21939128004517
77.20241015293057
77.25670581884381
77.24528923222344
77.26567248255829
77.25880798838561
77.24253430243272
77.23578000485116
77.2532900421348
77.23527358696677
77.34726587203319
77.43158835553845
77.42777255765317
77.41299619619276
77.40451569565845
77.38907016448255
77.48585718872324
77.47485621516647
77.47337352611656
77.4617944382239
77.44802392181043
77.4287443758352
77.43541128929654
77.4174859158037
77.40194060030726
77.39606047159334
77.3822686412854
77.37368428052505
77.43799847960688
77.42588413493297
77.41178418788958
77.40846637179497
77.40323003878285
77.39488209179174
77.40229921598693
77.39979984403
77.44847025852388
77.43711966692415
77.42204171249702
77.40963383647178
77.42468973322336
77.41015226218788
77.39562334690513
77.38645477644329
77.38113791330498
77.44045268077262
77.44153899482642
77.42250361606757
77.40820946151443
77.42412224875557
77.42244458412108
77.40772042745847
77.39948041030168
77.4014613176126
77.38659199798256
77.372877254336
77.40417381691685
77.403221020961
77.39681001951458
77.38034028223582
77.37530697111316
77.36691751589017
77.35796012055053
77.35180461525746
77.33781704724154
77.32000366008376
77.29942262287364
77.2896556558772
77.32619168351833
77.3147947728846
77.2966357424182
77.28052320283643
77.28460923115892
77.35228309855025
77.34839003276656
77.341347518631
77.3198858026837
77.31345580942332
77.37005683063995
77.35873194112845
77.34682301552066
77.33777004062158
77.32565723038125
77.31331291043386
77.29853541990298
77.30164801947883
77.30643705921962
77.29805058940634
77.28996435194396
77.31506615392732
77.32771323671277
77.3253533776197
77.33179229382193
77.32561137866368
77.31958721537649
77.31166969166152
77.30873220757695
77.30562579085745
77.28970480317925
77.28899778883222
77.26764154316716
77.25045427615
77.25271236883935
77.24437125155023
77.23217756777531
77.25385903641948
77.24260563443409
77.22239373741525
77.21074784802069
77.19587389326932
77.24056311968292
77.23938086825366
77.22641999337951
77.20962774995832
77.20180964661981
77.28210408847873
77.26782796130048
77.27632416837945
77.25861307039425
77.25150070490537
77.24039316594038
77.2249652418034
77.20323088682909
77.19450100440552
77.17587601227287
77.1631629748188
77.16716684727956
77.15357464227716
77.15454194436883
77.13725921684026
77.12956343823217
77.11501746589427
77.10259444664631
77.10423310133179
77.10401830258577
77.0998054233811
77.0895988045362
77.16978206594757
77.15728683180178
77.15092836485968
77.13543049455807
77.12071790834172
77.122696137205
77.12198255329952
77.11400815940605
77.10461320962992
77.0919772505884
77.10165935474089
77.11495350817572
77.1142627359674
77.11502101057667
77.1209069300819
77.1092535678878
77.10245415187327
77.08447504455356
77.10059419455449
77.10352049509245
77.09335522161344
77.08228014814068
77.07294168603832
77.06950424901784
77.06169930332534
77.05206799679611
77.04212748249043
77.20070740310747
77.18579238542424
77.17590138278223
77.16845334707625
77.20524239892524
77.18631769160635
77.16873943154569
77.1658022744315
77.20628129073201
77.20147359477549
77.1911028840734
77.17839173524959
77.17866522390466
77.17003076643549
77.16725492853136
77.16632558352326
77.15105439930164
77.15237765276294
77.1791532766399
77.29394149910735
77.28102042304145
77.28800052139584
77.28130336275352
77.27887208995924
77.26716758595184
77.25913044275278
77.24479537724392
77.25728737413476
77.24238838614598
77.22365719327816
77.21340076245076
77.20089216388214
77.19492465296204
77.19349759480352
77.18003256201703
77.20725342886789
77.2277135891154
77.23297914495929
77.22016595522238
77.22000803506893
77.21983630013587
77.21221179793825
77.1934211182117
77.1829833958495
77.177208606491
77.1784989334365
77.1809636228814
77.18480952193097
77.20156501488407
77.18634820161999
77.16914968474464
77.16315093317922
77.14889696525648
77.14134921086165
77.14734522157845
77.15111930305893
77.13758832190094
77.12771955202915
77.12119153267702
77.10451802808424
77.08868937114438
77.07712087161784
77.10610154874806
77.09851548613885
77.10882530199554
77.09614485024603
77.08307570666426
77.07403971208699
77.06060488072461
77.04402848290532
77.05223165175494
77.12773072975938
77.14046024531376
77.22292881895825
77.21063720815812
77.20044074090535
77.1973874624125
77.19273368789396
77.18415788016861
77.26527538759778
77.2514336501334
77.24483023692679
77.23676359561681
77.31410786170397
77.29815286806732
77.28815183799004
77.28709875544908
77.27990743629435
77.26566492686732
77.24980339720477
77.23606976810004
77.2278907665105
77.21884111296865
77.20505940206374
77.19905145854383
77.18285252380372
77.19055537039819
77.17125242158303
77.15889031165368
77.198713195943
77.18818861696367
77.21115397201406
77.2178907924052
77.20522837182308
77.19209057930578
77.20152693460155
77.20422544577556
77.20214652128587
77.20536550350297
77.18866794854502
77.17362032015723
77.16942289906409
77.15599130675379
77.1415243818714
77.12882153124713
77.11478625859645
77.10518468385183
77.09101803992301
77.07867601175715
77.06877206809936
77.13806630473492
77.12330571279885
77.15699573802917
77.14170027409078
77.17075973629125
77.18455993664934
77.17881498711213
77.16941408934882
77.15756000011933
77.1618870695563
77.14696397797083
77.2225456080732
77.20684899740561
77.18899203382722
77.1753299232375
77.17689547789725
77.19090086345177
77.18169919477333
77.16616310510751
77.15298519623263
77.14207690071395
77.12569047711197
77.12973938326309
77.14609912999971
77.13241644021369
77.12946223337143
77.1185219369924
77.1025225781832
77.09578678032393
77.16238666064768
77.15243987225472
77.15965166578742
77.14574060948566
77.13763728057582
77.18257022831479
77.17300914003958
77.15663356400907
77.14389045872305
77.13778427664532
77.13407885934915
77.16903036282463
77.15973024623345
77.14740580598267
77.18082273115235
77.19391645566381
77.17914381431058
77.16905289851505
77.15781662551065
77.146891366454
77.13038965534217
77.13044485883015
77.14647636053931
77.13113229384003
77.13043686939262
77.11865324445962
77.11358985653172
77.0989793469789
77.08611029885482
77.07409431019504
77.0572183840315
77.04679695327239
77.02996475543593
77.01749682202477
77.0236769618148
77.01558999283563
77.02316134122583
77.01949040583521
77.00965989360834
77.06668487891694
77.06589235270032
77.13593660209791
77.12521435432039
77.12131205057767
77.1243266893095
77.11195633449105
77.10543732489309
77.18324405076004
77.1712734258075
77.16780660938456
77.15778986018958
77.14282849015437
77.14187716455208
77.14073562315127
77.13729066308707
77.15120539047129
77.14026853616598
77.12560067748532
77.11166943682497
77.10080904704829
77.08373064066863
77.18044226938802
77.17604676872224
77.2047344503932
77.19337696139058
77.17847960772671
77.17162817991696
77.15681105017548
77.14965688838629
77.13879354710843
77.14535719789707
77.1341608972168
77.1188353326789
77.11206711310719
77.10657971533364
77.09989828071338
77.08032154077158
77.07276020671415
77.09146459105675
77.09419668516031
77.21492480227502
77.20294076563638
77.18726375668632
77.18336626933873
77.16858019534003
77.15500937483424
77.1353076418494
77.2083041365076
77.20355404963696
77.18922989117353
77.18343287327211
77.16639094693862
77.15576029217932
77.16103750385858
77.15785696364115
77.15317875864241
77.2301120873103
77.23618848904168
77.22983773892301
77.26033243299703
77.24817407894679
77.23761012746868
77.22138410587577
77.21576462239074
77.24350676134918
77.2296687558166
77.224799014345
77.31132250577353
77.3098782298687
77.29569644608378
77.28716426552774
77.29070636755294
77.28280179438829
77.26975207423652
77.25520583656099
77.27500993350057
77.40576268445807
77.39243214576261
77.38246683635447
77.3658991908937
77.35528665108731
77.3434263869158
77.3416451885358
77.33106997570678
77.32282763925868
77.32303398410717
77.31808090989695
77.30630777077793
77.29585774839487
77.28114868820819
77.26816619101481
77.26592730966804
77.25039824792894
77.28546034014259
77.35287684867792
77.34947151597969
77.33345399396173
77.32088142485874
77.35724838096695
77.36044271679982
77.35652398615235
77.36533951080274
77.35627268133534
77.35194587230235
77.35057569400007
77.4331777852265
77.43761663496494
77.48518996579838
77.47978443059975
77.4666205622649
77.47139162249333
77.46705621668775
77.51614665390177
77.5128812769101
77.50156933113821
77.5032340044097
77.5082141287973
77.52256953994717
77.52819275470036
77.53434256130092
77.52743291647151
77.52091436964542
77.50968242225362
77.50123291857538
77.5032178565832
77.49516003381468
77.49378651387943
77.51382106803509
77.50010484793702
77.48943535689052
77.47382456788945
77.46811828672423
77.46013928405705
77.45374145306852
77.44130124478535
77.43172908781777
77.47798484176305
77.50763770221225
77.5075417845556
77.49568295972914
77.48724840656061
77.49177540244054
77.48292557712833
77.4773792111288
77.46269301531711
77.4559474007588
77.51086876539536
77.4965506350321
77.5073232533092
77.4970713917429
77.5546416172117
77.55735502022624
77.57551227024288
77.56999488210252
77.55223121138042
77.5448053541386
77.53836210925762
77.52766341893206
77.51273129698976
77.50475951616045
77.48977315946085
77.48071732001004
77.46831622990695
77.45491071577484
77.46822772544172
77.45884996691011
77.46526730718789
77.4622611022734
77.4602811352597
77.46994268678647
77.47970117482484
77.4751590752127
77.47336988162937
77.46772138328774
77.47295493974534
77.4693737963574
77.46824823023711
77.54444226749226
77.52815782703223
77.52389079337814
77.51393194146176
77.5122646005645
77.52363243673602
77.52105268735073
77.51059932662191
77.49561046659674
77.4806040961568
77.4732651156792
77.47123592732376
77.48409493870754
77.47071248982624
77.46844510988558
77.45910229047333
77.44925960683518
77.45276510164395
77.45247907049934
77.49286626682455
77.48342258449891
77.48860589788723
77.48502992316651
77.47346807988254
77.52478289104918
77.50808494183623
77.50851317438386
77.49788360757637
77.49135013868246
77.47380231221517
77.47050283085899
77.45953093377985
77.44789855291798
77.4485203094113
77.43805064606775
77.4279685715654
77.42637464017496
77.41408236225686
77.39800175758747
77.3822456866953
77.37389953991179
77.36185578447609
77.34698756799718
77.33716628489613
77.32938887882376
77.31666612337524
77.30840196744627
77.29481757326684
77.28865850068748
77.28303332616048
77.27366726860086
77.2669002514586
77.2576569055815
77.25732641874238
77.25163758356769
77.24117341101778
77.25197046255255
77.23966397803564
77.23476463310996
77.22853432045326
77.23872836321118
77.24987707332689
77.25318970724587
77.24522124498135
77.27796181674482
77.32420510239453
77.3069539954643
77.29157125142751
77.30426931995302
77.29711823891736
77.28768544281289
77.28056233233139
77.2797236058871
77.28932084364183
77.27618185764649
77.2610307004875
77.25705398101397
77.24489410575858
77.23953083331067
77.23163031905445
77.22860933552568
77.2159731672601
77.25274470995122
77.27427350614636
77.26337105911641
77.2559129927525
77.39329345914484
77.39203577285866
77.38529531087646
77.38263755355563
77.3798214691943
77.40426514164314
77.39907595588804
77.38945269102716
77.37447571492301
77.42147605531072
77.41690359690581
77.40952617765322
77.41670647188336
77.41010682137147
77.39613107982852
77.41316845974181
77.40496848281964
77.39293451145265
77.37979082178187
77.41378447964293
77.39858096740922
77.40073256326046
77.39095611436792
77.37534117783315
77.3589495664798
77.35028534172415
77.34465850742124
77.33210602156096
77.32534935132792
77.32770478338162
77.32651501248148
77.31151378478464
77.29850078030088
77.28295926456958
77.27863161587075
77.26324649351947
77.25062744743242
77.24029089973193
77.24338684419118
77.23411258005562
77.21897949946428
77.21001396156747
77.19871117753749
77.20152711868286
77.1974551541004
77.19201415037843
77.18704573602982
77.21206954391246
77.20901489930006
77.19078301515428
77.17880491206888
77.18969446168819
77.17502204467559
77.22552778070623
77.21756207464168
77.20411418834297
77.20434416182188
77.21522361406753
77.23204783918568
77.23425798952161
77.22779217106856
77.21989298843374
77.20523098289844
77.20039197799058
77.23930590935389
77.24747386890013
77.23780206250684
77.22750615182323
77.21822319754719
77.20409697283796
77.20629799995612
77.20188825244526
77.19034328444006
77.18346278799518
77.18139298543817
77.16859146487185
77.16672611542148
77.16405466731787
77.15828938602186
77.1487849072333
77.13658317230731
77.12471120589136
77.10827340106349
77.17621992022492
77.16561130478229
77.16461117803739
77.15099757402538
77.14001374128388
77.1458105754437
77.1317193113782
77.13682278156419
77.13589354291592
77.18363436563149
77.17349065144857
77.16697391320989
77.19033244587179
77.19383340499175
77.1826697616268
77.17028827142785
77.15526574408567
77.14206971093206
77.17398506261628
77.16506832395203
77.15249311855074
77.143764543244
77.13995355818741
77.13695001781176
77.20652291956455
77.1923933147524
77.17835837681722
77.16549895797918
77.16873758474436
77.15929926764763
77.15616847925983
77.15751327639937
77.15107357501984
77.14768125686184
77.12905767338675
77.13631485918442
77.13553898518325
77.14088195886357
77.12847531808389
77.11480667550661
77.12354197063665
77.12499055640515
77.11150914071142
77.10767275733302
77.09506031730555
77.09087771521067
77.09502978770814
77.09557435025039
77.13935169112791
77.1281055358598
77.16194060415798
77.15508791110264
77.15650709278941
77.15124294227493
77.14390869500915
77.14245346625987
77.13982170779317
77.29204421061122
77.28782250146446
77.28697928553753
77.27404504558018
77.26744423086934
77.27468021824181
77.26809691674976
77.25736036964747
77.35447599979678
77.35094276565317
77.35591475794314
77.35751360661628
77.33962489411036
77.32530284131694
77.32131520800698
77.31599389121853
77.30766577412524
77.29866082979049
77.29311479484373
77.28586472586153
77.28131698660461
77.26930556587362
77.26577176123595
77.25590648217634
77.24620306420753
77.24321153284406
77.239325398584
77.22597060923408
77.24819284641997
77.2449507537513
77.23697620280444
77.24006079221799
77.22861945848689
77.22220274409221
77.20716581882076
77.25745834337626
77.25542277517786
77.24830477616851
77.24314485304427
77.2308701767641
77.22222106282173
77.21363655465548
77.20184276480566
77.18549059312896
77.17550884334086
77.17458903971263
77.22499281290793
77.2129459768601
77.21132844782346
77.20022811825102
77.1883829384076
77.17927096903391
77.16369074651912
77.15852925851311
77.14198118557361
77.14151772400281
77.14206664742734
77.179651099373
77.1912459479438
77.17586715363544
77.16688286215863
77.15402983761423
77.15365992452563
77.14267160865698
77.12744199650504
77.17713254278527
77.17607958544984
77.16479364495754
77.20434516275414
77.20638432933318
77.19698285829263
77.19618861450742
77.18842366978247
77.19045089379746
77.2660169235567
77.2553976919723
77.26325490606155
77.26754950516438
77.27308844933142
77.25820622828182
77.26430696130699
77.28656717356921
77.27324524202903
77.2590465630899
77.25372580022527
77.24067977232217
77.22990815133114
77.24650070390531
77.23729746564496
77.22874528658303
77.2293392624867
77.21992932620522
77.21096216745448
77.21293469909838
77.22108085757675
77.21616780890653
77.22184682496238
77.21147225177745
77.22688165062492
77.23198136445279
77.27488724191818
77.25931765835705
77.25099908341696
77.23894023630353
77.23014041219477
77.22048600973652
77.2135835611056
77.2031461401335
77.19121384587599
77.18784661538986
77.17861007222979
77.1671878308256
77.1582568483889
77.14360015583831
77.14192143981393
77.13416191377777
77.12043933937036
77.10865831032073
77.1057236166251
77.1023609305905
77.09250051790026
77.08023751935227
77.06535334401316
77.0600249959619
77.04955030797892
77.03213640051872
77.01963333553154
77.01159562233005
77.00568284817399
77.04611207264533
77.05161623380255
77.03790463318241
77.04856210846847
77.04502313261847
77.03722106441917
77.0292465130138
77.07977572335312
77.06569268431845
77.05008036575423
77.03780381356923
77.02671534129476
77.016230033216
77.0103669047323
77.01254067682957
77.0054567583771
76.99554991263861
77.03528709422092
77.02968202438103
77.02392427525567
77.01187447355922
77.00288627400671
76.99703183613326
76.99720574418431
77.0264054943764
77.0245456878403
77.02685824411984
77.01828768062096
77.01376233886485
77.01158431088386
77.00412630147954
77.00510309588104
76.99548035648236
76.99886368623552
77.04427918084984
77.04199804865054
77.04172962861658
77.02521085309553
77.01986910994917
77.02396877751994
77.01193023469366
77.00821357375438
77.00653211059071
77.00967861476013
76.99718174427666
76.99441658317215
76.98972493526982
76.98858019950569
76.9756840050188
76.9623332017133
76.95401426861154
76.9607273046822
76.96849447543885
76.96555469592779
76.95158818286399
76.95096098369504
76.94290636260506
76.93187045869767
76.92083745515308
76.91227978793057
76.96253585090989
76.95299684086369
76.94125734958111
76.93891536229734
76.96924750785517
76.96215238547913
76.96711466759282
76.98301710722215
76.9717415622201
76.96118591680256
76.94866755720857
76.94906529123989
76.94012643041451
76.93181924234696
76.96794634844805
76.9639200541948
76.98371240398421
76.97559563546383
76.98945509537765
77.0186002558864
77.01290825207171
77.01342282579503
77.0825893130503
77.08106198160435
77.08459775364302
77.072567383898
77.06750673569482
77.12135493193487
77.13067923069771
77.11751029115987
77.11687462604469
77.10755764928145
77.10600462672915
77.09691599255834
77.08855542521323
77.09044513635756
77.08514465586208
77.07131972506326
77.0694589189761
77.0559533778453
77.12222481746541
77.11099794181575
77.10317794805944
77.09007944642586
77.07720133906714
77.0679154765411
77.05367424608171
77.03709592648048
77.02994061946613
77.02022214682705
77.00901956425488
77.00120330322609
76.98865848865785
76.99116031496753
76.98767052104766
76.97926002019103
76.97260413075564
76.97466440733314
76.9685493758601
76.9580399007759
76.947538097848
76.9447938457374
76.93890740141161
76.92911072774517
76.92236478983561
76.93231720340884
76.92670148369601
76.92102027301499
76.90920094270051
76.90404397428591
76.90169660326518
76.90844668788671
76.9024182837843
76.89027069692568
76.87776407028767
76.864705499326
76.85467033548471
76.85529218618457
76.85666022163902
76.84870358653278
76.83822236387766
76.9045263684837
76.89710411347149
76.89361823879777
76.88246053397181
76.89269020284907
76.90208323408918
76.8913796427646
76.88170118185346
76.8759966171972
76.87868842027954
76.8692159281542
76.86497467873019
76.85364111834463
76.84872966039748
76.85717137923666
76.85051559052853
76.84024333928647
76.846127404219
76.84455724134155
76.83259430576491
76.82631490146828
76.81841256928168
76.8042607109853
76.79531543701493
76.7867014499303
76.81285048235318
76.81288229542297
76.79947388568047
76.788820144593
76.7776792122265
76.79471459538176
76.78054168162815
76.76942209684086
76.76288385290849
76.75619570364046
76.7437610721538
76.76608746057431
76.76301558110491
76.74997446759458
76.74241194020931
76.74554441806241
76.74962664101304
76.73963876395251
76.73807649236964
76.7336978762208
76.75384405052048
76.7392401206284
76.73541872977711
76.72347598994544
76.76366374677582
76.75718318388542
76.74449527544648
76.75218837315514
76.74794114147805
76.75636509693409
76.81390021297709
76.81089782864518
76.80385725019367
76.7987211424385
76.78600320900789
76.78294983837166
76.77354980885298
76.80886708964688
76.79930784907727
76.79082628567267
76.77913893389055
76.77600123780906
76.7640638450937
76.75012578404711
76.74832786733093
76.74046671710538
76.7294820042064
76.71534225213462
76.76281960606575
76.75715831070323
76.74340238476842
76.7452923141666
76.73418266542497
76.72472142391923
76.71770350237533
76.71189529641065
76.70929887041976
76.69936556183043
76.68740935238925
76.67932534595491
76.67846520197106
76.72256439381255
76.71597337203133
76.7038814396246
76.70255433227017
76.7030508398917
76.68878179464147
76.67750446213809
76.66880688444938
76.65536947529479
76.65209283685512
76.63973199892254
76.62871827792924
76.62331102033174
76.62984812944218
76.62354269044974
76.61252488419336
76.59919625038508
76.60569115030057
76.61544368421653
76.60821257396178
76.60744715118605
76.59962243250983
76.59860030488045
76.5977069103804
76.59429236247978
76.58750581716741
76.57643132014323
76.57929260657006
76.56710357538236
76.55520613030144
76.5458842077852
76.54340853971016
76.53513437170473
76.53671234658988
76.52190573221004
76.5164092681045
76.52554197156911
76.52309685096643
76.51381508497063
76.5086472379953
76.5831648113487
76.57585558575364
76.5649484857209
76.56921107910986
76.56012198458215
76.55292687384271
76.54231469770002
76.52993148167928
76.5210138026093
76.51983966514553
76.5110207566719
76.51176622412244
76.51576865290252
76.52400079532825
76.51947419601296
76.5130845341248
76.50292788554592
76.5024684793809
76.48862039472891
76.48061411561166
76.47034703378266
76.4718166935121
76.45629276870007
76.44509762348997
76.50585301092215
76.49364552855674
76.47819156651596
76.482783637728
76.47401182762793
76.46091561412277
76.47327589229026
76.4688613324841
76.47460663862289
76.4625473119626
76.45432009307186
76.46299130076547
76.45564655858344
76.44573953448968
76.44080383642367
76.47318650456192
76.47209294928021
76.46815743419684
76.46722017746262
76.45671071560402
76.44681114117324
76.45053157641719
76.44855064533482
76.44479648473904
76.4336863781286
76.48002231139208
76.49070940881158
76.50804728088224
76.51326577170872
76.50708519113408
76.5004070079988
76.51317809973565
76.51240871658383
76.57594257789322
76.56860767210988
76.5637940626878
76.55430801048057
76.61196669413094
76.61575987534938
76.66630709641382
76.65338386716884
76.64339574965159
76.63758268450269
76.63042915276807
76.6369380941297
76.64751342328614
76.63531157286397
76.62600763967612
76.66985504179253
76.6735544608689
76.6616330325889
76.66497208947136
76.66317850662197
76.6582395697721
76.65822837491444
76.64984667097093
76.65087728886829
76.64615015174854
76.6494501399394
76.667827362026
76.67397626944454
76.73417306797417
76.73713038632187
76.73386349845771
76.77829687573208
76.80436114268588
76.81443276669911
76.88466746117695
76.87556375721317
76.87345350632043
76.87418974327927
76.86071810296689
76.8730385957968
76.94299525832174
76.93110825202425
76.9191642548135
76.91791290285114
76.90949726200247
76.90056354441542
76.89717344478802
76.88822445453093
76.87577634480311
76.87289981169532
76.85968256425858
76.86464385919588
76.9209769090255
76.9220864431518
76.91384721874118
76.90232032985425
76.91499605097893
76.90626585236623
76.8912194265339
76.88053215409371
76.88402507144615
76.87527507286481
76.88035739811205
76.89465644583571
76.88406335957085
76.87548350408989
76.86366555035352
76.85478879564403
76.84984013285431
76.84266326023472
76.83452373713403
76.82856630763139
76.81855787393881
76.80775602048172
76.79759748508158
76.79056343978976
76.83985003960767
76.830536599132
76.81926863764106
76.81279710233285
76.80396462906678
76.80152314095484
76.79184566603766
76.84753193608177
76.83839654804281
76.8742123363925
76.88405501381729
76.88568112588561
76.92205660528568
76.95267152798061
76.96636638830203
76.96051611047191
76.9544238732747
76.94529220464057
76.9406276235005
76.93118636952931
76.93983168137645
76.93798226558458
76.92706242568879
76.93124355825856
76.91954658885061
76.9094433385453
76.90159629245619
76.90281911135132
76.89790435230196
76.89054783587098
76.88051589141936
76.93374476292934
76.92321022582676
76.92567718178805
76.91816161019462
76.91122336952418
76.92312934608779
76.96818130496919
77.04812362250381
77.07615178144579
77.07883802940268
77.07518320901991
77.08062020961044
77.07854290856984
77.07610847791817
77.0661405274277
77.06794034474491
77.06521229002887
77.05222732645072
77.04625714729168
77.03700817508717
77.03812913143784
77.02759335542672
77.02433197122487
77.02120820307265
77.03320111810095
77.0259111545531
77.01609370885396
77.00441598004856
77.00637886206114
77.00053940902315
76.99792144267636
77.00319917794543
76.99245634426491
76.99766281239852
76.98993396222868
76.98523159064389
77.02764320606536
77.0144802181093
77.01435274862399
77.02324807457626
77.01941246086719
77.01154172030701
77.00489568326438
76.9979646198924
76.98889722826422
76.97745269708433
76.96996156756191
76.96599856036448
76.95474555495305
76.95271727612584
76.94467773140275
76.96092065887302
76.95102147064989
76.9465217534643
76.93669922442889
76.94571622058112
76.9846788485671
76.99454718326908
76.98636786367015
76.97872728416361
76.98244860197174
77.02071210630545
77.03708288512725
77.03027490875095
77.08001540604508
77.07392363106378
77.06856536587668
77.05824289127649
77.07619714447947
77.06683370319317
77.06241223330876
77.05027129945829
77.03791734986919
77.03008801919785
77.03287404156632
77.03581314973194
77.02494489151543
77.05645216197627
77.11163990062266
77.12303149077601
77.11217743133848
77.10741578881553
77.11349449517157
77.10725393064932
77.10915355410619
77.11044542873499
77.10379658118268
77.1024290401503
77.09214018394921
77.08319115259195
77.0743928324725
77.06452796314353
77.07095316226984
77.06158979852516
77.05713936243538
77.0476531431165
77.04620113138574
77.04736885728317
77.05869106104514
77.0516416523982
77.05410665567604
77.04474747140802
77.03404525954954
77.04333071066783
77.10713800963401
77.09994140855972
77.1081421893576
77.1006726879666
77.11132134555483
77.10530486727241
77.09487464727187
77.09232547873499
77.08337495766774
77.0733029692579
77.06327675046809
77.04801453451411
77.05445676863465
77.04622572988886
77.05926304594486
77.09885118542046
77.09696689370091
77.0850275009086
77.09037698310766
77.10854162622297
77.10308340433481
77.09698272674977
77.10918104389253
77.11294542329945
77.11497870710731
77.13001618815903
77.11807182987123
77.11203165222831
77.10583540874781
77.09532470316192
77.09027873994741
77.08389041874246
77.08714093804899
77.09241062172492
77.08476842827962
77.07684723164947
77.06630940081706
77.06103480981042
77.05258921913716
77.05014470486414
77.05262573717096
77.0437566572459
77.03829677848626
77.03711675281869
77.04848997023103
77.03975456258654
77.03851802813233
77.03471819960119
77.04008657696072
77.03437432381999
77.0256334228715
77.0155068972172
77.01174872136019
77.07889299139232
77.07920706422021
77.06996140918876
77.06202300521528
77.05228854627505
77.05232750598105
77.04778468032583
77.06858877355073
77.10472033905904
77.1352715748564
77.13643382151018
77.13555142893594
77.12870451944787
77.14000439356201
77.13729507672753
77.12849522133081
77.11894621499604
77.12040797972674
77.11912659097935
77.18004766829662
77.16799572564884
77.1589448271282
77.14980316409759
77.1785921288572
77.18140349516389
77.17703606199898
77.16676553757685
77.16838254413636
77.17473151289254
77.21276965221088
77.25133296951272
77.24085840263412
77.23123308447695
77.21887690964266
77.20916827317686
77.20237183363248
77.19877173277911
77.19364485071003
77.19185244824006
77.18803060506053
77.18475436917706
77.23874974032266
77.22974000187745
77.23087613739989
77.2189832589278
77.22352300022767
77.21744554613677
77.20657629945474
77.19694887019837
77.18964741170169
77.17964336460571
77.20206600985242
77.19980988522622
77.19020636477849
77.19257923566859
77.18381674157342
77.17315585138647
77.16654164348434
77.15585659170866
77.16776645967505
77.16604159622479
77.16144809499819
77.18438620272923
77.18055080180137
77.20022502866178
77.20262321374996
77.19793295927137
77.19158267618423
77.1953773874927
77.2111733648339
77.2068914029222
77.20109656944854
77.1907750477704
77.17848417901871
77.18887817703965
77.18913967611073
77.19291746788647
77.19394508727196
77.1924310421566
77.19812155158654
77.24336700212916
77.28013404273321
77.30213822932217
77.29434016806762
77.29407147109758
77.29165891326564
77.34825494655342
77.335181685055
77.33665862919175
77.41284615212808
77.40810396126211
77.40621705337684
77.39590486503455
77.38251265855075
77.37460579048624
77.37942329308471
77.37851330675271
77.3810573558856
77.37113680755495
77.36990610353084
77.35932978270614
77.35161891972618
77.3895796414765
77.43694959781445
77.44256526886065
77.43163621522233
77.4256534092956
77.42953587019782
77.42210283614816
77.42151857442721
77.41074744801517
77.42650956633463
77.42823039609087
77.41709428663366
77.42307932914515
77.41965045056571
77.41631952576495
77.41614848387707
77.41205350425875
77.40319666784355
77.40634261753134
77.40377961943031
77.39505008379912
77.39233048522365
77.38692247290498
77.38501351944008
77.38718046702547
77.38562061434598
77.40785717513911
77.3980796665962
77.39247595693087
77.44695500570282
77.44131553529651
77.43486015029356
77.44054199274022
77.44146633411336
77.4483116358176
77.43963507382904
77.43129619320526
77.4248232437281
77.42277295971661
77.42252712381146
77.41651758587174
77.42265553482088
77.4148408792171
77.41482842080663
77.41641120976264
77.40475607301029
77.39487974887483
77.38167437440399
77.37359741933842
77.37249944343873
77.36642926185982
77.35576205125848
77.35898065763516
77.36310008833298
77.35608385749485
77.3531316210874
77.36601353324234
77.35654685362618
77.38084022847278
77.38631649889265
77.39822279796739
77.40016484429418
77.40011605240538
77.39549415071797
77.41358615513806
77.40590734880173
77.40688461802529
77.41057437602554
77.40554718140268
77.40384197974558
77.39197667505009
77.38378750492615
77.36981610395523
77.35987901568114
77.35522966254545
77.35243842195091
77.34136029301662
77.38638550475929
77.43097969375528
77.44849456965042
77.44831902748678
77.50650984746964
77.50014575756154
77.50777417200483
77.49680008519779
77.4897686662091
77.48841734487108
77.47869531582519
77.47841465050908
77.47628377747725
77.47555862921128
77.47111207469943
77.47164380334034
77.45875771999034
77.4566379501706
77.44418768384402
77.44646764752655
77.44188761738134
77.43362149319391
77.43259184006791
77.42869252722332
77.43563178440066
77.42738183648838
77.42545570391664
77.41800051274882
77.42287579911566
77.43502971932986
77.42737168616739
77.4201982558097
77.41512907707084
77.41940507207906
77.42149209276074
77.41204871523995
77.4030118799285
77.40639552747153
77.40525532457528
77.39783095517313
77.38786013422715
77.37829822369078
77.3817229353723
77.38828175491422
77.38702115976034
77.37780724392651
77.37067267131526
77.35942268006437
77.45615834122546
77.45368298299138
77.4425483983083
77.49121076818203
77.49510870054951
77.48514078009842
77.47691110238242
77.46850180690237
77.51827972984015
77.52382713982229
77.52418597150026
77.52697745230641
77.51801074298076
77.51589592979475
77.50880671607123
77.50085105395189
77.49151782056583
77.49891352557238
77.49348039128743
77.5054524278427
77.50543997956349
77.52723095118866
77.5541303548315
77.54528963672645
77.59480570208986
77.58509092228432
77.6044368003075
77.59558786253045
77.6008394161949
77.59373511990711
77.58134969239053
77.5701687124846
77.56682282871456
77.56264931269932
77.56769651679353
77.58331586272723
77.6175628695766
77.6132382948306
77.60595628410931
77.61188475979226
77.608298165488
77.59809087334547
77.5865626242606
77.57868449694338
77.5813290792697
77.58553887242671
77.57605252925872
77.57296242582181
77.5654324830893
77.57002110109563
77.5610920545705
77.58728509849453
77.58604874155608
77.58763233735714
77.59010821396569
77.57986930914197
77.58186782262631
77.58868574067824
77.58439235916188
77.58181813960606
77.57813559381519
77.5666816502558
77.57812709732106
77.57185583195086
77.56311642268919
77.57659057548615
77.56756744634451
77.55842026145244
77.54915923611186
77.54275443146868
77.53799053011171
77.54681635389092
77.54045319403986
77.53322356646179
77.52728987004141
77.51669729463393
77.58951892371407
77.58042557464336
77.57221606411377
77.57422602218864
77.56426500309044
77.55552143715272
77.5544884743059
77.55497879121917
77.55160555570824
77.54613723514673
77.56221076113408
77.55097218179029
77.54239141654168
77.53019175097906
77.54153803078393
77.53510516676772
77.52835534178024
77.5345040606569
77.5277648221303
77.51631293326248
77.50813691847803
77.49841908223307
77.50326167394685
77.48995811466604
77.48348253998192
77.4801272306606
77.46789519817798
77.45720716660291
77.48458916083945
77.47896361088785
77.47353982663243
77.46943186686137
77.4589786145891
77.45705184999403
77.44466984232712
77.45259642496259
77.47350060617742
77.46778905585401
77.46048103881066
77.45818263318478
77.45233215259204
77.44145337527863
77.4303686910095
77.42104913079947
77.45460523238597
77.48991435789738
77.54742178435183
77.54576413679499
77.53454812646304
77.54353872412817
77.55243108046507
77.54347751123893
77.54433073990192
77.53634204760161
77.53676420727957
77.53088674207372
77.53002211063767
77.52847027935
77.52557231736313
77.51642804066618
77.50979040198798
77.50142662032508
77.4929992942785
77.50767415413169
77.54073652610121
77.57093281477417
77.57896388151904
77.57014862633916
77.56041166602981
77.54887258398236
77.54398340811936
77.53316735285931
77.52348452347975
77.5146925086809
77.50633361079392
77.49805651745315
77.48821396685467
77.48029723912673
77.48251368280853
77.47763833862683
77.48044719223046
77.4774585417324
77.46783167591663
77.45288912710936
77.44952270264886
77.43951408700391
77.4649100557452
77.49853756881403
77.49234336061923
77.52030682346378
77.52299043996126
77.52162285542323
77.51831056487666
77.55183319104209
77.54783844456604
77.5375016360105
77.53396287058482
77.53351689232444
77.53844991975332
77.5250219751272
77.51799396232322
77.5117377282841
77.50130199544691
77.49830979702277
77.49357873458054
77.48282316864852
77.49607174411472
77.49007700079453
77.48448542105184
77.47705496310982
77.47398010927476
77.46060871810056
77.45232220853887
77.49577792355103
77.49344604943592
77.5499992378841
77.54538203963394
77.57979641693339
77.57919913315592
77.56985836259449
77.56015727981196
77.55374374652844
77.5420207463351
77.53651315919284
77.52663329695093
77.53341550839353
77.52605135841871
77.51401536080675
77.50481811909424
77.5172180667603
77.50984024555164
77.50421307993838
77.49848000724793
77.48835658042661
77.47935113187145
77.47782370558302
77.47239064565659
77.47595074149125
77.47127125470647
77.46424542055097
77.46745865453025
77.45814823848386
77.4964136454035
77.49111542067303
77.48512862859634
77.56140239450463
77.56914551800575
77.56300821966822
77.55811123822407
77.60798873893192
77.59761391356284
77.59046866695597
77.59785212682029
77.6230833355824
77.61742771853474
77.6131267576185
77.61190958796541
77.6207952629974
77.63038644678453
77.63805731348343
77.6298180331984
77.63434178546842
77.63332886073191
77.63464314183618
77.6229381023424
77.61806094060846
77.61771585756506
77.61199687669462
77.63994138711544
77.63245574073612
77.63583080413018
77.64297941072809
77.65419821882584
77.65771707929274
77.67943045925774
77.70245768855193
77.77075396614391
77.79947788521336
77.7928542363631
77.78728947850671
77.77976245201977
77.80580990159191
77.82698860866614
77.81619558983661
77.8074239456154
77.85645925091055
77.85207148954865
77.84447156044902
77.8380279366699
77.83904082228972
77.83164952620342
77.82596134430489
77.85484689561443
77.85550700914581
77.88272318741845
77.87504709151483
77.8763529042795
77.87141072148229
77.91181698917458
77.9014585913997
77.91247782445393
77.91695206283563
77.91294819208797
77.90437581902843
77.89681420692875
77.887594000862
77.88679943290677
77.8761453798118
77.87375478754599
77.87830708261976
77.87958302426243
77.87352407523218
77.8651411992648
77.86903935728819
77.86255517305267
77.86781798835942
77.87079260491831
77.86317674147715
77.86199242210186
77.87232129960447
77.86356483654355
77.85432713139454
77.84237393389073
77.83499458691239
77.82755399388971
77.86199610045267
77.85432226698585
77.85930203788396
77.85342456065942
77.85028047517439
77.84153480320849
77.83573804427921
77.87586320076623
77.8792524136995
77.8745506802902
77.86851169806137
77.86526057987547
77.8548426854796
77.85006083619832
77.84590026608427
77.84876038633728
77.84081982664323
77.83100904018644
77.82346779398557
77.82691982888645
77.82962578056942
77.81663270269951
77.80809327437035
77.8095386669243
77.80027157651043
77.7920955748385
77.78489791946923
77.77494944394272
77.76638310830299
77.76171275810285
77.7550229466671
77.75013136768801
77.74247596350783
77.7410415273936
77.75164775033691
77.7415639403377
77.74480481984078
77.73707496114645
77.72486898589833
77.75447029300474
77.74430502951769
77.74054704778194
77.73304311647064
77.72758251975448
77.71890613398092
77.71944758596713
77.7114152430293
77.70125698401053
77.70223310984251
77.7080105996734
77.6968558491371
77.69582034898356
77.69120304615338
77.68062336974397
77.67286667334626
77.66905576933765
77.68970276107883
77.68322355505276
77.70589653968811
77.70946912997913
77.7522176037923
77.76680420131552
77.76750828999465
77.76150710059254
77.76066997177244
77.75434056046551
77.74961354847558
77.7588689775917
77.75046225327712
77.74698692120378
77.73763291714891
77.72657562198793
77.7500376746919
77.74943979170216
77.74169074102889
77.73572193658127
77.74593557941314
77.74004325225508
77.72882857659052
77.73333444379716
77.72371256712411
77.73883445031065
77.7295390144114
77.7205170013744
77.71542408157077
77.70894009819528
77.70254757232476
77.6946191979284
77.72977939510938
77.72337416204896
77.72984340372464
77.73254290698553
77.73645260100233
77.7235196816761
77.71827219615207
77.71035454099228
77.710639259351
77.70594590792702
77.69922764951532
77.69249463687133
77.78639858825696
77.78849011700237
77.7827964915804
77.78056748845874
77.77058015280994
77.77527987482328
77.77866425018499
77.77967779207141
77.77886689294245
77.77279414238082
77.77799573263057
77.76850453951961
77.7680587348105
77.76666908499878
77.7730447861076
77.76813549766673
77.87321650064153
77.86579666208353
77.88658195581947
77.87965105178792
77.87559263032436
77.86997174853875
77.86172599110164
77.85987093142346
77.88953643348842
77.88379174658276
77.87565852622078
77.86665549388924
77.85311546658589
77.8510934537599
77.84137571640986
77.88132636248147
77.87359831535674
77.86715705734645
77.86024215027776
77.8546014666093
77.90162939495511
77.8896528454339
77.88733077889583
77.87734715622533
77.86594596586966
77.86002807160173
77.86128514150828
77.851031974199
77.84708150156297
77.84169024125379
77.83212563039433
77.82515634566784
77.81739491753295
77.81154491652303
77.80409327531972
77.79408239114754
77.79694392547638
77.79183010202628
77.78323139298975
77.77771726841583
77.76859045184452
77.77982006921746
77.78122023660309
77.77736175850785
77.76637271665544
77.75840183863366
77.7605208512426
77.77307284779991
77.77240620697464
77.77729491864879
77.77266815394624
77.76553146978532
77.7585316576443
77.75290693932845
77.74350171465827
77.73455138782025
77.72495499072542
77.72145541259982
77.72446348203499
77.77213680363535
77.76099605432319
77.75931167621927
77.75039368082837
77.75424174122925
77.74231544368298
77.73165406799161
77.73185143540489
77.74885694649014
77.751679701385
77.74555706711698
77.74533378090952
77.738133233129
77.73618996815556
77.72921891039367
77.76341498874594
77.76677679827071
77.7576234793924
77.75797654299751
77.74851714212272
77.74121938805506
77.73190255452863
77.72416754419636
77.7195333154578
77.7194792971971
77.71052291816856
77.70638866586626
77.69841108256558
77.6903261049693
77.6932729417575
77.68676631793316
77.69564994632378
77.72656517448895
77.71906335291236
77.74980642722848
77.74804249545484
77.73847206977553
77.74235569800298
77.73060898978102
77.74642704243233
77.73537734749097
77.74480074939828
77.73607507514531
77.72460862378921
77.71987460385742
77.75135121716457
77.74724420616278
77.75322676300522
77.74589343978559
77.74169557247247
