33.814613342285156
172.84328079223633
135.5452880859375
121.6618766784668
102.80481872558593
92.71481386820476
85.60016795567104
81.98522758483887
82.01169331868489
85.56056594848633
81.18775038285689
93.34300168355306
89.04875241793118
85.40109525408063
98.59621225992838
97.17214012145996
93.31783777124741
91.09222210778131
89.33557962116443
88.37798795700073
87.36981809706916
85.68209968913685
83.42060644730277
84.16516486803691
82.7346166229248
80.60750821920541
78.83384471469455
77.09064197540283
76.008625688224
74.65052719116211
73.73122233729208
72.47582757472992
79.21766928470495
77.80839807846966
76.91473345075335
75.99220381842719
76.50957922033362
78.6385249087685
79.13461303710938
78.31746435165405
78.37881237123071
77.12991614568801
77.11764127154683
78.60813687064432
77.32962125142416
77.4279959720114
77.07601023734884
77.18069811662038
76.20387159075055
75.44610549926757
79.53403861849915
79.14951485853929
78.65396067781269
77.89015416745787
77.85708042491567
77.0972604070391
76.69953838147615
76.54142550764412
78.40055950617386
81.87968571980794
81.47142854284067
80.91182314965033
80.5529519943964
79.90554249286652
79.56255927452675
79.05798524798769
78.79257657634678
79.15517728468951
79.38462398363197
79.12039887564522
78.28319533442108
77.61118708716498
77.00819679155741
76.1976015761092
75.86621480305989
76.95176255075555
76.37580881490337
76.28220504369492
76.6570889436746
76.29361553192139
76.92607898476683
77.40040811678259
77.1738534031144
76.93138722011021
76.40686780144186
75.7900278623714
75.40029729645828
75.43796294385737
75.45831519566225
77.52517172495524
77.07304292196756
76.88894472951475
77.04981734163017
76.8316960639142
76.49502541391473
77.93149004379909
79.12122630089829
78.92641859638448
78.77088822258844
78.34612100601197
80.32675573141267
80.17411738750981
79.84422974447602
79.60092491369981
80.23163181486584
80.95407671298621
80.92331280218106
80.35489490297105
80.13842183734299
80.0266208822077
80.20514196103757
79.8468496288572
79.46678457006944
78.97606975153873
78.49119708849037
78.33079523875796
78.10525983826727
79.21094036102295
80.22779616989007
80.18126991589864
80.11502095687487
79.69524750944043
79.27876979548756
79.02036580731792
78.8760591430664
78.38211077735538
78.13137907493771
77.8492938876152
77.54996783234353
77.21187201279861
76.88551164583396
76.82298275918671
76.62997410709697
77.87658301396156
77.42822447882759
77.05511125396279
76.75633021166725
77.22756143929301
77.07137933909465
76.99725509371076
76.92503415100964
76.77871734995237
76.61277734983217
76.2526611354616
78.41485949549181
78.39926488432165
78.3011121036244
78.13304714254431
77.87657745412533
77.61863224029541
77.6773558231379
77.75877921204818
77.58427894193363
77.52835208100159
77.39423632467947
77.26306063089615
77.03022784336358
76.71907686885399
76.7678974199595
76.63426922559738
76.3696770164537
76.1035052758676
75.91693778710862
75.81764294461506
75.99314185633804
76.09630868521081
75.8363484708135
75.62448200725373
75.37707852470804
75.28799836775836
75.285968836288
75.31839964001678
75.24144842996763
75.25982281257366
75.16757017953056
75.01002301953055
74.83023671511202
74.56722222017439
74.44992315835793
74.29626319673326
74.39032866546462
74.12732639941541
73.87213780971173
74.52375573697297
74.34023119952228
74.2912491418982
74.20804757102925
74.06071293607671
74.85778598684483
74.59148526442678
74.65766162772454
76.45419485370319
76.44209027660943
76.38961669096012
76.24117356324807
76.43836565406956
76.77190553113289
77.04696057059549
76.7943485681735
76.58487771034241
76.58375945020077
76.40951886507544
76.15514897125695
75.98097615148507
75.8772429024301
76.45956295902289
76.26441799845672
77.07516317184155
78.04340080553264
77.95985397157214
77.85087893698453
77.70211382631986
77.47428632566067
77.3059366529233
77.07719608573026
76.97649707617583
76.96221680355511
76.81105845565097
76.66548883969381
76.53382520675659
76.41897221388321
76.48405904168482
76.36758702539008
76.77695566415787
76.72289678785536
76.89752753434983
77.84129302407152
77.68462740747552
78.2803600011434
78.37504037774127
78.2001134616472
78.13327892073269
78.10352332806895
77.91282817644951
78.74716635359094
78.90882867877767
79.07796244078045
78.80485337922553
78.62189903817915
78.3877247929573
78.16614261405597
77.93738952747061
78.74278327957593
78.53840250656253
78.3533338391051
79.33250806777458
79.50554667407202
79.32861393882382
79.32410009223294
79.17891946029663
79.0798282661286
79.10907375623309
79.09941471612501
78.94484133607759
78.85468982995725
79.58955317363143
79.79555294393101
79.72585603802703
79.53833864646529
79.41004831974323
79.22929212416726
79.37179795112318
79.28153418406788
79.29925185622591
79.53287049419475
79.4302539789587
80.50206840529424
80.29897516521055
80.23655577663152
80.14144909116956
80.1395571135067
80.12988848195357
79.95713795323076
79.81571097617602
79.79899980371648
79.61056574185689
79.44729193195109
79.39051370483509
79.39992675302703
79.31023220675333
79.19863955745494
79.03758192738742
78.9088004183011
78.77411790297064
78.64445457123874
78.6930051049986
78.62446900278019
78.5875739024745
78.42142489542185
78.31315121157417
78.28640587469147
78.24781274468931
78.14179396710705
78.02387176889951
77.97528297618284
77.85366447874017
77.70652782876886
77.97347476178368
78.04645210763682
78.04457513491313
78.02956303251146
77.91701579883399
77.92729410165214
77.84572407132701
77.80926245079665
78.50263140871634
78.36733088353557
78.24116408670103
78.19945767165002
78.08737586544406
77.99068138453738
77.99008432107094
78.6497819218011
78.54000005600558
78.67068533821711
78.62148230890685
78.54554535838707
78.42300552092259
78.46210118894666
78.40756557285786
78.2305418323505
78.39387699091657
78.4235067662809
78.35365823757502
78.18933463169978
78.15252721529066
78.3888256615455
78.2444360983081
78.22012709121935
78.11633276216912
78.0617430390188
78.02349153484207
77.91490074535749
77.81860471200086
77.78665931758596
77.86633451495852
77.7553610957341
78.04580459086853
78.15188653490185
78.12355679624221
78.04508342071712
77.98952358926249
78.02740269152137
77.96900272092154
77.84367428931637
77.81948871006166
77.76037285169882
77.68052289403718
77.94796986566232
79.39960394450597
79.95855162693904
79.92201098257846
79.80877780373982
79.67575516943204
79.68269650902546
79.68085492326972
79.68633528583858
79.58597592135382
79.48307385617312
79.48901171949174
79.55573274554308
79.44671382956741
79.31873034380027
79.30833567891803
79.33605403900147
79.5945562847325
79.65996198888045
79.5967056621676
79.52118101611048
79.47729120770016
80.14409536428529
79.99829804256399
80.54417093445724
80.51131228329663
81.1918451868693
81.8664755034954
81.84485336070983
81.753410604265
81.76377206616162
81.66504802954825
81.6753257816545
81.61385217886321
82.31056962623298
82.16992525011301
82.06685871025185
82.07837646118718
82.00370264915841
81.88352726169468
81.83260636464489
81.72061204910278
81.57736061418147
81.55397449950783
81.84797528439199
81.82870692287
81.73204320352289
81.62756291543595
81.58799676150458
81.51730518964068
81.46262739893787
81.33891737699508
81.21674746230356
81.22389966812892
81.227037394313
81.310151182779
81.34906655535286
81.43159078729563
81.30229109921092
81.33242287121567
81.19842095829746
81.13897696937003
81.0793274208867
81.36346885764483
81.41336039480805
81.51378685264771
81.77078157218106
81.68130011054186
81.7036333175586
81.85067382383575
81.76596358169519
81.64827558653695
81.53600702036589
81.40133744054496
81.50017757956863
81.51384752426507
81.95695358500761
81.81425600768254
81.73699108945681
81.59416150823932
81.47038609831483
81.34647940036862
81.36566639389073
81.28985283330634
81.21672697045236
81.17123013377739
81.08091235325254
81.0095953919472
81.07172286646862
81.41777626673381
81.30674040887784
81.68097512722015
81.57862929476092
81.56396411231201
81.5267694378545
81.40855064263215
81.30408193395378
81.21255734576238
81.123142969955
80.97375604723182
80.9482966191519
80.89342458724975
80.89321013617675
80.79052318091941
80.73731868103903
81.02616443507996
81.02857379074935
80.89642640791442
80.7961002637834
80.73326468780051
80.760411794409
80.70441972276438
80.67657227216212
80.61408419216866
80.53640746040426
80.50424929939467
80.42692961128809
80.37279538125951
80.35582713345644
80.43758383979146
80.31597968510219
80.21056571514049
80.08704908132047
80.3956148725445
80.30111541707723
80.38672701316544
80.3664986439755
80.30922148207657
80.79974487392657
81.34338181587442
81.32838658748938
81.34245795210202
81.29060497601166
81.23798981148178
81.34204101365052
81.2729468128898
81.19512120473016
82.04051527761138
81.99513398744243
81.9258884347853
81.8234964167901
81.784695631144
81.71117423848077
81.61127538797332
81.54010336490964
81.45643645259533
81.3777411277848
81.3411594456242
81.24610092078656
81.16660063142278
81.66658050024915
81.80447786903382
81.7711143664971
81.79020196413138
81.72821855071051
81.62443161956848
81.57949174371096
81.54880051179366
81.460182658314
81.90119414629899
81.8766337715104
81.82499321021285
81.82923989379942
81.8274664003402
81.90588315142061
81.81356120016788
81.7130454961536
81.65813429965529
81.5837924909315
81.51611373231218
81.45288333819322
81.39982335934272
81.30154602541347
81.22760113354387
81.10950790354217
81.37414467243748
81.36787967681884
81.47607367664236
81.66177476198895
81.55010082685587
81.52600757656566
81.44310377048997
81.42535013353309
81.44548679473705
81.35338414498163
81.45254623220208
81.70746055852587
81.58287915187096
81.48948579216359
81.3958431017
81.42866760282216
81.32643327006588
81.4581284902012
81.55425886386435
81.44871448987536
81.34776956193588
81.2574674483833
81.1771647764213
81.22494712564584
81.15154123654331
81.1219676075086
81.03649787902832
81.00084179499189
80.90923021496207
80.84066722449084
80.76688804695323
80.71951263359001
80.65311074085373
80.55924926155132
80.49733997331298
80.41310228132818
80.40644529206412
80.36355723416742
80.34297273167512
80.28432473407969
80.23576075641822
80.17532226427467
80.11334820265483
80.08416425782326
80.32166492435294
80.2751788791328
80.35327291655959
80.2896371029722
80.49326511863228
80.38774841202076
80.44515183079949
80.44736344047215
80.40338872538672
80.31435966491699
80.21267604827881
80.15032842698699
80.10497862388348
80.01588552543916
79.95381511609578
79.9998852548223
80.09606191230147
80.66674251393376
80.65616344347748
80.93220491100617
80.86503833653975
80.80207836688678
80.74814260127181
80.6872995476634
80.62838626874459
80.61830811074371
80.59158048083887
80.61761410817378
80.87981632731905
80.96196173343627
80.91675003396229
80.83207885092607
80.76849025408427
80.70194275803654
80.70720184364193
80.61227903793107
80.5276479500019
80.43335173110331
80.37756675304753
80.9354998700112
80.96321894306885
80.99562924953517
81.25213946045422
81.29310346000909
81.24302940430984
81.14173385719685
81.09053245196513
81.05574897207865
81.04081127241061
80.98723708018298
81.14000964241892
81.16202371994783
81.16906576464253
81.35209366434438
81.35698884553081
81.29709878128565
81.20172146344797
81.16661741027832
81.21052728293422
81.17291333078387
81.14237553602571
81.22165361231575
81.13200371454633
81.05271870511837
81.00659411466575
81.02476805194294
80.95402437805754
80.8886487825649
80.8724995019301
80.97925719735761
81.49124657322994
81.4135391253261
81.32740455269814
81.76145057261641
81.69488287120593
81.68034319484586
81.65482194675423
81.56707743563393
81.52088042457038
81.54283208124788
81.45541432168748
81.38913488461534
81.36085664895865
81.30792741731564
81.27032000594343
81.2038653871732
81.14186292467497
81.29870617407879
81.21037154372145
81.16237724280974
81.0936439218492
81.27688176353351
81.18427926554824
81.0785627090985
81.036634122497
80.98945162558807
80.90078765225698
80.88538492532601
81.00250001283021
81.12248586857694
81.09063024006917
81.11702487643346
81.09002111634211
81.03925619679663
81.07931256861914
81.05063419993884
80.98258422602532
81.02873441908095
81.00645768995116
81.0925728813408
81.00691031847028
80.93719273428151
80.89004962023567
80.8504362008295
80.79159998404316
80.76927578815778
80.71210785915977
80.6347927483329
80.56287944282109
80.64665017551383
80.58816655569298
80.84803569057337
80.80023437444714
80.78360454321943
81.00723461470852
81.0692870978153
81.02112591713238
80.94078619428676
80.91022602168994
80.9420161089904
80.89224603866096
80.85622630849247
80.84037709917341
81.09244622245495
81.0716972459755
81.02707486539273
81.05622424862601
81.03752894841188
80.98578917203476
80.95951090573928
80.87919592992061
80.81039158615306
80.74038583191347
80.69422884430061
80.68947488538335
80.70093052450771
80.6146498607988
80.61793418830925
80.58654791549597
80.51938177983963
80.49419142210384
80.4191763086014
80.36432817512089
80.29362079075405
80.24913975142375
80.34746994978825
80.31688451240076
80.24566448606294
80.19505723317464
80.15121912005188
80.15225098945282
80.13461652999062
80.08301505781199
80.0052606475663
79.97903526545873
79.93881244060938
79.94545847453604
79.87954459417433
79.82356851774713
79.85422900703254
79.82041295111017
79.75736852653617
79.6939086218138
80.02823322054185
80.01142373560573
79.9610350520261
79.99109579158086
79.94845994014868
79.87031341174333
79.81241811167604
79.74421932353056
79.68078641547699
79.62932847849528
79.65443888485194
79.62152456983607
79.67286796873785
79.63606782554
79.60383782039415
79.54852321412828
79.47324327244627
79.44625696217479
79.38709920197137
79.35471845677024
79.34370563471991
79.2914739618777
79.24941289409273
79.34914492811832
79.34627630445692
79.31263551388335
79.27951219650726
79.21985703955094
79.22975094451706
79.24194830609606
79.20504341917125
79.14290331064728
79.08203985404228
79.01636353820486
78.9797606437437
78.96682914261966
79.10519026237105
79.02347836580252
79.13994972757871
79.10525347636296
79.05667254195171
79.2806815149839
79.22967407742983
79.17560047276166
79.09936287023459
79.07644742863779
79.06642291688253
79.10321240739773
79.07388740075405
79.037680258932
78.9946056105545
78.99671262442463
78.99742531265316
78.94166392703501
78.91356931242552
78.85672339961756
78.81008500227216
79.0878977261689
79.32424715493289
79.47459156751633
79.46223485663292
79.39812780794063
79.42204502481007
79.48993936462782
79.52489464090478
79.46284308800331
79.88156784038709
79.86854704299776
79.8703081204069
79.82391005151065
79.82175661926645
79.81694839740622
80.29400282856282
80.42034343185237
80.39851017115306
80.41598535986508
80.43123946078988
80.42167586161047
80.4770027039543
80.4686187837182
80.44864050508562
80.44193609381534
80.42781203166827
80.44139636141583
80.46395733457624
80.41870595641055
80.38020665585057
80.32324850847179
80.27843743152872
80.27144272585949
80.2337268503421
80.23012699530675
80.16456340684468
80.1291904220764
80.10380925161395
80.0826546883469
80.06886694394275
80.02759688566294
79.97571257271841
79.97970410301572
79.92568942511124
79.90293980324353
79.84441079787936
79.78571072347921
79.74604377069417
79.68943638722665
79.63622401033692
79.6062768090446
79.74987287038347
79.6916690938613
79.93236411528358
79.8966669543808
79.8689935400226
79.88210778381563
79.87826194763184
79.82128406462269
79.76739693578233
79.73310792251623
79.69850388505823
79.74726282829462
79.72659038362049
79.70924291367321
79.68537959190536
79.67829315529929
79.74486390703676
79.71107480487427
79.68328798243469
79.62794872363042
79.58196225841246
79.54592091571325
79.83965215891018
79.87673638063833
79.86109296180402
79.82330341688282
79.80393155561174
79.77551047660444
79.71483558341606
79.6786160588536
79.64609329475343
79.59971824776042
79.66898743221357
79.64572242814667
79.62926960747482
79.58016944255225
79.63313546692584
79.59949163389528
79.67453056903138
79.66890687985463
79.63237724046739
79.60078467679827
79.6032766369992
79.57518309648796
79.58583698294063
79.53402480183031
79.50676719409793
79.47630784554141
79.41438819306883
79.37108769873468
79.32209457677517
79.33559712515937
79.32748719404857
79.27278529038186
79.23781021515265
79.20844135664206
79.23317635256942
79.22510781403935
79.20570883072723
79.14873399818521
79.13047534325729
79.09578919253507
79.08695970277755
79.023543619273
79.00772085743431
78.9921160078153
78.955585060745
78.92615803256305
78.87613959816836
78.8980631672479
78.86306415885784
78.82421642179075
78.8504507394101
78.81472937817688
78.78216265288877
78.74610323100895
78.71182892876702
78.70623334592156
78.6743327370225
78.6449960120793
78.61471003069431
78.60829214075561
78.5717651969508
78.53278529899826
78.55449561827436
78.53374939250742
78.59386747431627
78.5361921257443
78.49568693920286
78.44393736873863
78.5070682623135
78.47891161289621
78.55558672062776
78.61071337357701
78.59302289159781
78.61555732104738
78.63781765529087
78.62927249118087
78.5726466053013
78.51973108903265
78.4881385123893
78.47635910234953
78.4508930029804
78.47083504260087
78.54700338477728
78.48887004292486
78.77820623307952
78.72164284734048
78.73461789496889
78.73285845276708
78.69589466695616
78.70319678982099
78.6885819072902
78.6564367952565
78.66543423225822
78.66436525598107
78.68164350479995
78.68209670049063
78.62321988355288
78.62316093957129
78.56598426535403
78.55170143560036
78.51363932042854
78.80242280018183
78.75507148711311
78.99363982848807
78.95394844055176
78.9013540842494
78.89970758529866
78.85580190997914
78.82234636682777
78.77857128260086
78.74668323738494
78.81916971653396
78.81795620651478
78.77449433590338
78.76874079244391
78.7315661970065
78.72329927384551
78.71154032062422
78.70762502942216
78.65795585362598
78.62100271885137
78.66464244742548
78.67566755242939
78.63582476571771
78.60359201670892
78.5757867495219
78.544727032737
78.49858354136556
78.69148666221459
78.71590943336487
78.68175908830854
78.80066590109271
78.75664036675678
78.7512884956907
78.76666196187337
78.78245788824488
78.74135771621658
78.7237046616418
78.71683830170494
78.68993809577262
78.68330150683485
78.69220744008604
78.6564647960757
78.61885960708709
78.6225380413638
78.60300620709818
78.59031748701338
78.61387319695973
78.60176389842084
78.71992713516833
78.68123379556953
78.63078225802069
78.57583545636338
78.55223111622036
78.52672319179628
78.4968005453634
78.47829406611991
78.4629260612369
78.42729741421802
78.40423679351807
78.40645835980065
78.38097181800724
78.32963309237249
78.28974983355523
78.33498319358641
78.31034050024614
78.27489566527085
78.22912703313808
78.2073278913599
78.17543604373932
78.12735120203493
78.08086471777274
78.08129538648538
78.12404705281459
78.09415851574765
78.0483469333977
78.02986513008474
78.01648346704381
78.0079436252183
77.9608870987665
77.94136347167272
77.91952118674159
77.90801617947513
77.89655204063575
77.85348745770929
77.83789432410038
77.83338166726797
77.95764886318848
77.94462442082882
77.89429530737534
77.8520645335752
77.81040992305778
77.82278086751111
77.79243872219459
77.75685882926547
77.71856140151033
77.68235471702225
77.64713209130791
77.60799588880548
77.81313399912041
77.76813622660775
77.74103351671305
77.72925209088072
77.70663440604893
77.71419957892839
77.71552857147273
77.74304809676572
77.89438163283141
77.84780424540523
77.88707143642284
77.94381761506793
77.93327814902483
77.94997326048677
77.91664368815968
77.99365642565186
78.00703507804519
78.12856025660707
78.07956764627906
78.05612636947983
78.00473354234607
77.98618417350006
77.95286025931111
77.94530634692472
77.89123264570776
77.91578694522109
77.90897579610782
77.86839950964901
77.83300569322374
78.02847150502366
78.05355558915572
78.06765939710792
78.0301836398033
78.00709314078281
78.01513354329096
77.9828412051654
77.94940385939199
78.01795438785432
78.05772452578218
78.04636767278177
78.03294374276926
78.01608991580005
77.97938311871864
77.95867168978326
77.9224259155657
77.90216350127763
77.86895849713288
77.85050060029742
77.8262963815324
77.80377841571061
77.80642937932696
77.78367103284008
77.793327144548
77.77382248889519
77.72914529780051
77.74986476304797
77.72397131437096
77.69532621192424
77.67674583408004
77.65543618890646
77.62752239261053
77.59438437302485
77.55071634959837
77.62776678679585
77.6980686927809
77.66447003066277
77.6284383854396
77.59314344300444
77.58588984980524
77.5755675485827
77.5678530408625
77.53199634669018
77.51466919119011
77.494270648439
77.54001539737195
77.50719126405674
77.47771248476252
77.4572133377727
77.44556842365331
77.40531135871163
77.3932500855819
77.39471628104573
77.57941517896123
77.56343523275304
77.57841560456328
77.57894107438786
77.53987520211295
77.65871227003936
77.81525599030016
77.77856696443993
77.77913195840243
77.79478161176867
77.76577290323227
77.72680097926
77.69476748987572
77.6768892280022
77.73271058149649
77.68657201850323
77.69207978575197
77.66483797019521
77.6651370839176
77.88470558016652
77.84602388505643
77.95258495854397
77.91946046884462
77.88175885788938
77.84555821840455
77.81181872164484
77.780026492522
77.73801944981803
77.70110727407165
77.66947074909517
77.65982795044049
77.69956455891756
77.72871330944267
77.69746603663964
77.66896288712552
77.62389650802805
77.61401946456344
77.57540322473011
77.5732696981991
77.76223287894683
77.93612393756841
77.91375017445925
77.8882003605266
77.85781949095147
77.8276473622657
77.81518697459795
77.81194169135244
77.76814738346002
77.82599352518717
77.80109746013454
77.7835631568896
77.79416223654425
77.78620199982906
77.80676241989453
77.77631548664858
77.76078103925931
77.71739031621162
77.76541144321338
77.77623005070963
77.75659377509952
77.73153272949823
77.79875525893598
77.7710646388951
77.73300835095316
77.71287573481861
77.67356578071488
77.6395687125195
77.6475459076128
77.6344259371523
77.60575325424607
77.58649846184663
77.5754428545374
77.68221797350965
77.65761407813247
77.66536728048402
77.65996095584288
77.6322770584678
77.59968930827203
77.57905920540414
77.5777867237404
77.5499074567448
77.5181154821911
77.49239820019739
77.53857265734962
77.50609072126618
77.47917622294075
77.52296856185346
77.51435718890446
77.48672638400909
77.45103642865595
77.41496457915375
77.41980203734418
77.37725924218965
77.34688838054856
77.44370278041589
77.43238324591324
77.42301240334145
77.40729337009647
77.40580927734375
77.40045942981942
77.39777653362043
77.37268103548554
77.38351756800115
77.41665009882345
77.43708917897219
77.41395671726127
77.39451333183932
77.52067381394487
77.55994505806575
77.55119207262709
77.52574640748618
77.50603446144956
77.4598747325849
77.42894750904189
77.40944266959578
77.40542212639066
77.38147030418227
77.5919643970246
77.55020888020672
77.53184632932361
77.53022763714101
77.4940157078985
77.50369653746696
77.47166769588695
77.42910927739636
77.42068882630781
77.4016073134397
77.40878219246585
77.38792841732501
77.37971523085392
77.37345139061605
77.33658445243806
77.31017430029183
77.34595505532587
77.362183898641
77.35802098106022
77.33603387441694
77.31471568211924
77.31900063743888
77.28904887228211
77.25659423863556
77.25882718882077
77.30734052171663
77.2738198269288
77.23269118497402
77.20158066525309
77.16931981408541
77.13037729887343
77.09903341733492
77.06012827574887
77.03469200251472
76.99955591127127
76.98898572278169
76.98275039497463
76.96864455545843
76.94236169302837
76.9515921274821
76.90584749843985
76.86668721118956
76.83404649986191
76.85977505038424
76.8729183969839
76.85521319576594
76.8402365231242
76.80784752593577
76.78145136358889
76.77358248599201
76.7544018786635
76.73301785931443
76.72268035536368
76.70087153972908
76.70101410713686
76.72970316993506
76.70738521503952
76.67724071836399
76.65706505879659
76.61995000293456
76.59979516281231
76.57378102496155
76.59498369917665
76.55913246000135
76.60796736955464
76.59387927219785
76.5724601274126
76.57805843267612
76.59263508268141
76.58586289529843
76.5686079699037
76.57148886580966
76.55540684067785
76.70281166468932
76.66944564569378
76.63413937318893
76.64241673919791
76.65089570112073
76.61744892429049
76.63805660225164
76.6074449837517
76.58369572957356
76.55909334827935
76.54583363279083
76.6755611648052
76.67892867388366
76.66473213561787
76.65184744832086
76.61445112375978
76.61036892948516
76.5836365175563
76.56582846220802
76.53788918068442
76.4988043262745
76.46461894174577
76.44502361638804
76.40452268411825
76.390579141251
76.35321557966566
76.3194786219569
76.29868409858297
76.28032406577229
76.34740691877124
76.34390364582963
76.3259259242692
76.31671785718315
76.28797400318493
76.26376471824425
76.32539577525685
76.43522475039146
76.45043964538132
76.41418021796406
76.42810544063008
76.42296287188827
76.39287111333377
76.41591140851808
76.47102776124589
76.67630478692433
76.70404912897727
76.66735657491327
76.63198262483118
76.59694829295866
76.61899080831829
76.81055940019674
76.79510335244468
76.80887227626236
76.80604029693056
76.79643390650052
76.75627821756416
76.71490548506316
76.71760663379509
76.7211815384456
76.7121786475607
76.69663157850802
76.65936624740415
76.6325231277705
76.64099096250703
76.68971449009555
76.70431553936209
76.70515110953288
76.7059685075596
76.74901414289542
76.75233134101418
76.72917880552686
76.69657062657404
76.79639042553504
76.82567253517178
76.82133039916303
76.95365874533428
77.06652986986512
77.12353857576721
77.09879291426968
77.103582901656
77.07795073110846
77.05631389068368
77.04861420192076
77.04885568183765
77.1083814398938
77.10661090297472
77.096724945624
77.07845081892607
77.07669855131135
77.06225071979685
77.03471165928761
77.01865839775176
77.00230484860046
76.97512196929613
76.94466360299369
76.91118501306161
76.87517271055134
76.84691945805659
76.82258097993002
76.86501534757807
76.8402064173959
76.82032928017387
76.79443653270478
76.76532046968137
76.75098388455551
76.78297123648665
76.77189712761515
76.74317901721899
76.71488668902167
76.70519308514795
76.68585494989863
76.65978311196082
76.63094284577087
76.75808484972137
76.76168396577731
76.74882459542322
76.73162723405207
76.71112199251255
76.88503439524402
76.85953193654106
76.96809130849982
77.03012770589541
77.03341022215254
77.06235825860867
77.0294273774588
76.99630364546097
77.12820845793638
77.163031109991
77.13541960035052
77.1162683641238
77.12273678701857
77.21313345132842
77.19656358224566
77.17541266101902
77.1459696506097
77.3731297097177
77.36203800583402
77.33958112782446
77.32064742139868
77.31318981497776
77.31586279849775
77.29149234769156
77.25999202239866
77.24954641965103
77.22811907233012
77.1957594275715
77.1796623147944
77.17394886311466
77.16565802145324
77.16612895041963
77.3576852169497
77.35862151425074
77.33148753563243
77.3149135755456
77.31125749241222
77.39732025747867
77.38302385918448
77.36434705198566
77.34579052225749
77.32960531856122
77.33191704019885
77.3018183273549
77.27539981426077
77.25908169920659
77.22593669334097
77.20566205086104
77.18634212175162
77.16071565171754
77.17467047962921
77.17211871522693
77.13666273803307
77.31727084495812
77.29238907475137
77.46101815252021
77.42950185559356
77.41557742013849
77.3698829442302
77.33134857614704
77.45029825285862
77.41742850635336
77.39983398873609
77.3886707491258
77.36351277884536
77.34096611773381
77.32924013275307
77.30799978764603
77.28447394221241
77.28309574838242
77.32046786414253
77.29160632377041
77.28686973258036
77.27196618271122
77.25895736301428
77.23197480366362
77.21059046313167
77.17258857176067
77.15921728880724
77.14094654502149
77.11228130390117
77.10845623969414
77.11175047779207
77.09934770110668
77.13279442465985
77.10208742456528
77.0926997393254
77.07329796049467
77.08820749622907
77.10240700846722
77.07751470996487
77.05469511463748
77.03468898399589
77.05739707480073
77.02988001309153
77.04227574093932
77.21462942579412
77.20736093098488
77.19749509446581
77.17466046307008
77.15226593017579
77.14610955227957
77.1328079550886
77.13856530997971
77.11821338038921
77.10107708038232
77.07475544331479
77.05242945483025
77.0223699881106
77.01629967382564
77.10160026793267
77.07006010107749
77.07321777780547
77.04303969172861
77.01398232204336
77.1121914793953
77.10345395809503
77.10862398359242
77.08160021338324
77.12613414646026
77.10603568644463
77.08053444096893
77.06484394820994
77.04440000609966
77.04214691874957
77.01760492655757
77.06766924671687
77.17974866976435
77.1459878686093
77.12048118500083
77.10507836491807
77.08445494943712
77.0761382687631
77.15861933409457
77.12321077775178
77.09304080951176
77.07392243813153
77.04948675266712
77.04665208250769
77.05665895296232
77.14728133797645
77.1838463503893
77.16500928904978
77.13255945444851
77.12028270588254
77.09713440654434
77.13187724596834
77.11488977276767
77.10453982139701
77.07694818367493
77.07549291338239
77.06417348708965
77.09152414071058
77.06482885967333
77.05085914403828
77.04731297684897
77.06106112971165
77.15401635438333
77.1472418611807
77.29786769544143
77.29657476213244
77.30544631882702
77.28319448666272
77.26083748441968
77.39013850630211
77.3677558992826
77.34238355010199
77.34956402066447
77.32401635312917
77.31995130741501
77.29753891178436
77.26660132393525
77.30149264896617
77.30086702345633
77.27586631821593
77.29732180720805
77.27116011407381
77.24260223472562
77.21564186012353
77.31818847004563
77.29754503296643
77.27076006371534
77.2526281823775
77.22863908838515
77.20859060728347
77.20224266168195
77.18892257152757
77.16185993039399
77.13628621703212
77.20182661492584
77.26965398615057
77.2614971463569
77.22538302192964
77.20261236745807
77.17135666013485
77.18427080920816
77.19315375682812
77.16375718723958
77.18809967708242
77.3390281647354
77.32618158754096
77.4471245259854
77.41537935553045
77.3873861178675
77.37615300600345
77.36454532153614
77.38080934659631
77.41970524733554
77.41605369650203
77.5636736902382
77.55538100967864
77.59856768870054
77.58189893795543
77.56058143529077
77.63017270442548
77.61203321770056
77.61165733610531
77.60190745144993
77.59388195033296
77.5795539006227
77.54448553948176
77.51790067682941
77.52531682807115
77.49880796263633
77.47850371426472
77.45026500939615
77.4473526480642
77.49381748147455
77.47378843316535
77.4704583745655
77.49840734809108
77.48649107190295
77.48227239838728
77.45427418374761
77.43083106472191
77.50055929313368
77.49734961536696
77.60624850604137
77.58909745098424
77.55573055925196
77.53866759917315
77.57041345043507
77.57188427294183
77.54692418898685
77.51656793652566
77.51368225522755
77.50139127442873
77.47514454886867
77.62460723693812
77.59890161249776
77.58964244440982
77.55462941894888
77.52818342904064
77.51706412516347
77.53188242739807
77.54540945559131
77.5217274997062
77.50871385497692
77.49078252790137
77.48686777484355
77.55785932319108
77.5330711666198
77.52359145914359
77.53000696882978
77.50433753648656
77.47583184173142
77.4773154352659
77.45254967981636
77.4325633082125
77.40664257956351
77.38380098618524
77.35656064704
77.32559671247805
77.31629101884756
77.29104852951384
77.29814279209984
77.2707026609078
77.28741112480098
77.26254224832094
77.25770043915479
77.33448714990726
77.35651006594532
77.33736207701446
77.31227793559492
77.32587843859962
77.36322840605902
77.42777640002973
77.40092329168293
77.37342284745974
77.38792034910365
77.37423953465053
77.34262015682026
77.35152710082869
77.33217540551647
77.30737242704106
77.31817369379549
77.30809840634635
77.27770631341821
77.33041156165565
77.4094234377637
77.46058479655872
77.4622038408547
77.51040887562019
77.49274055320839
77.48638519624464
77.48557202174374
77.475808151176
77.46163396182273
77.48912963824034
77.481354469226
77.4657492233535
77.56480710779725
77.55992750551039
77.52538573345221
77.51655140482183
77.49534539988343
77.48956455733325
77.46748585290432
77.45436853445287
77.43876747551629
77.42750717227379
77.41340141681926
77.38625461458491
77.40091936707296
77.3962282760261
77.46117555313751
77.4588938207936
77.43561555129159
77.41738786100008
77.38814946297762
77.37687111859881
77.3828820665744
77.39579935052565
77.37340454063266
77.36391427179377
77.35185551444135
77.35137009036568
77.32730856456556
77.32339918308449
77.30034035772267
77.32930408159892
77.31978628676444
77.30246750178533
77.28574101050827
77.25361332290717
77.2416197726601
77.21493528900484
77.19750699485014
77.2368441039482
77.25077192159962
77.23229633879266
77.24244495204375
77.20964320290167
77.18056698339917
77.24217360705761
77.24143157097262
77.22090450887639
77.21663458660926
77.20196218983699
77.1737222666266
77.16758199943291
77.13952898887538
77.12411186540689
77.11342972291412
77.09371269899502
77.06265827126698
77.03692109482965
77.18016148918498
77.17541431076417
77.17161489354254
77.20143331100381
77.18535273795177
77.1672184623485
77.16238989364366
77.3006531394035
77.28212802481586
77.31718401607606
77.29076802269817
77.30003523178017
77.29380473291958
77.27227594956108
77.25310766250138
77.23782580993851
77.2351137182988
77.2216248357115
77.20357915159809
77.19349892968604
77.18310594171463
77.15118618754597
77.13122783679457
77.12483293894175
77.12043089328232
77.0889165056447
77.06990862072833
77.06662850343936
77.05888484019154
77.03007218036159
77.03013460573229
77.14169751815056
77.12701347991303
77.10400337814004
77.11834376220867
77.09152631524042
77.09581943436201
77.1007154949745
77.10179646775805
77.07828466634147
77.0713605844981
77.06284353615641
77.04175067266848
77.05151050282035
77.02617936514075
77.00199711119008
76.9778457240376
76.99091475394135
76.97316404927571
76.96806725764326
76.95555798322772
76.94235198921797
76.91719066037213
76.90659672655958
76.92476325818416
76.92210115661783
76.9079717949104
77.06198083569797
77.03963118231897
77.02485579776865
77.01618059438312
77.0184278922566
77.0230851574762
77.00971698760986
76.99331588886328
76.98555223029462
76.98101084105123
77.00498144377373
77.05376479518759
77.05110487656252
77.05056050129168
77.03475850751452
77.02416687353214
77.00013814022667
77.01375786521947
76.99865806691905
77.01352785263823
77.00985654662637
77.00556816241247
77.00177463279316
77.01108972102357
76.9954930791315
76.96136709605916
76.94402829714471
76.95798518781199
77.00284396454879
76.98101815813446
76.96337525099672
76.93422947776536
76.90916954749312
76.89066853371523
76.8739205082962
76.85810573353253
76.83960879246393
76.8627079015967
76.850078249325
77.0391594920999
77.01030594197232
76.99609245993874
76.99567430957703
77.02653832230224
77.00413741907144
77.07095019714767
77.14150472057916
77.13586886863767
77.10662347683008
77.08582330280429
77.07161487295315
77.05009757049324
77.03768695188948
77.03428222250557
77.02654125520688
77.00264228380114
77.00171385597938
76.98091499391504
76.96138036140576
76.94779465950707
76.9346222337872
76.91081153261631
76.96889460760667
76.95290166681463
76.93501476389672
76.92202349526262
76.93796350919283
76.92153247303379
76.90213232353085
76.88278371690788
76.90548485450394
76.88282718707228
76.90239880762705
76.89860690803508
76.89176681214626
76.86390858660431
76.8656250788241
77.00247136455965
76.98031096404966
76.9642601625323
76.95272991759228
77.05193858741197
77.04254474717506
77.04754720803257
77.03406559839482
77.01976048153267
76.99433368256855
76.98023794726754
76.96186862369096
76.97187992043744
76.95897911384837
76.94946424556684
76.93811253014846
76.92275981391748
76.91417143583539
76.89797433426189
76.88653318906071
76.8848983277461
76.87495618775922
76.8564003354302
76.84460222817236
76.92963610151853
76.91692924403472
76.93377218356851
76.99627712123112
76.98919575798146
77.0059605977044
76.99509835638393
76.97498601028718
76.97495536497952
76.95226903760445
76.97691024646424
77.13685659798448
77.11107788888228
77.0855899558769
77.09320437615963
77.13827096366882
77.12871370978024
77.23814708202869
77.22729605504767
77.21703402391688
77.27878052480797
77.26722995115301
77.33894371903234
77.33435369582764
77.3325843735083
77.33631511517424
77.3308608132414
77.3095864187889
77.28765509653257
77.27232161202757
77.25240766274426
77.22795568855982
77.21625799558278
77.20724308195388
77.19526826632737
77.28531437581128
77.31538431978296
77.29892107287218
77.39533898433245
77.39314939005102
77.3930482266273
77.36768236188522
77.35012018121871
77.3771211165178
77.36657172062527
77.35937870570592
77.34459518740648
77.31636169951732
77.29269036904263
77.28830573082908
77.29630865148596
77.26981653164786
77.24519346552734
77.22235298531095
77.20665076809107
77.20212569143258
77.1954187788489
77.1748071478116
77.17231870922923
77.14689351154634
77.12670951320956
77.11591982445293
77.09564376611155
77.09263917710632
77.07712365313819
77.05398548591428
77.0356916225811
77.0217353066041
77.00848135225841
76.99129031997576
77.11143636773103
77.1382425935352
77.13872369516805
77.13162650543005
77.11017888399395
77.08622731514347
77.07332117635032
77.09602129517194
77.08486373760836
77.0753398459087
77.094840338386
77.12979183215485
77.11279327326139
77.09299713038845
77.07094116358437
77.06615860427635
77.06707776565588
77.0546754336265
77.05326132583434
77.14248976160269
77.12897524914109
77.12980245395433
77.10602863625833
77.09223842161911
77.09284923603008
77.1356669315925
77.12543274908327
77.11335275450311
77.10818770065711
77.1675691146997
77.14192746571786
77.12291491683126
77.10225308084236
77.19516889528296
77.18449316211954
77.1582313318572
77.23871599413572
77.24005922715021
77.22568063239304
77.21175730467526
77.20744814451669
77.18719808381933
77.16287822477807
77.22019398655632
77.20990507099502
77.20996046520415
77.2004006997226
77.18803073654392
77.17976123448842
77.18455497574897
77.18404419416487
77.17183816263139
77.14856167228855
77.15598144929368
77.13698712634272
77.16187858943125
77.15008099120921
77.28123284289332
77.27329598971582
77.26462699110596
77.24158196595826
77.2162170157766
77.2476830606366
77.25111319638289
77.22491278565116
77.2044465865729
77.20181544464414
77.18683547416349
77.16708292716301
77.15213731363444
77.15826091721479
77.1339806254361
77.11148586909873
77.102958883558
77.08139531810612
77.21780264321627
77.19485673139152
77.18112790517468
77.2099727723613
77.19721284399775
77.18972832011953
77.16813966933262
77.14070161258053
77.14079853928568
77.12353063265037
77.10541881935619
77.1385873022173
77.13159006494546
77.11995072126723
77.09680045095843
77.11866183603283
77.10697176116489
77.08854116947083
77.07968835191353
77.06311401448842
77.04089145216831
77.05309096495532
77.05627761720281
77.07493692124328
77.04941576990466
77.03568952255073
77.03175686728314
77.04774815449296
77.03885835094293
77.03158028935215
77.02505116021192
77.00076372322249
76.98439822695411
76.96431312437582
76.9753999762967
77.03905729157269
77.02063549918812
77.03616589492073
77.01644200680441
76.98940328630559
76.9744225058138
76.9571280160954
77.06219527207685
77.06651726243028
77.04221433571094
77.15527498530246
77.13853572133709
77.12827026707129
77.12757947184384
77.11625198444789
77.10945529500279
77.11653060335897
77.10949568481865
77.08626263697542
77.0709442900214
77.06109110397932
77.0453933827504
77.03129770203056
77.01922019351771
77.0225227167749
77.00474055564567
76.98731515136608
76.97383538997957
76.98671790426091
77.12002151231931
77.10879066832244
77.11249742351595
77.09600586125023
77.07684945235803
77.06308821972634
77.040696812543
77.0272621153052
77.01680481986064
77.01457912966278
77.03471571564026
77.0131209730291
76.99098916369358
76.98550718987642
76.97957133987676
76.95859579480897
76.94975124117475
76.93723976293984
76.91654152464909
76.90867040472983
76.89656357821195
76.88956392258069
76.89465779001532
76.86536410309787
76.87041299766629
76.85459809391388
76.8431096489365
76.82075885479003
76.81192767437678
76.82232128131298
76.80135334652962
76.79550154610966
76.78841426023362
76.77557286886447
76.9107016917833
76.89068940831386
76.97039969234723
76.9512003510055
76.93951612561408
76.92252206183099
76.9046518723668
76.93169441137805
76.92502629309092
76.906949736894
76.90132926722741
76.90788048407285
76.8984112739563
76.90284808668267
76.92623659758351
76.91874306721715
76.91660316317689
76.90780625884942
76.89432949225815
76.88606697663127
76.87717107351989
76.84989605017797
76.83473957104152
76.82373436097832
76.81793847219559
76.82178952225145
76.80113322732717
76.7937044532759
76.78901989536082
76.83756180680004
76.82540113509916
76.82360552559389
76.80627600872411
76.79769231997882
76.79495047637575
76.77614451697902
76.75745708403234
76.738104737726
76.76552628713273
76.74906987811586
76.73924962595447
76.7818629150088
76.76327234301799
76.78835499837817
76.77625046103773
76.76952217184285
76.76006135085012
76.74265396746961
76.7361593309312
76.77246351539434
76.82014497944512
76.80431163222082
76.80430069429832
76.77956597881325
76.77001745631881
76.76425191074728
76.77074040339414
76.74667784818152
76.73304110791531
76.72761408918853
76.71879002139285
76.7191819794681
76.76554859985951
76.74441814339353
76.7233854792297
76.71645202794764
76.71376781538454
76.7021679078312
76.74108035680725
76.72672919371774
76.71454230716064
76.69837722139495
76.7009956438645
76.69159726130864
76.6814488159067
76.66154665290611
76.67141032674246
76.6546289038503
76.65603084804076
76.65877684381135
76.6751547599376
76.6709163689727
76.64836752548878
76.67597983668553
76.66035457919625
76.64646432804845
76.64084129819813
76.62060681130922
76.60602897477685
76.58708004175614
76.58578252545506
76.59543594444246
76.5835317443157
76.56411563810836
76.56603694187989
76.5667552623675
76.57245058980538
76.5726987395748
76.55464321072513
76.53182022142266
76.51293002002427
76.49972070691513
76.50457318391923
76.51999232309768
76.4977829341823
76.48328122140204
76.46523650487264
76.45382739399945
76.44501042978405
76.48308200819858
76.48452027461995
76.50476549424998
76.48949077272007
76.46975731595059
76.4475831215856
76.45144095239708
76.42707247498092
76.41335238271685
76.40207893789476
76.44281984198383
76.4356547689519
76.4141586879407
76.46300291386056
76.44427931618051
76.43088694210766
76.43956356032372
76.43421464667243
76.43199010512885
76.42123242954649
76.42826991067076
76.41600670341317
76.39765858417752
76.40600571430336
76.45219262117857
76.45614241302064
76.44963082326856
76.44034211768717
76.46181921323813
76.51437923571666
76.49237920062473
76.49210234469659
76.48066970878334
76.51597382629974
76.4980636883868
76.49551964168002
76.49463315699305
76.4809692502524
76.47557391558196
76.45367167172608
76.43942626444392
76.44106062808089
76.41873218452996
76.41081834640823
76.3952220062006
76.39391359854505
76.38492967419099
76.3827211676828
76.37732490323624
76.37272233275536
76.36268098373317
76.36987116628356
76.35696162315232
76.3516313620691
76.32903538324602
76.31837735407329
76.29367770941448
76.27242322513833
76.26743393860181
76.24938547193308
76.23238009117422
76.21334371137262
76.27448823164781
76.26417966802914
76.24188173278974
76.22387477380846
76.22430266214816
76.21571006989122
76.2002812181342
76.19084540665992
76.32028928811391
76.3690144005804
76.3585211804122
76.33719734136494
76.3112075612635
76.296295098009
76.30099789097356
76.29920116731127
76.29961022323702
76.28749361259258
76.37033620352187
76.35725542294082
76.36300527029364
76.34060933924904
76.31906689813638
76.41883273955517
76.39705855070044
76.38624834935658
76.3635290291383
76.35601064614393
76.35317309913589
76.43608314005115
76.42915096573498
76.42596709482955
76.43061357072135
76.46793357792653
76.45918506915511
76.44470565281839
76.44846535120656
76.42968307927325
76.4113180757694
76.41202454492633
76.41529602904748
76.41308427795035
76.40511140663182
76.40818612835234
76.41072662375376
76.49704939331829
76.49131952063438
76.47847706552227
76.46778648027265
76.45944791759541
76.44371737631646
76.43240951148832
76.42192298409793
76.41952489523086
76.4034011201668
76.38328215001361
76.37009742022046
76.3469302530009
76.39408667164214
76.37795213570529
76.372493439062
76.35682480742291
76.33858539282137
76.32119367957405
76.3107637365901
76.29825990076189
76.29235352367223
76.26722975388253
76.25158649888365
76.27959993554089
76.27397339698418
76.26553310208958
76.35790615552642
76.44043250299966
76.42444846218432
76.41569679633398
76.40137241324993
76.38955150551865
76.37707489885338
76.36173865831697
76.35290324452328
76.34203866758654
76.32760295921734
76.3142774114678
76.29574245586541
76.36027165503509
76.34678427467884
76.32233827687614
76.35413899975796
76.54636549029703
76.54170415026924
76.55157243123494
76.64373304335672
76.62805835622845
76.64938992034753
76.63819376908022
76.63003301448478
76.64072433725381
76.66078155404527
76.64457876955251
76.62824657374547
76.69462185592651
76.68190508449331
76.67054391841141
76.65681848057356
76.71224857138368
76.70149299560669
76.67931964886445
76.67175673449425
76.66091452374982
76.66225898669697
76.65178841594681
76.62891197888227
76.67456954148165
76.7024898916139
76.69015600193846
76.69693581522341
76.691350767078
76.66890046972578
76.65772274886928
76.64208829152106
76.63407880086747
76.61894854644328
76.6003751414433
76.59361976505602
76.60395001684996
76.58684579830359
76.56644407077526
76.5490889887023
76.53476851952227
76.5158668026334
76.50732829278637
76.49850340428347
76.48982075906666
76.4875727177984
76.57182419046042
76.5962668258998
76.57333810547549
76.5704030122257
76.55296234599805
76.53784123796702
76.51650288499246
76.50438223744602
76.48218789764692
76.4769362060751
76.457773879639
76.51490057549917
76.50875574982457
76.49954283317024
76.4885212323355
76.46803964919415
76.46830677107269
76.4613882354174
76.44558015811405
76.45155473284007
76.43120379586097
76.41654709817846
76.51486812734828
76.50384015593157
76.49158173561842
76.51276648440553
76.5823676109314
76.57103848410789
76.56823546731965
76.57343265743307
76.55061052816335
76.5386736618845
76.54768715216977
76.5369879503774
76.51907921951508
76.50186250255284
76.49823214534656
76.48470291633265
76.49078108771222
76.46601102252994
76.45317946873438
76.55182144498362
76.54505790131432
76.54780371410236
76.61552930562601
76.60351817984136
76.5964052529298
76.57684024994062
76.56680877627927
76.56149056028868
76.55296995654564
76.65382416870885
76.63618380103291
76.63321463389889
76.61525128724217
76.61713502212766
76.60077894313915
76.61552427395667
76.61194889891294
76.60329524899743
76.63879593611682
76.63538436705896
76.61776464158103
76.60120602741029
76.61506355313543
76.60165697173368
76.58564136175009
76.58073502107567
76.57429748750667
76.56165647964683
76.63194370819127
76.62029312155755
76.60542571791666
76.59782853142987
76.60460754515934
76.6062894943986
76.59696743954187
76.72516466218912
76.75815338489654
76.74862497280806
76.75852580862184
76.7480830332973
76.73306520670562
76.72708410154466
76.7284383996012
76.72741878774613
76.78160653259918
76.77340044860665
76.78113954072685
76.78532304774701
76.7833127172255
76.77102908870152
76.75878695141516
76.7574101006254
76.85935878717373
76.89308087968155
76.87651231388628
76.89616775041476
76.8777664131669
76.8696668036664
76.85743520000982
76.9288316422667
76.92923163029059
77.00462347203509
76.99807948176837
77.06879489626927
77.05594778458277
77.06037501104399
77.147516461054
77.15808516057477
77.13989733459368
77.12230043212948
77.16044226615428
77.14241122334779
77.1338834024268
77.11746336028638
77.10313368995234
77.08840906804393
77.07428210209578
77.0760307452205
77.07508617644034
77.05734577466315
77.04872170090675
77.03680304023705
77.02844727496799
77.0171967510354
77.00744429674364
77.05915550216164
77.07491061563871
77.10388474494857
77.08913155826363
77.07895828411682
77.07858260019508
77.06843927302609
77.0491861328371
77.04364245319331
77.08049039340645
77.14956968493874
77.14317003088797
77.14713405483545
77.14589072843052
77.13851403316605
77.13896458851026
77.1351232457437
77.11346645048967
77.10183410352626
77.10209620852969
77.08982718608932
77.09699591018654
77.08176664216634
77.13294127410286
77.12804512684572
77.11114046099642
77.12458133484557
77.1051293693128
77.09651429327769
77.11270166099293
77.19245758786693
77.27831391416723
77.2693095977449
77.2917787510108
77.2972282165499
77.28641065681016
77.2773856222077
77.30176608627862
77.34013368925284
77.33816296860024
77.32940096433231
77.33103774548636
77.32706713597068
77.35123841967103
77.33945984866835
77.32019960025637
77.32761592639518
77.33215517589225
77.32554982341317
77.31420237868474
77.30924089101794
77.33449409458137
77.31642400704315
77.30406953415277
77.30085415322039
77.294171644767
77.28484569931452
77.27706700585361
77.27370671149167
77.33300095971893
77.31912133834766
77.30919185129709
77.29468252656217
77.28246828427923
77.27914027327792
77.30360289557576
77.31800805739881
77.30462338113365
77.31330295218876
77.31342106738806
77.29738250384615
77.28884181829707
77.28210852288345
77.26194279195623
77.25206450474546
77.32268878765274
77.31311691090448
77.29463425372272
77.27751385743447
77.27654938697815
77.25993672934209
77.2431954269771
77.29856593966093
77.28763066054086
77.3093726997167
77.30241839519314
77.28582708506659
77.27813975814475
77.29423926725697
77.27684867616134
77.39057089709577
77.47558376297007
77.47152903571026
77.45645006999817
77.44820683370268
77.43197488473358
77.53031228494073
77.51991722633909
77.51751704871027
77.50544787040656
77.49080758991124
77.47237307467726
77.48021905266026
77.46264150587764
77.44706440868688
77.44001387136187
77.42662116134473
77.41755443604696
77.48464867697592
77.471955152367
77.45860891813666
77.45395253024576
77.44951291192622
77.4412982238654
77.44909437677882
77.44615618948977
77.49748560589855
77.48620718721867
77.47038512111526
77.456763763908
77.4725813671909
77.45763741355418
77.44243951311567
77.43338457983116
77.42761520543262
77.48955901988701
77.49116858539506
77.47205464945975
77.4570195087612
77.4740277577472
77.47190835850934
77.45767370506822
77.44962465502735
77.45196554331415
77.43710097550067
77.42327848490386
77.45451487922055
77.45426229343319
77.44798459628515
77.43154475109918
77.42677384519186
77.41850982743617
77.40959430991263
77.40325947903023
77.38934135675005
77.37166086368194
77.35110619350986
77.34146409190957
77.37776607005526
77.36633190175392
77.3480362340845
77.33194516868375
77.33597136069311
77.40357927981216
77.39969859860084
77.39268778162923
77.37120017186098
77.36468547857595
77.42103641918679
77.40964178295
77.39767499630943
77.38867781231541
77.37658837784954
77.36413931272523
77.34945122541579
77.35248779120043
77.35703810761665
77.34874346603598
77.34075617495255
77.36569025592333
77.37824999709215
77.37584652503331
77.38214999662453
77.37594946287179
77.36998733877084
77.36211401484749
77.35920324886942
77.35624172252362
77.3401965607888
77.3398099486257
77.31849515022672
77.30146262144052
77.30391316442392
77.29553574181139
77.28338293702406
77.30507905970806
77.29386002748608
77.27360051100173
77.26193750092924
77.24703865553204
77.2916106117353
77.2904625323511
77.27756236671691
77.26074781431213
77.2529760354037
77.3331868358019
77.31889061765901
77.32735738327155
77.30963941102429
77.30250513470256
77.29140601913149
77.27597890443356
77.25422523757024
77.2454775218857
77.22683857889491
77.21411222656208
77.21809355939021
77.20448830603223
77.20541476638277
77.18809176587892
77.18039137210135
77.16583008354421
77.15340125631299
77.1550370165268
77.15479094132134
77.15053275032733
77.14029677824962
77.22047276261617
77.20797557108682
77.20164706309636
77.18611927290668
77.1713663309006
77.17329980596833
77.1726123172268
77.16464178921652
77.15519427261829
77.1425050802201
77.1521085768195
77.16535669909749
77.16466962160949
77.16539982518948
77.17128381821459
77.15956982963027
77.15281597234994
77.13474964741393
77.15077457441151
77.15363986022233
77.14341379182761
77.13228930683537
77.12294421557722
77.11955915094039
77.11192277018404
77.1023932045343
77.09249099424062
77.25061710836965
77.23563667699048
77.22570693111518
77.21831730536942
77.25514556698555
77.23620521506083
77.21860620910792
77.21580720078815
77.25604047817829
77.25125087379345
77.24099062335634
77.228312769708
77.22880198361328
77.22016044705596
77.2173430288275
77.21639411612733
77.2011753684321
77.20257781810095
77.22930347417831
77.34380826806566
77.33079188420223
77.33773099960567
77.3310091770017
77.32858710210832
77.31690943578927
77.3088134765625
77.2944639681631
77.30688333706512
77.29197348989076
77.27322685109083
77.26290095977524
77.25035141274455
77.2443005675802
77.2427944997446
77.22934689477984
77.25652138392131
77.27712034246865
77.28217368900654
77.26925498257273
77.26929551686929
77.26914456858093
77.26156896227327
77.24280408749873
77.2322695142055
77.22653141649103
77.22793674081059
77.23048081651699
77.23438578052573
77.25108669202206
77.23590067293325
77.2187017760301
77.21274194730312
77.19847521815785
77.1909266246824
77.19693733671703
77.20071241533434
77.1871751439366
77.17728659367738
77.17076186670309
77.15407252923036
77.1382186272092
77.12661108581584
77.15559143693832
77.14799726234293
77.15827315662315
77.14554849746652
77.1324814328117
77.12343843211075
77.11002858864752
77.09340580309808
77.10160464310846
77.17730072300921
77.19004627839006
77.27261795558891
77.2603082909765
77.25011567557418
77.247013375488
77.24230814331894
77.23372642793314
77.31488702955578
77.30103221938039
77.2944028481332
77.28629894339603
77.3636128024723
77.34764206134264
77.3376564797749
77.3365897054618
77.32941851960146
77.31514721955497
77.2992507740905
77.28550065538919
77.2772974375889
77.26820903290579
77.25440811299737
77.2483882745054
77.23217595163982
77.23986222020231
77.22053745633201
77.20815141940173
77.24789918627783
77.2373908438024
77.26038385087938
77.26706800724051
77.25439250596027
77.24122814103669
77.25066153947697
77.25336819904977
77.25127384038878
77.2544824604651
77.23777792132604
77.22270824755009
77.21851101098706
77.20504850641086
77.19058758537844
77.17786326729015
77.16380973209608
77.15419476587067
77.14001954619573
77.12766335525538
77.11773713177475
77.18699418753631
77.17222026287918
77.20586077309221
77.19052622277324
77.21956866375484
77.23335254908395
77.2275839238936
77.2181638853531
77.20629308406882
77.21062015968478
77.19567095585278
77.27124163912848
77.25552178999293
77.23765391185928
77.22399177814872
77.22555045830576
77.23955568754528
77.23032131107287
77.21476320510548
77.20157570155942
77.19063395482958
77.17421405501688
77.17823495479892
77.19456612031291
77.18085845129026
77.17786068337863
77.16691396745139
77.15088015927556
77.14414923861891
77.21076616900531
77.20082096468212
77.20802775665103
77.19409199590811
77.18596521244086
77.23090733231653
77.22136630450979
77.20496981052821
77.19221180642376
77.18609107400793
77.18240994012699
77.21739589199545
77.20806574837025
77.19570657054103
77.22913713591973
77.24222180492988
77.22743009635602
77.21731045175476
77.20604191720486
77.19510854217698
77.17856423422045
77.17860031748205
77.19461110912466
77.17925228420155
77.17857052429378
77.1667788537457
77.16171566046678
77.14709324265641
77.13420162101909
77.1221672346404
77.10528373903801
77.09485895227961
77.07802829940212
77.06555792842825
77.07170788550006
77.06357403363407
77.07115604746303
77.06747703157325
77.0576145035175
77.11467276535257
77.11384662968463
77.18390737173053
77.17315238205961
77.16921757681739
77.17219189630931
77.15979854796694
77.15327614384313
77.23114172422821
77.21920216644602
77.21567891483879
77.20566671472235
77.19068474823342
77.18970998517176
77.18858626973103
77.18514676689334
77.19907409640975
77.18809744108145
77.17343516152069
77.15947544973123
77.1485942279339
77.13149233115507
77.22820923990461
77.2237966528906
77.25247762629265
77.24111332810789
77.22619116508872
77.21930318795718
77.20445343073803
77.19727305950529
77.18637551629234
77.19294825039813
77.1817386505127
77.16642557255213
77.15962517814282
77.15412862038673
77.14742631323995
77.12784202990059
77.12024408253342
77.13897989597052
77.14172729044115
77.26253089831754
77.25051860170501
77.23481677867929
77.2309064454701
77.21610432874633
77.20251286565289
77.18279799655744
77.25583834710375
77.25107725587793
77.23673847106244
77.23091896890683
77.21385995018842
77.20319165322557
77.20845155046219
77.20527268092242
77.20056977579426
77.27754719597952
77.28364592073683
77.27726452756049
77.3077306293738
77.29555261384556
77.28499192450957
77.26874905001226
77.26311639641371
77.29082862057966
77.27697053548843
77.2720695595198
77.35845333275559
77.35703430109429
77.34287082655234
77.33434183558381
77.33794752154117
77.33006090735304
77.31699862448545
77.30245106479134
77.32223841864892
77.4528489443782
77.43953184989753
77.42954610575643
77.4129591697479
77.40235923924533
77.39049167032317
77.3886992177675
77.37807481739931
77.36981367869824
77.3700285395874
77.36509956593784
77.35336345293656
77.3428927010369
77.32813506256737
77.31511292535455
77.31289629404736
77.29736776735075
77.3324019839332
77.39976263435153
77.39631500286008
77.38029813826272
77.36776802226765
77.40408198964924
77.40729444063535
77.40344726255556
77.41218414754375
77.40310031063714
77.39877949083153
77.39743797983357
77.47991927350525
77.4842887493968
77.53185598003384
77.52645421519568
77.51329081228961
77.5180305163661
77.51368836062188
77.56270660613376
77.5594719020533
77.54811497370798
77.54976445278596
77.55481347740626
77.56907580835134
77.57473973616271
77.58093566342451
77.57403423419709
77.56753243613947
77.55626160677393
77.54784164067044
77.54981183413025
77.54174413115166
77.540391225104
77.56039240848052
77.54667178597383
77.53599073337243
77.52036849588673
77.51466503320738
77.50673273166957
77.50031092708458
77.48787586071529
77.47824214493464
77.52439204029993
77.55396362754517
77.55389720526072
77.54204170098438
77.53357777362557
77.53807005285296
77.52924283296423
77.5236746408264
77.50900648109997
77.50227758832168
77.55710065482575
77.5427919259523
77.55353829803326
77.54331085029811
77.60077252223371
77.60346741375093
77.62161547830644
77.61604602879511
77.59829342570798
77.59082746432355
77.58436801176805
77.57369458906396
77.55876557061593
77.55082435238519
77.53583121841937
77.52675300076626
77.51435237698239
77.50092687451624
77.5142600224602
77.5048900020748
77.51133005136361
77.50831019838176
77.50635045149222
77.5160053781012
77.5257571471088
77.52120064360076
77.51936781399102
77.513696012856
77.51892409009479
77.51535571697255
77.51420965894647
77.59043178744945
77.5741413318732
77.56986876871474
77.55990871803456
77.5582088974232
77.56953843289097
77.5669571678923
77.55649584542694
77.54149668258151
77.52650118891786
77.51916207863187
77.51710944928315
77.52994734856765
77.51657130018367
77.51427941605381
77.50490993301243
77.49504269442372
77.49851323537293
77.49822917061397
77.5386002070998
77.52912963657386
77.53428654624364
77.53067732827482
77.5190690656684
77.5703641793073
77.55365531913286
77.5540575256556
77.54341393980278
77.53687135043668
77.51932285684528
77.5160050740281
77.50503200418945
77.49337049992995
77.49395166846222
77.48345158500499
77.47334394120334
77.47172137838064
77.45943134525811
77.44329044962261
77.4275157931348
77.41915815123544
77.40710077337597
77.3921981351526
77.38235686497293
77.37458178173543
77.36182213088428
77.35355830458514
77.33993786684788
77.33374239544295
77.3280642500843
77.31874593127675
77.31199721698658
77.30270448794323
77.30236633389148
77.29663429575756
77.28611579919105
77.29694765496261
77.2846205604191
77.27970188177538
77.2733788020618
77.2835476207361
77.29467784914793
77.29797747183089
77.29001844465625
77.32280004893107
77.36917756472846
77.35191553925767
77.33645275240534
77.34914880628605
77.34197096082265
77.33247522293041
77.32531139452539
77.32444132126771
77.3339920771179
77.32085263119684
77.30570151260066
77.3017329762222
77.28952930107481
77.28415150128396
77.27621832747958
77.27319794674483
77.26055352471609
77.29740655553756
77.3189723706345
77.30802201244053
77.30057904234376
77.43805060132401
77.43672158222527
77.42993610009582
77.42722399887585
77.42443370819092
77.44889717028299
77.44367246573928
77.43404531393834
77.41902808037767
77.46604486823578
77.4614725486794
77.4541131682747
77.46127284546216
77.45464517355673
77.44064121676354
77.45769022170052
77.44946886741758
77.43741508256633
77.42421987660725
77.45822955392548
77.4430118639299
77.4450998416379
77.43527316764883
77.41962278947322
77.40320262468909
77.39453464200129
77.38889217038427
77.37628789010058
77.369490288209
77.37183502279508
77.37061293849489
77.35562610485478
77.34256163090863
77.32699013515911
77.32260990030328
77.30720834434032
77.2945420408263
77.28419359614024
77.28720087239599
77.27789114080413
77.26275046193884
77.25373495095192
77.24242961796006
77.24521103326012
77.24111967611158
77.23569090992896
77.23067929567465
77.25570172036437
77.25261614599242
77.23440790848387
77.22246949526443
77.23340098147101
77.21870080870104
77.2692844113996
77.26130667127008
77.24777847745075
77.24796584174321
77.25878439161885
77.27554294898954
77.27775660806294
77.27121073354711
77.26328157695013
77.24860982094357
77.24379275110033
77.28278199820029
77.29098103605189
77.28134699310785
77.27108561964792
77.26179726343085
77.24772307139284
77.24986064305345
77.24549433091697
77.23392550901478
77.22702135831204
77.22494392567353
77.21214436067568
77.21030268042698
77.20759749842995
77.20179304569916
77.19223203786733
77.18003225590137
77.16815319832429
77.15171049777489
77.21971138660298
77.2090575135887
77.20800307100419
77.19439666602905
77.18342749194677
77.18925407448424
77.17510430368655
77.18014167556564
77.17924363624192
77.22700455777021
77.21683619817098
77.21030273122464
77.23371187781403
77.23724500317522
77.22608101954678
77.2137200933807
77.19868394925639
77.18543530834663
77.2173617179853
77.20842195446349
77.19582461290966
77.18708154253449
77.1832247223901
77.1801735514201
77.24978827081156
77.23567941150968
77.22163150603552
77.20875370492156
77.21196677610536
77.20249234389489
77.19933529147497
77.20063687744624
77.1941785414098
77.19073696531893
77.17209897922523
77.17936241012683
77.17859628066094
77.18390876615325
77.1714879730229
77.15779848885488
77.16652761245597
77.16790419739918
77.15441089550151
77.15056284412447
77.13793494123816
77.13371994834036
77.13783897234664
77.13837019474828
77.18219087238705
77.17092832339532
77.20478384706557
77.19789927479053
77.19925551971619
77.19400042242557
77.18664024240573
77.18515623826667
77.18252031344844
77.33486985083066
77.33063603837944
77.32973412766938
77.31679772758484
77.31019172706593
77.31744510823832
77.31081505513279
77.30005273018797
77.39716841307244
77.39360023782515
77.39851929382071
77.40010278309221
77.38217660333737
77.36782622541118
77.3638047115377
77.3584885081289
77.35011713965612
77.34111019203998
77.3355148809224
77.32823031591474
77.32366894821502
77.3116295382406
77.3081175800615
77.29825419783592
77.28854019145538
77.28551341538264
77.28156527233097
77.26818240757832
77.29038942323508
77.28708035203455
77.27905845425776
77.28210777111875
77.27067374642627
77.26424799424731
77.24923631078762
77.29957360886502
77.29759895892647
77.2904600651843
77.28529317766808
77.27300986876854
77.26436047153618
77.25579217357647
77.24394974677567
77.22755517259156
77.21755400999426
77.21663015700544
77.26711077451908
77.25502883876689
77.25341346213445
77.24233025746095
77.23047222484828
77.22132930519078
77.20574982987891
77.20051243741747
77.18393771623565
77.18339920580924
77.18391820970402
77.22152170815626
77.23312721413399
77.21775362864388
77.2087172341206
77.19583631111304
77.19544906916327
77.18448173758689
77.16923199755126
77.2190020688125
77.21790381920596
77.20657512288035
77.2461959186142
77.24820763250449
77.23877839798817
77.23794615001422
77.2301016722316
77.23210050972904
77.30772177387239
77.29709482887156
77.30491698719092
77.30916191041302
77.31466790792825
77.29981817601778
77.30591038775104
77.32822697171957
77.31490339144344
77.30069109208091
77.29530373354659
77.28225300180253
77.2714640755511
77.28794684314302
77.27868813603826
77.27012618480285
77.27076889593222
77.26135019846717
77.25231289219212
77.25423788798552
77.26246127588308
77.25750432779104
77.26327054559637
77.25290710659377
77.26830365972825
77.27332424454482
77.31626583424945
77.30068193375236
77.2923944780117
77.28029944578806
77.27148567216656
77.26181668192065
77.25494048240084
77.24451051673931
77.23259833040912
77.2292543428181
77.21997312234319
77.20849845943324
77.19952575279821
77.1848911354086
77.18314257357399
77.17536691547365
77.16162414244592
77.14982141548583
77.1468418712273
77.14351310930421
77.13359081583653
77.12130231577893
77.10642430742132
77.10111470564952
77.09059760887233
77.07318681567364
77.06063687232131
77.052567599625
77.04662614888159
77.08715082595707
77.09250549761296
77.07875347794614
77.08942693703494
77.08585685462006
77.07802135417101
77.06998447830982
77.1205700373735
77.1064643621051
77.0908418524216
77.07852725987912
77.06740895135736
77.05690396834757
77.05105076769152
77.05316483031262
77.0461311814419
77.03619867651624
77.07597962415319
77.0703499165377
77.06458412688455
77.05252614050073
77.04352117741895
77.03768599791485
77.0377866465871
77.06698445489961
77.06509817897114
77.06739771326949
77.05880989520608
77.05427542004223
77.0520966319803
77.04463385518322
77.04560683299715
77.03593908912696
77.03925273469902
77.08468881226628
77.08239926799533
77.0820875873597
77.06555129256107
77.06022003253995
77.06431519559104
77.05225095759307
77.04855369279714
77.04689914163612
77.05006411316675
77.0375381274834
77.03476933438003
77.03006312140712
77.02890815937386
77.0159847405402
77.00261974075214
76.99428492946646
77.00096016433338
77.00873633478568
77.0057827946154
76.99178428986798
76.99114741646898
76.98309612041061
76.97207350268688
76.96100274462913
76.95240065808859
77.00267108005477
76.99315548874286
76.98143209681852
76.97907897921299
77.00938054862708
77.00226991152705
77.0072136795792
77.02309078321915
77.0117701361098
77.00120991279695
76.98871759547816
76.98909803916223
76.98012857994175
76.97181823376741
77.00793998125437
77.00392929304938
77.02376180516907
77.01562783938951
77.02950013353295
77.05868654675812
77.0529860948397
77.05346267989358
77.12270492591776
77.12120400621872
77.1247533332948
77.11269443551025
77.10760007361914
77.16150450687218
77.17081069869256
77.1576364604493
77.15695789658471
77.14760995315294
77.14607433018472
77.13696569625843
77.12860064275803
77.13047777328143
77.12517367762176
77.11131567497776
77.10944379285122
77.09592460094683
77.16225749526176
77.15103538381148
77.14322784146526
77.13012239855651
77.1172517865976
77.10797063648077
77.09372500897987
77.0771312348299
77.06996988496745
77.06024940291562
77.04903595325013
77.04119975610885
77.02864403543528
77.03111738876788
77.02758134877618
77.01913282699809
77.01243957206567
77.01444472191393
77.00831808213495
76.99780898788106
76.98727846654799
76.98452028962241
76.97860027021125
76.96878181212297
76.96201699549357
76.97200087794174
76.96641697329498
76.96069991464714
76.94885308093446
76.94366171769549
76.94125273712653
76.94793840808883
76.94187824443149
76.92968894027909
76.91718743177171
76.90412487764367
76.89407891101624
76.89466743332383
76.8960516478126
76.88803636644624
76.87753342366636
76.94390849975998
76.93647389983929
76.93295739063315
76.92176658139621
76.93198544869718
76.94138863053833
76.93067734038644
76.92101320060524
76.91530366581797
76.91794211354296
76.9084440506038
76.90415614594096
76.89282285791757
76.88791777469494
76.89629912534046
76.88963273364611
76.87934499337753
76.88521122856825
76.88364092702122
76.87167524926195
76.86537970292842
76.85747424022952
76.84332220495833
76.83433379095274
76.82571262182519
76.85189960551162
76.85194462118191
76.83853828976137
76.82786622154225
76.81676233606167
76.83380223475916
76.81958825667323
76.80847541380318
76.80193709398571
76.79523626461496
76.78281065541026
76.80513705123954
76.80205771223604
76.78899255594662
76.7814056205549
76.78456081628862
76.78867049953517
76.77869521416714
76.77711565488279
76.77268893522904
76.79284341813134
76.77824131110006
76.77439511978757
76.76244947675953
76.80270173889537
76.79620406575812
76.78351370784985
76.79121342564353
76.78697091122572
76.7953619476514
76.85295124917302
76.84995761081058
76.8428946177331
76.8377231351067
76.82499013418186
76.82193903602817
76.81253778598152
76.84787108226307
76.83832480602413
76.82983976541877
76.81814019092687
76.81497916284566
76.80303876948469
76.78907546325644
76.78726006175728
76.77937730799624
76.76835986684547
76.75422749962773
76.80173752332728
76.79608266647207
76.7823181154826
76.78418521275596
76.7730703564762
76.7636026521343
76.75658950493228
76.75076151080091
76.74816465402591
76.73821321801105
76.72625613646073
76.71814150204754
76.71727377875696
76.76136913170853
76.75475499861341
76.74263886156095
76.74129002346537
76.74177465644067
76.72748890709173
76.7161660909838
76.707440081038
76.69400279838722
76.6907242975477
76.67833567443303
76.66730443611895
76.66188535924717
76.6684056623452
76.66208224916815
76.65105690729285
76.63771490731514
76.64419471854079
76.65393238047918
76.64670655919501
76.64591794982918
76.63810579297957
76.63706629377796
76.63615854039895
76.63269169575965
76.62589485612095
76.61481031298361
76.61764144282981
76.60542666620276
76.59350303102559
76.58418674920902
76.58170454705903
76.5734097864944
76.57497712452879
76.56018266292658
76.55467793652059
76.56377424694757
76.56134821124432
76.5520849938688
76.54692770373785
76.62146853273765
76.61411102576076
76.60319738204427
76.60746822881013
76.59836193448861
76.5911351529802
76.58049929316272
76.56808744357183
76.5591537563106
76.55795355517702
76.54914068167801
76.54985346730615
76.55387014640583
76.56207934978737
76.55750645851582
76.55112979673193
76.54095632275464
76.54051637356848
76.52666310622728
76.51862057025691
76.50834771699074
76.50978926681535
76.49426289091926
76.48307362981178
76.54386111330797
76.53166482325656
76.51620519876055
76.52073384961304
76.5119327969832
76.49881528045132
76.51119971366491
76.50674571636134
76.51249583226101
76.50044280925212
76.49221228363254
76.5008467280452
76.49348108262984
76.48356997196305
76.47863324620711
76.51103094344464
76.5099220103718
76.50594927371306
76.50500506918495
76.49447556457868
76.48455872776728
76.48821986054575
76.48622332614337
76.48245168216337
76.47132819741246
76.51772077285597
76.5283693513863
76.54571448499243
76.55090735862161
76.54471364072054
76.5380110046004
76.55079665783087
76.550041508089
76.6136329962332
76.60628526441901
76.60149725752804
76.59200593860065
76.64977853227036
76.65360588261812
76.70419484443201
76.69127719354714
76.68125223161718
76.67539897884014
76.66823175146122
76.67471703637943
76.68525001727109
76.6730249567583
76.66367900191113
76.70757860012944
76.71122411616331
76.6992864531836
76.70263292159765
76.70081355896727
76.69588135519916
76.69586269082785
76.68748992375377
76.68847821036664
76.68373263056218
76.6869779519615
76.70539564122137
76.7115302583456
76.77181200000615
76.77475690997464
76.77148114904088
76.81593061948774
76.84202087326663
76.85205821741953
76.9223386506479
76.91320270097988
76.91105555794195
76.91178137633565
76.89829694328002
76.91060634961131
76.98060115513049
76.96870007654744
76.95674657654428
76.95548616027641
76.94706616929369
76.93811185094383
76.93472745039084
76.92577963350175
76.91332279150936
76.91044276653156
76.89720250153542
76.90213916767124
76.95847708531942
76.95958015986035
76.95133800797171
76.93981649110677
76.95250214473403
76.94375019273409
76.92868220044706
76.91797760282856
76.92148593488774
76.91269726421552
76.91774515639749
76.93203592549943
76.9214429430066
76.91284950774158
76.90101475093469
76.89213194810308
76.88717785731306
76.87998703778398
76.87183274819483
76.86589190059264
76.85587311478648
76.84505975184203
76.83489660643204
76.82784654439607
76.87716171602912
76.86783535177962
76.8565786007973
76.85009162625417
76.84125303192707
76.83880996822394
76.8291202284514
76.8848423703622
76.87571397369075
76.9115496282093
76.92137843648081
76.92297864214217
76.95935020545971
76.98997714148207
77.00365271733538
76.99779796553142
76.99170971742542
76.98255528113407
76.9778781727207
76.96843182619187
76.97707456441664
76.97520194844255
76.96427710748944
76.9684510481861
76.95674595562028
76.94662624628448
76.93879501887865
76.94000447322902
76.93506671786014
76.92770664177458
76.91766806208406
76.970853655333
76.96030861336119
76.96277905121376
76.95525603529268
76.94830648572068
76.9602061578759
77.00527702268637
77.08527797577888
77.11327330506009
77.11595968512907
77.11229446346414
77.11773423178006
77.11565476959184
77.11320984088232
77.10324344597528
77.10504526403423
77.10229623098208
77.08931134340514
77.08330262283606
77.07405516092864
77.07518382934428
77.06464235124312
77.06138286815025
77.05824392846986
77.07026000397956
77.06296788845968
77.05313752137239
77.04145319314708
77.04342017179603
77.03757397987302
77.03495114281908
77.0402276732917
77.02947472324871
77.03466153389667
77.0269266749559
77.02220447811563
77.06461925842113
77.05145344107571
77.05133822491172
77.060226110043
77.05636786646397
77.04846726492477
77.04181942913003
77.03488244149743
77.02579686770176
77.01435784372919
77.00685349761234
77.00287168741691
76.99160631321524
76.98956607297404
76.98151208990416
76.99775356141363
76.98785492415902
76.98333907046167
76.97351834304835
76.98251553477016
77.02146135441961
77.03131987854991
77.02312999577018
77.01548271091154
77.01918961754522
77.05745334101859
77.07381151393363
77.06699255809043
77.11670274394312
77.11060176133994
77.10522737509991
77.09489706323403
77.11282436417089
77.10345683303552
77.09901227666819
77.08686437001523
77.07450020171794
77.06668373020163
77.06951887975215
77.07247569115556
77.0616400670463
77.09308065189275
77.14819201731191
77.15961876621098
77.14870758024368
77.14391804732465
77.15001507524305
77.14372574925999
77.14567039105604
77.14699285632456
77.14028484764347
77.1389590867698
77.12864532033555
77.11972824318421
77.11087820804174
77.10098474280929
77.10745458655772
77.0980756398856
77.09363395568693
77.08413844048862
77.08268358826264
77.08385852695258
77.09513244468239
77.08811724266258
77.09066558211131
77.08129838431553
77.07061863266581
77.07985912400943
77.14361217221914
77.13639934678194
77.14456637238413
77.13709838864439
77.14768167269044
77.14164297774155
77.13121524153495
77.1286798065775
77.11973440587077
77.10966282508356
77.09964686279187
77.08437656396187
77.09078702439858
77.08255290779476
77.0955651784657
77.1350891400571
77.13319459827945
77.12122754676311
77.1265876984077
77.14469734013936
77.13927006373649
77.13316925286905
77.14531802720725
77.14905847987983
77.15114157732528
77.1661038180031
77.15413802729776
77.14809208248725
77.14186633859735
77.13133605397117
77.12632940811635
77.11995135213583
77.1231645585926
77.12849325694864
77.12083015328227
77.11288400896397
77.10232828275232
77.09708054807426
77.08862932559052
77.08619980880192
77.0887139088141
77.07982391587103
77.07435609021982
77.07319824067214
77.08453353196914
77.07578012413826
77.07454803830403
77.07073992309462
77.07609362997616
77.0703962876508
77.0616363839281
77.05150541779209
77.04773691536383
77.11491893579115
77.11523471913728
77.10599058742089
77.09804276942867
77.08831053494616
77.08833097818197
77.08376054831591
77.10458187152074
77.14073156960369
77.17130851723023
77.17245450909391
77.17155673258404
77.16469568400602
77.17600990103186
77.17328809473801
77.16446929452661
77.15489465091245
77.15636435549075
77.1550811876196
77.21603884450262
77.20398464459657
77.19493144889931
77.1857776846719
77.21458583140334
77.21739504144911
77.21301113465226
77.20273466447614
77.20433502966321
77.21069242031379
77.24873918074357
77.28729406221086
77.27682756776663
77.26718786040175
77.25481260460013
77.24509315144994
77.23827539081712
77.2346549393149
77.2295117103417
77.22770548786404
77.22385202506949
77.22056409367721
77.27455574667692
77.26554363271347
77.26666164756634
77.25475591983857
77.25930235581265
77.25320980470505
77.24233659436742
77.23271608621175
77.22540953593888
77.21539147016479
77.2378155007312
77.23553484658707
77.22592520484719
77.22828775292372
77.21952473807318
77.20886247018461
77.20225310476344
77.19156296891666
77.20348102137491
77.20174876205488
77.19715427889462
77.22007922595411
77.21623035209714
77.23590815897688
77.23830866540641
77.23360633070224
77.22725467485849
77.23103366662052
77.24682642059183
77.24254120832065
77.23674754695826
77.2264207939205
77.21413165827245
77.22452555596828
77.22476643419789
77.22854890378761
77.22958003243932
77.22804297516531
77.23372966593972
77.27894769894228
77.31572152582953
77.33773383459344
77.32992227304418
77.3296394430243
77.3272239623388
77.38378992235938
77.37070409543735
77.37217998260789
77.44831466209382
77.44356931696151
77.44167736266132
77.43135390412348
77.41796654085009
77.41006212292054
77.41484027396888
77.41395928256749
77.41648916843126
77.40657909880764
77.40533291047007
77.39477778497978
77.38707832146353
77.42493183619452
77.4722744955187
77.4778909985806
77.46694010124904
77.4609762498626
77.46490293717775
77.45747848463964
77.4569294371595
77.44612835095394
77.46182854955596
77.46350640827343
77.45236923393213
77.45834469112143
77.45496164036832
77.45164471223228
77.45147992017169
77.44741526270838
77.43855152948883
77.44166844376343
77.43912744643092
77.43039385309079
77.4276572725095
77.42224294483084
77.4203217155402
77.42246077027738
77.42089493278533
77.44307995830907
77.43328542860867
77.42769116788938
77.48215654217333
77.47650937489853
77.47005601452497
77.47569290321687
77.47661359163777
77.48341118976988
77.47472732178345
77.46639529812862
77.45987577392347
77.45781935449581
77.45754263557058
77.45154598483917
77.45762895339395
77.44977177934616
77.44971598712478
77.45139787634578
77.43973704987341
77.42990397729223
77.41671948582652
77.40864422144308
77.40756768885348
77.40149201595395
77.39082631874827
77.39404153147024
77.39818611612144
77.39117346464633
77.38818642160926
77.40106914573488
77.3915770354272
77.4158289012813
77.42130778045654
77.43317141284454
77.4351291941921
77.4350810421281
77.43046228535563
77.44852044288426
77.44086374035983
77.44182446796238
77.4454808543051
77.44045143601669
77.43877384464173
77.42690607580593
77.41870101513938
77.40472629207204
77.39479700919843
77.39012357433728
77.38734763837627
77.37626509219136
77.42126547055555
77.46583609457281
77.48331003959404
77.48310114688717
77.5412502351717
77.53487257178993
77.54245331645635
77.53145711226897
77.5244276624895
77.52308628289389
77.51333472632885
77.51308800132571
77.51090481938894
77.51024493855127
77.5058363121817
77.50637674093679
77.49352702004322
77.49142674015764
77.478983645157
77.48125791484836
77.47665007271627
77.46839198171688
77.46744470283102
77.46355416183023
77.47052646465963
77.46226651423547
77.46034960909704
77.45289176384249
77.45774403558924
77.4698512404281
77.46218617189369
77.45501904871321
77.44993924307958
77.45421900514343
77.45630567575218
77.44687448392177
77.43785024738979
77.44126281544533
77.44010404420206
77.43267682635827
77.42269848217524
77.41313004891616
77.41652469290956
77.42308893947585
77.42181633667067
77.41259310126252
77.40543710060231
77.39416669660861
77.49092396613956
77.48843573343105
77.47729585193821
77.5259480405562
77.52983568639938
77.51985976120078
77.51162297703696
77.50319874565379
77.5529736027768
77.5585141696287
77.55885359357647
77.56162127116085
77.55264455721188
77.5505109265828
77.5434225707477
77.53546271097296
77.52610735607597
77.53350021893692
77.52804671362607
77.5400134495021
77.54000591991247
77.56178739048451
77.5886891269107
77.57983974338005
77.62935982668921
77.61962360722892
77.63895875889368
77.63009802891723
77.63533489686527
77.62822792876753
77.6158346333138
77.60464248354405
77.6012748798854
77.59708284084745
77.60211694408396
77.61773117724223
77.6519694574342
77.64764910843182
77.64035744846971
77.64627562952893
77.64270586010814
77.63249780981735
77.62095578164094
77.61305188558444
77.61565726353572
77.61986109490805
77.61037042493248
77.6073078325088
77.59978588845263
77.60437979135322
77.59545643678409
77.62164750336964
77.62039950120537
77.62199610394799
77.6244710077831
77.61423872861998
77.61623449900269
77.62303519492788
77.61874336209608
77.61616475910611
77.61245656156508
77.60100379746419
77.6124522626175
77.60616118255771
77.59740739858375
77.61087611533249
77.60183013461503
77.59269241135841
77.5834154070653
77.57701606983092
77.57223249586372
77.58107600630598
77.5747065729031
77.5674429939128
77.56150452602213
77.55091477010608
77.6237049881853
77.61459330131966
77.60636193511179
77.60836285848534
77.59840038154432
77.58964522862424
77.58856842640672
77.58904071554053
77.58567862136587
77.58018103058866
77.59623175065512
77.58496660036249
77.57638182885391
77.56418044846053
77.57552976761924
77.56905634952454
77.56228945972165
77.56843090793558
77.56165964217013
77.55019303204942
77.54202516588157
77.532294160104
77.53709899299757
77.52379769711767
77.51732734687737
77.51393808136423
77.50170223392266
77.4910182858437
77.51839255552218
77.51274302873222
77.50731630893705
77.50320889410892
77.49276021968718
77.49083218773643
77.47845325855548
77.48636572872189
77.50728942461389
77.50157046056286
77.49423361630654
77.49193687685965
77.4860781009767
77.47516639675159
77.464068609833
77.4547527905096
77.48828460448303
77.52362949813683
77.58118333446596
77.5795299994329
77.56830602668855
77.57725558049106
77.58612053259108
77.57716541219301
77.57802357426303
77.57001602602736
77.57045205461982
77.56454106224074
77.56364172375126
77.56206598081701
77.55916626372624
77.55002567213732
77.54337167666941
77.53502155464776
77.5265998971543
77.54127697569835
77.57435121496701
77.60455054749781
77.6125925591802
77.60377912350766
77.59405648346946
77.58251471276165
77.57762370723927
77.56679281132473
77.55710267532258
77.54829976844373
77.53992999236169
77.53164302742024
77.52177719786461
77.51384041980914
77.51608927792122
77.51123043451234
77.51406274724582
77.51108452277165
77.50144819955148
77.486496429858
77.48314168416425
77.4731253379845
77.49848027822895
77.53207712107177
77.52589449349237
77.55383600300414
77.55651207665753
77.55514391304717
77.55182874691566
77.58531697080865
77.58130745566142
77.57096756424784
77.56743397145216
77.56699803323006
77.57194786774376
77.55851715999418
77.55152102840755
77.54527581889374
77.5348417131796
77.53186813391649
77.52714126746238
77.51637230162908
77.5295919613897
77.52357731125346
77.51799810935356
77.51056997836848
77.50749227298319
77.49410863384257
77.48583497525189
77.52925099667411
77.52692011370048
77.58343312015599
77.57881427145715
77.613218941563
77.61258865014892
77.6032176147359
77.59349411110284
77.58706275694017
77.57532616693621
77.5698190559601
77.55990132913587
77.56665080665053
77.55929930077117
77.54724948864164
77.53807281251872
77.55046112271562
77.54306490733748
77.53747842582696
77.53179300746807
77.52168553034464
77.51265819917005
77.51111698909146
77.505676055759
77.50932228344932
77.50465184692153
77.4976589231147
77.50088828322149
77.49155042774434
77.52977989988538
77.52450041484424
77.51854194803981
77.5947129486048
77.60249205758431
77.5963379778543
77.59145691821557
77.64126604103092
77.63089627649484
77.62376327992712
77.63113598773505
77.65632626801028
77.65068184806253
77.64637397597097
77.64513847196788
77.6540599020312
77.66368433355647
77.67138667490056
77.66313146122607
77.66764945237746
77.66665356096536
77.6679469330698
77.6562325296889
77.65134576282558
77.65098596561064
77.64526548658448
77.6731985088092
77.66571453601644
77.66906631682151
77.6761957909467
77.68741297889656
77.69091386469697
77.71260873444476
77.73562542902336
77.80388408252838
77.83256007256689
77.82594004885965
77.82037242896715
77.81286595937215
77.83885678619768
77.86001426682977
77.84924118873921
77.84045757483584
77.88941301360428
77.88506835951289
77.87744602885375
77.87103751807867
77.87205204819801
77.86466983485582
77.85897204809099
77.88777407498137
77.88847322828451
77.91562002303873
77.90791892944654
77.90921594796605
77.9042785712911
77.9445807101997
77.93421599640494
77.94516550294166
77.94968525824682
77.94573914244357
77.93712976362745
77.92960437923335
77.92036853973667
77.91969394562685
77.90903650937092
77.90664946440036
77.91126454688712
77.91264471151321
77.90664820884892
77.89824768049466
77.90217542970912
77.89571699736311
77.9009173206626
77.90392565067339
77.89631474083569
77.89513934396263
77.90541789157164
77.89663723488007
77.88736159150336
77.8754199787292
77.86801830706214
77.86062208958955
77.89501883117823
77.88736756682873
77.8923342302316
77.88645688791546
77.8833274429376
77.87457246039072
77.86876876894526
77.9088533037611
77.91224510253103
77.90752345349908
77.90148431102836
77.89823739713752
77.88782240535012
77.88303615537978
77.878873659243
77.88171097970144
77.87376244361785
77.86393908949353
77.85638894093137
77.85983873229897
77.8625380739551
77.84953985929039
77.84099475022226
77.84243455728729
77.83316172524955
77.82498185129968
77.81776828593856
77.8078089352298
77.79925105596739
77.794569844446
77.78788196570915
77.78298526066993
77.77533519862334
77.77387613126744
77.78443667736884
77.77433404589088
77.77756301146164
77.76982761681592
77.75760017478815
77.78722486294505
77.7770596493841
77.77326214774592
77.76571825375923
77.76025685058244
77.75158329803078
77.7521204881686
77.74408283827199
77.73393621124089
77.73487589702725
77.74055096322324
77.72937378640565
77.72832602766145
77.72369283410376
77.71310377409361
77.70532697454108
77.70148924258393
77.7221994652456
77.71569798086603
77.73841794272263
77.74201509034329
77.7848342880017
77.79938455236571
77.80009956681461
77.79406172169855
77.79314666224974
77.78682086520813
77.78202523030775
77.79132402074588
77.78290206944868
77.77944061657516
77.7700975607161
77.75901166807706
77.78254609470503
77.78192339686218
77.77414067500453
77.76813230243292
77.77837360919685
77.77249504041067
77.76127819223522
77.76571347965192
77.75608448426489
77.77122448144699
77.76189993882852
77.752880651642
77.74774815262575
77.74123067107041
77.73481932393558
77.72688747938436
77.76213621945115
77.75571480282986
77.76220504752058
77.76488965395788
77.7687657389406
77.75580291905843
77.7505979798272
77.74263814689947
77.74291214424503
77.73820669194296
77.73144085939265
77.72471581222449
77.81878011751549
77.82089474504949
77.81516796729468
77.81290270369365
77.80292965979109
77.80761757628903
77.81100789469855
77.81199731116787
77.81116560473885
77.80505389652161
77.81021530138788
77.80072122413105
77.80026811899154
77.79887356664813
77.80526438026492
77.80034271453864
77.90556661009838
77.89817367588255
77.91897290390705
77.91203294215293
77.90795837709905
77.90231746992848
77.89407469096936
77.8921994702299
77.92188053938571
77.916126657223
77.90798415839917
77.8989811339254
77.885428369902
77.88338599482054
77.87365672897627
77.9135984083771
77.90585572630546
77.8993950199225
77.89249651074117
77.88685766810248
77.93391563248174
77.92192612155634
77.91957502560537
77.9095895267417
77.89817513563945
77.89222572329786
77.89346140745133
77.88322401056514
77.8792645813157
77.87387462410675
77.86429885912644
77.85731314364375
77.84955246073093
77.8436977286642
77.83623834291834
77.8262123226413
77.82907729076764
77.82394219029302
77.81532899538676
77.80980858112419
77.80066727404207
77.81192887542345
77.81331799487678
77.80943596448199
77.79844239661763
77.7904919786354
77.79256104995143
77.80516652604005
77.80449571660039
77.80936181367913
77.80469907427961
77.79753957986588
77.79054582250095
77.78493680392766
77.77551969371324
77.76655771056333
77.75694298462795
77.75340747425781
77.75640854125493
77.80412560176481
77.79297225326967
77.79128988808455
77.78234942792876
77.78616756686493
77.77422734151668
77.76356693440619
77.7637548923105
77.78076287632666
77.78359535773305
77.77746432795833
77.7772426949693
77.77003649461824
77.76806326047885
77.76107402632091
77.79532362596832
77.79866252514839
77.78949124947414
77.78981005582645
77.78034544802563
77.77303153144847
77.76369868062585
77.75594854345204
77.75130911220906
77.75123648304756
77.7422658950392
77.73812665327729
77.73015273196026
77.72205911989279
77.72501281587112
77.71850297155586
77.7274069473834
77.7583811380907
77.75085790769019
77.78162251046585
77.77988343708735
77.77030565857575
77.77415048609254
77.76239218841768
77.77821105098032
77.7671604849096
77.77657701469997
77.76784097025725
77.75637536894891
77.75164005146515
77.78314607290432
77.77901804084478
77.78493343371714
77.7775800622362
77.77334291609458
