33.87355041503906
171.75196075439453
135.43107986450195
121.44080829620361
102.72360229492188
92.80856005350749
85.6348124912807
82.19239664077759
81.8946910434299
85.56415138244628
81.11249715631658
93.1230198542277
88.87122961191031
85.20627348763603
98.24244867960611
96.83143210411072
92.99730155047249
90.78520976172553
89.04539821022435
88.07054834365844
87.06799034845261
85.39883986386386
83.1529603211776
83.88554310798645
82.4927207183838
80.3578125146719
78.60135276229293
76.88024153028216
75.77891711531014
74.43521881103516
73.50546055455362
72.23492872714996
78.91583679661606
77.51887983434341
76.63666872297014
75.72762627071805
76.2598477956411
78.391189274035
78.89529057038136
78.069118309021
78.13943202321123
76.90227504003616
76.89828540003577
78.38424071398649
77.11195382012261
77.21699631732443
76.86505703215903
76.96638878186543
75.99489488407058
75.25028232574464
79.32812054951985
78.95438638100258
78.46438127193811
77.7055008146498
77.67926299355247
76.91041398048401
76.53006399723522
76.37971249942122
78.23568793474618
81.69954290390015
81.29916447498759
80.75125383561657
80.39777637663342
79.75918909907341
79.41185481731708
78.89872721469763
78.63599967956543
78.99746852762559
79.22961870829265
78.96775700705392
78.13491168492277
77.46689322259691
76.85885392803036
76.04886887524579
75.71898806254069
76.79914376610203
76.22299920119248
76.13166381151248
76.51089161257201
76.14779036045074
76.78310330708821
77.2643687783218
77.04120629092297
76.80769722802299
76.29478048436782
75.67970349067865
75.2931562621018
75.34971490773287
75.39002109913343
77.4351531346639
76.97575229602856
76.80028647961824
76.97571717539141
76.75931344133743
76.43195678309391
77.84518279631932
79.03041129751304
78.8388002162077
78.68611798141941
78.26559774398804
80.22991933917055
80.07866195603913
79.75056048272883
79.50795003084036
80.13711044674828
80.85922894387875
80.832178614964
80.26860175309358
80.05782851822879
79.94879519722679
80.14834493344968
79.80833000796181
79.41814846275128
78.92552822514584
78.44385407489278
78.2850392275843
78.07584242535452
79.18286454475532
80.18750152267327
80.14481377601624
80.08663510094004
79.67167721420039
79.25182181257543
78.9750999019992
78.81309155273438
78.31333765907893
78.07142482967828
77.78578117489815
77.4910581721816
77.16022993234488
76.83107987614989
76.7771809606841
76.57253027320805
77.80019740204312
77.35346333539044
76.98062777519226
76.68084336719373
77.16027111938034
76.99857419514828
76.92880795342582
76.86040481946146
76.72022108964516
76.5453385439786
76.18507361412048
78.3371865897343
78.32309877055965
78.22521046229771
78.05515645001385
77.79453467042654
77.53178787231445
77.58870742494697
77.67004344337865
77.49554121728038
77.44364887088925
77.31108169555664
77.17598328223595
76.93607223413552
76.62861747983136
76.68131984254849
76.55236455202103
76.29374977964792
76.02909386010818
75.84343734694404
75.73859869561544
75.91977981798577
76.02875223504492
75.76423358346175
75.55319648697262
75.30996188327406
75.22676388235654
75.22088713394969
75.25420221062593
75.1794552554974
75.20283472126928
75.10943201337543
74.94873622330752
74.76589249217578
74.49998723790887
74.38245139308482
74.22922798792521
74.32095854321896
74.05821178771637
73.80381799916752
74.45744224216627
74.27405047030062
74.2252023963518
74.14171404507071
73.99448350135316
74.79382352475767
74.52799263000489
74.59408679183241
76.39383536577225
76.38278761552405
76.33231080438672
76.1839473822178
76.38769973054224
76.72234702715414
76.99950923341693
76.74750191003234
76.53540084838868
76.53538441064939
76.36206005587437
76.10604928866984
75.92924113367118
75.8231558357797
76.40310919863506
76.20842727255706
77.02030492745914
77.98905356192702
77.90703184036981
77.79653920720538
77.64596432559895
77.42020782506522
77.25433061724512
77.02515376778535
76.92571195849666
76.90982302652526
76.75744496791735
76.61217807961381
76.47954931259156
76.36365150865926
76.42678215267422
76.3101293196058
76.7178583570889
76.66396102057563
76.83844234669102
77.78151535672764
77.62431098703752
78.22017024177651
78.31613435330598
78.1410840600084
78.07392604597683
78.0413688119389
77.84995114090096
78.68684868508197
78.84700982853518
79.01803776382897
78.74514029206348
78.56280671602512
78.328764351209
78.10807411700364
77.87982854764324
78.68897799111197
78.48570124829402
78.29990755976463
79.28236201526673
79.45543072966912
79.27940133310133
79.27225783934077
79.12612045288085
79.02657327234033
79.05570771959093
