56072.82421875
110517.578125
36939.6640625
10481.75390625
3860.56640625
3458.923828125
4195.49365234375
3473.086669921875
2628.574462890625
2141.31982421875
1687.7210693359375
2627.47216796875
949.86279296875
842.07080078125
1590.3480224609375
1316.750732421875
2311.64599609375
1400.60546875
859.0126953125
2133.3837890625
1997.1875
2022.674072265625
1428.6400146484375
939.3333740234375
706.11767578125
789.572021484375
798.0089111328125
663.5184326171875
583.4912109375
556.0001220703125
495.86785888671875
499.3550720214844
594.0241088867188
516.5518798828125
398.8252868652344
438.818603515625
331.0365295410156
255.3939666748047
624.4210205078125
655.9102783203125
491.7715759277344
282.1839599609375
248.2503662109375
276.98968505859375
363.20147705078125
313.10980224609375
237.5928955078125
219.93295288085938
237.1988983154297
198.9884490966797
188.79190063476562
386.5555114746094
297.3749694824219
205.554931640625
302.5572509765625
214.86199951171875
182.34310913085938
660.9330444335938
557.7120971679688
163.3863525390625
211.22714233398438
225.2629852294922
170.42684936523438
128.0458221435547
123.39103698730469
144.63534545898438
136.38189697265625
106.87359619140625
114.84733581542969
114.01669311523438
106.6395263671875
102.00933837890625
77.56428527832031
120.76300048828125
106.4983139038086
111.75078582763672
88.33650207519531
89.4674301147461
125.9333724975586
106.3968734741211
130.7344207763672
112.09367370605469
81.71192932128906
131.69332885742188
273.0632019042969
256.80096435546875
174.85714721679688
209.6711883544922
235.03399658203125
107.8686752319336
83.83509826660156
80.43406677246094
73.78868103027344
92.33065032958984
75.53578186035156
57.955230712890625
93.10020446777344
71.92997741699219
58.20382308959961
121.96871185302734
96.52566528320312
90.83834075927734
222.262939453125
173.49337768554688
95.06249237060547
156.73536682128906
158.64712524414062
143.9956817626953
204.67385864257812
161.6591796875
117.19097900390625
159.18690490722656
172.9342498779297
156.78335571289062
109.81071472167969
97.55644226074219
114.72066497802734
123.4655990600586
120.0787353515625
84.20142364501953
337.26678466796875
227.22671508789062
136.35545349121094
259.5037536621094
361.8726806640625
283.738525390625
164.51123046875
194.2412567138672
186.9573211669922
157.09521484375
241.0198211669922
209.614013671875
181.5384521484375
125.90550231933594
133.46890258789062
166.47305297851562
146.08384704589844
203.7420654296875
145.68487548828125
116.21617126464844
124.20481872558594
127.59222412109375
479.5938720703125
334.6529235839844
199.3016815185547
391.43450927734375
484.531494140625
356.728759765625
275.7703552246094
170.89144897460938
214.6875
1916.39501953125
119.65928649902344
136.16236877441406
138.8314971923828
138.18533325195312
157.68386840820312
147.42715454101562
203.3865966796875
139.44589233398438
88.74143981933594
293.0415954589844
343.6539001464844
194.66123962402344
128.76644897460938
103.55126953125
222.29632568359375
187.1589813232422
178.3944091796875
191.7357177734375
258.64947509765625
176.70199584960938
157.648681640625
218.07180786132812
209.4509735107422
164.3922119140625
111.21722412109375
110.5298080444336
222.62115478515625
186.05029296875
134.28883361816406
1014.70263671875
536.1278076171875
343.1900329589844
332.6202087402344
330.3337097167969
2597.318359375
485.4446716308594
523.6571655273438
1324.09619140625
1165.0511474609375
490.5061950683594
491.34490966796875
535.512451171875
762.1810302734375
534.3926391601562
497.0167236328125
416.5350036621094
344.7553405761719
595.988037109375
373.010498046875
398.9334716796875
356.39166259765625
301.05712890625
264.5388488769531
312.2198181152344
280.3222351074219
192.0565185546875
186.546142578125
167.27752685546875
144.94851684570312
207.42440795898438
113.05779266357422
104.73918151855469
157.33250427246094
146.14886474609375
164.76083374023438
392.6165466308594
184.7857666015625
132.014404296875
111.38143920898438
223.18911743164062
243.27523803710938
198.95932006835938
155.3730926513672
154.40982055664062
144.70175170898438
116.076904296875
1564.039306640625
1024.7757568359375
386.64794921875
1016.934326171875
1472.643310546875
2424.123046875
812.1295776367188
313.4537048339844
294.27313232421875
481.997314453125
753.4486694335938
781.9306030273438
959.0602416992188
512.9183959960938
294.49761962890625
261.2442321777344
342.11773681640625
381.106201171875
652.4136352539062
436.48333740234375
333.2574462890625
297.96307373046875
327.2832946777344
238.12083435058594
199.4638671875
152.600830078125
681.105712890625
529.8358154296875
303.4021301269531
206.23846435546875
255.9599609375
298.7242126464844
279.6456298828125
307.0783996582031
345.9368591308594
190.3564910888672
171.0144500732422
172.29928588867188
262.49652099609375
203.4543914794922
251.80166625976562
164.81834411621094
146.21109008789062
223.76727294921875
232.1376190185547
172.1988525390625
406.46954345703125
270.0301818847656
190.5079803466797
124.82146453857422
279.5035095214844
241.88241577148438
221.3496551513672
358.22833251953125
228.225341796875
175.37252807617188
170.869873046875
182.5244598388672
267.494140625
357.7786560058594
253.4535369873047
203.5902557373047
153.61703491210938
163.76414489746094
123.88279724121094
133.5336151123047
323.6953125
254.7509002685547
157.64718627929688
420.9209899902344
411.300537109375
115.33666229248047
254.3956298828125
217.21072387695312
160.45126342773438
128.06512451171875
168.00494384765625
171.54525756835938
220.9442596435547
183.235107421875
106.8628158569336
327.4355773925781
216.2624969482422
163.80908203125
418.40875244140625
449.0751647949219
707.9129638671875
366.0435485839844
175.79330444335938
708.7145385742188
488.876220703125
460.0718688964844
270.5284118652344
257.1885986328125
263.89306640625
232.15887451171875
244.92210388183594
946.9912109375
780.8073120117188
409.5415954589844
623.442138671875
748.0939331054688
570.9126586914062
390.0671081542969
369.149169921875
371.760009765625
550.5231323242188
377.3238220214844
247.434326171875
300.0769958496094
279.84075927734375
433.4078369140625
283.6103515625
174.6329803466797
496.75567626953125
419.1914978027344
267.65118408203125
425.25579833984375
479.03094482421875
351.6622314453125
194.70372009277344
150.17039489746094
313.17755126953125
374.66790771484375
245.7958221435547
122.20750427246094
168.24716186523438
206.662353515625
186.7581024169922
155.99392700195312
105.76985931396484
195.3516845703125
94.15608215332031
333.9157409667969
106.73958587646484
105.21553802490234
109.36447143554688
163.63482666015625
136.82452392578125
116.38818359375
88.23680114746094
100.66200256347656
101.51121520996094
99.916748046875
85.31727600097656
149.0638427734375
103.0350341796875
103.86196899414062
148.8624267578125
104.00874328613281
70.1960678100586
199.62942504882812
300.5076599121094
588.9202880859375
462.81719970703125
474.4619140625
209.30393981933594
140.5247802734375
309.783203125
433.632568359375
434.94488525390625
506.09478759765625
332.9463806152344
218.92535400390625
156.9988555908203
319.9621276855469
333.5177001953125
267.13372802734375
211.18939208984375
314.3395690917969
217.1429443359375
174.64703369140625
183.11849975585938
188.6221923828125
259.723388671875
211.9565887451172
163.8704833984375
170.78134155273438
116.40087890625
116.41490173339844
278.2620849609375
302.79022216796875
216.8115234375
292.2163391113281
158.513427734375
134.42637634277344
418.9305419921875
420.6287536621094
339.28924560546875
167.18429565429688
164.3206024169922
162.79531860351562
137.87509155273438
142.06863403320312
116.11344909667969
244.14208984375
310.840087890625
186.99569702148438
114.29669189453125
216.75048828125
193.221435546875
156.8481903076172
261.48138427734375
375.0269775390625
234.5914306640625
117.3501205444336
104.76705169677734
160.65948486328125
187.56260681152344
287.06683349609375
219.69664001464844
193.4200439453125
165.9046173095703
126.94505310058594
176.86679077148438
150.30728149414062
120.33876037597656
160.6451416015625
320.83905029296875
172.37631225585938
138.414794921875
180.8160400390625
111.80419158935547
103.47918701171875
160.19287109375
164.70895385742188
177.9205322265625
270.5120849609375
193.3412322998047
118.26329040527344
117.34912109375
358.09454345703125
320.65869140625
229.33203125
162.57005310058594
141.322509765625
144.74697875976562
259.12109375
168.6613006591797
120.88121032714844
197.62384033203125
180.42041015625
154.63973999023438
220.822998046875
165.47201538085938
201.90707397460938
139.58084106445312
115.62410736083984
91.6104736328125
85.49082946777344
92.2383041381836
126.79161834716797
119.12871551513672
117.941162109375
