2.8008670806884766
2.8689332008361816
2.8343982696533203
2.7975339889526367
2.7783801555633545
2.7953097820281982
2.780695676803589
2.830841064453125
2.779642105102539
2.799870014190674
2.8069114685058594
2.821359395980835
2.802907943725586
2.853267192840576
2.908369779586792
2.7685954570770264
2.842202663421631
2.78096866607666
2.7620997428894043
2.806612014770508
2.785428762435913
2.775651693344116
2.7846782207489014
2.79805850982666
2.7996890544891357
2.8003487586975098
2.7994518280029297
2.782014846801758
2.807136297225952
2.7573137283325195
2.8272628784179688
2.7847888469696045
2.812018871307373
2.8887033462524414
2.835084915161133
2.8384580612182617
