2.741305351257324
2.828146457672119
2.738490104675293
2.779149055480957
2.771324396133423
2.8023757934570312
2.7942464351654053
2.772782564163208
2.7644126415252686
2.7744295597076416
2.866410732269287
2.798007011413574
2.782986879348755
2.8048324584960938
2.9928226470947266
2.747972011566162
2.857563018798828
2.7731921672821045
2.772124767303467
2.769028663635254
2.7734856605529785
2.774479627609253
2.777188777923584
2.7541897296905518
2.7793960571289062
2.7696096897125244
2.7504682540893555
2.796041488647461
2.728095531463623
2.778032064437866
2.745894193649292
2.773890972137451
2.8227720260620117
2.805288791656494
2.785757064819336
2.7324795722961426
