2.768209457397461
2.7748911380767822
2.761944055557251
2.7667083740234375
2.7690508365631104
2.7770910263061523
2.7727365493774414
2.774538040161133
2.7713940143585205
2.7302474975585938
2.778491497039795
2.78336763381958
2.795663595199585
2.733959674835205
2.775437116622925
2.783984899520874
2.785447835922241
2.7952985763549805
2.779240131378174
2.7451894283294678
2.755535840988159
2.7991933822631836
2.799116611480713
2.786895990371704
2.7889997959136963
2.778383255004883
2.772092819213867
2.777970790863037
2.7778024673461914
2.7827210426330566
2.7597551345825195
2.765471935272217
2.773298501968384
2.7724316120147705
2.739516258239746
2.7485692501068115
2.777393341064453
2.7631492614746094
2.784285306930542
2.7702245712280273
2.782909870147705
2.7923104763031006
2.7487094402313232
2.7908878326416016
2.720634937286377
2.7762012481689453
2.756373405456543
2.7814807891845703
2.76041841506958
2.742647171020508
2.764922618865967
2.7828378677368164
2.781798839569092
2.8389835357666016
2.7899839878082275
2.7749829292297363
2.787339687347412
2.786726951599121
2.789003372192383
2.779010772705078
2.7253305912017822
2.789206027984619
2.7792680263519287
2.775239944458008
2.783358097076416
2.787914752960205
2.769745349884033
2.7949342727661133
2.7683136463165283
2.795301914215088
2.7826099395751953
2.7804183959960938
2.768632411956787
2.7858877182006836
2.7778239250183105
2.7629480361938477
2.7746918201446533
2.76322603225708
2.7726504802703857
2.7841172218322754
2.7633018493652344
2.786963939666748
2.764991283416748
2.7708427906036377
2.785602569580078
2.7692508697509766
2.777992010116577
2.773988723754883
2.7759056091308594
2.76906681060791
2.7685067653656006
2.775076389312744
2.7733843326568604
2.7825145721435547
2.7592854499816895
2.7712461948394775
2.763211488723755
2.772183895111084
2.7764668464660645
2.7785415649414062
2.775053024291992
2.771571159362793
2.7713356018066406
2.7823164463043213
2.7670187950134277
2.7654244899749756
2.7816953659057617
2.7774171829223633
2.7723755836486816
2.770859718322754
2.767568588256836
2.76749324798584
2.7660255432128906
2.763640880584717
2.7806777954101562
2.773087978363037
2.7665491104125977
2.768421173095703
2.763479709625244
2.7587225437164307
2.759800434112549
2.768810749053955
2.754892110824585
2.7629313468933105
2.7546491622924805
2.764495372772217
2.769704818725586
2.7825207710266113
2.766202926635742
2.7601194381713867
2.770278215408325
2.7393064498901367
2.737654685974121
2.7453813552856445
2.741791009902954
2.741696357727051
2.7686777114868164
2.7671704292297363
2.721353054046631
2.7624294757843018
2.7331364154815674
2.7808103561401367
2.7300643920898438
2.757518768310547
2.772472858428955
2.7580442428588867
2.814465045928955
2.797849178314209
2.7762699127197266
2.788303852081299
2.7394776344299316
2.8096725940704346
2.800598382949829
2.74560546875
2.7721877098083496
2.7737886905670166
2.7601943016052246
2.790261745452881
2.7583158016204834
2.758117914199829
2.7684335708618164
2.7703847885131836
2.754711151123047
2.770686149597168
2.78596568107605
2.770050525665283
2.782595634460449
2.751631021499634
2.737947463989258
2.7858328819274902
2.7887144088745117
2.786248207092285
2.796686887741089
2.74310302734375
2.6830625534057617
2.8034348487854004
2.75009822845459
2.796217441558838
2.745657444000244
2.7972047328948975
2.771329879760742
2.7565460205078125
2.749088764190674
2.788057804107666
2.7694363594055176
2.7485733032226562
2.7766475677490234
2.7257416248321533
2.7750327587127686
2.793219804763794
2.763789653778076
2.7269163131713867
2.7790918350219727
2.7556381225585938
2.8025898933410645
2.632936477661133
2.7917892932891846
2.7893905639648438
2.765124797821045
2.747307777404785
2.7920475006103516
2.8100528717041016
2.781224012374878
2.77433180809021
2.7831971645355225
2.7641661167144775
2.783580780029297
2.747495651245117
2.7917022705078125
2.746631145477295
2.6927058696746826
2.7757363319396973
2.779824733734131
2.8109164237976074
2.7640044689178467
2.7777199745178223
2.7830097675323486
2.7663235664367676
2.7622861862182617
2.7804713249206543
2.7613441944122314
2.7580361366271973
2.781731605529785
2.7926368713378906
2.772996425628662
2.761326789855957
2.6477315425872803
2.754312515258789
2.7743582725524902
2.868997573852539
2.7446236610412598
2.7959721088409424
2.7975270748138428
2.7211499214172363
2.7871408462524414
2.6951894760131836
2.764051914215088
2.7323741912841797
2.743974208831787
2.6728105545043945
2.806321859359741
2.78132700920105
2.7707786560058594
2.7816576957702637
2.7950820922851562
2.684803009033203
2.792182445526123
2.776836633682251
2.7690441608428955
2.703183889389038
2.689610242843628
2.7750844955444336
2.820064067840576
2.8099637031555176
2.8144309520721436
2.8060834407806396
2.7256221771240234
2.7759170532226562
2.6791763305664062
2.7303481101989746
2.7858519554138184
2.797337055206299
2.844818353652954
2.8199729919433594
2.76462984085083
2.812047004699707
2.7380781173706055
2.7396037578582764
2.766648769378662
2.715766668319702
2.586122751235962
2.7699391841888428
2.827272891998291
2.820949077606201
2.7884018421173096
2.720681667327881
2.803356170654297
2.6081748008728027
2.6542840003967285
2.7507009506225586
2.790128707885742
2.7793405055999756
2.785628318786621
2.7849202156066895
2.7690348625183105
2.774768352508545
2.847684383392334
2.7636849880218506
2.785238742828369
2.492171287536621
2.7750747203826904
2.779726982116699
2.764802932739258
2.7778971195220947
2.7717642784118652
2.773998975753784
2.753086566925049
2.7761969566345215
2.4599437713623047
2.742699146270752
2.7723493576049805
2.499481201171875
2.7688674926757812
2.7989120483398438
2.7528610229492188
2.5858731269836426
2.7635347843170166
2.7682671546936035
2.6732935905456543
2.5740036964416504
2.734097957611084
2.7681374549865723
2.744344711303711
2.41569447517395
2.799757957458496
2.5999460220336914
2.7812867164611816
2.636791229248047
3.1023004055023193
2.7263031005859375
2.7842679023742676
3.1396687030792236
3.3364171981811523
2.9107038974761963
2.7762537002563477
2.7803025245666504
2.900817394256592
2.6180355548858643
2.7431678771972656
2.9647274017333984
2.7856225967407227
2.7661798000335693
2.7833762168884277
2.771826982498169
2.7761049270629883
2.772001266479492
2.7683844566345215
2.7737340927124023
2.7737700939178467
2.779386281967163
2.7670695781707764
2.7664594650268555
2.7511792182922363
2.7577710151672363
2.7508716583251953
2.7725651264190674
2.76712965965271
2.778743267059326
2.7609176635742188
2.738511085510254
2.786524772644043
2.7691855430603027
2.817861795425415
2.7917332649230957
2.8265068531036377
2.794337749481201
2.7506728172302246
2.771566867828369
2.770691156387329
2.7487168312072754
2.745638132095337
2.7615928649902344
2.736846446990967
2.771069049835205
2.81789493560791
2.788466453552246
2.7603416442871094
2.7378010749816895
2.775890827178955
2.791599750518799
2.7774553298950195
2.7672369480133057
2.7839221954345703
2.7469539642333984
2.7755417823791504
2.789513111114502
2.779881477355957
2.7572131156921387
2.7852516174316406
2.7700958251953125
2.791558265686035
2.7805275917053223
2.786977767944336
2.800550699234009
2.75673770904541
2.7350902557373047
2.7679519653320312
2.799879789352417
2.7620930671691895
2.7356793880462646
2.775522232055664
2.7736709117889404
2.7806813716888428
2.754295587539673
2.7873008251190186
2.759516716003418
2.7428884506225586
2.79384183883667
2.7615413665771484
2.8040080070495605
2.7709405422210693
2.782080888748169
2.703878879547119
2.7690682411193848
2.7824907302856445
2.7748889923095703
2.7665657997131348
2.7540321350097656
2.7364163398742676
2.760817050933838
2.7494635581970215
2.778759479522705
2.7858028411865234
2.7441530227661133
2.77186918258667
2.752148151397705
2.764833450317383
2.820082664489746
2.811232566833496
2.7762346267700195
2.788642644882202
2.727203845977783
2.7809925079345703
2.7690258026123047
2.760525941848755
2.775008201599121
2.7836790084838867
2.747854709625244
2.7466652393341064
2.7539639472961426
2.7590925693511963
2.7842166423797607
2.7865734100341797
2.768761157989502
2.8040523529052734
2.718562126159668
2.801196813583374
2.788755416870117
2.7602109909057617
2.7680020332336426
2.7720296382904053
2.774461269378662
2.727019786834717
2.75478458404541
2.7646539211273193
2.8254246711730957
2.7544517517089844
2.7354140281677246
2.780858039855957
2.746131658554077
2.7425098419189453
2.7989702224731445
2.751643419265747
2.830437660217285
2.7688028812408447
2.7845687866210938
2.815609931945801
2.803476333618164
2.8093299865722656
2.817260265350342
2.8052024841308594
2.7923238277435303
2.79653263092041
2.7622036933898926
2.738948345184326
2.762899398803711
2.7748985290527344
2.795687198638916
2.720503807067871
2.7717044353485107
2.7650556564331055
2.775257110595703
2.8099470138549805
2.73968505859375
2.7907838821411133
2.7642245292663574
2.7460808753967285
2.811455249786377
2.7827937602996826
2.7665061950683594
2.8002829551696777
2.856661319732666
2.779672622680664
2.8104331493377686
2.809976577758789
2.7588250637054443
2.7006378173828125
2.7750492095947266
2.759556770324707
2.778721809387207
2.773467540740967
2.786957263946533
2.7604053020477295
2.7469325065612793
2.7867932319641113
2.754201650619507
2.7215356826782227
2.724426746368408
2.788270950317383
2.769740581512451
2.798286199569702
2.7485036849975586
2.768566370010376
2.7639706134796143
2.7855989933013916
2.781506061553955
2.7710537910461426
2.782705783843994
2.7694764137268066
2.737999439239502
2.77841854095459
2.771604061126709
2.7917704582214355
2.7729332447052
2.788322925567627
2.7415709495544434
2.772146224975586
2.7655608654022217
2.756927967071533
2.789203643798828
2.7644267082214355
2.8171772956848145
2.781888008117676
2.7664053440093994
2.731456756591797
2.765697956085205
2.773555278778076
2.7718515396118164
2.7642126083374023
2.7778053283691406
2.7386670112609863
2.7755045890808105
2.7769322395324707
2.7616724967956543
2.732673406600952
2.7803735733032227
2.7447357177734375
2.815168619155884
2.787611961364746
2.733336925506592
2.781403064727783
2.7878220081329346
2.7672064304351807
2.7716856002807617
2.7724356651306152
2.7632875442504883
2.7483460903167725
2.7686212062835693
2.7952234745025635
2.7437472343444824
2.7932534217834473
2.7192234992980957
2.813838243484497
2.7684574127197266
2.76035737991333
2.7919962406158447
2.718181610107422
2.790440082550049
2.755742311477661
2.7766337394714355
2.777724266052246
2.7418954372406006
2.8186092376708984
2.7892465591430664
2.7733616828918457
2.801513671875
2.760329246520996
2.852200984954834
2.837961196899414
2.7783031463623047
2.7782177925109863
2.79160213470459
2.8581974506378174
2.754040241241455
2.7380237579345703
2.781949043273926
2.811542510986328
2.782320976257324
2.7706542015075684
2.7746644020080566
2.7942028045654297
2.791025400161743
2.765585422515869
2.7457730770111084
2.8174397945404053
2.7850215435028076
2.761777400970459
2.729846954345703
2.7942378520965576
2.7271881103515625
2.7792177200317383
2.773256778717041
2.7837958335876465
2.830749034881592
2.7760722637176514
2.764232635498047
2.7661020755767822
2.7712297439575195
2.7885546684265137
2.7811784744262695
2.7729668617248535
2.7959656715393066
2.7845640182495117
2.7722525596618652
2.771653890609741
2.781378984451294
2.780974864959717
2.7839901447296143
2.769601583480835
2.747511863708496
2.7782349586486816
2.8011298179626465
2.780109405517578
2.7368545532226562
2.7672553062438965
2.7670743465423584
2.7481558322906494
2.773294448852539
