2.7734601497650146
2.7738380432128906
2.768498420715332
2.772749900817871
2.7718276977539062
2.7723004817962646
2.774115562438965
2.770069122314453
2.769151210784912
2.772754430770874
2.7711520195007324
2.771590232849121
2.774794578552246
2.7636117935180664
2.7702724933624268
2.7757649421691895
2.781554698944092
2.772604465484619
2.7726287841796875
2.7730932235717773
2.772676706314087
2.772603988647461
2.772230863571167
2.767197370529175
2.7733631134033203
2.788484573364258
2.777740955352783
2.7646450996398926
2.7677550315856934
2.7727103233337402
2.766207695007324
2.772663116455078
2.7704365253448486
2.7733521461486816
2.7732253074645996
2.7708611488342285
2.777627944946289
2.764899730682373
2.7716195583343506
2.7722930908203125
2.772693634033203
2.7653915882110596
2.770556926727295
2.7665836811065674
2.7726192474365234
2.7797367572784424
2.7726049423217773
2.7721915245056152
2.7728586196899414
2.77260684967041
2.7720184326171875
2.7752394676208496
2.7725095748901367
2.7731471061706543
2.7721056938171387
2.772491931915283
2.765958786010742
2.7708005905151367
2.7753844261169434
2.7700648307800293
2.7750473022460938
2.781619071960449
2.7734854221343994
2.774597406387329
2.7758796215057373
2.772775173187256
2.776066780090332
2.7713122367858887
2.7786636352539062
2.7769079208374023
2.772578716278076
2.7726151943206787
2.7728395462036133
2.772810935974121
2.773721694946289
2.7785186767578125
2.773057460784912
2.773110866546631
2.770171642303467
2.7698426246643066
2.7723851203918457
2.7725682258605957
2.7730836868286133
2.7723593711853027
2.775233030319214
2.767303466796875
2.7755370140075684
2.7726664543151855
2.7680211067199707
2.772843360900879
2.7725963592529297
2.7730796337127686
2.7717394828796387
2.7918500900268555
2.7726268768310547
2.772491931915283
2.772858142852783
2.7760047912597656
2.7639360427856445
2.768199920654297
2.7751550674438477
2.772519111633301
2.772280216217041
2.772305965423584
2.7720072269439697
2.7735371589660645
2.772101402282715
2.7782769203186035
2.766404628753662
2.774113416671753
2.773960590362549
2.7725136280059814
2.777738332748413
2.7666149139404297
2.7733616828918457
2.769036293029785
2.763430118560791
2.7721376419067383
2.773728132247925
2.76963472366333
2.772632598876953
2.7727866172790527
2.754685640335083
2.7732810974121094
2.7681000232696533
2.772599220275879
2.7726616859436035
2.772601842880249
2.76113224029541
2.755979537963867
2.7725963592529297
2.7726149559020996
2.7726316452026367
2.7738633155822754
2.772634506225586
2.7725963592529297
2.7725958824157715
2.7557804584503174
2.768928050994873
2.762892007827759
2.7678747177124023
2.7726340293884277
2.778658628463745
2.7702713012695312
2.764542818069458
2.77022123336792
2.7694504261016846
2.748687267303467
2.7670629024505615
2.773526430130005
2.772731304168701
2.757885456085205
2.7728476524353027
2.7580556869506836
2.7864813804626465
2.772520065307617
2.772782325744629
2.7565505504608154
2.7696235179901123
2.7581496238708496
2.7726430892944336
2.782405376434326
2.7649788856506348
2.772231101989746
2.793999671936035
2.776578426361084
2.7673845291137695
2.771371841430664
2.7879152297973633
2.772036075592041
2.755833625793457
2.7695579528808594
2.773519992828369
2.7877378463745117
2.774855613708496
2.7692084312438965
2.762256622314453
2.7711589336395264
2.7708520889282227
2.7648324966430664
2.7550411224365234
2.7587878704071045
2.7727162837982178
2.773561477661133
2.7763707637786865
2.776822328567505
2.7689433097839355
2.759977340698242
2.781074047088623
2.776794672012329
2.744448184967041
2.7729010581970215
2.7638189792633057
2.7783474922180176
2.773125171661377
2.7688002586364746
2.767566680908203
2.7643485069274902
2.7730462551116943
2.772853374481201
2.772925853729248
2.766869068145752
2.7729439735412598
2.773054599761963
2.779575824737549
2.7718777656555176
2.7727608680725098
2.7742836475372314
2.7759780883789062
2.7597386837005615
2.773075580596924
2.772510528564453
2.77305269241333
2.7729852199554443
2.76926326751709
2.772697925567627
2.773240089416504
2.770805835723877
2.769710063934326
2.778529405593872
2.7697415351867676
2.7403957843780518
2.778865098953247
2.7619218826293945
2.786210060119629
2.7773170471191406
2.772761344909668
2.7729525566101074
2.7731761932373047
2.7740566730499268
2.772639274597168
2.7993218898773193
2.7726516723632812
2.7778830528259277
2.77260422706604
2.7727763652801514
2.778353691101074
2.7703099250793457
2.772697925567627
2.775893211364746
2.7729926109313965
2.77268123626709
2.7720980644226074
2.7720947265625
2.7721176147460938
2.800924301147461
2.7790865898132324
2.772667407989502
2.772980213165283
2.7461636066436768
2.7683935165405273
2.7443270683288574
2.7740535736083984
2.772665023803711
2.77598237991333
2.7769646644592285
2.747645616531372
2.7703421115875244
2.7730116844177246
2.772879123687744
2.7838985919952393
2.771263360977173
2.7678372859954834
2.7723307609558105
2.779797077178955
2.786600112915039
2.7729761600494385
2.7739739418029785
2.7737443447113037
2.7626819610595703
2.7858219146728516
2.779698371887207
2.7695298194885254
2.7737791538238525
2.77250337600708
2.771627187728882
2.767826795578003
2.759826183319092
2.7624526023864746
2.7739346027374268
2.7718234062194824
2.7717642784118652
2.7780797481536865
2.7822935581207275
2.75362491607666
2.7717137336730957
2.744475841522217
2.7734274864196777
2.773754119873047
2.768413543701172
2.772580146789551
2.7736008167266846
2.77292799949646
2.7746362686157227
2.779407024383545
2.7791378498077393
2.785831928253174
2.7839207649230957
2.7729835510253906
2.7376201152801514
2.7527213096618652
2.7739367485046387
2.773481607437134
2.7688913345336914
2.7719075679779053
2.773404359817505
2.7694530487060547
2.7786550521850586
2.747526168823242
2.746122121810913
2.7698464393615723
2.769615411758423
2.772897958755493
2.7624430656433105
2.766993522644043
2.7556354999542236
2.772614002227783
2.774507522583008
2.760603427886963
2.766913414001465
2.775078296661377
2.772646188735962
2.7618494033813477
2.76688814163208
2.7730774879455566
2.7850189208984375
2.772722005844116
2.780226230621338
2.7933526039123535
2.8013558387756348
2.75447940826416
2.744192600250244
2.785006046295166
2.747511148452759
2.773538589477539
2.767543315887451
2.7725133895874023
2.7617242336273193
2.769045114517212
2.7726569175720215
2.7284443378448486
2.7724452018737793
2.7739474773406982
2.705723285675049
2.7731659412384033
2.7671499252319336
2.761009931564331
2.7614595890045166
2.7585692405700684
2.7819981575012207
2.7729413509368896
2.749751091003418
2.772338628768921
2.7576775550842285
2.7601981163024902
2.780233860015869
2.772468090057373
2.7726330757141113
2.803988456726074
2.749866008758545
2.798948287963867
2.7764782905578613
2.77010440826416
2.790469169616699
2.7455596923828125
2.7304372787475586
2.7724592685699463
2.770267963409424
2.734361171722412
2.7726895809173584
2.77280330657959
2.7945001125335693
2.8022029399871826
2.7730178833007812
2.7727088928222656
2.7718076705932617
2.7658801078796387
2.7720351219177246
2.7902331352233887
2.770430564880371
2.70220947265625
2.777519702911377
2.7617833614349365
2.7693285942077637
2.7715606689453125
2.7718238830566406
2.76253604888916
2.7338366508483887
2.7712535858154297
2.77923583984375
2.7795825004577637
2.773075819015503
2.755552291870117
2.772604465484619
2.773817300796509
2.7944624423980713
2.7918691635131836
2.808274745941162
2.7728934288024902
2.76469087600708
2.7754931449890137
2.7403130531311035
2.7143640518188477
2.7623345851898193
2.7694802284240723
2.77664852142334
2.7728207111358643
2.7728793621063232
2.7754974365234375
2.776383638381958
2.7757205963134766
2.769746780395508
2.7848329544067383
2.7615137100219727
2.772979736328125
2.7405858039855957
2.7726478576660156
2.760971784591675
2.762535572052002
2.761991024017334
2.773129940032959
2.767698287963867
2.7394328117370605
2.751925468444824
2.772904872894287
2.7625069618225098
2.7858948707580566
2.770418405532837
2.7686023712158203
2.775299549102783
2.792961835861206
2.7736711502075195
2.7540664672851562
2.7728271484375
2.7747321128845215
2.7726736068725586
2.768441677093506
2.7738938331604004
2.759561538696289
2.7933101654052734
2.7331671714782715
2.7726948261260986
2.772655725479126
2.7750790119171143
2.7710819244384766
2.773120403289795
2.771233558654785
2.7255969047546387
2.7712464332580566
2.7734193801879883
2.7751474380493164
2.774251699447632
2.7332875728607178
2.7709898948669434
2.770970106124878
2.773754596710205
2.773503065109253
2.7296102046966553
2.7738218307495117
2.7851648330688477
2.7752795219421387
2.775993824005127
2.772634744644165
2.7727537155151367
2.7801032066345215
2.766488552093506
2.7760376930236816
2.77958607673645
2.7727270126342773
2.764709711074829
2.758847713470459
2.772629499435425
2.786843776702881
2.771949052810669
2.7740139961242676
2.7838540077209473
2.7711524963378906
2.765995502471924
2.7677135467529297
2.752829074859619
2.769486427307129
2.7736849784851074
2.7720022201538086
2.774820566177368
2.7745563983917236
2.7916259765625
2.7935216426849365
2.7725367546081543
2.772587299346924
2.7729713916778564
2.7730650901794434
2.7735891342163086
2.779557228088379
2.7826995849609375
2.7735204696655273
2.779416561126709
2.773965835571289
2.7698326110839844
2.7759132385253906
2.7729341983795166
2.773751974105835
2.787231922149658
2.772700786590576
2.7894234657287598
2.7750771045684814
2.7718214988708496
2.768857479095459
2.771679401397705
2.763063669204712
2.7655930519104004
2.7606306076049805
2.772765636444092
2.7749931812286377
2.769261360168457
2.7727832794189453
2.784554958343506
2.7731399536132812
2.7632107734680176
2.7640581130981445
2.7538208961486816
2.77256178855896
2.7904348373413086
2.772853374481201
2.7727723121643066
2.74969482421875
2.773237466812134
2.786586284637451
2.7726664543151855
2.7725682258605957
2.7728214263916016
2.7697319984436035
2.772799491882324
2.772688627243042
2.7729156017303467
2.7726426124572754
2.7406458854675293
2.7686429023742676
2.7854514122009277
2.78987979888916
2.7481226921081543
2.77284574508667
2.7773680686950684
2.7774558067321777
2.7724456787109375
2.773064136505127
2.744781970977783
2.775275707244873
2.7726945877075195
2.772696018218994
2.79457426071167
2.7693543434143066
2.759451150894165
2.7739200592041016
2.7728567123413086
2.764528274536133
2.7631266117095947
2.746215343475342
2.7745461463928223
2.768975019454956
2.7757444381713867
2.772655963897705
2.772662878036499
2.772927761077881
2.7737860679626465
2.780860185623169
2.7434768676757812
2.803468704223633
2.758357524871826
2.7764806747436523
2.7730355262756348
2.772528886795044
2.772709369659424
2.7596609592437744
2.7780327796936035
2.768343448638916
2.8115406036376953
2.774514675140381
2.7726547718048096
2.7726564407348633
2.7812142372131348
2.7910149097442627
2.7694342136383057
2.7775866985321045
2.7726564407348633
2.773674488067627
2.820350408554077
2.7718372344970703
2.7692043781280518
2.766934871673584
2.7631216049194336
2.7727489471435547
2.7727408409118652
2.7754435539245605
2.786975860595703
2.77285099029541
2.7714450359344482
2.7728629112243652
2.7687768936157227
2.76967191696167
2.792001247406006
2.7408642768859863
2.7260003089904785
2.7722394466400146
2.7726311683654785
2.7694621086120605
2.789224624633789
2.771986484527588
2.7731337547302246
2.773057460784912
2.7733631134033203
2.779695987701416
2.7726240158081055
2.7730603218078613
2.817333698272705
2.770935535430908
2.7742669582366943
2.781322479248047
2.781975746154785
